[
  {
    "query_id": "query15.1",
    "query": "select\n\ts_suppkey,\n\ts_name,\n\ts_address,\n\ts_phone,\n\ttotal_revenue\nfrom\n\tsupplier,\n\trevenue0\nwhere\n\ts_suppkey = supplier_no\n\tand total_revenue = (\n\t\tselect\n\t\t\tmax(total_revenue)\n\t\tfrom\n\t\t\trevenue0\n\t)\norder by\n\ts_suppkey;\n",
    "execution_time": 154.444,
    "plan": {
      "Plan": {
        "Node Type": "Merge Join",
        "Parallel Aware": false,
        "Async Capable": false,
        "Join Type": "Inner",
        "Startup Cost": 33418.14,
        "Total Cost": 33686.61,
        "Plan Rows": 5,
        "Plan Width": 104,
        "Actual Startup Time": 139.023,
        "Actual Total Time": 153.45,
        "Actual Rows": 1,
        "Actual Loops": 1,
        "Inner Unique": true,
        "Merge Cond": "(supplier.s_suppkey = lineitem.l_suppkey)",
        "Plans": [
          {
            "Node Type": "Aggregate",
            "Strategy": "Plain",
            "Partial Mode": "Simple",
            "Parent Relationship": "InitPlan",
            "Subplan Name": "InitPlan 1",
            "Parallel Aware": false,
            "Async Capable": false,
            "Startup Cost": 16793.83,
            "Total Cost": 16793.84,
            "Plan Rows": 1,
            "Plan Width": 32,
            "Actual Startup Time": 65.557,
            "Actual Total Time": 78.555,
            "Actual Rows": 1,
            "Actual Loops": 1,
            "Plans": [
              {
                "Node Type": "Aggregate",
                "Strategy": "Sorted",
                "Partial Mode": "Finalize",
                "Parent Relationship": "Outer",
                "Parallel Aware": false,
                "Async Capable": false,
                "Startup Cost": 16520.48,
                "Total Cost": 16781.33,
                "Plan Rows": 1000,
                "Plan Width": 36,
                "Actual Startup Time": 62.855,
                "Actual Total Time": 78.45,
                "Actual Rows": 1000,
                "Actual Loops": 1,
                "Group Key": [
                  "lineitem_1.l_suppkey"
                ],
                "Plans": [
                  {
                    "Node Type": "Gather Merge",
                    "Parent Relationship": "Outer",
                    "Parallel Aware": false,
                    "Async Capable": false,
                    "Startup Cost": 16520.48,
                    "Total Cost": 16753.83,
                    "Plan Rows": 2000,
                    "Plan Width": 36,
                    "Actual Startup Time": 62.839,
                    "Actual Total Time": 76.709,
                    "Actual Rows": 2997,
                    "Actual Loops": 1,
                    "Workers Planned": 2,
                    "Workers Launched": 2,
                    "Plans": [
                      {
                        "Node Type": "Sort",
                        "Parent Relationship": "Outer",
                        "Parallel Aware": false,
                        "Async Capable": false,
                        "Startup Cost": 15520.45,
                        "Total Cost": 15522.95,
                        "Plan Rows": 1000,
                        "Plan Width": 36,
                        "Actual Startup Time": 58.889,
                        "Actual Total Time": 58.968,
                        "Actual Rows": 999,
                        "Actual Loops": 3,
                        "Sort Key": [
                          "lineitem_1.l_suppkey"
                        ],
                        "Sort Method": "quicksort",
                        "Sort Space Used": 110,
                        "Sort Space Type": "Memory",
                        "Workers": [
                          {
                            "Worker Number": 0,
                            "Sort Method": "quicksort",
                            "Sort Space Used": 110,
                            "Sort Space Type": "Memory"
                          },
                          {
                            "Worker Number": 1,
                            "Sort Method": "quicksort",
                            "Sort Space Used": 110,
                            "Sort Space Type": "Memory"
                          }
                        ],
                        "Plans": [
                          {
                            "Node Type": "Aggregate",
                            "Strategy": "Hashed",
                            "Partial Mode": "Partial",
                            "Parent Relationship": "Outer",
                            "Parallel Aware": false,
                            "Async Capable": false,
                            "Startup Cost": 15458.13,
                            "Total Cost": 15470.63,
                            "Plan Rows": 1000,
                            "Plan Width": 36,
                            "Actual Startup Time": 58.32,
                            "Actual Total Time": 58.654,
                            "Actual Rows": 999,
                            "Actual Loops": 3,
                            "Group Key": [
                              "lineitem_1.l_suppkey"
                            ],
                            "Planned Partitions": 0,
                            "HashAgg Batches": 1,
                            "Peak Memory Usage": 577,
                            "Disk Usage": 0,
                            "Workers": [
                              {
                                "Worker Number": 0,
                                "HashAgg Batches": 1,
                                "Peak Memory Usage": 577,
                                "Disk Usage": 0
                              },
                              {
                                "Worker Number": 1,
                                "HashAgg Batches": 1,
                                "Peak Memory Usage": 577,
                                "Disk Usage": 0
                              }
                            ],
                            "Plans": [
                              {
                                "Node Type": "Seq Scan",
                                "Parent Relationship": "Outer",
                                "Parallel Aware": true,
                                "Async Capable": false,
                                "Relation Name": "lineitem",
                                "Alias": "lineitem_1",
                                "Startup Cost": 0.0,
                                "Total Cost": 15361.58,
                                "Plan Rows": 9655,
                                "Plan Width": 16,
                                "Actual Startup Time": 0.097,
                                "Actual Total Time": 53.539,
                                "Actual Rows": 7743,
                                "Actual Loops": 3,
                                "Filter": "((l_shipdate >= '1995-07-01'::date) AND (l_shipdate < '1995-10-01 00:00:00'::timestamp without time zone))",
                                "Rows Removed by Filter": 192447,
                                "Workers": []
                              }
                            ]
                          }
                        ]
                      }
                    ]
                  }
                ]
              }
            ]
          },
          {
            "Node Type": "Sort",
            "Parent Relationship": "Outer",
            "Parallel Aware": false,
            "Async Capable": false,
            "Startup Cost": 103.83,
            "Total Cost": 106.33,
            "Plan Rows": 1000,
            "Plan Width": 72,
            "Actual Startup Time": 1.525,
            "Actual Total Time": 1.567,
            "Actual Rows": 861,
            "Actual Loops": 1,
            "Sort Key": [
              "supplier.s_suppkey"
            ],
            "Sort Method": "quicksort",
            "Sort Space Used": 114,
            "Sort Space Type": "Memory",
            "Plans": [
              {
                "Node Type": "Seq Scan",
                "Parent Relationship": "Outer",
                "Parallel Aware": false,
                "Async Capable": false,
                "Relation Name": "supplier",
                "Alias": "supplier",
                "Startup Cost": 0.0,
                "Total Cost": 54.0,
                "Plan Rows": 1000,
                "Plan Width": 72,
                "Actual Startup Time": 0.029,
                "Actual Total Time": 1.179,
                "Actual Rows": 1000,
                "Actual Loops": 1
              }
            ]
          },
          {
            "Node Type": "Aggregate",
            "Strategy": "Sorted",
            "Partial Mode": "Finalize",
            "Parent Relationship": "Inner",
            "Parallel Aware": false,
            "Async Capable": false,
            "Startup Cost": 16520.48,
            "Total Cost": 16783.83,
            "Plan Rows": 5,
            "Plan Width": 36,
            "Actual Startup Time": 137.392,
            "Actual Total Time": 138.816,
            "Actual Rows": 1,
            "Actual Loops": 1,
            "Group Key": [
              "lineitem.l_suppkey"
            ],
            "Filter": "(sum((lineitem.l_extendedprice * ('1'::numeric - lineitem.l_discount))) = (InitPlan 1).col1)",
            "Rows Removed by Filter": 999,
            "Plans": [
              {
                "Node Type": "Gather Merge",
                "Parent Relationship": "Outer",
                "Parallel Aware": false,
                "Async Capable": false,
                "Startup Cost": 16520.48,
                "Total Cost": 16753.83,
                "Plan Rows": 2000,
                "Plan Width": 36,
                "Actual Startup Time": 69.716,
                "Actual Total Time": 71.679,
                "Actual Rows": 2999,
                "Actual Loops": 1,
                "Workers Planned": 2,
                "Workers Launched": 2,
                "Plans": [
                  {
                    "Node Type": "Sort",
                    "Parent Relationship": "Outer",
                    "Parallel Aware": false,
                    "Async Capable": false,
                    "Startup Cost": 15520.45,
                    "Total Cost": 15522.95,
                    "Plan Rows": 1000,
                    "Plan Width": 36,
                    "Actual Startup Time": 62.877,
                    "Actual Total Time": 63.018,
                    "Actual Rows": 1000,
                    "Actual Loops": 3,
                    "Sort Key": [
                      "lineitem.l_suppkey"
                    ],
                    "Sort Method": "quicksort",
                    "Sort Space Used": 110,
                    "Sort Space Type": "Memory",
                    "Workers": [
                      {
                        "Worker Number": 0,
                        "Sort Method": "quicksort",
                        "Sort Space Used": 110,
                        "Sort Space Type": "Memory"
                      },
                      {
                        "Worker Number": 1,
                        "Sort Method": "quicksort",
                        "Sort Space Used": 110,
                        "Sort Space Type": "Memory"
                      }
                    ],
                    "Plans": [
                      {
                        "Node Type": "Aggregate",
                        "Strategy": "Hashed",
                        "Partial Mode": "Partial",
                        "Parent Relationship": "Outer",
                        "Parallel Aware": false,
                        "Async Capable": false,
                        "Startup Cost": 15458.13,
                        "Total Cost": 15470.63,
                        "Plan Rows": 1000,
                        "Plan Width": 36,
                        "Actual Startup Time": 62.115,
                        "Actual Total Time": 62.564,
                        "Actual Rows": 1000,
                        "Actual Loops": 3,
                        "Group Key": [
                          "lineitem.l_suppkey"
                        ],
                        "Planned Partitions": 0,
                        "HashAgg Batches": 1,
                        "Peak Memory Usage": 577,
                        "Disk Usage": 0,
                        "Workers": [
                          {
                            "Worker Number": 0,
                            "HashAgg Batches": 1,
                            "Peak Memory Usage": 577,
                            "Disk Usage": 0
                          },
                          {
                            "Worker Number": 1,
                            "HashAgg Batches": 1,
                            "Peak Memory Usage": 577,
                            "Disk Usage": 0
                          }
                        ],
                        "Plans": [
                          {
                            "Node Type": "Seq Scan",
                            "Parent Relationship": "Outer",
                            "Parallel Aware": true,
                            "Async Capable": false,
                            "Relation Name": "lineitem",
                            "Alias": "lineitem",
                            "Startup Cost": 0.0,
                            "Total Cost": 15361.58,
                            "Plan Rows": 9655,
                            "Plan Width": 16,
                            "Actual Startup Time": 0.029,
                            "Actual Total Time": 56.966,
                            "Actual Rows": 7743,
                            "Actual Loops": 3,
                            "Filter": "((l_shipdate >= '1995-07-01'::date) AND (l_shipdate < '1995-10-01 00:00:00'::timestamp without time zone))",
                            "Rows Removed by Filter": 192447,
                            "Workers": []
                          }
                        ]
                      }
                    ]
                  }
                ]
              }
            ]
          }
        ]
      },
      "Planning Time": 5.85,
      "Triggers": [],
      "Execution Time": 154.444
    }
  },
  {
    "query_id": "query15.10",
    "query": "select\n\ts_suppkey,\n\ts_name,\n\ts_address,\n\ts_phone,\n\ttotal_revenue\nfrom\n\tsupplier,\n\trevenue0\nwhere\n\ts_suppkey = supplier_no\n\tand total_revenue = (\n\t\tselect\n\t\t\tmax(total_revenue)\n\t\tfrom\n\t\t\trevenue0\n\t)\norder by\n\ts_suppkey;\n",
    "execution_time": 115.904,
    "plan": {
      "Plan": {
        "Node Type": "Merge Join",
        "Parallel Aware": false,
        "Async Capable": false,
        "Join Type": "Inner",
        "Startup Cost": 33422.18,
        "Total Cost": 33690.65,
        "Plan Rows": 5,
        "Plan Width": 104,
        "Actual Startup Time": 112.204,
        "Actual Total Time": 115.763,
        "Actual Rows": 1,
        "Actual Loops": 1,
        "Inner Unique": true,
        "Merge Cond": "(supplier.s_suppkey = lineitem.l_suppkey)",
        "Plans": [
          {
            "Node Type": "Aggregate",
            "Strategy": "Plain",
            "Partial Mode": "Simple",
            "Parent Relationship": "InitPlan",
            "Subplan Name": "InitPlan 1",
            "Parallel Aware": false,
            "Async Capable": false,
            "Startup Cost": 16795.85,
            "Total Cost": 16795.86,
            "Plan Rows": 1,
            "Plan Width": 32,
            "Actual Startup Time": 53.642,
            "Actual Total Time": 55.698,
            "Actual Rows": 1,
            "Actual Loops": 1,
            "Plans": [
              {
                "Node Type": "Aggregate",
                "Strategy": "Sorted",
                "Partial Mode": "Finalize",
                "Parent Relationship": "Outer",
                "Parallel Aware": false,
                "Async Capable": false,
                "Startup Cost": 16522.5,
                "Total Cost": 16783.35,
                "Plan Rows": 1000,
                "Plan Width": 36,
                "Actual Startup Time": 51.337,
                "Actual Total Time": 55.623,
                "Actual Rows": 1000,
                "Actual Loops": 1,
                "Group Key": [
                  "lineitem_1.l_suppkey"
                ],
                "Plans": [
                  {
                    "Node Type": "Gather Merge",
                    "Parent Relationship": "Outer",
                    "Parallel Aware": false,
                    "Async Capable": false,
                    "Startup Cost": 16522.5,
                    "Total Cost": 16755.85,
                    "Plan Rows": 2000,
                    "Plan Width": 36,
                    "Actual Startup Time": 51.328,
                    "Actual Total Time": 54.041,
                    "Actual Rows": 2998,
                    "Actual Loops": 1,
                    "Workers Planned": 2,
                    "Workers Launched": 2,
                    "Plans": [
                      {
                        "Node Type": "Sort",
                        "Parent Relationship": "Outer",
                        "Parallel Aware": false,
                        "Async Capable": false,
                        "Startup Cost": 15522.47,
                        "Total Cost": 15524.97,
                        "Plan Rows": 1000,
                        "Plan Width": 36,
                        "Actual Startup Time": 47.909,
                        "Actual Total Time": 47.968,
                        "Actual Rows": 999,
                        "Actual Loops": 3,
                        "Sort Key": [
                          "lineitem_1.l_suppkey"
                        ],
                        "Sort Method": "quicksort",
                        "Sort Space Used": 110,
                        "Sort Space Type": "Memory",
                        "Workers": [
                          {
                            "Worker Number": 0,
                            "Sort Method": "quicksort",
                            "Sort Space Used": 110,
                            "Sort Space Type": "Memory"
                          },
                          {
                            "Worker Number": 1,
                            "Sort Method": "quicksort",
                            "Sort Space Used": 110,
                            "Sort Space Type": "Memory"
                          }
                        ],
                        "Plans": [
                          {
                            "Node Type": "Aggregate",
                            "Strategy": "Hashed",
                            "Partial Mode": "Partial",
                            "Parent Relationship": "Outer",
                            "Parallel Aware": false,
                            "Async Capable": false,
                            "Startup Cost": 15460.15,
                            "Total Cost": 15472.65,
                            "Plan Rows": 1000,
                            "Plan Width": 36,
                            "Actual Startup Time": 47.324,
                            "Actual Total Time": 47.675,
                            "Actual Rows": 999,
                            "Actual Loops": 3,
                            "Group Key": [
                              "lineitem_1.l_suppkey"
                            ],
                            "Planned Partitions": 0,
                            "HashAgg Batches": 1,
                            "Peak Memory Usage": 577,
                            "Disk Usage": 0,
                            "Workers": [
                              {
                                "Worker Number": 0,
                                "HashAgg Batches": 1,
                                "Peak Memory Usage": 577,
                                "Disk Usage": 0
                              },
                              {
                                "Worker Number": 1,
                                "HashAgg Batches": 1,
                                "Peak Memory Usage": 577,
                                "Disk Usage": 0
                              }
                            ],
                            "Plans": [
                              {
                                "Node Type": "Seq Scan",
                                "Parent Relationship": "Outer",
                                "Parallel Aware": true,
                                "Async Capable": false,
                                "Relation Name": "lineitem",
                                "Alias": "lineitem_1",
                                "Startup Cost": 0.0,
                                "Total Cost": 15361.58,
                                "Plan Rows": 9857,
                                "Plan Width": 16,
                                "Actual Startup Time": 0.013,
                                "Actual Total Time": 42.769,
                                "Actual Rows": 7695,
                                "Actual Loops": 3,
                                "Filter": "((l_shipdate >= '1994-06-01'::date) AND (l_shipdate < '1994-09-01 00:00:00'::timestamp without time zone))",
                                "Rows Removed by Filter": 192496,
                                "Workers": []
                              }
                            ]
                          }
                        ]
                      }
                    ]
                  }
                ]
              }
            ]
          },
          {
            "Node Type": "Sort",
            "Parent Relationship": "Outer",
            "Parallel Aware": false,
            "Async Capable": false,
            "Startup Cost": 103.83,
            "Total Cost": 106.33,
            "Plan Rows": 1000,
            "Plan Width": 72,
            "Actual Startup Time": 0.325,
            "Actual Total Time": 0.494,
            "Actual Rows": 759,
            "Actual Loops": 1,
            "Sort Key": [
              "supplier.s_suppkey"
            ],
            "Sort Method": "quicksort",
            "Sort Space Used": 114,
            "Sort Space Type": "Memory",
            "Plans": [
              {
                "Node Type": "Seq Scan",
                "Parent Relationship": "Outer",
                "Parallel Aware": false,
                "Async Capable": false,
                "Relation Name": "supplier",
                "Alias": "supplier",
                "Startup Cost": 0.0,
                "Total Cost": 54.0,
                "Plan Rows": 1000,
                "Plan Width": 72,
                "Actual Startup Time": 0.009,
                "Actual Total Time": 0.17,
                "Actual Rows": 1000,
                "Actual Loops": 1
              }
            ]
          },
          {
            "Node Type": "Aggregate",
            "Strategy": "Sorted",
            "Partial Mode": "Finalize",
            "Parent Relationship": "Inner",
            "Parallel Aware": false,
            "Async Capable": false,
            "Startup Cost": 16522.5,
            "Total Cost": 16785.85,
            "Plan Rows": 5,
            "Plan Width": 36,
            "Actual Startup Time": 111.627,
            "Actual Total Time": 113.126,
            "Actual Rows": 1,
            "Actual Loops": 1,
            "Group Key": [
              "lineitem.l_suppkey"
            ],
            "Filter": "(sum((lineitem.l_extendedprice * ('1'::numeric - lineitem.l_discount))) = (InitPlan 1).col1)",
            "Rows Removed by Filter": 999,
            "Plans": [
              {
                "Node Type": "Gather Merge",
                "Parent Relationship": "Outer",
                "Parallel Aware": false,
                "Async Capable": false,
                "Startup Cost": 16522.5,
                "Total Cost": 16755.85,
                "Plan Rows": 2000,
                "Plan Width": 36,
                "Actual Startup Time": 56.343,
                "Actual Total Time": 58.118,
                "Actual Rows": 2999,
                "Actual Loops": 1,
                "Workers Planned": 2,
                "Workers Launched": 2,
                "Plans": [
                  {
                    "Node Type": "Sort",
                    "Parent Relationship": "Outer",
                    "Parallel Aware": false,
                    "Async Capable": false,
                    "Startup Cost": 15522.47,
                    "Total Cost": 15524.97,
                    "Plan Rows": 1000,
                    "Plan Width": 36,
                    "Actual Startup Time": 52.751,
                    "Actual Total Time": 52.896,
                    "Actual Rows": 1000,
                    "Actual Loops": 3,
                    "Sort Key": [
                      "lineitem.l_suppkey"
                    ],
                    "Sort Method": "quicksort",
                    "Sort Space Used": 110,
                    "Sort Space Type": "Memory",
                    "Workers": [
                      {
                        "Worker Number": 0,
                        "Sort Method": "quicksort",
                        "Sort Space Used": 110,
                        "Sort Space Type": "Memory"
                      },
                      {
                        "Worker Number": 1,
                        "Sort Method": "quicksort",
                        "Sort Space Used": 110,
                        "Sort Space Type": "Memory"
                      }
                    ],
                    "Plans": [
                      {
                        "Node Type": "Aggregate",
                        "Strategy": "Hashed",
                        "Partial Mode": "Partial",
                        "Parent Relationship": "Outer",
                        "Parallel Aware": false,
                        "Async Capable": false,
                        "Startup Cost": 15460.15,
                        "Total Cost": 15472.65,
                        "Plan Rows": 1000,
                        "Plan Width": 36,
                        "Actual Startup Time": 51.87,
                        "Actual Total Time": 52.402,
                        "Actual Rows": 1000,
                        "Actual Loops": 3,
                        "Group Key": [
                          "lineitem.l_suppkey"
                        ],
                        "Planned Partitions": 0,
                        "HashAgg Batches": 1,
                        "Peak Memory Usage": 577,
                        "Disk Usage": 0,
                        "Workers": [
                          {
                            "Worker Number": 0,
                            "HashAgg Batches": 1,
                            "Peak Memory Usage": 577,
                            "Disk Usage": 0
                          },
                          {
                            "Worker Number": 1,
                            "HashAgg Batches": 1,
                            "Peak Memory Usage": 577,
                            "Disk Usage": 0
                          }
                        ],
                        "Plans": [
                          {
                            "Node Type": "Seq Scan",
                            "Parent Relationship": "Outer",
                            "Parallel Aware": true,
                            "Async Capable": false,
                            "Relation Name": "lineitem",
                            "Alias": "lineitem",
                            "Startup Cost": 0.0,
                            "Total Cost": 15361.58,
                            "Plan Rows": 9857,
                            "Plan Width": 16,
                            "Actual Startup Time": 0.029,
                            "Actual Total Time": 46.21,
                            "Actual Rows": 7695,
                            "Actual Loops": 3,
                            "Filter": "((l_shipdate >= '1994-06-01'::date) AND (l_shipdate < '1994-09-01 00:00:00'::timestamp without time zone))",
                            "Rows Removed by Filter": 192496,
                            "Workers": []
                          }
                        ]
                      }
                    ]
                  }
                ]
              }
            ]
          }
        ]
      },
      "Planning Time": 0.201,
      "Triggers": [],
      "Execution Time": 115.904
    }
  },
  {
    "query_id": "query15.100",
    "query": "select\n\ts_suppkey,\n\ts_name,\n\ts_address,\n\ts_phone,\n\ttotal_revenue\nfrom\n\tsupplier,\n\trevenue0\nwhere\n\ts_suppkey = supplier_no\n\tand total_revenue = (\n\t\tselect\n\t\t\tmax(total_revenue)\n\t\tfrom\n\t\t\trevenue0\n\t)\norder by\n\ts_suppkey;\n",
    "execution_time": 106.393,
    "plan": {
      "Plan": {
        "Node Type": "Merge Join",
        "Parallel Aware": false,
        "Async Capable": false,
        "Join Type": "Inner",
        "Startup Cost": 33418.4,
        "Total Cost": 33686.87,
        "Plan Rows": 5,
        "Plan Width": 104,
        "Actual Startup Time": 104.087,
        "Actual Total Time": 106.241,
        "Actual Rows": 1,
        "Actual Loops": 1,
        "Inner Unique": true,
        "Merge Cond": "(supplier.s_suppkey = lineitem.l_suppkey)",
        "Plans": [
          {
            "Node Type": "Aggregate",
            "Strategy": "Plain",
            "Partial Mode": "Simple",
            "Parent Relationship": "InitPlan",
            "Subplan Name": "InitPlan 1",
            "Parallel Aware": false,
            "Async Capable": false,
            "Startup Cost": 16793.96,
            "Total Cost": 16793.97,
            "Plan Rows": 1,
            "Plan Width": 32,
            "Actual Startup Time": 52.813,
            "Actual Total Time": 53.47,
            "Actual Rows": 1,
            "Actual Loops": 1,
            "Plans": [
              {
                "Node Type": "Aggregate",
                "Strategy": "Sorted",
                "Partial Mode": "Finalize",
                "Parent Relationship": "Outer",
                "Parallel Aware": false,
                "Async Capable": false,
                "Startup Cost": 16520.61,
                "Total Cost": 16781.46,
                "Plan Rows": 1000,
                "Plan Width": 36,
                "Actual Startup Time": 51.096,
                "Actual Total Time": 53.408,
                "Actual Rows": 1000,
                "Actual Loops": 1,
                "Group Key": [
                  "lineitem_1.l_suppkey"
                ],
                "Plans": [
                  {
                    "Node Type": "Gather Merge",
                    "Parent Relationship": "Outer",
                    "Parallel Aware": false,
                    "Async Capable": false,
                    "Startup Cost": 16520.61,
                    "Total Cost": 16753.96,
                    "Plan Rows": 2000,
                    "Plan Width": 36,
                    "Actual Startup Time": 51.085,
                    "Actual Total Time": 52.2,
                    "Actual Rows": 2998,
                    "Actual Loops": 1,
                    "Workers Planned": 2,
                    "Workers Launched": 2,
                    "Plans": [
                      {
                        "Node Type": "Sort",
                        "Parent Relationship": "Outer",
                        "Parallel Aware": false,
                        "Async Capable": false,
                        "Startup Cost": 15520.58,
                        "Total Cost": 15523.08,
                        "Plan Rows": 1000,
                        "Plan Width": 36,
                        "Actual Startup Time": 47.996,
                        "Actual Total Time": 48.041,
                        "Actual Rows": 999,
                        "Actual Loops": 3,
                        "Sort Key": [
                          "lineitem_1.l_suppkey"
                        ],
                        "Sort Method": "quicksort",
                        "Sort Space Used": 110,
                        "Sort Space Type": "Memory",
                        "Workers": [
                          {
                            "Worker Number": 0,
                            "Sort Method": "quicksort",
                            "Sort Space Used": 110,
                            "Sort Space Type": "Memory"
                          },
                          {
                            "Worker Number": 1,
                            "Sort Method": "quicksort",
                            "Sort Space Used": 110,
                            "Sort Space Type": "Memory"
                          }
                        ],
                        "Plans": [
                          {
                            "Node Type": "Aggregate",
                            "Strategy": "Hashed",
                            "Partial Mode": "Partial",
                            "Parent Relationship": "Outer",
                            "Parallel Aware": false,
                            "Async Capable": false,
                            "Startup Cost": 15458.26,
                            "Total Cost": 15470.76,
                            "Plan Rows": 1000,
                            "Plan Width": 36,
                            "Actual Startup Time": 47.424,
                            "Actual Total Time": 47.764,
                            "Actual Rows": 999,
                            "Actual Loops": 3,
                            "Group Key": [
                              "lineitem_1.l_suppkey"
                            ],
                            "Planned Partitions": 0,
                            "HashAgg Batches": 1,
                            "Peak Memory Usage": 577,
                            "Disk Usage": 0,
                            "Workers": [
                              {
                                "Worker Number": 0,
                                "HashAgg Batches": 1,
                                "Peak Memory Usage": 577,
                                "Disk Usage": 0
                              },
                              {
                                "Worker Number": 1,
                                "HashAgg Batches": 1,
                                "Peak Memory Usage": 577,
                                "Disk Usage": 0
                              }
                            ],
                            "Plans": [
                              {
                                "Node Type": "Seq Scan",
                                "Parent Relationship": "Outer",
                                "Parallel Aware": true,
                                "Async Capable": false,
                                "Relation Name": "lineitem",
                                "Alias": "lineitem_1",
                                "Startup Cost": 0.0,
                                "Total Cost": 15361.58,
                                "Plan Rows": 9668,
                                "Plan Width": 16,
                                "Actual Startup Time": 0.02,
                                "Actual Total Time": 42.949,
                                "Actual Rows": 7479,
                                "Actual Loops": 3,
                                "Filter": "((l_shipdate >= '1997-09-01'::date) AND (l_shipdate < '1997-12-01 00:00:00'::timestamp without time zone))",
                                "Rows Removed by Filter": 192712,
                                "Workers": []
                              }
                            ]
                          }
                        ]
                      }
                    ]
                  }
                ]
              }
            ]
          },
          {
            "Node Type": "Sort",
            "Parent Relationship": "Outer",
            "Parallel Aware": false,
            "Async Capable": false,
            "Startup Cost": 103.83,
            "Total Cost": 106.33,
            "Plan Rows": 1000,
            "Plan Width": 72,
            "Actual Startup Time": 0.473,
            "Actual Total Time": 0.502,
            "Actual Rows": 775,
            "Actual Loops": 1,
            "Sort Key": [
              "supplier.s_suppkey"
            ],
            "Sort Method": "quicksort",
            "Sort Space Used": 114,
            "Sort Space Type": "Memory",
            "Plans": [
              {
                "Node Type": "Seq Scan",
                "Parent Relationship": "Outer",
                "Parallel Aware": false,
                "Async Capable": false,
                "Relation Name": "supplier",
                "Alias": "supplier",
                "Startup Cost": 0.0,
                "Total Cost": 54.0,
                "Plan Rows": 1000,
                "Plan Width": 72,
                "Actual Startup Time": 0.01,
                "Actual Total Time": 0.282,
                "Actual Rows": 1000,
                "Actual Loops": 1
              }
            ]
          },
          {
            "Node Type": "Aggregate",
            "Strategy": "Sorted",
            "Partial Mode": "Finalize",
            "Parent Relationship": "Inner",
            "Parallel Aware": false,
            "Async Capable": false,
            "Startup Cost": 16520.61,
            "Total Cost": 16783.96,
            "Plan Rows": 5,
            "Plan Width": 36,
            "Actual Startup Time": 103.538,
            "Actual Total Time": 105.033,
            "Actual Rows": 1,
            "Actual Loops": 1,
            "Group Key": [
              "lineitem.l_suppkey"
            ],
            "Filter": "(sum((lineitem.l_extendedprice * ('1'::numeric - lineitem.l_discount))) = (InitPlan 1).col1)",
            "Rows Removed by Filter": 999,
            "Plans": [
              {
                "Node Type": "Gather Merge",
                "Parent Relationship": "Outer",
                "Parallel Aware": false,
                "Async Capable": false,
                "Startup Cost": 16520.61,
                "Total Cost": 16753.96,
                "Plan Rows": 2000,
                "Plan Width": 36,
                "Actual Startup Time": 49.322,
                "Actual Total Time": 50.992,
                "Actual Rows": 2997,
                "Actual Loops": 1,
                "Workers Planned": 2,
                "Workers Launched": 2,
                "Plans": [
                  {
                    "Node Type": "Sort",
                    "Parent Relationship": "Outer",
                    "Parallel Aware": false,
                    "Async Capable": false,
                    "Startup Cost": 15520.58,
                    "Total Cost": 15523.08,
                    "Plan Rows": 1000,
                    "Plan Width": 36,
                    "Actual Startup Time": 45.873,
                    "Actual Total Time": 45.96,
                    "Actual Rows": 999,
                    "Actual Loops": 3,
                    "Sort Key": [
                      "lineitem.l_suppkey"
                    ],
                    "Sort Method": "quicksort",
                    "Sort Space Used": 110,
                    "Sort Space Type": "Memory",
                    "Workers": [
                      {
                        "Worker Number": 0,
                        "Sort Method": "quicksort",
                        "Sort Space Used": 110,
                        "Sort Space Type": "Memory"
                      },
                      {
                        "Worker Number": 1,
                        "Sort Method": "quicksort",
                        "Sort Space Used": 110,
                        "Sort Space Type": "Memory"
                      }
                    ],
                    "Plans": [
                      {
                        "Node Type": "Aggregate",
                        "Strategy": "Hashed",
                        "Partial Mode": "Partial",
                        "Parent Relationship": "Outer",
                        "Parallel Aware": false,
                        "Async Capable": false,
                        "Startup Cost": 15458.26,
                        "Total Cost": 15470.76,
                        "Plan Rows": 1000,
                        "Plan Width": 36,
                        "Actual Startup Time": 45.236,
                        "Actual Total Time": 45.648,
                        "Actual Rows": 999,
                        "Actual Loops": 3,
                        "Group Key": [
                          "lineitem.l_suppkey"
                        ],
                        "Planned Partitions": 0,
                        "HashAgg Batches": 1,
                        "Peak Memory Usage": 577,
                        "Disk Usage": 0,
                        "Workers": [
                          {
                            "Worker Number": 0,
                            "HashAgg Batches": 1,
                            "Peak Memory Usage": 577,
                            "Disk Usage": 0
                          },
                          {
                            "Worker Number": 1,
                            "HashAgg Batches": 1,
                            "Peak Memory Usage": 577,
                            "Disk Usage": 0
                          }
                        ],
                        "Plans": [
                          {
                            "Node Type": "Seq Scan",
                            "Parent Relationship": "Outer",
                            "Parallel Aware": true,
                            "Async Capable": false,
                            "Relation Name": "lineitem",
                            "Alias": "lineitem",
                            "Startup Cost": 0.0,
                            "Total Cost": 15361.58,
                            "Plan Rows": 9668,
                            "Plan Width": 16,
                            "Actual Startup Time": 0.025,
                            "Actual Total Time": 40.767,
                            "Actual Rows": 7479,
                            "Actual Loops": 3,
                            "Filter": "((l_shipdate >= '1997-09-01'::date) AND (l_shipdate < '1997-12-01 00:00:00'::timestamp without time zone))",
                            "Rows Removed by Filter": 192712,
                            "Workers": []
                          }
                        ]
                      }
                    ]
                  }
                ]
              }
            ]
          }
        ]
      },
      "Planning Time": 0.322,
      "Triggers": [],
      "Execution Time": 106.393
    }
  },
  {
    "query_id": "query15.11",
    "query": "select\n\ts_suppkey,\n\ts_name,\n\ts_address,\n\ts_phone,\n\ttotal_revenue\nfrom\n\tsupplier,\n\trevenue0\nwhere\n\ts_suppkey = supplier_no\n\tand total_revenue = (\n\t\tselect\n\t\t\tmax(total_revenue)\n\t\tfrom\n\t\t\trevenue0\n\t)\norder by\n\ts_suppkey;\n",
    "execution_time": 99.368,
    "plan": {
      "Plan": {
        "Node Type": "Merge Join",
        "Parallel Aware": false,
        "Async Capable": false,
        "Join Type": "Inner",
        "Startup Cost": 33408.3,
        "Total Cost": 33676.77,
        "Plan Rows": 5,
        "Plan Width": 104,
        "Actual Startup Time": 96.37,
        "Actual Total Time": 99.148,
        "Actual Rows": 1,
        "Actual Loops": 1,
        "Inner Unique": true,
        "Merge Cond": "(supplier.s_suppkey = lineitem.l_suppkey)",
        "Plans": [
          {
            "Node Type": "Aggregate",
            "Strategy": "Plain",
            "Partial Mode": "Simple",
            "Parent Relationship": "InitPlan",
            "Subplan Name": "InitPlan 1",
            "Parallel Aware": false,
            "Async Capable": false,
            "Startup Cost": 16788.91,
            "Total Cost": 16788.92,
            "Plan Rows": 1,
            "Plan Width": 32,
            "Actual Startup Time": 48.124,
            "Actual Total Time": 49.057,
            "Actual Rows": 1,
            "Actual Loops": 1,
            "Plans": [
              {
                "Node Type": "Aggregate",
                "Strategy": "Sorted",
                "Partial Mode": "Finalize",
                "Parent Relationship": "Outer",
                "Parallel Aware": false,
                "Async Capable": false,
                "Startup Cost": 16515.56,
                "Total Cost": 16776.41,
                "Plan Rows": 1000,
                "Plan Width": 36,
                "Actual Startup Time": 46.279,
                "Actual Total Time": 48.995,
                "Actual Rows": 1000,
                "Actual Loops": 1,
                "Group Key": [
                  "lineitem_1.l_suppkey"
                ],
                "Plans": [
                  {
                    "Node Type": "Gather Merge",
                    "Parent Relationship": "Outer",
                    "Parallel Aware": false,
                    "Async Capable": false,
                    "Startup Cost": 16515.56,
                    "Total Cost": 16748.91,
                    "Plan Rows": 2000,
                    "Plan Width": 36,
                    "Actual Startup Time": 46.26,
                    "Actual Total Time": 47.708,
                    "Actual Rows": 2993,
                    "Actual Loops": 1,
                    "Workers Planned": 2,
                    "Workers Launched": 2,
                    "Plans": [
                      {
                        "Node Type": "Sort",
                        "Parent Relationship": "Outer",
                        "Parallel Aware": false,
                        "Async Capable": false,
                        "Startup Cost": 15515.53,
                        "Total Cost": 15518.03,
                        "Plan Rows": 1000,
                        "Plan Width": 36,
                        "Actual Startup Time": 42.771,
                        "Actual Total Time": 42.829,
                        "Actual Rows": 998,
                        "Actual Loops": 3,
                        "Sort Key": [
                          "lineitem_1.l_suppkey"
                        ],
                        "Sort Method": "quicksort",
                        "Sort Space Used": 110,
                        "Sort Space Type": "Memory",
                        "Workers": [
                          {
                            "Worker Number": 0,
                            "Sort Method": "quicksort",
                            "Sort Space Used": 110,
                            "Sort Space Type": "Memory"
                          },
                          {
                            "Worker Number": 1,
                            "Sort Method": "quicksort",
                            "Sort Space Used": 110,
                            "Sort Space Type": "Memory"
                          }
                        ],
                        "Plans": [
                          {
                            "Node Type": "Aggregate",
                            "Strategy": "Hashed",
                            "Partial Mode": "Partial",
                            "Parent Relationship": "Outer",
                            "Parallel Aware": false,
                            "Async Capable": false,
                            "Startup Cost": 15453.2,
                            "Total Cost": 15465.7,
                            "Plan Rows": 1000,
                            "Plan Width": 36,
                            "Actual Startup Time": 42.135,
                            "Actual Total Time": 42.518,
                            "Actual Rows": 998,
                            "Actual Loops": 3,
                            "Group Key": [
                              "lineitem_1.l_suppkey"
                            ],
                            "Planned Partitions": 0,
                            "HashAgg Batches": 1,
                            "Peak Memory Usage": 577,
                            "Disk Usage": 0,
                            "Workers": [
                              {
                                "Worker Number": 0,
                                "HashAgg Batches": 1,
                                "Peak Memory Usage": 577,
                                "Disk Usage": 0
                              },
                              {
                                "Worker Number": 1,
                                "HashAgg Batches": 1,
                                "Peak Memory Usage": 577,
                                "Disk Usage": 0
                              }
                            ],
                            "Plans": [
                              {
                                "Node Type": "Seq Scan",
                                "Parent Relationship": "Outer",
                                "Parallel Aware": true,
                                "Async Capable": false,
                                "Relation Name": "lineitem",
                                "Alias": "lineitem_1",
                                "Startup Cost": 0.0,
                                "Total Cost": 15361.58,
                                "Plan Rows": 9163,
                                "Plan Width": 16,
                                "Actual Startup Time": 0.018,
                                "Actual Total Time": 38.139,
                                "Actual Rows": 7435,
                                "Actual Loops": 3,
                                "Filter": "((l_shipdate >= '1996-12-01'::date) AND (l_shipdate < '1997-03-01 00:00:00'::timestamp without time zone))",
                                "Rows Removed by Filter": 192756,
                                "Workers": []
                              }
                            ]
                          }
                        ]
                      }
                    ]
                  }
                ]
              }
            ]
          },
          {
            "Node Type": "Sort",
            "Parent Relationship": "Outer",
            "Parallel Aware": false,
            "Async Capable": false,
            "Startup Cost": 103.83,
            "Total Cost": 106.33,
            "Plan Rows": 1000,
            "Plan Width": 72,
            "Actual Startup Time": 0.376,
            "Actual Total Time": 0.578,
            "Actual Rows": 726,
            "Actual Loops": 1,
            "Sort Key": [
              "supplier.s_suppkey"
            ],
            "Sort Method": "quicksort",
            "Sort Space Used": 114,
            "Sort Space Type": "Memory",
            "Plans": [
              {
                "Node Type": "Seq Scan",
                "Parent Relationship": "Outer",
                "Parallel Aware": false,
                "Async Capable": false,
                "Relation Name": "supplier",
                "Alias": "supplier",
                "Startup Cost": 0.0,
                "Total Cost": 54.0,
                "Plan Rows": 1000,
                "Plan Width": 72,
                "Actual Startup Time": 0.03,
                "Actual Total Time": 0.236,
                "Actual Rows": 1000,
                "Actual Loops": 1
              }
            ]
          },
          {
            "Node Type": "Aggregate",
            "Strategy": "Sorted",
            "Partial Mode": "Finalize",
            "Parent Relationship": "Inner",
            "Parallel Aware": false,
            "Async Capable": false,
            "Startup Cost": 16515.56,
            "Total Cost": 16778.91,
            "Plan Rows": 5,
            "Plan Width": 36,
            "Actual Startup Time": 95.711,
            "Actual Total Time": 97.553,
            "Actual Rows": 1,
            "Actual Loops": 1,
            "Group Key": [
              "lineitem.l_suppkey"
            ],
            "Filter": "(sum((lineitem.l_extendedprice * ('1'::numeric - lineitem.l_discount))) = (InitPlan 1).col1)",
            "Rows Removed by Filter": 999,
            "Plans": [
              {
                "Node Type": "Gather Merge",
                "Parent Relationship": "Outer",
                "Parallel Aware": false,
                "Async Capable": false,
                "Startup Cost": 16515.56,
                "Total Cost": 16748.91,
                "Plan Rows": 2000,
                "Plan Width": 36,
                "Actual Startup Time": 46.062,
                "Actual Total Time": 48.176,
                "Actual Rows": 2993,
                "Actual Loops": 1,
                "Workers Planned": 2,
                "Workers Launched": 2,
                "Plans": [
                  {
                    "Node Type": "Sort",
                    "Parent Relationship": "Outer",
                    "Parallel Aware": false,
                    "Async Capable": false,
                    "Startup Cost": 15515.53,
                    "Total Cost": 15518.03,
                    "Plan Rows": 1000,
                    "Plan Width": 36,
                    "Actual Startup Time": 42.454,
                    "Actual Total Time": 42.586,
                    "Actual Rows": 998,
                    "Actual Loops": 3,
                    "Sort Key": [
                      "lineitem.l_suppkey"
                    ],
                    "Sort Method": "quicksort",
                    "Sort Space Used": 110,
                    "Sort Space Type": "Memory",
                    "Workers": [
                      {
                        "Worker Number": 0,
                        "Sort Method": "quicksort",
                        "Sort Space Used": 110,
                        "Sort Space Type": "Memory"
                      },
                      {
                        "Worker Number": 1,
                        "Sort Method": "quicksort",
                        "Sort Space Used": 110,
                        "Sort Space Type": "Memory"
                      }
                    ],
                    "Plans": [
                      {
                        "Node Type": "Aggregate",
                        "Strategy": "Hashed",
                        "Partial Mode": "Partial",
                        "Parent Relationship": "Outer",
                        "Parallel Aware": false,
                        "Async Capable": false,
                        "Startup Cost": 15453.2,
                        "Total Cost": 15465.7,
                        "Plan Rows": 1000,
                        "Plan Width": 36,
                        "Actual Startup Time": 41.851,
                        "Actual Total Time": 42.231,
                        "Actual Rows": 998,
                        "Actual Loops": 3,
                        "Group Key": [
                          "lineitem.l_suppkey"
                        ],
                        "Planned Partitions": 0,
                        "HashAgg Batches": 1,
                        "Peak Memory Usage": 577,
                        "Disk Usage": 0,
                        "Workers": [
                          {
                            "Worker Number": 0,
                            "HashAgg Batches": 1,
                            "Peak Memory Usage": 577,
                            "Disk Usage": 0
                          },
                          {
                            "Worker Number": 1,
                            "HashAgg Batches": 1,
                            "Peak Memory Usage": 577,
                            "Disk Usage": 0
                          }
                        ],
                        "Plans": [
                          {
                            "Node Type": "Seq Scan",
                            "Parent Relationship": "Outer",
                            "Parallel Aware": true,
                            "Async Capable": false,
                            "Relation Name": "lineitem",
                            "Alias": "lineitem",
                            "Startup Cost": 0.0,
                            "Total Cost": 15361.58,
                            "Plan Rows": 9163,
                            "Plan Width": 16,
                            "Actual Startup Time": 0.01,
                            "Actual Total Time": 37.327,
                            "Actual Rows": 7435,
                            "Actual Loops": 3,
                            "Filter": "((l_shipdate >= '1996-12-01'::date) AND (l_shipdate < '1997-03-01 00:00:00'::timestamp without time zone))",
                            "Rows Removed by Filter": 192756,
                            "Workers": []
                          }
                        ]
                      }
                    ]
                  }
                ]
              }
            ]
          }
        ]
      },
      "Planning Time": 0.286,
      "Triggers": [],
      "Execution Time": 99.368
    }
  },
  {
    "query_id": "query15.12",
    "query": "select\n\ts_suppkey,\n\ts_name,\n\ts_address,\n\ts_phone,\n\ttotal_revenue\nfrom\n\tsupplier,\n\trevenue0\nwhere\n\ts_suppkey = supplier_no\n\tand total_revenue = (\n\t\tselect\n\t\t\tmax(total_revenue)\n\t\tfrom\n\t\t\trevenue0\n\t)\norder by\n\ts_suppkey;\n",
    "execution_time": 106.469,
    "plan": {
      "Plan": {
        "Node Type": "Merge Join",
        "Parallel Aware": false,
        "Async Capable": false,
        "Join Type": "Inner",
        "Startup Cost": 33411.9,
        "Total Cost": 33680.37,
        "Plan Rows": 5,
        "Plan Width": 104,
        "Actual Startup Time": 104.101,
        "Actual Total Time": 106.247,
        "Actual Rows": 1,
        "Actual Loops": 1,
        "Inner Unique": true,
        "Merge Cond": "(supplier.s_suppkey = lineitem.l_suppkey)",
        "Plans": [
          {
            "Node Type": "Aggregate",
            "Strategy": "Plain",
            "Partial Mode": "Simple",
            "Parent Relationship": "InitPlan",
            "Subplan Name": "InitPlan 1",
            "Parallel Aware": false,
            "Async Capable": false,
            "Startup Cost": 16790.71,
            "Total Cost": 16790.72,
            "Plan Rows": 1,
            "Plan Width": 32,
            "Actual Startup Time": 53.068,
            "Actual Total Time": 53.643,
            "Actual Rows": 1,
            "Actual Loops": 1,
            "Plans": [
              {
                "Node Type": "Aggregate",
                "Strategy": "Sorted",
                "Partial Mode": "Finalize",
                "Parent Relationship": "Outer",
                "Parallel Aware": false,
                "Async Capable": false,
                "Startup Cost": 16517.36,
                "Total Cost": 16778.21,
                "Plan Rows": 1000,
                "Plan Width": 36,
                "Actual Startup Time": 51.127,
                "Actual Total Time": 53.568,
                "Actual Rows": 1000,
                "Actual Loops": 1,
                "Group Key": [
                  "lineitem_1.l_suppkey"
                ],
                "Plans": [
                  {
                    "Node Type": "Gather Merge",
                    "Parent Relationship": "Outer",
                    "Parallel Aware": false,
                    "Async Capable": false,
                    "Startup Cost": 16517.36,
                    "Total Cost": 16750.71,
                    "Plan Rows": 2000,
                    "Plan Width": 36,
                    "Actual Startup Time": 51.115,
                    "Actual Total Time": 52.238,
                    "Actual Rows": 2995,
                    "Actual Loops": 1,
                    "Workers Planned": 2,
                    "Workers Launched": 2,
                    "Plans": [
                      {
                        "Node Type": "Sort",
                        "Parent Relationship": "Outer",
                        "Parallel Aware": false,
                        "Async Capable": false,
                        "Startup Cost": 15517.33,
                        "Total Cost": 15519.83,
                        "Plan Rows": 1000,
                        "Plan Width": 36,
                        "Actual Startup Time": 48.067,
                        "Actual Total Time": 48.12,
                        "Actual Rows": 998,
                        "Actual Loops": 3,
                        "Sort Key": [
                          "lineitem_1.l_suppkey"
                        ],
                        "Sort Method": "quicksort",
                        "Sort Space Used": 110,
                        "Sort Space Type": "Memory",
                        "Workers": [
                          {
                            "Worker Number": 0,
                            "Sort Method": "quicksort",
                            "Sort Space Used": 110,
                            "Sort Space Type": "Memory"
                          },
                          {
                            "Worker Number": 1,
                            "Sort Method": "quicksort",
                            "Sort Space Used": 110,
                            "Sort Space Type": "Memory"
                          }
                        ],
                        "Plans": [
                          {
                            "Node Type": "Aggregate",
                            "Strategy": "Hashed",
                            "Partial Mode": "Partial",
                            "Parent Relationship": "Outer",
                            "Parallel Aware": false,
                            "Async Capable": false,
                            "Startup Cost": 15455.01,
                            "Total Cost": 15467.51,
                            "Plan Rows": 1000,
                            "Plan Width": 36,
                            "Actual Startup Time": 47.431,
                            "Actual Total Time": 47.827,
                            "Actual Rows": 998,
                            "Actual Loops": 3,
                            "Group Key": [
                              "lineitem_1.l_suppkey"
                            ],
                            "Planned Partitions": 0,
                            "HashAgg Batches": 1,
                            "Peak Memory Usage": 577,
                            "Disk Usage": 0,
                            "Workers": [
                              {
                                "Worker Number": 0,
                                "HashAgg Batches": 1,
                                "Peak Memory Usage": 577,
                                "Disk Usage": 0
                              },
                              {
                                "Worker Number": 1,
                                "HashAgg Batches": 1,
                                "Peak Memory Usage": 577,
                                "Disk Usage": 0
                              }
                            ],
                            "Plans": [
                              {
                                "Node Type": "Seq Scan",
                                "Parent Relationship": "Outer",
                                "Parallel Aware": true,
                                "Async Capable": false,
                                "Relation Name": "lineitem",
                                "Alias": "lineitem_1",
                                "Startup Cost": 0.0,
                                "Total Cost": 15361.58,
                                "Plan Rows": 9343,
                                "Plan Width": 16,
                                "Actual Startup Time": 0.02,
                                "Actual Total Time": 42.899,
                                "Actual Rows": 7769,
                                "Actual Loops": 3,
                                "Filter": "((l_shipdate >= '1994-09-01'::date) AND (l_shipdate < '1994-12-01 00:00:00'::timestamp without time zone))",
                                "Rows Removed by Filter": 192422,
                                "Workers": []
                              }
                            ]
                          }
                        ]
                      }
                    ]
                  }
                ]
              }
            ]
          },
          {
            "Node Type": "Sort",
            "Parent Relationship": "Outer",
            "Parallel Aware": false,
            "Async Capable": false,
            "Startup Cost": 103.83,
            "Total Cost": 106.33,
            "Plan Rows": 1000,
            "Plan Width": 72,
            "Actual Startup Time": 0.596,
            "Actual Total Time": 0.883,
            "Actual Rows": 984,
            "Actual Loops": 1,
            "Sort Key": [
              "supplier.s_suppkey"
            ],
            "Sort Method": "quicksort",
            "Sort Space Used": 114,
            "Sort Space Type": "Memory",
            "Plans": [
              {
                "Node Type": "Seq Scan",
                "Parent Relationship": "Outer",
                "Parallel Aware": false,
                "Async Capable": false,
                "Relation Name": "supplier",
                "Alias": "supplier",
                "Startup Cost": 0.0,
                "Total Cost": 54.0,
                "Plan Rows": 1000,
                "Plan Width": 72,
                "Actual Startup Time": 0.014,
                "Actual Total Time": 0.349,
                "Actual Rows": 1000,
                "Actual Loops": 1
              }
            ]
          },
          {
            "Node Type": "Aggregate",
            "Strategy": "Sorted",
            "Partial Mode": "Finalize",
            "Parent Relationship": "Inner",
            "Parallel Aware": false,
            "Async Capable": false,
            "Startup Cost": 16517.36,
            "Total Cost": 16780.71,
            "Plan Rows": 5,
            "Plan Width": 36,
            "Actual Startup Time": 103.111,
            "Actual Total Time": 104.68,
            "Actual Rows": 1,
            "Actual Loops": 1,
            "Group Key": [
              "lineitem.l_suppkey"
            ],
            "Filter": "(sum((lineitem.l_extendedprice * ('1'::numeric - lineitem.l_discount))) = (InitPlan 1).col1)",
            "Rows Removed by Filter": 999,
            "Plans": [
              {
                "Node Type": "Gather Merge",
                "Parent Relationship": "Outer",
                "Parallel Aware": false,
                "Async Capable": false,
                "Startup Cost": 16517.36,
                "Total Cost": 16750.71,
                "Plan Rows": 2000,
                "Plan Width": 36,
                "Actual Startup Time": 48.286,
                "Actual Total Time": 50.387,
                "Actual Rows": 2996,
                "Actual Loops": 1,
                "Workers Planned": 2,
                "Workers Launched": 2,
                "Plans": [
                  {
                    "Node Type": "Sort",
                    "Parent Relationship": "Outer",
                    "Parallel Aware": false,
                    "Async Capable": false,
                    "Startup Cost": 15517.33,
                    "Total Cost": 15519.83,
                    "Plan Rows": 1000,
                    "Plan Width": 36,
                    "Actual Startup Time": 44.587,
                    "Actual Total Time": 44.687,
                    "Actual Rows": 999,
                    "Actual Loops": 3,
                    "Sort Key": [
                      "lineitem.l_suppkey"
                    ],
                    "Sort Method": "quicksort",
                    "Sort Space Used": 110,
                    "Sort Space Type": "Memory",
                    "Workers": [
                      {
                        "Worker Number": 0,
                        "Sort Method": "quicksort",
                        "Sort Space Used": 110,
                        "Sort Space Type": "Memory"
                      },
                      {
                        "Worker Number": 1,
                        "Sort Method": "quicksort",
                        "Sort Space Used": 110,
                        "Sort Space Type": "Memory"
                      }
                    ],
                    "Plans": [
                      {
                        "Node Type": "Aggregate",
                        "Strategy": "Hashed",
                        "Partial Mode": "Partial",
                        "Parent Relationship": "Outer",
                        "Parallel Aware": false,
                        "Async Capable": false,
                        "Startup Cost": 15455.01,
                        "Total Cost": 15467.51,
                        "Plan Rows": 1000,
                        "Plan Width": 36,
                        "Actual Startup Time": 43.969,
                        "Actual Total Time": 44.364,
                        "Actual Rows": 999,
                        "Actual Loops": 3,
                        "Group Key": [
                          "lineitem.l_suppkey"
                        ],
                        "Planned Partitions": 0,
                        "HashAgg Batches": 1,
                        "Peak Memory Usage": 577,
                        "Disk Usage": 0,
                        "Workers": [
                          {
                            "Worker Number": 0,
                            "HashAgg Batches": 1,
                            "Peak Memory Usage": 577,
                            "Disk Usage": 0
                          },
                          {
                            "Worker Number": 1,
                            "HashAgg Batches": 1,
                            "Peak Memory Usage": 577,
                            "Disk Usage": 0
                          }
                        ],
                        "Plans": [
                          {
                            "Node Type": "Seq Scan",
                            "Parent Relationship": "Outer",
                            "Parallel Aware": true,
                            "Async Capable": false,
                            "Relation Name": "lineitem",
                            "Alias": "lineitem",
                            "Startup Cost": 0.0,
                            "Total Cost": 15361.58,
                            "Plan Rows": 9343,
                            "Plan Width": 16,
                            "Actual Startup Time": 0.023,
                            "Actual Total Time": 39.486,
                            "Actual Rows": 7769,
                            "Actual Loops": 3,
                            "Filter": "((l_shipdate >= '1994-09-01'::date) AND (l_shipdate < '1994-12-01 00:00:00'::timestamp without time zone))",
                            "Rows Removed by Filter": 192422,
                            "Workers": []
                          }
                        ]
                      }
                    ]
                  }
                ]
              }
            ]
          }
        ]
      },
      "Planning Time": 0.391,
      "Triggers": [],
      "Execution Time": 106.469
    }
  },
  {
    "query_id": "query15.13",
    "query": "select\n\ts_suppkey,\n\ts_name,\n\ts_address,\n\ts_phone,\n\ttotal_revenue\nfrom\n\tsupplier,\n\trevenue0\nwhere\n\ts_suppkey = supplier_no\n\tand total_revenue = (\n\t\tselect\n\t\t\tmax(total_revenue)\n\t\tfrom\n\t\t\trevenue0\n\t)\norder by\n\ts_suppkey;\n",
    "execution_time": 105.071,
    "plan": {
      "Plan": {
        "Node Type": "Merge Join",
        "Parallel Aware": false,
        "Async Capable": false,
        "Join Type": "Inner",
        "Startup Cost": 33424.14,
        "Total Cost": 33692.61,
        "Plan Rows": 5,
        "Plan Width": 104,
        "Actual Startup Time": 101.462,
        "Actual Total Time": 104.935,
        "Actual Rows": 1,
        "Actual Loops": 1,
        "Inner Unique": true,
        "Merge Cond": "(supplier.s_suppkey = lineitem.l_suppkey)",
        "Plans": [
          {
            "Node Type": "Aggregate",
            "Strategy": "Plain",
            "Partial Mode": "Simple",
            "Parent Relationship": "InitPlan",
            "Subplan Name": "InitPlan 1",
            "Parallel Aware": false,
            "Async Capable": false,
            "Startup Cost": 16796.83,
            "Total Cost": 16796.84,
            "Plan Rows": 1,
            "Plan Width": 32,
            "Actual Startup Time": 47.581,
            "Actual Total Time": 48.426,
            "Actual Rows": 1,
            "Actual Loops": 1,
            "Plans": [
              {
                "Node Type": "Aggregate",
                "Strategy": "Sorted",
                "Partial Mode": "Finalize",
                "Parent Relationship": "Outer",
                "Parallel Aware": false,
                "Async Capable": false,
                "Startup Cost": 16523.48,
                "Total Cost": 16784.33,
                "Plan Rows": 1000,
                "Plan Width": 36,
                "Actual Startup Time": 45.851,
                "Actual Total Time": 48.365,
                "Actual Rows": 1000,
                "Actual Loops": 1,
                "Group Key": [
                  "lineitem_1.l_suppkey"
                ],
                "Plans": [
                  {
                    "Node Type": "Gather Merge",
                    "Parent Relationship": "Outer",
                    "Parallel Aware": false,
                    "Async Capable": false,
                    "Startup Cost": 16523.48,
                    "Total Cost": 16756.83,
                    "Plan Rows": 2000,
                    "Plan Width": 36,
                    "Actual Startup Time": 45.838,
                    "Actual Total Time": 47.165,
                    "Actual Rows": 2998,
                    "Actual Loops": 1,
                    "Workers Planned": 2,
                    "Workers Launched": 2,
                    "Plans": [
                      {
                        "Node Type": "Sort",
                        "Parent Relationship": "Outer",
                        "Parallel Aware": false,
                        "Async Capable": false,
                        "Startup Cost": 15523.45,
                        "Total Cost": 15525.95,
                        "Plan Rows": 1000,
                        "Plan Width": 36,
                        "Actual Startup Time": 41.601,
                        "Actual Total Time": 41.655,
                        "Actual Rows": 999,
                        "Actual Loops": 3,
                        "Sort Key": [
                          "lineitem_1.l_suppkey"
                        ],
                        "Sort Method": "quicksort",
                        "Sort Space Used": 110,
                        "Sort Space Type": "Memory",
                        "Workers": [
                          {
                            "Worker Number": 0,
                            "Sort Method": "quicksort",
                            "Sort Space Used": 110,
                            "Sort Space Type": "Memory"
                          },
                          {
                            "Worker Number": 1,
                            "Sort Method": "quicksort",
                            "Sort Space Used": 110,
                            "Sort Space Type": "Memory"
                          }
                        ],
                        "Plans": [
                          {
                            "Node Type": "Aggregate",
                            "Strategy": "Hashed",
                            "Partial Mode": "Partial",
                            "Parent Relationship": "Outer",
                            "Parallel Aware": false,
                            "Async Capable": false,
                            "Startup Cost": 15461.13,
                            "Total Cost": 15473.63,
                            "Plan Rows": 1000,
                            "Plan Width": 36,
                            "Actual Startup Time": 40.835,
                            "Actual Total Time": 41.277,
                            "Actual Rows": 999,
                            "Actual Loops": 3,
                            "Group Key": [
                              "lineitem_1.l_suppkey"
                            ],
                            "Planned Partitions": 0,
                            "HashAgg Batches": 1,
                            "Peak Memory Usage": 577,
                            "Disk Usage": 0,
                            "Workers": [
                              {
                                "Worker Number": 0,
                                "HashAgg Batches": 1,
                                "Peak Memory Usage": 577,
                                "Disk Usage": 0
                              },
                              {
                                "Worker Number": 1,
                                "HashAgg Batches": 1,
                                "Peak Memory Usage": 577,
                                "Disk Usage": 0
                              }
                            ],
                            "Plans": [
                              {
                                "Node Type": "Seq Scan",
                                "Parent Relationship": "Outer",
                                "Parallel Aware": true,
                                "Async Capable": false,
                                "Relation Name": "lineitem",
                                "Alias": "lineitem_1",
                                "Startup Cost": 0.0,
                                "Total Cost": 15361.58,
                                "Plan Rows": 9955,
                                "Plan Width": 16,
                                "Actual Startup Time": 0.039,
                                "Actual Total Time": 35.622,
                                "Actual Rows": 7546,
                                "Actual Loops": 3,
                                "Filter": "((l_shipdate >= '1997-04-01'::date) AND (l_shipdate < '1997-07-01 00:00:00'::timestamp without time zone))",
                                "Rows Removed by Filter": 192645,
                                "Workers": []
                              }
                            ]
                          }
                        ]
                      }
                    ]
                  }
                ]
              }
            ]
          },
          {
            "Node Type": "Sort",
            "Parent Relationship": "Outer",
            "Parallel Aware": false,
            "Async Capable": false,
            "Startup Cost": 103.83,
            "Total Cost": 106.33,
            "Plan Rows": 1000,
            "Plan Width": 72,
            "Actual Startup Time": 0.337,
            "Actual Total Time": 0.342,
            "Actual Rows": 103,
            "Actual Loops": 1,
            "Sort Key": [
              "supplier.s_suppkey"
            ],
            "Sort Method": "quicksort",
            "Sort Space Used": 114,
            "Sort Space Type": "Memory",
            "Plans": [
              {
                "Node Type": "Seq Scan",
                "Parent Relationship": "Outer",
                "Parallel Aware": false,
                "Async Capable": false,
                "Relation Name": "supplier",
                "Alias": "supplier",
                "Startup Cost": 0.0,
                "Total Cost": 54.0,
                "Plan Rows": 1000,
                "Plan Width": 72,
                "Actual Startup Time": 0.009,
                "Actual Total Time": 0.183,
                "Actual Rows": 1000,
                "Actual Loops": 1
              }
            ]
          },
          {
            "Node Type": "Aggregate",
            "Strategy": "Sorted",
            "Partial Mode": "Finalize",
            "Parent Relationship": "Inner",
            "Parallel Aware": false,
            "Async Capable": false,
            "Startup Cost": 16523.48,
            "Total Cost": 16786.83,
            "Plan Rows": 5,
            "Plan Width": 36,
            "Actual Startup Time": 101.11,
            "Actual Total Time": 103.735,
            "Actual Rows": 1,
            "Actual Loops": 1,
            "Group Key": [
              "lineitem.l_suppkey"
            ],
            "Filter": "(sum((lineitem.l_extendedprice * ('1'::numeric - lineitem.l_discount))) = (InitPlan 1).col1)",
            "Rows Removed by Filter": 999,
            "Plans": [
              {
                "Node Type": "Gather Merge",
                "Parent Relationship": "Outer",
                "Parallel Aware": false,
                "Async Capable": false,
                "Startup Cost": 16523.48,
                "Total Cost": 16756.83,
                "Plan Rows": 2000,
                "Plan Width": 36,
                "Actual Startup Time": 53.268,
                "Actual Total Time": 54.749,
                "Actual Rows": 2998,
                "Actual Loops": 1,
                "Workers Planned": 2,
                "Workers Launched": 2,
                "Plans": [
                  {
                    "Node Type": "Sort",
                    "Parent Relationship": "Outer",
                    "Parallel Aware": false,
                    "Async Capable": false,
                    "Startup Cost": 15523.45,
                    "Total Cost": 15525.95,
                    "Plan Rows": 1000,
                    "Plan Width": 36,
                    "Actual Startup Time": 49.188,
                    "Actual Total Time": 49.304,
                    "Actual Rows": 999,
                    "Actual Loops": 3,
                    "Sort Key": [
                      "lineitem.l_suppkey"
                    ],
                    "Sort Method": "quicksort",
                    "Sort Space Used": 110,
                    "Sort Space Type": "Memory",
                    "Workers": [
                      {
                        "Worker Number": 0,
                        "Sort Method": "quicksort",
                        "Sort Space Used": 110,
                        "Sort Space Type": "Memory"
                      },
                      {
                        "Worker Number": 1,
                        "Sort Method": "quicksort",
                        "Sort Space Used": 110,
                        "Sort Space Type": "Memory"
                      }
                    ],
                    "Plans": [
                      {
                        "Node Type": "Aggregate",
                        "Strategy": "Hashed",
                        "Partial Mode": "Partial",
                        "Parent Relationship": "Outer",
                        "Parallel Aware": false,
                        "Async Capable": false,
                        "Startup Cost": 15461.13,
                        "Total Cost": 15473.63,
                        "Plan Rows": 1000,
                        "Plan Width": 36,
                        "Actual Startup Time": 48.324,
                        "Actual Total Time": 48.861,
                        "Actual Rows": 999,
                        "Actual Loops": 3,
                        "Group Key": [
                          "lineitem.l_suppkey"
                        ],
                        "Planned Partitions": 0,
                        "HashAgg Batches": 1,
                        "Peak Memory Usage": 577,
                        "Disk Usage": 0,
                        "Workers": [
                          {
                            "Worker Number": 0,
                            "HashAgg Batches": 1,
                            "Peak Memory Usage": 577,
                            "Disk Usage": 0
                          },
                          {
                            "Worker Number": 1,
                            "HashAgg Batches": 1,
                            "Peak Memory Usage": 577,
                            "Disk Usage": 0
                          }
                        ],
                        "Plans": [
                          {
                            "Node Type": "Seq Scan",
                            "Parent Relationship": "Outer",
                            "Parallel Aware": true,
                            "Async Capable": false,
                            "Relation Name": "lineitem",
                            "Alias": "lineitem",
                            "Startup Cost": 0.0,
                            "Total Cost": 15361.58,
                            "Plan Rows": 9955,
                            "Plan Width": 16,
                            "Actual Startup Time": 0.023,
                            "Actual Total Time": 43.067,
                            "Actual Rows": 7546,
                            "Actual Loops": 3,
                            "Filter": "((l_shipdate >= '1997-04-01'::date) AND (l_shipdate < '1997-07-01 00:00:00'::timestamp without time zone))",
                            "Rows Removed by Filter": 192645,
                            "Workers": []
                          }
                        ]
                      }
                    ]
                  }
                ]
              }
            ]
          }
        ]
      },
      "Planning Time": 0.195,
      "Triggers": [],
      "Execution Time": 105.071
    }
  },
  {
    "query_id": "query15.14",
    "query": "select\n\ts_suppkey,\n\ts_name,\n\ts_address,\n\ts_phone,\n\ttotal_revenue\nfrom\n\tsupplier,\n\trevenue0\nwhere\n\ts_suppkey = supplier_no\n\tand total_revenue = (\n\t\tselect\n\t\t\tmax(total_revenue)\n\t\tfrom\n\t\t\trevenue0\n\t)\norder by\n\ts_suppkey;\n",
    "execution_time": 91.394,
    "plan": {
      "Plan": {
        "Node Type": "Merge Join",
        "Parallel Aware": false,
        "Async Capable": false,
        "Join Type": "Inner",
        "Startup Cost": 33411.72,
        "Total Cost": 33680.19,
        "Plan Rows": 5,
        "Plan Width": 104,
        "Actual Startup Time": 89.054,
        "Actual Total Time": 91.225,
        "Actual Rows": 1,
        "Actual Loops": 1,
        "Inner Unique": true,
        "Merge Cond": "(supplier.s_suppkey = lineitem.l_suppkey)",
        "Plans": [
          {
            "Node Type": "Aggregate",
            "Strategy": "Plain",
            "Partial Mode": "Simple",
            "Parent Relationship": "InitPlan",
            "Subplan Name": "InitPlan 1",
            "Parallel Aware": false,
            "Async Capable": false,
            "Startup Cost": 16790.62,
            "Total Cost": 16790.63,
            "Plan Rows": 1,
            "Plan Width": 32,
            "Actual Startup Time": 44.297,
            "Actual Total Time": 45.31,
            "Actual Rows": 1,
            "Actual Loops": 1,
            "Plans": [
              {
                "Node Type": "Aggregate",
                "Strategy": "Sorted",
                "Partial Mode": "Finalize",
                "Parent Relationship": "Outer",
                "Parallel Aware": false,
                "Async Capable": false,
                "Startup Cost": 16517.27,
                "Total Cost": 16778.12,
                "Plan Rows": 1000,
                "Plan Width": 36,
                "Actual Startup Time": 42.547,
                "Actual Total Time": 45.251,
                "Actual Rows": 1000,
                "Actual Loops": 1,
                "Group Key": [
                  "lineitem_1.l_suppkey"
                ],
                "Plans": [
                  {
                    "Node Type": "Gather Merge",
                    "Parent Relationship": "Outer",
                    "Parallel Aware": false,
                    "Async Capable": false,
                    "Startup Cost": 16517.27,
                    "Total Cost": 16750.62,
                    "Plan Rows": 2000,
                    "Plan Width": 36,
                    "Actual Startup Time": 42.538,
                    "Actual Total Time": 44.048,
                    "Actual Rows": 2994,
                    "Actual Loops": 1,
                    "Workers Planned": 2,
                    "Workers Launched": 2,
                    "Plans": [
                      {
                        "Node Type": "Sort",
                        "Parent Relationship": "Outer",
                        "Parallel Aware": false,
                        "Async Capable": false,
                        "Startup Cost": 15517.24,
                        "Total Cost": 15519.74,
                        "Plan Rows": 1000,
                        "Plan Width": 36,
                        "Actual Startup Time": 39.469,
                        "Actual Total Time": 39.516,
                        "Actual Rows": 998,
                        "Actual Loops": 3,
                        "Sort Key": [
                          "lineitem_1.l_suppkey"
                        ],
                        "Sort Method": "quicksort",
                        "Sort Space Used": 110,
                        "Sort Space Type": "Memory",
                        "Workers": [
                          {
                            "Worker Number": 0,
                            "Sort Method": "quicksort",
                            "Sort Space Used": 110,
                            "Sort Space Type": "Memory"
                          },
                          {
                            "Worker Number": 1,
                            "Sort Method": "quicksort",
                            "Sort Space Used": 110,
                            "Sort Space Type": "Memory"
                          }
                        ],
                        "Plans": [
                          {
                            "Node Type": "Aggregate",
                            "Strategy": "Hashed",
                            "Partial Mode": "Partial",
                            "Parent Relationship": "Outer",
                            "Parallel Aware": false,
                            "Async Capable": false,
                            "Startup Cost": 15454.91,
                            "Total Cost": 15467.41,
                            "Plan Rows": 1000,
                            "Plan Width": 36,
                            "Actual Startup Time": 38.902,
                            "Actual Total Time": 39.24,
                            "Actual Rows": 998,
                            "Actual Loops": 3,
                            "Group Key": [
                              "lineitem_1.l_suppkey"
                            ],
                            "Planned Partitions": 0,
                            "HashAgg Batches": 1,
                            "Peak Memory Usage": 577,
                            "Disk Usage": 0,
                            "Workers": [
                              {
                                "Worker Number": 0,
                                "HashAgg Batches": 1,
                                "Peak Memory Usage": 577,
                                "Disk Usage": 0
                              },
                              {
                                "Worker Number": 1,
                                "HashAgg Batches": 1,
                                "Peak Memory Usage": 577,
                                "Disk Usage": 0
                              }
                            ],
                            "Plans": [
                              {
                                "Node Type": "Seq Scan",
                                "Parent Relationship": "Outer",
                                "Parallel Aware": true,
                                "Async Capable": false,
                                "Relation Name": "lineitem",
                                "Alias": "lineitem_1",
                                "Startup Cost": 0.0,
                                "Total Cost": 15361.58,
                                "Plan Rows": 9334,
                                "Plan Width": 16,
                                "Actual Startup Time": 0.032,
                                "Actual Total Time": 34.996,
                                "Actual Rows": 7525,
                                "Actual Loops": 3,
                                "Filter": "((l_shipdate >= '1995-01-01'::date) AND (l_shipdate < '1995-04-01 00:00:00'::timestamp without time zone))",
                                "Rows Removed by Filter": 192665,
                                "Workers": []
                              }
                            ]
                          }
                        ]
                      }
                    ]
                  }
                ]
              }
            ]
          },
          {
            "Node Type": "Sort",
            "Parent Relationship": "Outer",
            "Parallel Aware": false,
            "Async Capable": false,
            "Startup Cost": 103.83,
            "Total Cost": 106.33,
            "Plan Rows": 1000,
            "Plan Width": 72,
            "Actual Startup Time": 0.347,
            "Actual Total Time": 0.606,
            "Actual Rows": 945,
            "Actual Loops": 1,
            "Sort Key": [
              "supplier.s_suppkey"
            ],
            "Sort Method": "quicksort",
            "Sort Space Used": 114,
            "Sort Space Type": "Memory",
            "Plans": [
              {
                "Node Type": "Seq Scan",
                "Parent Relationship": "Outer",
                "Parallel Aware": false,
                "Async Capable": false,
                "Relation Name": "supplier",
                "Alias": "supplier",
                "Startup Cost": 0.0,
                "Total Cost": 54.0,
                "Plan Rows": 1000,
                "Plan Width": 72,
                "Actual Startup Time": 0.013,
                "Actual Total Time": 0.177,
                "Actual Rows": 1000,
                "Actual Loops": 1
              }
            ]
          },
          {
            "Node Type": "Aggregate",
            "Strategy": "Sorted",
            "Partial Mode": "Finalize",
            "Parent Relationship": "Inner",
            "Parallel Aware": false,
            "Async Capable": false,
            "Startup Cost": 16517.27,
            "Total Cost": 16780.62,
            "Plan Rows": 5,
            "Plan Width": 36,
            "Actual Startup Time": 88.345,
            "Actual Total Time": 89.499,
            "Actual Rows": 1,
            "Actual Loops": 1,
            "Group Key": [
              "lineitem.l_suppkey"
            ],
            "Filter": "(sum((lineitem.l_extendedprice * ('1'::numeric - lineitem.l_discount))) = (InitPlan 1).col1)",
            "Rows Removed by Filter": 999,
            "Plans": [
              {
                "Node Type": "Gather Merge",
                "Parent Relationship": "Outer",
                "Parallel Aware": false,
                "Async Capable": false,
                "Startup Cost": 16517.27,
                "Total Cost": 16750.62,
                "Plan Rows": 2000,
                "Plan Width": 36,
                "Actual Startup Time": 42.196,
                "Actual Total Time": 43.971,
                "Actual Rows": 2994,
                "Actual Loops": 1,
                "Workers Planned": 2,
                "Workers Launched": 2,
                "Plans": [
                  {
                    "Node Type": "Sort",
                    "Parent Relationship": "Outer",
                    "Parallel Aware": false,
                    "Async Capable": false,
                    "Startup Cost": 15517.24,
                    "Total Cost": 15519.74,
                    "Plan Rows": 1000,
                    "Plan Width": 36,
                    "Actual Startup Time": 39.119,
                    "Actual Total Time": 39.252,
                    "Actual Rows": 998,
                    "Actual Loops": 3,
                    "Sort Key": [
                      "lineitem.l_suppkey"
                    ],
                    "Sort Method": "quicksort",
                    "Sort Space Used": 110,
                    "Sort Space Type": "Memory",
                    "Workers": [
                      {
                        "Worker Number": 0,
                        "Sort Method": "quicksort",
                        "Sort Space Used": 110,
                        "Sort Space Type": "Memory"
                      },
                      {
                        "Worker Number": 1,
                        "Sort Method": "quicksort",
                        "Sort Space Used": 110,
                        "Sort Space Type": "Memory"
                      }
                    ],
                    "Plans": [
                      {
                        "Node Type": "Aggregate",
                        "Strategy": "Hashed",
                        "Partial Mode": "Partial",
                        "Parent Relationship": "Outer",
                        "Parallel Aware": false,
                        "Async Capable": false,
                        "Startup Cost": 15454.91,
                        "Total Cost": 15467.41,
                        "Plan Rows": 1000,
                        "Plan Width": 36,
                        "Actual Startup Time": 38.442,
                        "Actual Total Time": 38.869,
                        "Actual Rows": 998,
                        "Actual Loops": 3,
                        "Group Key": [
                          "lineitem.l_suppkey"
                        ],
                        "Planned Partitions": 0,
                        "HashAgg Batches": 1,
                        "Peak Memory Usage": 577,
                        "Disk Usage": 0,
                        "Workers": [
                          {
                            "Worker Number": 0,
                            "HashAgg Batches": 1,
                            "Peak Memory Usage": 577,
                            "Disk Usage": 0
                          },
                          {
                            "Worker Number": 1,
                            "HashAgg Batches": 1,
                            "Peak Memory Usage": 577,
                            "Disk Usage": 0
                          }
                        ],
                        "Plans": [
                          {
                            "Node Type": "Seq Scan",
                            "Parent Relationship": "Outer",
                            "Parallel Aware": true,
                            "Async Capable": false,
                            "Relation Name": "lineitem",
                            "Alias": "lineitem",
                            "Startup Cost": 0.0,
                            "Total Cost": 15361.58,
                            "Plan Rows": 9334,
                            "Plan Width": 16,
                            "Actual Startup Time": 0.03,
                            "Actual Total Time": 33.83,
                            "Actual Rows": 7525,
                            "Actual Loops": 3,
                            "Filter": "((l_shipdate >= '1995-01-01'::date) AND (l_shipdate < '1995-04-01 00:00:00'::timestamp without time zone))",
                            "Rows Removed by Filter": 192665,
                            "Workers": []
                          }
                        ]
                      }
                    ]
                  }
                ]
              }
            ]
          }
        ]
      },
      "Planning Time": 0.245,
      "Triggers": [],
      "Execution Time": 91.394
    }
  },
  {
    "query_id": "query15.15",
    "query": "select\n\ts_suppkey,\n\ts_name,\n\ts_address,\n\ts_phone,\n\ttotal_revenue\nfrom\n\tsupplier,\n\trevenue0\nwhere\n\ts_suppkey = supplier_no\n\tand total_revenue = (\n\t\tselect\n\t\t\tmax(total_revenue)\n\t\tfrom\n\t\t\trevenue0\n\t)\norder by\n\ts_suppkey;\n",
    "execution_time": 97.654,
    "plan": {
      "Plan": {
        "Node Type": "Merge Join",
        "Parallel Aware": false,
        "Async Capable": false,
        "Join Type": "Inner",
        "Startup Cost": 33428.3,
        "Total Cost": 33696.77,
        "Plan Rows": 5,
        "Plan Width": 104,
        "Actual Startup Time": 94.241,
        "Actual Total Time": 97.463,
        "Actual Rows": 1,
        "Actual Loops": 1,
        "Inner Unique": true,
        "Merge Cond": "(supplier.s_suppkey = lineitem.l_suppkey)",
        "Plans": [
          {
            "Node Type": "Aggregate",
            "Strategy": "Plain",
            "Partial Mode": "Simple",
            "Parent Relationship": "InitPlan",
            "Subplan Name": "InitPlan 1",
            "Parallel Aware": false,
            "Async Capable": false,
            "Startup Cost": 16798.91,
            "Total Cost": 16798.92,
            "Plan Rows": 1,
            "Plan Width": 32,
            "Actual Startup Time": 45.446,
            "Actual Total Time": 47.13,
            "Actual Rows": 1,
            "Actual Loops": 1,
            "Plans": [
              {
                "Node Type": "Aggregate",
                "Strategy": "Sorted",
                "Partial Mode": "Finalize",
                "Parent Relationship": "Outer",
                "Parallel Aware": false,
                "Async Capable": false,
                "Startup Cost": 16525.56,
                "Total Cost": 16786.41,
                "Plan Rows": 1000,
                "Plan Width": 36,
                "Actual Startup Time": 43.71,
                "Actual Total Time": 47.07,
                "Actual Rows": 1000,
                "Actual Loops": 1,
                "Group Key": [
                  "lineitem_1.l_suppkey"
                ],
                "Plans": [
                  {
                    "Node Type": "Gather Merge",
                    "Parent Relationship": "Outer",
                    "Parallel Aware": false,
                    "Async Capable": false,
                    "Startup Cost": 16525.56,
                    "Total Cost": 16758.91,
                    "Plan Rows": 2000,
                    "Plan Width": 36,
                    "Actual Startup Time": 43.694,
                    "Actual Total Time": 45.863,
                    "Actual Rows": 2998,
                    "Actual Loops": 1,
                    "Workers Planned": 2,
                    "Workers Launched": 2,
                    "Plans": [
                      {
                        "Node Type": "Sort",
                        "Parent Relationship": "Outer",
                        "Parallel Aware": false,
                        "Async Capable": false,
                        "Startup Cost": 15525.53,
                        "Total Cost": 15528.03,
                        "Plan Rows": 1000,
                        "Plan Width": 36,
                        "Actual Startup Time": 39.89,
                        "Actual Total Time": 39.947,
                        "Actual Rows": 999,
                        "Actual Loops": 3,
                        "Sort Key": [
                          "lineitem_1.l_suppkey"
                        ],
                        "Sort Method": "quicksort",
                        "Sort Space Used": 110,
                        "Sort Space Type": "Memory",
                        "Workers": [
                          {
                            "Worker Number": 0,
                            "Sort Method": "quicksort",
                            "Sort Space Used": 110,
                            "Sort Space Type": "Memory"
                          },
                          {
                            "Worker Number": 1,
                            "Sort Method": "quicksort",
                            "Sort Space Used": 110,
                            "Sort Space Type": "Memory"
                          }
                        ],
                        "Plans": [
                          {
                            "Node Type": "Aggregate",
                            "Strategy": "Hashed",
                            "Partial Mode": "Partial",
                            "Parent Relationship": "Outer",
                            "Parallel Aware": false,
                            "Async Capable": false,
                            "Startup Cost": 15463.2,
                            "Total Cost": 15475.7,
                            "Plan Rows": 1000,
                            "Plan Width": 36,
                            "Actual Startup Time": 39.277,
                            "Actual Total Time": 39.647,
                            "Actual Rows": 999,
                            "Actual Loops": 3,
                            "Group Key": [
                              "lineitem_1.l_suppkey"
                            ],
                            "Planned Partitions": 0,
                            "HashAgg Batches": 1,
                            "Peak Memory Usage": 577,
                            "Disk Usage": 0,
                            "Workers": [
                              {
                                "Worker Number": 0,
                                "HashAgg Batches": 1,
                                "Peak Memory Usage": 577,
                                "Disk Usage": 0
                              },
                              {
                                "Worker Number": 1,
                                "HashAgg Batches": 1,
                                "Peak Memory Usage": 577,
                                "Disk Usage": 0
                              }
                            ],
                            "Plans": [
                              {
                                "Node Type": "Seq Scan",
                                "Parent Relationship": "Outer",
                                "Parallel Aware": true,
                                "Async Capable": false,
                                "Relation Name": "lineitem",
                                "Alias": "lineitem_1",
                                "Startup Cost": 0.0,
                                "Total Cost": 15361.58,
                                "Plan Rows": 10163,
                                "Plan Width": 16,
                                "Actual Startup Time": 0.028,
                                "Actual Total Time": 35.086,
                                "Actual Rows": 7738,
                                "Actual Loops": 3,
                                "Filter": "((l_shipdate >= '1997-07-01'::date) AND (l_shipdate < '1997-10-01 00:00:00'::timestamp without time zone))",
                                "Rows Removed by Filter": 192452,
                                "Workers": []
                              }
                            ]
                          }
                        ]
                      }
                    ]
                  }
                ]
              }
            ]
          },
          {
            "Node Type": "Sort",
            "Parent Relationship": "Outer",
            "Parallel Aware": false,
            "Async Capable": false,
            "Startup Cost": 103.83,
            "Total Cost": 106.33,
            "Plan Rows": 1000,
            "Plan Width": 72,
            "Actual Startup Time": 0.422,
            "Actual Total Time": 0.564,
            "Actual Rows": 505,
            "Actual Loops": 1,
            "Sort Key": [
              "supplier.s_suppkey"
            ],
            "Sort Method": "quicksort",
            "Sort Space Used": 114,
            "Sort Space Type": "Memory",
            "Plans": [
              {
                "Node Type": "Seq Scan",
                "Parent Relationship": "Outer",
                "Parallel Aware": false,
                "Async Capable": false,
                "Relation Name": "supplier",
                "Alias": "supplier",
                "Startup Cost": 0.0,
                "Total Cost": 54.0,
                "Plan Rows": 1000,
                "Plan Width": 72,
                "Actual Startup Time": 0.014,
                "Actual Total Time": 0.24,
                "Actual Rows": 1000,
                "Actual Loops": 1
              }
            ]
          },
          {
            "Node Type": "Aggregate",
            "Strategy": "Sorted",
            "Partial Mode": "Finalize",
            "Parent Relationship": "Inner",
            "Parallel Aware": false,
            "Async Capable": false,
            "Startup Cost": 16525.56,
            "Total Cost": 16788.91,
            "Plan Rows": 5,
            "Plan Width": 36,
            "Actual Startup Time": 93.618,
            "Actual Total Time": 95.153,
            "Actual Rows": 1,
            "Actual Loops": 1,
            "Group Key": [
              "lineitem.l_suppkey"
            ],
            "Filter": "(sum((lineitem.l_extendedprice * ('1'::numeric - lineitem.l_discount))) = (InitPlan 1).col1)",
            "Rows Removed by Filter": 999,
            "Plans": [
              {
                "Node Type": "Gather Merge",
                "Parent Relationship": "Outer",
                "Parallel Aware": false,
                "Async Capable": false,
                "Startup Cost": 16525.56,
                "Total Cost": 16758.91,
                "Plan Rows": 2000,
                "Plan Width": 36,
                "Actual Startup Time": 47.043,
                "Actual Total Time": 48.471,
                "Actual Rows": 2989,
                "Actual Loops": 1,
                "Workers Planned": 2,
                "Workers Launched": 2,
                "Plans": [
                  {
                    "Node Type": "Sort",
                    "Parent Relationship": "Outer",
                    "Parallel Aware": false,
                    "Async Capable": false,
                    "Startup Cost": 15525.53,
                    "Total Cost": 15528.03,
                    "Plan Rows": 1000,
                    "Plan Width": 36,
                    "Actual Startup Time": 43.826,
                    "Actual Total Time": 43.963,
                    "Actual Rows": 996,
                    "Actual Loops": 3,
                    "Sort Key": [
                      "lineitem.l_suppkey"
                    ],
                    "Sort Method": "quicksort",
                    "Sort Space Used": 110,
                    "Sort Space Type": "Memory",
                    "Workers": [
                      {
                        "Worker Number": 0,
                        "Sort Method": "quicksort",
                        "Sort Space Used": 110,
                        "Sort Space Type": "Memory"
                      },
                      {
                        "Worker Number": 1,
                        "Sort Method": "quicksort",
                        "Sort Space Used": 110,
                        "Sort Space Type": "Memory"
                      }
                    ],
                    "Plans": [
                      {
                        "Node Type": "Aggregate",
                        "Strategy": "Hashed",
                        "Partial Mode": "Partial",
                        "Parent Relationship": "Outer",
                        "Parallel Aware": false,
                        "Async Capable": false,
                        "Startup Cost": 15463.2,
                        "Total Cost": 15475.7,
                        "Plan Rows": 1000,
                        "Plan Width": 36,
                        "Actual Startup Time": 43.132,
                        "Actual Total Time": 43.545,
                        "Actual Rows": 996,
                        "Actual Loops": 3,
                        "Group Key": [
                          "lineitem.l_suppkey"
                        ],
                        "Planned Partitions": 0,
                        "HashAgg Batches": 1,
                        "Peak Memory Usage": 577,
                        "Disk Usage": 0,
                        "Workers": [
                          {
                            "Worker Number": 0,
                            "HashAgg Batches": 1,
                            "Peak Memory Usage": 577,
                            "Disk Usage": 0
                          },
                          {
                            "Worker Number": 1,
                            "HashAgg Batches": 1,
                            "Peak Memory Usage": 577,
                            "Disk Usage": 0
                          }
                        ],
                        "Plans": [
                          {
                            "Node Type": "Seq Scan",
                            "Parent Relationship": "Outer",
                            "Parallel Aware": true,
                            "Async Capable": false,
                            "Relation Name": "lineitem",
                            "Alias": "lineitem",
                            "Startup Cost": 0.0,
                            "Total Cost": 15361.58,
                            "Plan Rows": 10163,
                            "Plan Width": 16,
                            "Actual Startup Time": 0.036,
                            "Actual Total Time": 38.693,
                            "Actual Rows": 7738,
                            "Actual Loops": 3,
                            "Filter": "((l_shipdate >= '1997-07-01'::date) AND (l_shipdate < '1997-10-01 00:00:00'::timestamp without time zone))",
                            "Rows Removed by Filter": 192452,
                            "Workers": []
                          }
                        ]
                      }
                    ]
                  }
                ]
              }
            ]
          }
        ]
      },
      "Planning Time": 0.307,
      "Triggers": [],
      "Execution Time": 97.654
    }
  },
  {
    "query_id": "query15.16",
    "query": "select\n\ts_suppkey,\n\ts_name,\n\ts_address,\n\ts_phone,\n\ttotal_revenue\nfrom\n\tsupplier,\n\trevenue0\nwhere\n\ts_suppkey = supplier_no\n\tand total_revenue = (\n\t\tselect\n\t\t\tmax(total_revenue)\n\t\tfrom\n\t\t\trevenue0\n\t)\norder by\n\ts_suppkey;\n",
    "execution_time": 106.264,
    "plan": {
      "Plan": {
        "Node Type": "Merge Join",
        "Parallel Aware": false,
        "Async Capable": false,
        "Join Type": "Inner",
        "Startup Cost": 33418.3,
        "Total Cost": 33686.77,
        "Plan Rows": 5,
        "Plan Width": 104,
        "Actual Startup Time": 103.804,
        "Actual Total Time": 106.07,
        "Actual Rows": 1,
        "Actual Loops": 1,
        "Inner Unique": true,
        "Merge Cond": "(supplier.s_suppkey = lineitem.l_suppkey)",
        "Plans": [
          {
            "Node Type": "Aggregate",
            "Strategy": "Plain",
            "Partial Mode": "Simple",
            "Parent Relationship": "InitPlan",
            "Subplan Name": "InitPlan 1",
            "Parallel Aware": false,
            "Async Capable": false,
            "Startup Cost": 16793.91,
            "Total Cost": 16793.92,
            "Plan Rows": 1,
            "Plan Width": 32,
            "Actual Startup Time": 53.403,
            "Actual Total Time": 54.384,
            "Actual Rows": 1,
            "Actual Loops": 1,
            "Plans": [
              {
                "Node Type": "Aggregate",
                "Strategy": "Sorted",
                "Partial Mode": "Finalize",
                "Parent Relationship": "Outer",
                "Parallel Aware": false,
                "Async Capable": false,
                "Startup Cost": 16520.56,
                "Total Cost": 16781.41,
                "Plan Rows": 1000,
                "Plan Width": 36,
                "Actual Startup Time": 51.491,
                "Actual Total Time": 54.32,
                "Actual Rows": 1000,
                "Actual Loops": 1,
                "Group Key": [
                  "lineitem_1.l_suppkey"
                ],
                "Plans": [
                  {
                    "Node Type": "Gather Merge",
                    "Parent Relationship": "Outer",
                    "Parallel Aware": false,
                    "Async Capable": false,
                    "Startup Cost": 16520.56,
                    "Total Cost": 16753.91,
                    "Plan Rows": 2000,
                    "Plan Width": 36,
                    "Actual Startup Time": 51.474,
                    "Actual Total Time": 52.967,
                    "Actual Rows": 2994,
                    "Actual Loops": 1,
                    "Workers Planned": 2,
                    "Workers Launched": 2,
                    "Plans": [
                      {
                        "Node Type": "Sort",
                        "Parent Relationship": "Outer",
                        "Parallel Aware": false,
                        "Async Capable": false,
                        "Startup Cost": 15520.53,
                        "Total Cost": 15523.03,
                        "Plan Rows": 1000,
                        "Plan Width": 36,
                        "Actual Startup Time": 48.307,
                        "Actual Total Time": 48.366,
                        "Actual Rows": 998,
                        "Actual Loops": 3,
                        "Sort Key": [
                          "lineitem_1.l_suppkey"
                        ],
                        "Sort Method": "quicksort",
                        "Sort Space Used": 110,
                        "Sort Space Type": "Memory",
                        "Workers": [
                          {
                            "Worker Number": 0,
                            "Sort Method": "quicksort",
                            "Sort Space Used": 110,
                            "Sort Space Type": "Memory"
                          },
                          {
                            "Worker Number": 1,
                            "Sort Method": "quicksort",
                            "Sort Space Used": 110,
                            "Sort Space Type": "Memory"
                          }
                        ],
                        "Plans": [
                          {
                            "Node Type": "Aggregate",
                            "Strategy": "Hashed",
                            "Partial Mode": "Partial",
                            "Parent Relationship": "Outer",
                            "Parallel Aware": false,
                            "Async Capable": false,
                            "Startup Cost": 15458.2,
                            "Total Cost": 15470.7,
                            "Plan Rows": 1000,
                            "Plan Width": 36,
                            "Actual Startup Time": 47.717,
                            "Actual Total Time": 48.074,
                            "Actual Rows": 998,
                            "Actual Loops": 3,
                            "Group Key": [
                              "lineitem_1.l_suppkey"
                            ],
                            "Planned Partitions": 0,
                            "HashAgg Batches": 1,
                            "Peak Memory Usage": 577,
                            "Disk Usage": 0,
                            "Workers": [
                              {
                                "Worker Number": 0,
                                "HashAgg Batches": 1,
                                "Peak Memory Usage": 577,
                                "Disk Usage": 0
                              },
                              {
                                "Worker Number": 1,
                                "HashAgg Batches": 1,
                                "Peak Memory Usage": 577,
                                "Disk Usage": 0
                              }
                            ],
                            "Plans": [
                              {
                                "Node Type": "Seq Scan",
                                "Parent Relationship": "Outer",
                                "Parallel Aware": true,
                                "Async Capable": false,
                                "Relation Name": "lineitem",
                                "Alias": "lineitem_1",
                                "Startup Cost": 0.0,
                                "Total Cost": 15361.58,
                                "Plan Rows": 9663,
                                "Plan Width": 16,
                                "Actual Startup Time": 0.041,
                                "Actual Total Time": 43.391,
                                "Actual Rows": 7633,
                                "Actual Loops": 3,
                                "Filter": "((l_shipdate >= '1995-04-01'::date) AND (l_shipdate < '1995-07-01 00:00:00'::timestamp without time zone))",
                                "Rows Removed by Filter": 192558,
                                "Workers": []
                              }
                            ]
                          }
                        ]
                      }
                    ]
                  }
                ]
              }
            ]
          },
          {
            "Node Type": "Sort",
            "Parent Relationship": "Outer",
            "Parallel Aware": false,
            "Async Capable": false,
            "Startup Cost": 103.83,
            "Total Cost": 106.33,
            "Plan Rows": 1000,
            "Plan Width": 72,
            "Actual Startup Time": 0.512,
            "Actual Total Time": 0.785,
            "Actual Rows": 997,
            "Actual Loops": 1,
            "Sort Key": [
              "supplier.s_suppkey"
            ],
            "Sort Method": "quicksort",
            "Sort Space Used": 114,
            "Sort Space Type": "Memory",
            "Plans": [
              {
                "Node Type": "Seq Scan",
                "Parent Relationship": "Outer",
                "Parallel Aware": false,
                "Async Capable": false,
                "Relation Name": "supplier",
                "Alias": "supplier",
                "Startup Cost": 0.0,
                "Total Cost": 54.0,
                "Plan Rows": 1000,
                "Plan Width": 72,
                "Actual Startup Time": 0.012,
                "Actual Total Time": 0.306,
                "Actual Rows": 1000,
                "Actual Loops": 1
              }
            ]
          },
          {
            "Node Type": "Aggregate",
            "Strategy": "Sorted",
            "Partial Mode": "Finalize",
            "Parent Relationship": "Inner",
            "Parallel Aware": false,
            "Async Capable": false,
            "Startup Cost": 16520.56,
            "Total Cost": 16783.91,
            "Plan Rows": 5,
            "Plan Width": 36,
            "Actual Startup Time": 102.912,
            "Actual Total Time": 104.194,
            "Actual Rows": 1,
            "Actual Loops": 1,
            "Group Key": [
              "lineitem.l_suppkey"
            ],
            "Filter": "(sum((lineitem.l_extendedprice * ('1'::numeric - lineitem.l_discount))) = (InitPlan 1).col1)",
            "Rows Removed by Filter": 999,
            "Plans": [
              {
                "Node Type": "Gather Merge",
                "Parent Relationship": "Outer",
                "Parallel Aware": false,
                "Async Capable": false,
                "Startup Cost": 16520.56,
                "Total Cost": 16753.91,
                "Plan Rows": 2000,
                "Plan Width": 36,
                "Actual Startup Time": 47.458,
                "Actual Total Time": 49.568,
                "Actual Rows": 2997,
                "Actual Loops": 1,
                "Workers Planned": 2,
                "Workers Launched": 2,
                "Plans": [
                  {
                    "Node Type": "Sort",
                    "Parent Relationship": "Outer",
                    "Parallel Aware": false,
                    "Async Capable": false,
                    "Startup Cost": 15520.53,
                    "Total Cost": 15523.03,
                    "Plan Rows": 1000,
                    "Plan Width": 36,
                    "Actual Startup Time": 44.0,
                    "Actual Total Time": 44.131,
                    "Actual Rows": 999,
                    "Actual Loops": 3,
                    "Sort Key": [
                      "lineitem.l_suppkey"
                    ],
                    "Sort Method": "quicksort",
                    "Sort Space Used": 110,
                    "Sort Space Type": "Memory",
                    "Workers": [
                      {
                        "Worker Number": 0,
                        "Sort Method": "quicksort",
                        "Sort Space Used": 110,
                        "Sort Space Type": "Memory"
                      },
                      {
                        "Worker Number": 1,
                        "Sort Method": "quicksort",
                        "Sort Space Used": 110,
                        "Sort Space Type": "Memory"
                      }
                    ],
                    "Plans": [
                      {
                        "Node Type": "Aggregate",
                        "Strategy": "Hashed",
                        "Partial Mode": "Partial",
                        "Parent Relationship": "Outer",
                        "Parallel Aware": false,
                        "Async Capable": false,
                        "Startup Cost": 15458.2,
                        "Total Cost": 15470.7,
                        "Plan Rows": 1000,
                        "Plan Width": 36,
                        "Actual Startup Time": 43.336,
                        "Actual Total Time": 43.785,
                        "Actual Rows": 999,
                        "Actual Loops": 3,
                        "Group Key": [
                          "lineitem.l_suppkey"
                        ],
                        "Planned Partitions": 0,
                        "HashAgg Batches": 1,
                        "Peak Memory Usage": 577,
                        "Disk Usage": 0,
                        "Workers": [
                          {
                            "Worker Number": 0,
                            "HashAgg Batches": 1,
                            "Peak Memory Usage": 577,
                            "Disk Usage": 0
                          },
                          {
                            "Worker Number": 1,
                            "HashAgg Batches": 1,
                            "Peak Memory Usage": 577,
                            "Disk Usage": 0
                          }
                        ],
                        "Plans": [
                          {
                            "Node Type": "Seq Scan",
                            "Parent Relationship": "Outer",
                            "Parallel Aware": true,
                            "Async Capable": false,
                            "Relation Name": "lineitem",
                            "Alias": "lineitem",
                            "Startup Cost": 0.0,
                            "Total Cost": 15361.58,
                            "Plan Rows": 9663,
                            "Plan Width": 16,
                            "Actual Startup Time": 0.027,
                            "Actual Total Time": 39.05,
                            "Actual Rows": 7633,
                            "Actual Loops": 3,
                            "Filter": "((l_shipdate >= '1995-04-01'::date) AND (l_shipdate < '1995-07-01 00:00:00'::timestamp without time zone))",
                            "Rows Removed by Filter": 192558,
                            "Workers": []
                          }
                        ]
                      }
                    ]
                  }
                ]
              }
            ]
          }
        ]
      },
      "Planning Time": 0.373,
      "Triggers": [],
      "Execution Time": 106.264
    }
  },
  {
    "query_id": "query15.17",
    "query": "select\n\ts_suppkey,\n\ts_name,\n\ts_address,\n\ts_phone,\n\ttotal_revenue\nfrom\n\tsupplier,\n\trevenue0\nwhere\n\ts_suppkey = supplier_no\n\tand total_revenue = (\n\t\tselect\n\t\t\tmax(total_revenue)\n\t\tfrom\n\t\t\trevenue0\n\t)\norder by\n\ts_suppkey;\n",
    "execution_time": 104.797,
    "plan": {
      "Plan": {
        "Node Type": "Merge Join",
        "Parallel Aware": false,
        "Async Capable": false,
        "Join Type": "Inner",
        "Startup Cost": 33411.6,
        "Total Cost": 33680.07,
        "Plan Rows": 5,
        "Plan Width": 104,
        "Actual Startup Time": 102.684,
        "Actual Total Time": 104.638,
        "Actual Rows": 1,
        "Actual Loops": 1,
        "Inner Unique": true,
        "Merge Cond": "(supplier.s_suppkey = lineitem.l_suppkey)",
        "Plans": [
          {
            "Node Type": "Aggregate",
            "Strategy": "Plain",
            "Partial Mode": "Simple",
            "Parent Relationship": "InitPlan",
            "Subplan Name": "InitPlan 1",
            "Parallel Aware": false,
            "Async Capable": false,
            "Startup Cost": 16790.56,
            "Total Cost": 16790.57,
            "Plan Rows": 1,
            "Plan Width": 32,
            "Actual Startup Time": 50.42,
            "Actual Total Time": 51.16,
            "Actual Rows": 1,
            "Actual Loops": 1,
            "Plans": [
              {
                "Node Type": "Aggregate",
                "Strategy": "Sorted",
                "Partial Mode": "Finalize",
                "Parent Relationship": "Outer",
                "Parallel Aware": false,
                "Async Capable": false,
                "Startup Cost": 16517.21,
                "Total Cost": 16778.06,
                "Plan Rows": 1000,
                "Plan Width": 36,
                "Actual Startup Time": 48.216,
                "Actual Total Time": 51.087,
                "Actual Rows": 1000,
                "Actual Loops": 1,
                "Group Key": [
                  "lineitem_1.l_suppkey"
                ],
                "Plans": [
                  {
                    "Node Type": "Gather Merge",
                    "Parent Relationship": "Outer",
                    "Parallel Aware": false,
                    "Async Capable": false,
                    "Startup Cost": 16517.21,
                    "Total Cost": 16750.56,
                    "Plan Rows": 2000,
                    "Plan Width": 36,
                    "Actual Startup Time": 48.2,
                    "Actual Total Time": 49.553,
                    "Actual Rows": 2992,
                    "Actual Loops": 1,
                    "Workers Planned": 2,
                    "Workers Launched": 2,
                    "Plans": [
                      {
                        "Node Type": "Sort",
                        "Parent Relationship": "Outer",
                        "Parallel Aware": false,
                        "Async Capable": false,
                        "Startup Cost": 15517.18,
                        "Total Cost": 15519.68,
                        "Plan Rows": 1000,
                        "Plan Width": 36,
                        "Actual Startup Time": 44.922,
                        "Actual Total Time": 44.978,
                        "Actual Rows": 997,
                        "Actual Loops": 3,
                        "Sort Key": [
                          "lineitem_1.l_suppkey"
                        ],
                        "Sort Method": "quicksort",
                        "Sort Space Used": 110,
                        "Sort Space Type": "Memory",
                        "Workers": [
                          {
                            "Worker Number": 0,
                            "Sort Method": "quicksort",
                            "Sort Space Used": 110,
                            "Sort Space Type": "Memory"
                          },
                          {
                            "Worker Number": 1,
                            "Sort Method": "quicksort",
                            "Sort Space Used": 110,
                            "Sort Space Type": "Memory"
                          }
                        ],
                        "Plans": [
                          {
                            "Node Type": "Aggregate",
                            "Strategy": "Hashed",
                            "Partial Mode": "Partial",
                            "Parent Relationship": "Outer",
                            "Parallel Aware": false,
                            "Async Capable": false,
                            "Startup Cost": 15454.85,
                            "Total Cost": 15467.35,
                            "Plan Rows": 1000,
                            "Plan Width": 36,
                            "Actual Startup Time": 44.16,
                            "Actual Total Time": 44.659,
                            "Actual Rows": 997,
                            "Actual Loops": 3,
                            "Group Key": [
                              "lineitem_1.l_suppkey"
                            ],
                            "Planned Partitions": 0,
                            "HashAgg Batches": 1,
                            "Peak Memory Usage": 577,
                            "Disk Usage": 0,
                            "Workers": [
                              {
                                "Worker Number": 0,
                                "HashAgg Batches": 1,
                                "Peak Memory Usage": 577,
                                "Disk Usage": 0
                              },
                              {
                                "Worker Number": 1,
                                "HashAgg Batches": 1,
                                "Peak Memory Usage": 577,
                                "Disk Usage": 0
                              }
                            ],
                            "Plans": [
                              {
                                "Node Type": "Seq Scan",
                                "Parent Relationship": "Outer",
                                "Parallel Aware": true,
                                "Async Capable": false,
                                "Relation Name": "lineitem",
                                "Alias": "lineitem_1",
                                "Startup Cost": 0.0,
                                "Total Cost": 15361.58,
                                "Plan Rows": 9328,
                                "Plan Width": 16,
                                "Actual Startup Time": 0.026,
                                "Actual Total Time": 40.119,
                                "Actual Rows": 7292,
                                "Actual Loops": 3,
                                "Filter": "((l_shipdate >= '1993-01-01'::date) AND (l_shipdate < '1993-04-01 00:00:00'::timestamp without time zone))",
                                "Rows Removed by Filter": 192899,
                                "Workers": []
                              }
                            ]
                          }
                        ]
                      }
                    ]
                  }
                ]
              }
            ]
          },
          {
            "Node Type": "Sort",
            "Parent Relationship": "Outer",
            "Parallel Aware": false,
            "Async Capable": false,
            "Startup Cost": 103.83,
            "Total Cost": 106.33,
            "Plan Rows": 1000,
            "Plan Width": 72,
            "Actual Startup Time": 0.434,
            "Actual Total Time": 0.532,
            "Actual Rows": 945,
            "Actual Loops": 1,
            "Sort Key": [
              "supplier.s_suppkey"
            ],
            "Sort Method": "quicksort",
            "Sort Space Used": 114,
            "Sort Space Type": "Memory",
            "Plans": [
              {
                "Node Type": "Seq Scan",
                "Parent Relationship": "Outer",
                "Parallel Aware": false,
                "Async Capable": false,
                "Relation Name": "supplier",
                "Alias": "supplier",
                "Startup Cost": 0.0,
                "Total Cost": 54.0,
                "Plan Rows": 1000,
                "Plan Width": 72,
                "Actual Startup Time": 0.01,
                "Actual Total Time": 0.264,
                "Actual Rows": 1000,
                "Actual Loops": 1
              }
            ]
          },
          {
            "Node Type": "Aggregate",
            "Strategy": "Sorted",
            "Partial Mode": "Finalize",
            "Parent Relationship": "Inner",
            "Parallel Aware": false,
            "Async Capable": false,
            "Startup Cost": 16517.21,
            "Total Cost": 16780.56,
            "Plan Rows": 5,
            "Plan Width": 36,
            "Actual Startup Time": 102.085,
            "Actual Total Time": 103.297,
            "Actual Rows": 1,
            "Actual Loops": 1,
            "Group Key": [
              "lineitem.l_suppkey"
            ],
            "Filter": "(sum((lineitem.l_extendedprice * ('1'::numeric - lineitem.l_discount))) = (InitPlan 1).col1)",
            "Rows Removed by Filter": 999,
            "Plans": [
              {
                "Node Type": "Gather Merge",
                "Parent Relationship": "Outer",
                "Parallel Aware": false,
                "Async Capable": false,
                "Startup Cost": 16517.21,
                "Total Cost": 16750.56,
                "Plan Rows": 2000,
                "Plan Width": 36,
                "Actual Startup Time": 49.777,
                "Actual Total Time": 51.578,
                "Actual Rows": 2997,
                "Actual Loops": 1,
                "Workers Planned": 2,
                "Workers Launched": 2,
                "Plans": [
                  {
                    "Node Type": "Sort",
                    "Parent Relationship": "Outer",
                    "Parallel Aware": false,
                    "Async Capable": false,
                    "Startup Cost": 15517.18,
                    "Total Cost": 15519.68,
                    "Plan Rows": 1000,
                    "Plan Width": 36,
                    "Actual Startup Time": 46.06,
                    "Actual Total Time": 46.194,
                    "Actual Rows": 999,
                    "Actual Loops": 3,
                    "Sort Key": [
                      "lineitem.l_suppkey"
                    ],
                    "Sort Method": "quicksort",
                    "Sort Space Used": 110,
                    "Sort Space Type": "Memory",
                    "Workers": [
                      {
                        "Worker Number": 0,
                        "Sort Method": "quicksort",
                        "Sort Space Used": 110,
                        "Sort Space Type": "Memory"
                      },
                      {
                        "Worker Number": 1,
                        "Sort Method": "quicksort",
                        "Sort Space Used": 110,
                        "Sort Space Type": "Memory"
                      }
                    ],
                    "Plans": [
                      {
                        "Node Type": "Aggregate",
                        "Strategy": "Hashed",
                        "Partial Mode": "Partial",
                        "Parent Relationship": "Outer",
                        "Parallel Aware": false,
                        "Async Capable": false,
                        "Startup Cost": 15454.85,
                        "Total Cost": 15467.35,
                        "Plan Rows": 1000,
                        "Plan Width": 36,
                        "Actual Startup Time": 45.465,
                        "Actual Total Time": 45.841,
                        "Actual Rows": 999,
                        "Actual Loops": 3,
                        "Group Key": [
                          "lineitem.l_suppkey"
                        ],
                        "Planned Partitions": 0,
                        "HashAgg Batches": 1,
                        "Peak Memory Usage": 577,
                        "Disk Usage": 0,
                        "Workers": [
                          {
                            "Worker Number": 0,
                            "HashAgg Batches": 1,
                            "Peak Memory Usage": 577,
                            "Disk Usage": 0
                          },
                          {
                            "Worker Number": 1,
                            "HashAgg Batches": 1,
                            "Peak Memory Usage": 577,
                            "Disk Usage": 0
                          }
                        ],
                        "Plans": [
                          {
                            "Node Type": "Seq Scan",
                            "Parent Relationship": "Outer",
                            "Parallel Aware": true,
                            "Async Capable": false,
                            "Relation Name": "lineitem",
                            "Alias": "lineitem",
                            "Startup Cost": 0.0,
                            "Total Cost": 15361.58,
                            "Plan Rows": 9328,
                            "Plan Width": 16,
                            "Actual Startup Time": 0.069,
                            "Actual Total Time": 41.311,
                            "Actual Rows": 7292,
                            "Actual Loops": 3,
                            "Filter": "((l_shipdate >= '1993-01-01'::date) AND (l_shipdate < '1993-04-01 00:00:00'::timestamp without time zone))",
                            "Rows Removed by Filter": 192899,
                            "Workers": []
                          }
                        ]
                      }
                    ]
                  }
                ]
              }
            ]
          }
        ]
      },
      "Planning Time": 0.346,
      "Triggers": [],
      "Execution Time": 104.797
    }
  },
  {
    "query_id": "query15.18",
    "query": "select\n\ts_suppkey,\n\ts_name,\n\ts_address,\n\ts_phone,\n\ttotal_revenue\nfrom\n\tsupplier,\n\trevenue0\nwhere\n\ts_suppkey = supplier_no\n\tand total_revenue = (\n\t\tselect\n\t\t\tmax(total_revenue)\n\t\tfrom\n\t\t\trevenue0\n\t)\norder by\n\ts_suppkey;\n",
    "execution_time": 100.267,
    "plan": {
      "Plan": {
        "Node Type": "Merge Join",
        "Parallel Aware": false,
        "Async Capable": false,
        "Join Type": "Inner",
        "Startup Cost": 33419.4,
        "Total Cost": 33687.87,
        "Plan Rows": 5,
        "Plan Width": 104,
        "Actual Startup Time": 97.514,
        "Actual Total Time": 100.016,
        "Actual Rows": 1,
        "Actual Loops": 1,
        "Inner Unique": true,
        "Merge Cond": "(supplier.s_suppkey = lineitem.l_suppkey)",
        "Plans": [
          {
            "Node Type": "Aggregate",
            "Strategy": "Plain",
            "Partial Mode": "Simple",
            "Parent Relationship": "InitPlan",
            "Subplan Name": "InitPlan 1",
            "Parallel Aware": false,
            "Async Capable": false,
            "Startup Cost": 16794.46,
            "Total Cost": 16794.47,
            "Plan Rows": 1,
            "Plan Width": 32,
            "Actual Startup Time": 47.934,
            "Actual Total Time": 49.563,
            "Actual Rows": 1,
            "Actual Loops": 1,
            "Plans": [
              {
                "Node Type": "Aggregate",
                "Strategy": "Sorted",
                "Partial Mode": "Finalize",
                "Parent Relationship": "Outer",
                "Parallel Aware": false,
                "Async Capable": false,
                "Startup Cost": 16521.11,
                "Total Cost": 16781.96,
                "Plan Rows": 1000,
                "Plan Width": 36,
                "Actual Startup Time": 46.149,
                "Actual Total Time": 49.5,
                "Actual Rows": 1000,
                "Actual Loops": 1,
                "Group Key": [
                  "lineitem_1.l_suppkey"
                ],
                "Plans": [
                  {
                    "Node Type": "Gather Merge",
                    "Parent Relationship": "Outer",
                    "Parallel Aware": false,
                    "Async Capable": false,
                    "Startup Cost": 16521.11,
                    "Total Cost": 16754.46,
                    "Plan Rows": 2000,
                    "Plan Width": 36,
                    "Actual Startup Time": 46.135,
                    "Actual Total Time": 48.284,
                    "Actual Rows": 2999,
                    "Actual Loops": 1,
                    "Workers Planned": 2,
                    "Workers Launched": 2,
                    "Plans": [
                      {
                        "Node Type": "Sort",
                        "Parent Relationship": "Outer",
                        "Parallel Aware": false,
                        "Async Capable": false,
                        "Startup Cost": 15521.08,
                        "Total Cost": 15523.58,
                        "Plan Rows": 1000,
                        "Plan Width": 36,
                        "Actual Startup Time": 42.008,
                        "Actual Total Time": 42.064,
                        "Actual Rows": 1000,
                        "Actual Loops": 3,
                        "Sort Key": [
                          "lineitem_1.l_suppkey"
                        ],
                        "Sort Method": "quicksort",
                        "Sort Space Used": 110,
                        "Sort Space Type": "Memory",
                        "Workers": [
                          {
                            "Worker Number": 0,
                            "Sort Method": "quicksort",
                            "Sort Space Used": 110,
                            "Sort Space Type": "Memory"
                          },
                          {
                            "Worker Number": 1,
                            "Sort Method": "quicksort",
                            "Sort Space Used": 110,
                            "Sort Space Type": "Memory"
                          }
                        ],
                        "Plans": [
                          {
                            "Node Type": "Aggregate",
                            "Strategy": "Hashed",
                            "Partial Mode": "Partial",
                            "Parent Relationship": "Outer",
                            "Parallel Aware": false,
                            "Async Capable": false,
                            "Startup Cost": 15458.76,
                            "Total Cost": 15471.26,
                            "Plan Rows": 1000,
                            "Plan Width": 36,
                            "Actual Startup Time": 41.345,
                            "Actual Total Time": 41.746,
                            "Actual Rows": 1000,
                            "Actual Loops": 3,
                            "Group Key": [
                              "lineitem_1.l_suppkey"
                            ],
                            "Planned Partitions": 0,
                            "HashAgg Batches": 1,
                            "Peak Memory Usage": 577,
                            "Disk Usage": 0,
                            "Workers": [
                              {
                                "Worker Number": 0,
                                "HashAgg Batches": 1,
                                "Peak Memory Usage": 577,
                                "Disk Usage": 0
                              },
                              {
                                "Worker Number": 1,
                                "HashAgg Batches": 1,
                                "Peak Memory Usage": 577,
                                "Disk Usage": 0
                              }
                            ],
                            "Plans": [
                              {
                                "Node Type": "Seq Scan",
                                "Parent Relationship": "Outer",
                                "Parallel Aware": true,
                                "Async Capable": false,
                                "Relation Name": "lineitem",
                                "Alias": "lineitem_1",
                                "Startup Cost": 0.0,
                                "Total Cost": 15361.58,
                                "Plan Rows": 9718,
                                "Plan Width": 16,
                                "Actual Startup Time": 0.066,
                                "Actual Total Time": 36.877,
                                "Actual Rows": 7725,
                                "Actual Loops": 3,
                                "Filter": "((l_shipdate >= '1995-08-01'::date) AND (l_shipdate < '1995-11-01 00:00:00'::timestamp without time zone))",
                                "Rows Removed by Filter": 192466,
                                "Workers": []
                              }
                            ]
                          }
                        ]
                      }
                    ]
                  }
                ]
              }
            ]
          },
          {
            "Node Type": "Sort",
            "Parent Relationship": "Outer",
            "Parallel Aware": false,
            "Async Capable": false,
            "Startup Cost": 103.83,
            "Total Cost": 106.33,
            "Plan Rows": 1000,
            "Plan Width": 72,
            "Actual Startup Time": 0.368,
            "Actual Total Time": 0.602,
            "Actual Rows": 861,
            "Actual Loops": 1,
            "Sort Key": [
              "supplier.s_suppkey"
            ],
            "Sort Method": "quicksort",
            "Sort Space Used": 114,
            "Sort Space Type": "Memory",
            "Plans": [
              {
                "Node Type": "Seq Scan",
                "Parent Relationship": "Outer",
                "Parallel Aware": false,
                "Async Capable": false,
                "Relation Name": "supplier",
                "Alias": "supplier",
                "Startup Cost": 0.0,
                "Total Cost": 54.0,
                "Plan Rows": 1000,
                "Plan Width": 72,
                "Actual Startup Time": 0.01,
                "Actual Total Time": 0.207,
                "Actual Rows": 1000,
                "Actual Loops": 1
              }
            ]
          },
          {
            "Node Type": "Aggregate",
            "Strategy": "Sorted",
            "Partial Mode": "Finalize",
            "Parent Relationship": "Inner",
            "Parallel Aware": false,
            "Async Capable": false,
            "Startup Cost": 16521.11,
            "Total Cost": 16784.46,
            "Plan Rows": 5,
            "Plan Width": 36,
            "Actual Startup Time": 96.818,
            "Actual Total Time": 97.687,
            "Actual Rows": 1,
            "Actual Loops": 1,
            "Group Key": [
              "lineitem.l_suppkey"
            ],
            "Filter": "(sum((lineitem.l_extendedprice * ('1'::numeric - lineitem.l_discount))) = (InitPlan 1).col1)",
            "Rows Removed by Filter": 999,
            "Plans": [
              {
                "Node Type": "Gather Merge",
                "Parent Relationship": "Outer",
                "Parallel Aware": false,
                "Async Capable": false,
                "Startup Cost": 16521.11,
                "Total Cost": 16754.46,
                "Plan Rows": 2000,
                "Plan Width": 36,
                "Actual Startup Time": 47.112,
                "Actual Total Time": 48.495,
                "Actual Rows": 2998,
                "Actual Loops": 1,
                "Workers Planned": 2,
                "Workers Launched": 2,
                "Plans": [
                  {
                    "Node Type": "Sort",
                    "Parent Relationship": "Outer",
                    "Parallel Aware": false,
                    "Async Capable": false,
                    "Startup Cost": 15521.08,
                    "Total Cost": 15523.58,
                    "Plan Rows": 1000,
                    "Plan Width": 36,
                    "Actual Startup Time": 42.807,
                    "Actual Total Time": 42.936,
                    "Actual Rows": 999,
                    "Actual Loops": 3,
                    "Sort Key": [
                      "lineitem.l_suppkey"
                    ],
                    "Sort Method": "quicksort",
                    "Sort Space Used": 110,
                    "Sort Space Type": "Memory",
                    "Workers": [
                      {
                        "Worker Number": 0,
                        "Sort Method": "quicksort",
                        "Sort Space Used": 110,
                        "Sort Space Type": "Memory"
                      },
                      {
                        "Worker Number": 1,
                        "Sort Method": "quicksort",
                        "Sort Space Used": 110,
                        "Sort Space Type": "Memory"
                      }
                    ],
                    "Plans": [
                      {
                        "Node Type": "Aggregate",
                        "Strategy": "Hashed",
                        "Partial Mode": "Partial",
                        "Parent Relationship": "Outer",
                        "Parallel Aware": false,
                        "Async Capable": false,
                        "Startup Cost": 15458.76,
                        "Total Cost": 15471.26,
                        "Plan Rows": 1000,
                        "Plan Width": 36,
                        "Actual Startup Time": 42.258,
                        "Actual Total Time": 42.601,
                        "Actual Rows": 999,
                        "Actual Loops": 3,
                        "Group Key": [
                          "lineitem.l_suppkey"
                        ],
                        "Planned Partitions": 0,
                        "HashAgg Batches": 1,
                        "Peak Memory Usage": 577,
                        "Disk Usage": 0,
                        "Workers": [
                          {
                            "Worker Number": 0,
                            "HashAgg Batches": 1,
                            "Peak Memory Usage": 577,
                            "Disk Usage": 0
                          },
                          {
                            "Worker Number": 1,
                            "HashAgg Batches": 1,
                            "Peak Memory Usage": 577,
                            "Disk Usage": 0
                          }
                        ],
                        "Plans": [
                          {
                            "Node Type": "Seq Scan",
                            "Parent Relationship": "Outer",
                            "Parallel Aware": true,
                            "Async Capable": false,
                            "Relation Name": "lineitem",
                            "Alias": "lineitem",
                            "Startup Cost": 0.0,
                            "Total Cost": 15361.58,
                            "Plan Rows": 9718,
                            "Plan Width": 16,
                            "Actual Startup Time": 0.023,
                            "Actual Total Time": 37.882,
                            "Actual Rows": 7725,
                            "Actual Loops": 3,
                            "Filter": "((l_shipdate >= '1995-08-01'::date) AND (l_shipdate < '1995-11-01 00:00:00'::timestamp without time zone))",
                            "Rows Removed by Filter": 192466,
                            "Workers": []
                          }
                        ]
                      }
                    ]
                  }
                ]
              }
            ]
          }
        ]
      },
      "Planning Time": 0.265,
      "Triggers": [],
      "Execution Time": 100.267
    }
  },
  {
    "query_id": "query15.19",
    "query": "select\n\ts_suppkey,\n\ts_name,\n\ts_address,\n\ts_phone,\n\ttotal_revenue\nfrom\n\tsupplier,\n\trevenue0\nwhere\n\ts_suppkey = supplier_no\n\tand total_revenue = (\n\t\tselect\n\t\t\tmax(total_revenue)\n\t\tfrom\n\t\t\trevenue0\n\t)\norder by\n\ts_suppkey;\n",
    "execution_time": 108.535,
    "plan": {
      "Plan": {
        "Node Type": "Merge Join",
        "Parallel Aware": false,
        "Async Capable": false,
        "Join Type": "Inner",
        "Startup Cost": 33413.68,
        "Total Cost": 33682.15,
        "Plan Rows": 5,
        "Plan Width": 104,
        "Actual Startup Time": 105.328,
        "Actual Total Time": 108.397,
        "Actual Rows": 1,
        "Actual Loops": 1,
        "Inner Unique": true,
        "Merge Cond": "(supplier.s_suppkey = lineitem.l_suppkey)",
        "Plans": [
          {
            "Node Type": "Aggregate",
            "Strategy": "Plain",
            "Partial Mode": "Simple",
            "Parent Relationship": "InitPlan",
            "Subplan Name": "InitPlan 1",
            "Parallel Aware": false,
            "Async Capable": false,
            "Startup Cost": 16791.6,
            "Total Cost": 16791.61,
            "Plan Rows": 1,
            "Plan Width": 32,
            "Actual Startup Time": 52.226,
            "Actual Total Time": 52.466,
            "Actual Rows": 1,
            "Actual Loops": 1,
            "Plans": [
              {
                "Node Type": "Aggregate",
                "Strategy": "Sorted",
                "Partial Mode": "Finalize",
                "Parent Relationship": "Outer",
                "Parallel Aware": false,
                "Async Capable": false,
                "Startup Cost": 16518.25,
                "Total Cost": 16779.1,
                "Plan Rows": 1000,
                "Plan Width": 36,
                "Actual Startup Time": 50.483,
                "Actual Total Time": 52.407,
                "Actual Rows": 1000,
                "Actual Loops": 1,
                "Group Key": [
                  "lineitem_1.l_suppkey"
                ],
                "Plans": [
                  {
                    "Node Type": "Gather Merge",
                    "Parent Relationship": "Outer",
                    "Parallel Aware": false,
                    "Async Capable": false,
                    "Startup Cost": 16518.25,
                    "Total Cost": 16751.6,
                    "Plan Rows": 2000,
                    "Plan Width": 36,
                    "Actual Startup Time": 50.474,
                    "Actual Total Time": 51.194,
                    "Actual Rows": 2995,
                    "Actual Loops": 1,
                    "Workers Planned": 2,
                    "Workers Launched": 2,
                    "Plans": [
                      {
                        "Node Type": "Sort",
                        "Parent Relationship": "Outer",
                        "Parallel Aware": false,
                        "Async Capable": false,
                        "Startup Cost": 15518.22,
                        "Total Cost": 15520.72,
                        "Plan Rows": 1000,
                        "Plan Width": 36,
                        "Actual Startup Time": 47.255,
                        "Actual Total Time": 47.307,
                        "Actual Rows": 998,
                        "Actual Loops": 3,
                        "Sort Key": [
                          "lineitem_1.l_suppkey"
                        ],
                        "Sort Method": "quicksort",
                        "Sort Space Used": 110,
                        "Sort Space Type": "Memory",
                        "Workers": [
                          {
                            "Worker Number": 0,
                            "Sort Method": "quicksort",
                            "Sort Space Used": 110,
                            "Sort Space Type": "Memory"
                          },
                          {
                            "Worker Number": 1,
                            "Sort Method": "quicksort",
                            "Sort Space Used": 110,
                            "Sort Space Type": "Memory"
                          }
                        ],
                        "Plans": [
                          {
                            "Node Type": "Aggregate",
                            "Strategy": "Hashed",
                            "Partial Mode": "Partial",
                            "Parent Relationship": "Outer",
                            "Parallel Aware": false,
                            "Async Capable": false,
                            "Startup Cost": 15455.9,
                            "Total Cost": 15468.4,
                            "Plan Rows": 1000,
                            "Plan Width": 36,
                            "Actual Startup Time": 46.66,
                            "Actual Total Time": 47.023,
                            "Actual Rows": 998,
                            "Actual Loops": 3,
                            "Group Key": [
                              "lineitem_1.l_suppkey"
                            ],
                            "Planned Partitions": 0,
                            "HashAgg Batches": 1,
                            "Peak Memory Usage": 577,
                            "Disk Usage": 0,
                            "Workers": [
                              {
                                "Worker Number": 0,
                                "HashAgg Batches": 1,
                                "Peak Memory Usage": 577,
                                "Disk Usage": 0
                              },
                              {
                                "Worker Number": 1,
                                "HashAgg Batches": 1,
                                "Peak Memory Usage": 577,
                                "Disk Usage": 0
                              }
                            ],
                            "Plans": [
                              {
                                "Node Type": "Seq Scan",
                                "Parent Relationship": "Outer",
                                "Parallel Aware": true,
                                "Async Capable": false,
                                "Relation Name": "lineitem",
                                "Alias": "lineitem_1",
                                "Startup Cost": 0.0,
                                "Total Cost": 15361.58,
                                "Plan Rows": 9432,
                                "Plan Width": 16,
                                "Actual Startup Time": 0.02,
                                "Actual Total Time": 42.389,
                                "Actual Rows": 7450,
                                "Actual Loops": 3,
                                "Filter": "((l_shipdate >= '1993-04-01'::date) AND (l_shipdate < '1993-07-01 00:00:00'::timestamp without time zone))",
                                "Rows Removed by Filter": 192741,
                                "Workers": []
                              }
                            ]
                          }
                        ]
                      }
                    ]
                  }
                ]
              }
            ]
          },
          {
            "Node Type": "Sort",
            "Parent Relationship": "Outer",
            "Parallel Aware": false,
            "Async Capable": false,
            "Startup Cost": 103.83,
            "Total Cost": 106.33,
            "Plan Rows": 1000,
            "Plan Width": 72,
            "Actual Startup Time": 0.378,
            "Actual Total Time": 0.414,
            "Actual Rows": 731,
            "Actual Loops": 1,
            "Sort Key": [
              "supplier.s_suppkey"
            ],
            "Sort Method": "quicksort",
            "Sort Space Used": 114,
            "Sort Space Type": "Memory",
            "Plans": [
              {
                "Node Type": "Seq Scan",
                "Parent Relationship": "Outer",
                "Parallel Aware": false,
                "Async Capable": false,
                "Relation Name": "supplier",
                "Alias": "supplier",
                "Startup Cost": 0.0,
                "Total Cost": 54.0,
                "Plan Rows": 1000,
                "Plan Width": 72,
                "Actual Startup Time": 0.011,
                "Actual Total Time": 0.235,
                "Actual Rows": 1000,
                "Actual Loops": 1
              }
            ]
          },
          {
            "Node Type": "Aggregate",
            "Strategy": "Sorted",
            "Partial Mode": "Finalize",
            "Parent Relationship": "Inner",
            "Parallel Aware": false,
            "Async Capable": false,
            "Startup Cost": 16518.25,
            "Total Cost": 16781.6,
            "Plan Rows": 5,
            "Plan Width": 36,
            "Actual Startup Time": 104.865,
            "Actual Total Time": 107.692,
            "Actual Rows": 1,
            "Actual Loops": 1,
            "Group Key": [
              "lineitem.l_suppkey"
            ],
            "Filter": "(sum((lineitem.l_extendedprice * ('1'::numeric - lineitem.l_discount))) = (InitPlan 1).col1)",
            "Rows Removed by Filter": 999,
            "Plans": [
              {
                "Node Type": "Gather Merge",
                "Parent Relationship": "Outer",
                "Parallel Aware": false,
                "Async Capable": false,
                "Startup Cost": 16518.25,
                "Total Cost": 16751.6,
                "Plan Rows": 2000,
                "Plan Width": 36,
                "Actual Startup Time": 51.206,
                "Actual Total Time": 54.155,
                "Actual Rows": 2998,
                "Actual Loops": 1,
                "Workers Planned": 2,
                "Workers Launched": 2,
                "Plans": [
                  {
                    "Node Type": "Sort",
                    "Parent Relationship": "Outer",
                    "Parallel Aware": false,
                    "Async Capable": false,
                    "Startup Cost": 15518.22,
                    "Total Cost": 15520.72,
                    "Plan Rows": 1000,
                    "Plan Width": 36,
                    "Actual Startup Time": 47.579,
                    "Actual Total Time": 47.67,
                    "Actual Rows": 999,
                    "Actual Loops": 3,
                    "Sort Key": [
                      "lineitem.l_suppkey"
                    ],
                    "Sort Method": "quicksort",
                    "Sort Space Used": 110,
                    "Sort Space Type": "Memory",
                    "Workers": [
                      {
                        "Worker Number": 0,
                        "Sort Method": "quicksort",
                        "Sort Space Used": 110,
                        "Sort Space Type": "Memory"
                      },
                      {
                        "Worker Number": 1,
                        "Sort Method": "quicksort",
                        "Sort Space Used": 110,
                        "Sort Space Type": "Memory"
                      }
                    ],
                    "Plans": [
                      {
                        "Node Type": "Aggregate",
                        "Strategy": "Hashed",
                        "Partial Mode": "Partial",
                        "Parent Relationship": "Outer",
                        "Parallel Aware": false,
                        "Async Capable": false,
                        "Startup Cost": 15455.9,
                        "Total Cost": 15468.4,
                        "Plan Rows": 1000,
                        "Plan Width": 36,
                        "Actual Startup Time": 47.042,
                        "Actual Total Time": 47.378,
                        "Actual Rows": 999,
                        "Actual Loops": 3,
                        "Group Key": [
                          "lineitem.l_suppkey"
                        ],
                        "Planned Partitions": 0,
                        "HashAgg Batches": 1,
                        "Peak Memory Usage": 577,
                        "Disk Usage": 0,
                        "Workers": [
                          {
                            "Worker Number": 0,
                            "HashAgg Batches": 1,
                            "Peak Memory Usage": 577,
                            "Disk Usage": 0
                          },
                          {
                            "Worker Number": 1,
                            "HashAgg Batches": 1,
                            "Peak Memory Usage": 577,
                            "Disk Usage": 0
                          }
                        ],
                        "Plans": [
                          {
                            "Node Type": "Seq Scan",
                            "Parent Relationship": "Outer",
                            "Parallel Aware": true,
                            "Async Capable": false,
                            "Relation Name": "lineitem",
                            "Alias": "lineitem",
                            "Startup Cost": 0.0,
                            "Total Cost": 15361.58,
                            "Plan Rows": 9432,
                            "Plan Width": 16,
                            "Actual Startup Time": 0.035,
                            "Actual Total Time": 42.768,
                            "Actual Rows": 7450,
                            "Actual Loops": 3,
                            "Filter": "((l_shipdate >= '1993-04-01'::date) AND (l_shipdate < '1993-07-01 00:00:00'::timestamp without time zone))",
                            "Rows Removed by Filter": 192741,
                            "Workers": []
                          }
                        ]
                      }
                    ]
                  }
                ]
              }
            ]
          }
        ]
      },
      "Planning Time": 0.237,
      "Triggers": [],
      "Execution Time": 108.535
    }
  },
  {
    "query_id": "query15.2",
    "query": "select\n\ts_suppkey,\n\ts_name,\n\ts_address,\n\ts_phone,\n\ttotal_revenue\nfrom\n\tsupplier,\n\trevenue0\nwhere\n\ts_suppkey = supplier_no\n\tand total_revenue = (\n\t\tselect\n\t\t\tmax(total_revenue)\n\t\tfrom\n\t\t\trevenue0\n\t)\norder by\n\ts_suppkey;\n",
    "execution_time": 109.3,
    "plan": {
      "Plan": {
        "Node Type": "Merge Join",
        "Parallel Aware": false,
        "Async Capable": false,
        "Join Type": "Inner",
        "Startup Cost": 33413.68,
        "Total Cost": 33682.15,
        "Plan Rows": 5,
        "Plan Width": 104,
        "Actual Startup Time": 106.861,
        "Actual Total Time": 109.069,
        "Actual Rows": 1,
        "Actual Loops": 1,
        "Inner Unique": true,
        "Merge Cond": "(supplier.s_suppkey = lineitem.l_suppkey)",
        "Plans": [
          {
            "Node Type": "Aggregate",
            "Strategy": "Plain",
            "Partial Mode": "Simple",
            "Parent Relationship": "InitPlan",
            "Subplan Name": "InitPlan 1",
            "Parallel Aware": false,
            "Async Capable": false,
            "Startup Cost": 16791.6,
            "Total Cost": 16791.61,
            "Plan Rows": 1,
            "Plan Width": 32,
            "Actual Startup Time": 53.191,
            "Actual Total Time": 53.995,
            "Actual Rows": 1,
            "Actual Loops": 1,
            "Plans": [
              {
                "Node Type": "Aggregate",
                "Strategy": "Sorted",
                "Partial Mode": "Finalize",
                "Parent Relationship": "Outer",
                "Parallel Aware": false,
                "Async Capable": false,
                "Startup Cost": 16518.25,
                "Total Cost": 16779.1,
                "Plan Rows": 1000,
                "Plan Width": 36,
                "Actual Startup Time": 50.991,
                "Actual Total Time": 53.918,
                "Actual Rows": 1000,
                "Actual Loops": 1,
                "Group Key": [
                  "lineitem_1.l_suppkey"
                ],
                "Plans": [
                  {
                    "Node Type": "Gather Merge",
                    "Parent Relationship": "Outer",
                    "Parallel Aware": false,
                    "Async Capable": false,
                    "Startup Cost": 16518.25,
                    "Total Cost": 16751.6,
                    "Plan Rows": 2000,
                    "Plan Width": 36,
                    "Actual Startup Time": 50.974,
                    "Actual Total Time": 52.397,
                    "Actual Rows": 2994,
                    "Actual Loops": 1,
                    "Workers Planned": 2,
                    "Workers Launched": 2,
                    "Plans": [
                      {
                        "Node Type": "Sort",
                        "Parent Relationship": "Outer",
                        "Parallel Aware": false,
                        "Async Capable": false,
                        "Startup Cost": 15518.22,
                        "Total Cost": 15520.72,
                        "Plan Rows": 1000,
                        "Plan Width": 36,
                        "Actual Startup Time": 47.2,
                        "Actual Total Time": 47.267,
                        "Actual Rows": 998,
                        "Actual Loops": 3,
                        "Sort Key": [
                          "lineitem_1.l_suppkey"
                        ],
                        "Sort Method": "quicksort",
                        "Sort Space Used": 110,
                        "Sort Space Type": "Memory",
                        "Workers": [
                          {
                            "Worker Number": 0,
                            "Sort Method": "quicksort",
                            "Sort Space Used": 110,
                            "Sort Space Type": "Memory"
                          },
                          {
                            "Worker Number": 1,
                            "Sort Method": "quicksort",
                            "Sort Space Used": 110,
                            "Sort Space Type": "Memory"
                          }
                        ],
                        "Plans": [
                          {
                            "Node Type": "Aggregate",
                            "Strategy": "Hashed",
                            "Partial Mode": "Partial",
                            "Parent Relationship": "Outer",
                            "Parallel Aware": false,
                            "Async Capable": false,
                            "Startup Cost": 15455.9,
                            "Total Cost": 15468.4,
                            "Plan Rows": 1000,
                            "Plan Width": 36,
                            "Actual Startup Time": 46.379,
                            "Actual Total Time": 46.908,
                            "Actual Rows": 998,
                            "Actual Loops": 3,
                            "Group Key": [
                              "lineitem_1.l_suppkey"
                            ],
                            "Planned Partitions": 0,
                            "HashAgg Batches": 1,
                            "Peak Memory Usage": 577,
                            "Disk Usage": 0,
                            "Workers": [
                              {
                                "Worker Number": 0,
                                "HashAgg Batches": 1,
                                "Peak Memory Usage": 577,
                                "Disk Usage": 0
                              },
                              {
                                "Worker Number": 1,
                                "HashAgg Batches": 1,
                                "Peak Memory Usage": 577,
                                "Disk Usage": 0
                              }
                            ],
                            "Plans": [
                              {
                                "Node Type": "Seq Scan",
                                "Parent Relationship": "Outer",
                                "Parallel Aware": true,
                                "Async Capable": false,
                                "Relation Name": "lineitem",
                                "Alias": "lineitem_1",
                                "Startup Cost": 0.0,
                                "Total Cost": 15361.58,
                                "Plan Rows": 9432,
                                "Plan Width": 16,
                                "Actual Startup Time": 0.017,
                                "Actual Total Time": 42.075,
                                "Actual Rows": 7450,
                                "Actual Loops": 3,
                                "Filter": "((l_shipdate >= '1993-04-01'::date) AND (l_shipdate < '1993-07-01 00:00:00'::timestamp without time zone))",
                                "Rows Removed by Filter": 192741,
                                "Workers": []
                              }
                            ]
                          }
                        ]
                      }
                    ]
                  }
                ]
              }
            ]
          },
          {
            "Node Type": "Sort",
            "Parent Relationship": "Outer",
            "Parallel Aware": false,
            "Async Capable": false,
            "Startup Cost": 103.83,
            "Total Cost": 106.33,
            "Plan Rows": 1000,
            "Plan Width": 72,
            "Actual Startup Time": 0.349,
            "Actual Total Time": 0.378,
            "Actual Rows": 731,
            "Actual Loops": 1,
            "Sort Key": [
              "supplier.s_suppkey"
            ],
            "Sort Method": "quicksort",
            "Sort Space Used": 114,
            "Sort Space Type": "Memory",
            "Plans": [
              {
                "Node Type": "Seq Scan",
                "Parent Relationship": "Outer",
                "Parallel Aware": false,
                "Async Capable": false,
                "Relation Name": "supplier",
                "Alias": "supplier",
                "Startup Cost": 0.0,
                "Total Cost": 54.0,
                "Plan Rows": 1000,
                "Plan Width": 72,
                "Actual Startup Time": 0.011,
                "Actual Total Time": 0.208,
                "Actual Rows": 1000,
                "Actual Loops": 1
              }
            ]
          },
          {
            "Node Type": "Aggregate",
            "Strategy": "Sorted",
            "Partial Mode": "Finalize",
            "Parent Relationship": "Inner",
            "Parallel Aware": false,
            "Async Capable": false,
            "Startup Cost": 16518.25,
            "Total Cost": 16781.6,
            "Plan Rows": 5,
            "Plan Width": 36,
            "Actual Startup Time": 106.44,
            "Actual Total Time": 107.842,
            "Actual Rows": 1,
            "Actual Loops": 1,
            "Group Key": [
              "lineitem.l_suppkey"
            ],
            "Filter": "(sum((lineitem.l_extendedprice * ('1'::numeric - lineitem.l_discount))) = (InitPlan 1).col1)",
            "Rows Removed by Filter": 999,
            "Plans": [
              {
                "Node Type": "Gather Merge",
                "Parent Relationship": "Outer",
                "Parallel Aware": false,
                "Async Capable": false,
                "Startup Cost": 16518.25,
                "Total Cost": 16751.6,
                "Plan Rows": 2000,
                "Plan Width": 36,
                "Actual Startup Time": 51.827,
                "Actual Total Time": 53.347,
                "Actual Rows": 2994,
                "Actual Loops": 1,
                "Workers Planned": 2,
                "Workers Launched": 2,
                "Plans": [
                  {
                    "Node Type": "Sort",
                    "Parent Relationship": "Outer",
                    "Parallel Aware": false,
                    "Async Capable": false,
                    "Startup Cost": 15518.22,
                    "Total Cost": 15520.72,
                    "Plan Rows": 1000,
                    "Plan Width": 36,
                    "Actual Startup Time": 48.486,
                    "Actual Total Time": 48.582,
                    "Actual Rows": 998,
                    "Actual Loops": 3,
                    "Sort Key": [
                      "lineitem.l_suppkey"
                    ],
                    "Sort Method": "quicksort",
                    "Sort Space Used": 110,
                    "Sort Space Type": "Memory",
                    "Workers": [
                      {
                        "Worker Number": 0,
                        "Sort Method": "quicksort",
                        "Sort Space Used": 110,
                        "Sort Space Type": "Memory"
                      },
                      {
                        "Worker Number": 1,
                        "Sort Method": "quicksort",
                        "Sort Space Used": 110,
                        "Sort Space Type": "Memory"
                      }
                    ],
                    "Plans": [
                      {
                        "Node Type": "Aggregate",
                        "Strategy": "Hashed",
                        "Partial Mode": "Partial",
                        "Parent Relationship": "Outer",
                        "Parallel Aware": false,
                        "Async Capable": false,
                        "Startup Cost": 15455.9,
                        "Total Cost": 15468.4,
                        "Plan Rows": 1000,
                        "Plan Width": 36,
                        "Actual Startup Time": 47.842,
                        "Actual Total Time": 48.246,
                        "Actual Rows": 998,
                        "Actual Loops": 3,
                        "Group Key": [
                          "lineitem.l_suppkey"
                        ],
                        "Planned Partitions": 0,
                        "HashAgg Batches": 1,
                        "Peak Memory Usage": 577,
                        "Disk Usage": 0,
                        "Workers": [
                          {
                            "Worker Number": 0,
                            "HashAgg Batches": 1,
                            "Peak Memory Usage": 577,
                            "Disk Usage": 0
                          },
                          {
                            "Worker Number": 1,
                            "HashAgg Batches": 1,
                            "Peak Memory Usage": 577,
                            "Disk Usage": 0
                          }
                        ],
                        "Plans": [
                          {
                            "Node Type": "Seq Scan",
                            "Parent Relationship": "Outer",
                            "Parallel Aware": true,
                            "Async Capable": false,
                            "Relation Name": "lineitem",
                            "Alias": "lineitem",
                            "Startup Cost": 0.0,
                            "Total Cost": 15361.58,
                            "Plan Rows": 9432,
                            "Plan Width": 16,
                            "Actual Startup Time": 0.033,
                            "Actual Total Time": 43.347,
                            "Actual Rows": 7450,
                            "Actual Loops": 3,
                            "Filter": "((l_shipdate >= '1993-04-01'::date) AND (l_shipdate < '1993-07-01 00:00:00'::timestamp without time zone))",
                            "Rows Removed by Filter": 192741,
                            "Workers": []
                          }
                        ]
                      }
                    ]
                  }
                ]
              }
            ]
          }
        ]
      },
      "Planning Time": 0.285,
      "Triggers": [],
      "Execution Time": 109.3
    }
  },
  {
    "query_id": "query15.20",
    "query": "select\n\ts_suppkey,\n\ts_name,\n\ts_address,\n\ts_phone,\n\ttotal_revenue\nfrom\n\tsupplier,\n\trevenue0\nwhere\n\ts_suppkey = supplier_no\n\tand total_revenue = (\n\t\tselect\n\t\t\tmax(total_revenue)\n\t\tfrom\n\t\t\trevenue0\n\t)\norder by\n\ts_suppkey;\n",
    "execution_time": 106.726,
    "plan": {
      "Plan": {
        "Node Type": "Merge Join",
        "Parallel Aware": false,
        "Async Capable": false,
        "Join Type": "Inner",
        "Startup Cost": 33417.0,
        "Total Cost": 33685.47,
        "Plan Rows": 5,
        "Plan Width": 104,
        "Actual Startup Time": 104.119,
        "Actual Total Time": 106.505,
        "Actual Rows": 1,
        "Actual Loops": 1,
        "Inner Unique": true,
        "Merge Cond": "(supplier.s_suppkey = lineitem.l_suppkey)",
        "Plans": [
          {
            "Node Type": "Aggregate",
            "Strategy": "Plain",
            "Partial Mode": "Simple",
            "Parent Relationship": "InitPlan",
            "Subplan Name": "InitPlan 1",
            "Parallel Aware": false,
            "Async Capable": false,
            "Startup Cost": 16793.26,
            "Total Cost": 16793.27,
            "Plan Rows": 1,
            "Plan Width": 32,
            "Actual Startup Time": 49.429,
            "Actual Total Time": 49.531,
            "Actual Rows": 1,
            "Actual Loops": 1,
            "Plans": [
              {
                "Node Type": "Aggregate",
                "Strategy": "Sorted",
                "Partial Mode": "Finalize",
                "Parent Relationship": "Outer",
                "Parallel Aware": false,
                "Async Capable": false,
                "Startup Cost": 16519.91,
                "Total Cost": 16780.76,
                "Plan Rows": 1000,
                "Plan Width": 36,
                "Actual Startup Time": 47.538,
                "Actual Total Time": 49.463,
                "Actual Rows": 1000,
                "Actual Loops": 1,
                "Group Key": [
                  "lineitem_1.l_suppkey"
                ],
                "Plans": [
                  {
                    "Node Type": "Gather Merge",
                    "Parent Relationship": "Outer",
                    "Parallel Aware": false,
                    "Async Capable": false,
                    "Startup Cost": 16519.91,
                    "Total Cost": 16753.26,
                    "Plan Rows": 2000,
                    "Plan Width": 36,
                    "Actual Startup Time": 47.526,
                    "Actual Total Time": 48.11,
                    "Actual Rows": 2997,
                    "Actual Loops": 1,
                    "Workers Planned": 2,
                    "Workers Launched": 2,
                    "Plans": [
                      {
                        "Node Type": "Sort",
                        "Parent Relationship": "Outer",
                        "Parallel Aware": false,
                        "Async Capable": false,
                        "Startup Cost": 15519.88,
                        "Total Cost": 15522.38,
                        "Plan Rows": 1000,
                        "Plan Width": 36,
                        "Actual Startup Time": 44.683,
                        "Actual Total Time": 44.735,
                        "Actual Rows": 999,
                        "Actual Loops": 3,
                        "Sort Key": [
                          "lineitem_1.l_suppkey"
                        ],
                        "Sort Method": "quicksort",
                        "Sort Space Used": 110,
                        "Sort Space Type": "Memory",
                        "Workers": [
                          {
                            "Worker Number": 0,
                            "Sort Method": "quicksort",
                            "Sort Space Used": 110,
                            "Sort Space Type": "Memory"
                          },
                          {
                            "Worker Number": 1,
                            "Sort Method": "quicksort",
                            "Sort Space Used": 110,
                            "Sort Space Type": "Memory"
                          }
                        ],
                        "Plans": [
                          {
                            "Node Type": "Aggregate",
                            "Strategy": "Hashed",
                            "Partial Mode": "Partial",
                            "Parent Relationship": "Outer",
                            "Parallel Aware": false,
                            "Async Capable": false,
                            "Startup Cost": 15457.56,
                            "Total Cost": 15470.06,
                            "Plan Rows": 1000,
                            "Plan Width": 36,
                            "Actual Startup Time": 44.135,
                            "Actual Total Time": 44.47,
                            "Actual Rows": 999,
                            "Actual Loops": 3,
                            "Group Key": [
                              "lineitem_1.l_suppkey"
                            ],
                            "Planned Partitions": 0,
                            "HashAgg Batches": 1,
                            "Peak Memory Usage": 577,
                            "Disk Usage": 0,
                            "Workers": [
                              {
                                "Worker Number": 0,
                                "HashAgg Batches": 1,
                                "Peak Memory Usage": 577,
                                "Disk Usage": 0
                              },
                              {
                                "Worker Number": 1,
                                "HashAgg Batches": 1,
                                "Peak Memory Usage": 577,
                                "Disk Usage": 0
                              }
                            ],
                            "Plans": [
                              {
                                "Node Type": "Seq Scan",
                                "Parent Relationship": "Outer",
                                "Parallel Aware": true,
                                "Async Capable": false,
                                "Relation Name": "lineitem",
                                "Alias": "lineitem_1",
                                "Startup Cost": 0.0,
                                "Total Cost": 15361.58,
                                "Plan Rows": 9598,
                                "Plan Width": 16,
                                "Actual Startup Time": 0.014,
                                "Actual Total Time": 40.055,
                                "Actual Rows": 7758,
                                "Actual Loops": 3,
                                "Filter": "((l_shipdate >= '1995-11-01'::date) AND (l_shipdate < '1996-02-01 00:00:00'::timestamp without time zone))",
                                "Rows Removed by Filter": 192432,
                                "Workers": []
                              }
                            ]
                          }
                        ]
                      }
                    ]
                  }
                ]
              }
            ]
          },
          {
            "Node Type": "Sort",
            "Parent Relationship": "Outer",
            "Parallel Aware": false,
            "Async Capable": false,
            "Startup Cost": 103.83,
            "Total Cost": 106.33,
            "Plan Rows": 1000,
            "Plan Width": 72,
            "Actual Startup Time": 0.727,
            "Actual Total Time": 0.754,
            "Actual Rows": 678,
            "Actual Loops": 1,
            "Sort Key": [
              "supplier.s_suppkey"
            ],
            "Sort Method": "quicksort",
            "Sort Space Used": 114,
            "Sort Space Type": "Memory",
            "Plans": [
              {
                "Node Type": "Seq Scan",
                "Parent Relationship": "Outer",
                "Parallel Aware": false,
                "Async Capable": false,
                "Relation Name": "supplier",
                "Alias": "supplier",
                "Startup Cost": 0.0,
                "Total Cost": 54.0,
                "Plan Rows": 1000,
                "Plan Width": 72,
                "Actual Startup Time": 0.012,
                "Actual Total Time": 0.415,
                "Actual Rows": 1000,
                "Actual Loops": 1
              }
            ]
          },
          {
            "Node Type": "Aggregate",
            "Strategy": "Sorted",
            "Partial Mode": "Finalize",
            "Parent Relationship": "Inner",
            "Parallel Aware": false,
            "Async Capable": false,
            "Startup Cost": 16519.91,
            "Total Cost": 16783.26,
            "Plan Rows": 5,
            "Plan Width": 36,
            "Actual Startup Time": 103.325,
            "Actual Total Time": 105.607,
            "Actual Rows": 1,
            "Actual Loops": 1,
            "Group Key": [
              "lineitem.l_suppkey"
            ],
            "Filter": "(sum((lineitem.l_extendedprice * ('1'::numeric - lineitem.l_discount))) = (InitPlan 1).col1)",
            "Rows Removed by Filter": 999,
            "Plans": [
              {
                "Node Type": "Gather Merge",
                "Parent Relationship": "Outer",
                "Parallel Aware": false,
                "Async Capable": false,
                "Startup Cost": 16519.91,
                "Total Cost": 16753.26,
                "Plan Rows": 2000,
                "Plan Width": 36,
                "Actual Startup Time": 52.469,
                "Actual Total Time": 54.887,
                "Actual Rows": 2998,
                "Actual Loops": 1,
                "Workers Planned": 2,
                "Workers Launched": 2,
                "Plans": [
                  {
                    "Node Type": "Sort",
                    "Parent Relationship": "Outer",
                    "Parallel Aware": false,
                    "Async Capable": false,
                    "Startup Cost": 15519.88,
                    "Total Cost": 15522.38,
                    "Plan Rows": 1000,
                    "Plan Width": 36,
                    "Actual Startup Time": 49.083,
                    "Actual Total Time": 49.174,
                    "Actual Rows": 999,
                    "Actual Loops": 3,
                    "Sort Key": [
                      "lineitem.l_suppkey"
                    ],
                    "Sort Method": "quicksort",
                    "Sort Space Used": 110,
                    "Sort Space Type": "Memory",
                    "Workers": [
                      {
                        "Worker Number": 0,
                        "Sort Method": "quicksort",
                        "Sort Space Used": 110,
                        "Sort Space Type": "Memory"
                      },
                      {
                        "Worker Number": 1,
                        "Sort Method": "quicksort",
                        "Sort Space Used": 110,
                        "Sort Space Type": "Memory"
                      }
                    ],
                    "Plans": [
                      {
                        "Node Type": "Aggregate",
                        "Strategy": "Hashed",
                        "Partial Mode": "Partial",
                        "Parent Relationship": "Outer",
                        "Parallel Aware": false,
                        "Async Capable": false,
                        "Startup Cost": 15457.56,
                        "Total Cost": 15470.06,
                        "Plan Rows": 1000,
                        "Plan Width": 36,
                        "Actual Startup Time": 48.453,
                        "Actual Total Time": 48.855,
                        "Actual Rows": 999,
                        "Actual Loops": 3,
                        "Group Key": [
                          "lineitem.l_suppkey"
                        ],
                        "Planned Partitions": 0,
                        "HashAgg Batches": 1,
                        "Peak Memory Usage": 577,
                        "Disk Usage": 0,
                        "Workers": [
                          {
                            "Worker Number": 0,
                            "HashAgg Batches": 1,
                            "Peak Memory Usage": 577,
                            "Disk Usage": 0
                          },
                          {
                            "Worker Number": 1,
                            "HashAgg Batches": 1,
                            "Peak Memory Usage": 577,
                            "Disk Usage": 0
                          }
                        ],
                        "Plans": [
                          {
                            "Node Type": "Seq Scan",
                            "Parent Relationship": "Outer",
                            "Parallel Aware": true,
                            "Async Capable": false,
                            "Relation Name": "lineitem",
                            "Alias": "lineitem",
                            "Startup Cost": 0.0,
                            "Total Cost": 15361.58,
                            "Plan Rows": 9598,
                            "Plan Width": 16,
                            "Actual Startup Time": 0.022,
                            "Actual Total Time": 43.792,
                            "Actual Rows": 7758,
                            "Actual Loops": 3,
                            "Filter": "((l_shipdate >= '1995-11-01'::date) AND (l_shipdate < '1996-02-01 00:00:00'::timestamp without time zone))",
                            "Rows Removed by Filter": 192432,
                            "Workers": []
                          }
                        ]
                      }
                    ]
                  }
                ]
              }
            ]
          }
        ]
      },
      "Planning Time": 0.317,
      "Triggers": [],
      "Execution Time": 106.726
    }
  },
  {
    "query_id": "query15.21",
    "query": "select\n\ts_suppkey,\n\ts_name,\n\ts_address,\n\ts_phone,\n\ttotal_revenue\nfrom\n\tsupplier,\n\trevenue0\nwhere\n\ts_suppkey = supplier_no\n\tand total_revenue = (\n\t\tselect\n\t\t\tmax(total_revenue)\n\t\tfrom\n\t\t\trevenue0\n\t)\norder by\n\ts_suppkey;\n",
    "execution_time": 106.164,
    "plan": {
      "Plan": {
        "Node Type": "Merge Join",
        "Parallel Aware": false,
        "Async Capable": false,
        "Join Type": "Inner",
        "Startup Cost": 33404.18,
        "Total Cost": 33672.65,
        "Plan Rows": 5,
        "Plan Width": 104,
        "Actual Startup Time": 102.722,
        "Actual Total Time": 105.974,
        "Actual Rows": 1,
        "Actual Loops": 1,
        "Inner Unique": true,
        "Merge Cond": "(supplier.s_suppkey = lineitem.l_suppkey)",
        "Plans": [
          {
            "Node Type": "Aggregate",
            "Strategy": "Plain",
            "Partial Mode": "Simple",
            "Parent Relationship": "InitPlan",
            "Subplan Name": "InitPlan 1",
            "Parallel Aware": false,
            "Async Capable": false,
            "Startup Cost": 16786.85,
            "Total Cost": 16786.86,
            "Plan Rows": 1,
            "Plan Width": 32,
            "Actual Startup Time": 54.931,
            "Actual Total Time": 55.508,
            "Actual Rows": 1,
            "Actual Loops": 1,
            "Plans": [
              {
                "Node Type": "Aggregate",
                "Strategy": "Sorted",
                "Partial Mode": "Finalize",
                "Parent Relationship": "Outer",
                "Parallel Aware": false,
                "Async Capable": false,
                "Startup Cost": 16513.5,
                "Total Cost": 16774.35,
                "Plan Rows": 1000,
                "Plan Width": 36,
                "Actual Startup Time": 52.672,
                "Actual Total Time": 55.433,
                "Actual Rows": 1000,
                "Actual Loops": 1,
                "Group Key": [
                  "lineitem_1.l_suppkey"
                ],
                "Plans": [
                  {
                    "Node Type": "Gather Merge",
                    "Parent Relationship": "Outer",
                    "Parallel Aware": false,
                    "Async Capable": false,
                    "Startup Cost": 16513.5,
                    "Total Cost": 16746.85,
                    "Plan Rows": 2000,
                    "Plan Width": 36,
                    "Actual Startup Time": 52.662,
                    "Actual Total Time": 53.824,
                    "Actual Rows": 2997,
                    "Actual Loops": 1,
                    "Workers Planned": 2,
                    "Workers Launched": 2,
                    "Plans": [
                      {
                        "Node Type": "Sort",
                        "Parent Relationship": "Outer",
                        "Parallel Aware": false,
                        "Async Capable": false,
                        "Startup Cost": 15513.47,
                        "Total Cost": 15515.97,
                        "Plan Rows": 1000,
                        "Plan Width": 36,
                        "Actual Startup Time": 48.998,
                        "Actual Total Time": 49.053,
                        "Actual Rows": 999,
                        "Actual Loops": 3,
                        "Sort Key": [
                          "lineitem_1.l_suppkey"
                        ],
                        "Sort Method": "quicksort",
                        "Sort Space Used": 110,
                        "Sort Space Type": "Memory",
                        "Workers": [
                          {
                            "Worker Number": 0,
                            "Sort Method": "quicksort",
                            "Sort Space Used": 110,
                            "Sort Space Type": "Memory"
                          },
                          {
                            "Worker Number": 1,
                            "Sort Method": "quicksort",
                            "Sort Space Used": 110,
                            "Sort Space Type": "Memory"
                          }
                        ],
                        "Plans": [
                          {
                            "Node Type": "Aggregate",
                            "Strategy": "Hashed",
                            "Partial Mode": "Partial",
                            "Parent Relationship": "Outer",
                            "Parallel Aware": false,
                            "Async Capable": false,
                            "Startup Cost": 15451.15,
                            "Total Cost": 15463.65,
                            "Plan Rows": 1000,
                            "Plan Width": 36,
                            "Actual Startup Time": 48.43,
                            "Actual Total Time": 48.767,
                            "Actual Rows": 999,
                            "Actual Loops": 3,
                            "Group Key": [
                              "lineitem_1.l_suppkey"
                            ],
                            "Planned Partitions": 0,
                            "HashAgg Batches": 1,
                            "Peak Memory Usage": 577,
                            "Disk Usage": 0,
                            "Workers": [
                              {
                                "Worker Number": 0,
                                "HashAgg Batches": 1,
                                "Peak Memory Usage": 577,
                                "Disk Usage": 0
                              },
                              {
                                "Worker Number": 1,
                                "HashAgg Batches": 1,
                                "Peak Memory Usage": 577,
                                "Disk Usage": 0
                              }
                            ],
                            "Plans": [
                              {
                                "Node Type": "Seq Scan",
                                "Parent Relationship": "Outer",
                                "Parallel Aware": true,
                                "Async Capable": false,
                                "Relation Name": "lineitem",
                                "Alias": "lineitem_1",
                                "Startup Cost": 0.0,
                                "Total Cost": 15361.58,
                                "Plan Rows": 8957,
                                "Plan Width": 16,
                                "Actual Startup Time": 0.023,
                                "Actual Total Time": 44.125,
                                "Actual Rows": 7545,
                                "Actual Loops": 3,
                                "Filter": "((l_shipdate >= '1993-08-01'::date) AND (l_shipdate < '1993-11-01 00:00:00'::timestamp without time zone))",
                                "Rows Removed by Filter": 192646,
                                "Workers": []
                              }
                            ]
                          }
                        ]
                      }
                    ]
                  }
                ]
              }
            ]
          },
          {
            "Node Type": "Sort",
            "Parent Relationship": "Outer",
            "Parallel Aware": false,
            "Async Capable": false,
            "Startup Cost": 103.83,
            "Total Cost": 106.33,
            "Plan Rows": 1000,
            "Plan Width": 72,
            "Actual Startup Time": 0.414,
            "Actual Total Time": 0.469,
            "Actual Rows": 200,
            "Actual Loops": 1,
            "Sort Key": [
              "supplier.s_suppkey"
            ],
            "Sort Method": "quicksort",
            "Sort Space Used": 114,
            "Sort Space Type": "Memory",
            "Plans": [
              {
                "Node Type": "Seq Scan",
                "Parent Relationship": "Outer",
                "Parallel Aware": false,
                "Async Capable": false,
                "Relation Name": "supplier",
                "Alias": "supplier",
                "Startup Cost": 0.0,
                "Total Cost": 54.0,
                "Plan Rows": 1000,
                "Plan Width": 72,
                "Actual Startup Time": 0.011,
                "Actual Total Time": 0.249,
                "Actual Rows": 1000,
                "Actual Loops": 1
              }
            ]
          },
          {
            "Node Type": "Aggregate",
            "Strategy": "Sorted",
            "Partial Mode": "Finalize",
            "Parent Relationship": "Inner",
            "Parallel Aware": false,
            "Async Capable": false,
            "Startup Cost": 16513.5,
            "Total Cost": 16776.85,
            "Plan Rows": 5,
            "Plan Width": 36,
            "Actual Startup Time": 102.226,
            "Actual Total Time": 104.898,
            "Actual Rows": 1,
            "Actual Loops": 1,
            "Group Key": [
              "lineitem.l_suppkey"
            ],
            "Filter": "(sum((lineitem.l_extendedprice * ('1'::numeric - lineitem.l_discount))) = (InitPlan 1).col1)",
            "Rows Removed by Filter": 999,
            "Plans": [
              {
                "Node Type": "Gather Merge",
                "Parent Relationship": "Outer",
                "Parallel Aware": false,
                "Async Capable": false,
                "Startup Cost": 16513.5,
                "Total Cost": 16746.85,
                "Plan Rows": 2000,
                "Plan Width": 36,
                "Actual Startup Time": 46.744,
                "Actual Total Time": 48.698,
                "Actual Rows": 2997,
                "Actual Loops": 1,
                "Workers Planned": 2,
                "Workers Launched": 2,
                "Plans": [
                  {
                    "Node Type": "Sort",
                    "Parent Relationship": "Outer",
                    "Parallel Aware": false,
                    "Async Capable": false,
                    "Startup Cost": 15513.47,
                    "Total Cost": 15515.97,
                    "Plan Rows": 1000,
                    "Plan Width": 36,
                    "Actual Startup Time": 43.229,
                    "Actual Total Time": 43.359,
                    "Actual Rows": 999,
                    "Actual Loops": 3,
                    "Sort Key": [
                      "lineitem.l_suppkey"
                    ],
                    "Sort Method": "quicksort",
                    "Sort Space Used": 110,
                    "Sort Space Type": "Memory",
                    "Workers": [
                      {
                        "Worker Number": 0,
                        "Sort Method": "quicksort",
                        "Sort Space Used": 110,
                        "Sort Space Type": "Memory"
                      },
                      {
                        "Worker Number": 1,
                        "Sort Method": "quicksort",
                        "Sort Space Used": 110,
                        "Sort Space Type": "Memory"
                      }
                    ],
                    "Plans": [
                      {
                        "Node Type": "Aggregate",
                        "Strategy": "Hashed",
                        "Partial Mode": "Partial",
                        "Parent Relationship": "Outer",
                        "Parallel Aware": false,
                        "Async Capable": false,
                        "Startup Cost": 15451.15,
                        "Total Cost": 15463.65,
                        "Plan Rows": 1000,
                        "Plan Width": 36,
                        "Actual Startup Time": 42.438,
                        "Actual Total Time": 42.929,
                        "Actual Rows": 999,
                        "Actual Loops": 3,
                        "Group Key": [
                          "lineitem.l_suppkey"
                        ],
                        "Planned Partitions": 0,
                        "HashAgg Batches": 1,
                        "Peak Memory Usage": 577,
                        "Disk Usage": 0,
                        "Workers": [
                          {
                            "Worker Number": 0,
                            "HashAgg Batches": 1,
                            "Peak Memory Usage": 577,
                            "Disk Usage": 0
                          },
                          {
                            "Worker Number": 1,
                            "HashAgg Batches": 1,
                            "Peak Memory Usage": 577,
                            "Disk Usage": 0
                          }
                        ],
                        "Plans": [
                          {
                            "Node Type": "Seq Scan",
                            "Parent Relationship": "Outer",
                            "Parallel Aware": true,
                            "Async Capable": false,
                            "Relation Name": "lineitem",
                            "Alias": "lineitem",
                            "Startup Cost": 0.0,
                            "Total Cost": 15361.58,
                            "Plan Rows": 8957,
                            "Plan Width": 16,
                            "Actual Startup Time": 0.065,
                            "Actual Total Time": 38.424,
                            "Actual Rows": 7545,
                            "Actual Loops": 3,
                            "Filter": "((l_shipdate >= '1993-08-01'::date) AND (l_shipdate < '1993-11-01 00:00:00'::timestamp without time zone))",
                            "Rows Removed by Filter": 192646,
                            "Workers": []
                          }
                        ]
                      }
                    ]
                  }
                ]
              }
            ]
          }
        ]
      },
      "Planning Time": 0.312,
      "Triggers": [],
      "Execution Time": 106.164
    }
  },
  {
    "query_id": "query15.22",
    "query": "select\n\ts_suppkey,\n\ts_name,\n\ts_address,\n\ts_phone,\n\ttotal_revenue\nfrom\n\tsupplier,\n\trevenue0\nwhere\n\ts_suppkey = supplier_no\n\tand total_revenue = (\n\t\tselect\n\t\t\tmax(total_revenue)\n\t\tfrom\n\t\t\trevenue0\n\t)\norder by\n\ts_suppkey;\n",
    "execution_time": 101.22,
    "plan": {
      "Plan": {
        "Node Type": "Merge Join",
        "Parallel Aware": false,
        "Async Capable": false,
        "Join Type": "Inner",
        "Startup Cost": 33417.18,
        "Total Cost": 33685.65,
        "Plan Rows": 5,
        "Plan Width": 104,
        "Actual Startup Time": 99.579,
        "Actual Total Time": 100.996,
        "Actual Rows": 1,
        "Actual Loops": 1,
        "Inner Unique": true,
        "Merge Cond": "(supplier.s_suppkey = lineitem.l_suppkey)",
        "Plans": [
          {
            "Node Type": "Aggregate",
            "Strategy": "Plain",
            "Partial Mode": "Simple",
            "Parent Relationship": "InitPlan",
            "Subplan Name": "InitPlan 1",
            "Parallel Aware": false,
            "Async Capable": false,
            "Startup Cost": 16793.35,
            "Total Cost": 16793.36,
            "Plan Rows": 1,
            "Plan Width": 32,
            "Actual Startup Time": 48.12,
            "Actual Total Time": 48.246,
            "Actual Rows": 1,
            "Actual Loops": 1,
            "Plans": [
              {
                "Node Type": "Aggregate",
                "Strategy": "Sorted",
                "Partial Mode": "Finalize",
                "Parent Relationship": "Outer",
                "Parallel Aware": false,
                "Async Capable": false,
                "Startup Cost": 16520.0,
                "Total Cost": 16780.85,
                "Plan Rows": 1000,
                "Plan Width": 36,
                "Actual Startup Time": 46.056,
                "Actual Total Time": 48.177,
                "Actual Rows": 1000,
                "Actual Loops": 1,
                "Group Key": [
                  "lineitem_1.l_suppkey"
                ],
                "Plans": [
                  {
                    "Node Type": "Gather Merge",
                    "Parent Relationship": "Outer",
                    "Parallel Aware": false,
                    "Async Capable": false,
                    "Startup Cost": 16520.0,
                    "Total Cost": 16753.35,
                    "Plan Rows": 2000,
                    "Plan Width": 36,
                    "Actual Startup Time": 46.041,
                    "Actual Total Time": 46.742,
                    "Actual Rows": 2995,
                    "Actual Loops": 1,
                    "Workers Planned": 2,
                    "Workers Launched": 2,
                    "Plans": [
                      {
                        "Node Type": "Sort",
                        "Parent Relationship": "Outer",
                        "Parallel Aware": false,
                        "Async Capable": false,
                        "Startup Cost": 15519.97,
                        "Total Cost": 15522.47,
                        "Plan Rows": 1000,
                        "Plan Width": 36,
                        "Actual Startup Time": 42.386,
                        "Actual Total Time": 42.434,
                        "Actual Rows": 998,
                        "Actual Loops": 3,
                        "Sort Key": [
                          "lineitem_1.l_suppkey"
                        ],
                        "Sort Method": "quicksort",
                        "Sort Space Used": 110,
                        "Sort Space Type": "Memory",
                        "Workers": [
                          {
                            "Worker Number": 0,
                            "Sort Method": "quicksort",
                            "Sort Space Used": 110,
                            "Sort Space Type": "Memory"
                          },
                          {
                            "Worker Number": 1,
                            "Sort Method": "quicksort",
                            "Sort Space Used": 110,
                            "Sort Space Type": "Memory"
                          }
                        ],
                        "Plans": [
                          {
                            "Node Type": "Aggregate",
                            "Strategy": "Hashed",
                            "Partial Mode": "Partial",
                            "Parent Relationship": "Outer",
                            "Parallel Aware": false,
                            "Async Capable": false,
                            "Startup Cost": 15457.65,
                            "Total Cost": 15470.15,
                            "Plan Rows": 1000,
                            "Plan Width": 36,
                            "Actual Startup Time": 41.823,
                            "Actual Total Time": 42.159,
                            "Actual Rows": 998,
                            "Actual Loops": 3,
                            "Group Key": [
                              "lineitem_1.l_suppkey"
                            ],
                            "Planned Partitions": 0,
                            "HashAgg Batches": 1,
                            "Peak Memory Usage": 577,
                            "Disk Usage": 0,
                            "Workers": [
                              {
                                "Worker Number": 0,
                                "HashAgg Batches": 1,
                                "Peak Memory Usage": 577,
                                "Disk Usage": 0
                              },
                              {
                                "Worker Number": 1,
                                "HashAgg Batches": 1,
                                "Peak Memory Usage": 577,
                                "Disk Usage": 0
                              }
                            ],
                            "Plans": [
                              {
                                "Node Type": "Seq Scan",
                                "Parent Relationship": "Outer",
                                "Parallel Aware": true,
                                "Async Capable": false,
                                "Relation Name": "lineitem",
                                "Alias": "lineitem_1",
                                "Startup Cost": 0.0,
                                "Total Cost": 15361.58,
                                "Plan Rows": 9607,
                                "Plan Width": 16,
                                "Actual Startup Time": 0.032,
                                "Actual Total Time": 37.397,
                                "Actual Rows": 7477,
                                "Actual Loops": 3,
                                "Filter": "((l_shipdate >= '1996-02-01'::date) AND (l_shipdate < '1996-05-01 00:00:00'::timestamp without time zone))",
                                "Rows Removed by Filter": 192714,
                                "Workers": []
                              }
                            ]
                          }
                        ]
                      }
                    ]
                  }
                ]
              }
            ]
          },
          {
            "Node Type": "Sort",
            "Parent Relationship": "Outer",
            "Parallel Aware": false,
            "Async Capable": false,
            "Startup Cost": 103.83,
            "Total Cost": 106.33,
            "Plan Rows": 1000,
            "Plan Width": 72,
            "Actual Startup Time": 0.435,
            "Actual Total Time": 0.704,
            "Actual Rows": 985,
            "Actual Loops": 1,
            "Sort Key": [
              "supplier.s_suppkey"
            ],
            "Sort Method": "quicksort",
            "Sort Space Used": 114,
            "Sort Space Type": "Memory",
            "Plans": [
              {
                "Node Type": "Seq Scan",
                "Parent Relationship": "Outer",
                "Parallel Aware": false,
                "Async Capable": false,
                "Relation Name": "supplier",
                "Alias": "supplier",
                "Startup Cost": 0.0,
                "Total Cost": 54.0,
                "Plan Rows": 1000,
                "Plan Width": 72,
                "Actual Startup Time": 0.014,
                "Actual Total Time": 0.257,
                "Actual Rows": 1000,
                "Actual Loops": 1
              }
            ]
          },
          {
            "Node Type": "Aggregate",
            "Strategy": "Sorted",
            "Partial Mode": "Finalize",
            "Parent Relationship": "Inner",
            "Parallel Aware": false,
            "Async Capable": false,
            "Startup Cost": 16520.0,
            "Total Cost": 16783.35,
            "Plan Rows": 5,
            "Plan Width": 36,
            "Actual Startup Time": 98.767,
            "Actual Total Time": 100.056,
            "Actual Rows": 1,
            "Actual Loops": 1,
            "Group Key": [
              "lineitem.l_suppkey"
            ],
            "Filter": "(sum((lineitem.l_extendedprice * ('1'::numeric - lineitem.l_discount))) = (InitPlan 1).col1)",
            "Rows Removed by Filter": 999,
            "Plans": [
              {
                "Node Type": "Gather Merge",
                "Parent Relationship": "Outer",
                "Parallel Aware": false,
                "Async Capable": false,
                "Startup Cost": 16520.0,
                "Total Cost": 16753.35,
                "Plan Rows": 2000,
                "Plan Width": 36,
                "Actual Startup Time": 48.148,
                "Actual Total Time": 50.165,
                "Actual Rows": 2996,
                "Actual Loops": 1,
                "Workers Planned": 2,
                "Workers Launched": 2,
                "Plans": [
                  {
                    "Node Type": "Sort",
                    "Parent Relationship": "Outer",
                    "Parallel Aware": false,
                    "Async Capable": false,
                    "Startup Cost": 15519.97,
                    "Total Cost": 15522.47,
                    "Plan Rows": 1000,
                    "Plan Width": 36,
                    "Actual Startup Time": 44.387,
                    "Actual Total Time": 44.515,
                    "Actual Rows": 999,
                    "Actual Loops": 3,
                    "Sort Key": [
                      "lineitem.l_suppkey"
                    ],
                    "Sort Method": "quicksort",
                    "Sort Space Used": 110,
                    "Sort Space Type": "Memory",
                    "Workers": [
                      {
                        "Worker Number": 0,
                        "Sort Method": "quicksort",
                        "Sort Space Used": 110,
                        "Sort Space Type": "Memory"
                      },
                      {
                        "Worker Number": 1,
                        "Sort Method": "quicksort",
                        "Sort Space Used": 110,
                        "Sort Space Type": "Memory"
                      }
                    ],
                    "Plans": [
                      {
                        "Node Type": "Aggregate",
                        "Strategy": "Hashed",
                        "Partial Mode": "Partial",
                        "Parent Relationship": "Outer",
                        "Parallel Aware": false,
                        "Async Capable": false,
                        "Startup Cost": 15457.65,
                        "Total Cost": 15470.15,
                        "Plan Rows": 1000,
                        "Plan Width": 36,
                        "Actual Startup Time": 43.697,
                        "Actual Total Time": 44.081,
                        "Actual Rows": 999,
                        "Actual Loops": 3,
                        "Group Key": [
                          "lineitem.l_suppkey"
                        ],
                        "Planned Partitions": 0,
                        "HashAgg Batches": 1,
                        "Peak Memory Usage": 577,
                        "Disk Usage": 0,
                        "Workers": [
                          {
                            "Worker Number": 0,
                            "HashAgg Batches": 1,
                            "Peak Memory Usage": 577,
                            "Disk Usage": 0
                          },
                          {
                            "Worker Number": 1,
                            "HashAgg Batches": 1,
                            "Peak Memory Usage": 577,
                            "Disk Usage": 0
                          }
                        ],
                        "Plans": [
                          {
                            "Node Type": "Seq Scan",
                            "Parent Relationship": "Outer",
                            "Parallel Aware": true,
                            "Async Capable": false,
                            "Relation Name": "lineitem",
                            "Alias": "lineitem",
                            "Startup Cost": 0.0,
                            "Total Cost": 15361.58,
                            "Plan Rows": 9607,
                            "Plan Width": 16,
                            "Actual Startup Time": 0.028,
                            "Actual Total Time": 39.091,
                            "Actual Rows": 7477,
                            "Actual Loops": 3,
                            "Filter": "((l_shipdate >= '1996-02-01'::date) AND (l_shipdate < '1996-05-01 00:00:00'::timestamp without time zone))",
                            "Rows Removed by Filter": 192714,
                            "Workers": []
                          }
                        ]
                      }
                    ]
                  }
                ]
              }
            ]
          }
        ]
      },
      "Planning Time": 0.387,
      "Triggers": [],
      "Execution Time": 101.22
    }
  },
  {
    "query_id": "query15.23",
    "query": "select\n\ts_suppkey,\n\ts_name,\n\ts_address,\n\ts_phone,\n\ttotal_revenue\nfrom\n\tsupplier,\n\trevenue0\nwhere\n\ts_suppkey = supplier_no\n\tand total_revenue = (\n\t\tselect\n\t\t\tmax(total_revenue)\n\t\tfrom\n\t\t\trevenue0\n\t)\norder by\n\ts_suppkey;\n",
    "execution_time": 93.212,
    "plan": {
      "Plan": {
        "Node Type": "Merge Join",
        "Parallel Aware": false,
        "Async Capable": false,
        "Join Type": "Inner",
        "Startup Cost": 33410.12,
        "Total Cost": 33678.59,
        "Plan Rows": 5,
        "Plan Width": 104,
        "Actual Startup Time": 91.226,
        "Actual Total Time": 93.096,
        "Actual Rows": 1,
        "Actual Loops": 1,
        "Inner Unique": true,
        "Merge Cond": "(supplier.s_suppkey = lineitem.l_suppkey)",
        "Plans": [
          {
            "Node Type": "Aggregate",
            "Strategy": "Plain",
            "Partial Mode": "Simple",
            "Parent Relationship": "InitPlan",
            "Subplan Name": "InitPlan 1",
            "Parallel Aware": false,
            "Async Capable": false,
            "Startup Cost": 16789.82,
            "Total Cost": 16789.83,
            "Plan Rows": 1,
            "Plan Width": 32,
            "Actual Startup Time": 43.762,
            "Actual Total Time": 44.44,
            "Actual Rows": 1,
            "Actual Loops": 1,
            "Plans": [
              {
                "Node Type": "Aggregate",
                "Strategy": "Sorted",
                "Partial Mode": "Finalize",
                "Parent Relationship": "Outer",
                "Parallel Aware": false,
                "Async Capable": false,
                "Startup Cost": 16516.47,
                "Total Cost": 16777.32,
                "Plan Rows": 1000,
                "Plan Width": 36,
                "Actual Startup Time": 42.042,
                "Actual Total Time": 44.382,
                "Actual Rows": 1000,
                "Actual Loops": 1,
                "Group Key": [
                  "lineitem_1.l_suppkey"
                ],
                "Plans": [
                  {
                    "Node Type": "Gather Merge",
                    "Parent Relationship": "Outer",
                    "Parallel Aware": false,
                    "Async Capable": false,
                    "Startup Cost": 16516.47,
                    "Total Cost": 16749.82,
                    "Plan Rows": 2000,
                    "Plan Width": 36,
                    "Actual Startup Time": 42.031,
                    "Actual Total Time": 43.194,
                    "Actual Rows": 2995,
                    "Actual Loops": 1,
                    "Workers Planned": 2,
                    "Workers Launched": 2,
                    "Plans": [
                      {
                        "Node Type": "Sort",
                        "Parent Relationship": "Outer",
                        "Parallel Aware": false,
                        "Async Capable": false,
                        "Startup Cost": 15516.44,
                        "Total Cost": 15518.94,
                        "Plan Rows": 1000,
                        "Plan Width": 36,
                        "Actual Startup Time": 38.966,
                        "Actual Total Time": 39.027,
                        "Actual Rows": 998,
                        "Actual Loops": 3,
                        "Sort Key": [
                          "lineitem_1.l_suppkey"
                        ],
                        "Sort Method": "quicksort",
                        "Sort Space Used": 110,
                        "Sort Space Type": "Memory",
                        "Workers": [
                          {
                            "Worker Number": 0,
                            "Sort Method": "quicksort",
                            "Sort Space Used": 110,
                            "Sort Space Type": "Memory"
                          },
                          {
                            "Worker Number": 1,
                            "Sort Method": "quicksort",
                            "Sort Space Used": 110,
                            "Sort Space Type": "Memory"
                          }
                        ],
                        "Plans": [
                          {
                            "Node Type": "Aggregate",
                            "Strategy": "Hashed",
                            "Partial Mode": "Partial",
                            "Parent Relationship": "Outer",
                            "Parallel Aware": false,
                            "Async Capable": false,
                            "Startup Cost": 15454.12,
                            "Total Cost": 15466.62,
                            "Plan Rows": 1000,
                            "Plan Width": 36,
                            "Actual Startup Time": 38.37,
                            "Actual Total Time": 38.737,
                            "Actual Rows": 998,
                            "Actual Loops": 3,
                            "Group Key": [
                              "lineitem_1.l_suppkey"
                            ],
                            "Planned Partitions": 0,
                            "HashAgg Batches": 1,
                            "Peak Memory Usage": 577,
                            "Disk Usage": 0,
                            "Workers": [
                              {
                                "Worker Number": 0,
                                "HashAgg Batches": 1,
                                "Peak Memory Usage": 577,
                                "Disk Usage": 0
                              },
                              {
                                "Worker Number": 1,
                                "HashAgg Batches": 1,
                                "Peak Memory Usage": 577,
                                "Disk Usage": 0
                              }
                            ],
                            "Plans": [
                              {
                                "Node Type": "Seq Scan",
                                "Parent Relationship": "Outer",
                                "Parallel Aware": true,
                                "Async Capable": false,
                                "Relation Name": "lineitem",
                                "Alias": "lineitem_1",
                                "Startup Cost": 0.0,
                                "Total Cost": 15361.58,
                                "Plan Rows": 9254,
                                "Plan Width": 16,
                                "Actual Startup Time": 0.013,
                                "Actual Total Time": 33.966,
                                "Actual Rows": 7493,
                                "Actual Loops": 3,
                                "Filter": "((l_shipdate >= '1993-11-01'::date) AND (l_shipdate < '1994-02-01 00:00:00'::timestamp without time zone))",
                                "Rows Removed by Filter": 192698,
                                "Workers": []
                              }
                            ]
                          }
                        ]
                      }
                    ]
                  }
                ]
              }
            ]
          },
          {
            "Node Type": "Sort",
            "Parent Relationship": "Outer",
            "Parallel Aware": false,
            "Async Capable": false,
            "Startup Cost": 103.83,
            "Total Cost": 106.33,
            "Plan Rows": 1000,
            "Plan Width": 72,
            "Actual Startup Time": 0.477,
            "Actual Total Time": 0.736,
            "Actual Rows": 952,
            "Actual Loops": 1,
            "Sort Key": [
              "supplier.s_suppkey"
            ],
            "Sort Method": "quicksort",
            "Sort Space Used": 114,
            "Sort Space Type": "Memory",
            "Plans": [
              {
                "Node Type": "Seq Scan",
                "Parent Relationship": "Outer",
                "Parallel Aware": false,
                "Async Capable": false,
                "Relation Name": "supplier",
                "Alias": "supplier",
                "Startup Cost": 0.0,
                "Total Cost": 54.0,
                "Plan Rows": 1000,
                "Plan Width": 72,
                "Actual Startup Time": 0.008,
                "Actual Total Time": 0.272,
                "Actual Rows": 1000,
                "Actual Loops": 1
              }
            ]
          },
          {
            "Node Type": "Aggregate",
            "Strategy": "Sorted",
            "Partial Mode": "Finalize",
            "Parent Relationship": "Inner",
            "Parallel Aware": false,
            "Async Capable": false,
            "Startup Cost": 16516.47,
            "Total Cost": 16779.82,
            "Plan Rows": 5,
            "Plan Width": 36,
            "Actual Startup Time": 90.382,
            "Actual Total Time": 91.571,
            "Actual Rows": 1,
            "Actual Loops": 1,
            "Group Key": [
              "lineitem.l_suppkey"
            ],
            "Filter": "(sum((lineitem.l_extendedprice * ('1'::numeric - lineitem.l_discount))) = (InitPlan 1).col1)",
            "Rows Removed by Filter": 999,
            "Plans": [
              {
                "Node Type": "Gather Merge",
                "Parent Relationship": "Outer",
                "Parallel Aware": false,
                "Async Capable": false,
                "Startup Cost": 16516.47,
                "Total Cost": 16749.82,
                "Plan Rows": 2000,
                "Plan Width": 36,
                "Actual Startup Time": 44.379,
                "Actual Total Time": 46.297,
                "Actual Rows": 2994,
                "Actual Loops": 1,
                "Workers Planned": 2,
                "Workers Launched": 2,
                "Plans": [
                  {
                    "Node Type": "Sort",
                    "Parent Relationship": "Outer",
                    "Parallel Aware": false,
                    "Async Capable": false,
                    "Startup Cost": 15516.44,
                    "Total Cost": 15518.94,
                    "Plan Rows": 1000,
                    "Plan Width": 36,
                    "Actual Startup Time": 41.019,
                    "Actual Total Time": 41.188,
                    "Actual Rows": 998,
                    "Actual Loops": 3,
                    "Sort Key": [
                      "lineitem.l_suppkey"
                    ],
                    "Sort Method": "quicksort",
                    "Sort Space Used": 110,
                    "Sort Space Type": "Memory",
                    "Workers": [
                      {
                        "Worker Number": 0,
                        "Sort Method": "quicksort",
                        "Sort Space Used": 110,
                        "Sort Space Type": "Memory"
                      },
                      {
                        "Worker Number": 1,
                        "Sort Method": "quicksort",
                        "Sort Space Used": 110,
                        "Sort Space Type": "Memory"
                      }
                    ],
                    "Plans": [
                      {
                        "Node Type": "Aggregate",
                        "Strategy": "Hashed",
                        "Partial Mode": "Partial",
                        "Parent Relationship": "Outer",
                        "Parallel Aware": false,
                        "Async Capable": false,
                        "Startup Cost": 15454.12,
                        "Total Cost": 15466.62,
                        "Plan Rows": 1000,
                        "Plan Width": 36,
                        "Actual Startup Time": 40.256,
                        "Actual Total Time": 40.723,
                        "Actual Rows": 998,
                        "Actual Loops": 3,
                        "Group Key": [
                          "lineitem.l_suppkey"
                        ],
                        "Planned Partitions": 0,
                        "HashAgg Batches": 1,
                        "Peak Memory Usage": 577,
                        "Disk Usage": 0,
                        "Workers": [
                          {
                            "Worker Number": 0,
                            "HashAgg Batches": 1,
                            "Peak Memory Usage": 577,
                            "Disk Usage": 0
                          },
                          {
                            "Worker Number": 1,
                            "HashAgg Batches": 1,
                            "Peak Memory Usage": 577,
                            "Disk Usage": 0
                          }
                        ],
                        "Plans": [
                          {
                            "Node Type": "Seq Scan",
                            "Parent Relationship": "Outer",
                            "Parallel Aware": true,
                            "Async Capable": false,
                            "Relation Name": "lineitem",
                            "Alias": "lineitem",
                            "Startup Cost": 0.0,
                            "Total Cost": 15361.58,
                            "Plan Rows": 9254,
                            "Plan Width": 16,
                            "Actual Startup Time": 0.026,
                            "Actual Total Time": 35.712,
                            "Actual Rows": 7493,
                            "Actual Loops": 3,
                            "Filter": "((l_shipdate >= '1993-11-01'::date) AND (l_shipdate < '1994-02-01 00:00:00'::timestamp without time zone))",
                            "Rows Removed by Filter": 192698,
                            "Workers": []
                          }
                        ]
                      }
                    ]
                  }
                ]
              }
            ]
          }
        ]
      },
      "Planning Time": 0.189,
      "Triggers": [],
      "Execution Time": 93.212
    }
  },
  {
    "query_id": "query15.24",
    "query": "select\n\ts_suppkey,\n\ts_name,\n\ts_address,\n\ts_phone,\n\ttotal_revenue\nfrom\n\tsupplier,\n\trevenue0\nwhere\n\ts_suppkey = supplier_no\n\tand total_revenue = (\n\t\tselect\n\t\t\tmax(total_revenue)\n\t\tfrom\n\t\t\trevenue0\n\t)\norder by\n\ts_suppkey;\n",
    "execution_time": 98.064,
    "plan": {
      "Plan": {
        "Node Type": "Merge Join",
        "Parallel Aware": false,
        "Async Capable": false,
        "Join Type": "Inner",
        "Startup Cost": 33408.24,
        "Total Cost": 33676.71,
        "Plan Rows": 5,
        "Plan Width": 104,
        "Actual Startup Time": 95.614,
        "Actual Total Time": 97.933,
        "Actual Rows": 1,
        "Actual Loops": 1,
        "Inner Unique": true,
        "Merge Cond": "(supplier.s_suppkey = lineitem.l_suppkey)",
        "Plans": [
          {
            "Node Type": "Aggregate",
            "Strategy": "Plain",
            "Partial Mode": "Simple",
            "Parent Relationship": "InitPlan",
            "Subplan Name": "InitPlan 1",
            "Parallel Aware": false,
            "Async Capable": false,
            "Startup Cost": 16788.88,
            "Total Cost": 16788.89,
            "Plan Rows": 1,
            "Plan Width": 32,
            "Actual Startup Time": 48.024,
            "Actual Total Time": 48.139,
            "Actual Rows": 1,
            "Actual Loops": 1,
            "Plans": [
              {
                "Node Type": "Aggregate",
                "Strategy": "Sorted",
                "Partial Mode": "Finalize",
                "Parent Relationship": "Outer",
                "Parallel Aware": false,
                "Async Capable": false,
                "Startup Cost": 16515.53,
                "Total Cost": 16776.38,
                "Plan Rows": 1000,
                "Plan Width": 36,
                "Actual Startup Time": 46.094,
                "Actual Total Time": 48.059,
                "Actual Rows": 1000,
                "Actual Loops": 1,
                "Group Key": [
                  "lineitem_1.l_suppkey"
                ],
                "Plans": [
                  {
                    "Node Type": "Gather Merge",
                    "Parent Relationship": "Outer",
                    "Parallel Aware": false,
                    "Async Capable": false,
                    "Startup Cost": 16515.53,
                    "Total Cost": 16748.88,
                    "Plan Rows": 2000,
                    "Plan Width": 36,
                    "Actual Startup Time": 46.081,
                    "Actual Total Time": 46.741,
                    "Actual Rows": 2993,
                    "Actual Loops": 1,
                    "Workers Planned": 2,
                    "Workers Launched": 2,
                    "Plans": [
                      {
                        "Node Type": "Sort",
                        "Parent Relationship": "Outer",
                        "Parallel Aware": false,
                        "Async Capable": false,
                        "Startup Cost": 15515.5,
                        "Total Cost": 15518.0,
                        "Plan Rows": 1000,
                        "Plan Width": 36,
                        "Actual Startup Time": 42.898,
                        "Actual Total Time": 42.963,
                        "Actual Rows": 998,
                        "Actual Loops": 3,
                        "Sort Key": [
                          "lineitem_1.l_suppkey"
                        ],
                        "Sort Method": "quicksort",
                        "Sort Space Used": 110,
                        "Sort Space Type": "Memory",
                        "Workers": [
                          {
                            "Worker Number": 0,
                            "Sort Method": "quicksort",
                            "Sort Space Used": 110,
                            "Sort Space Type": "Memory"
                          },
                          {
                            "Worker Number": 1,
                            "Sort Method": "quicksort",
                            "Sort Space Used": 110,
                            "Sort Space Type": "Memory"
                          }
                        ],
                        "Plans": [
                          {
                            "Node Type": "Aggregate",
                            "Strategy": "Hashed",
                            "Partial Mode": "Partial",
                            "Parent Relationship": "Outer",
                            "Parallel Aware": false,
                            "Async Capable": false,
                            "Startup Cost": 15453.18,
                            "Total Cost": 15465.68,
                            "Plan Rows": 1000,
                            "Plan Width": 36,
                            "Actual Startup Time": 42.085,
                            "Actual Total Time": 42.589,
                            "Actual Rows": 998,
                            "Actual Loops": 3,
                            "Group Key": [
                              "lineitem_1.l_suppkey"
                            ],
                            "Planned Partitions": 0,
                            "HashAgg Batches": 1,
                            "Peak Memory Usage": 577,
                            "Disk Usage": 0,
                            "Workers": [
                              {
                                "Worker Number": 0,
                                "HashAgg Batches": 1,
                                "Peak Memory Usage": 577,
                                "Disk Usage": 0
                              },
                              {
                                "Worker Number": 1,
                                "HashAgg Batches": 1,
                                "Peak Memory Usage": 577,
                                "Disk Usage": 0
                              }
                            ],
                            "Plans": [
                              {
                                "Node Type": "Seq Scan",
                                "Parent Relationship": "Outer",
                                "Parallel Aware": true,
                                "Async Capable": false,
                                "Relation Name": "lineitem",
                                "Alias": "lineitem_1",
                                "Startup Cost": 0.0,
                                "Total Cost": 15361.58,
                                "Plan Rows": 9160,
                                "Plan Width": 16,
                                "Actual Startup Time": 0.017,
                                "Actual Total Time": 37.948,
                                "Actual Rows": 7535,
                                "Actual Loops": 3,
                                "Filter": "((l_shipdate >= '1996-06-01'::date) AND (l_shipdate < '1996-09-01 00:00:00'::timestamp without time zone))",
                                "Rows Removed by Filter": 192655,
                                "Workers": []
                              }
                            ]
                          }
                        ]
                      }
                    ]
                  }
                ]
              }
            ]
          },
          {
            "Node Type": "Sort",
            "Parent Relationship": "Outer",
            "Parallel Aware": false,
            "Async Capable": false,
            "Startup Cost": 103.83,
            "Total Cost": 106.33,
            "Plan Rows": 1000,
            "Plan Width": 72,
            "Actual Startup Time": 0.336,
            "Actual Total Time": 0.614,
            "Actual Rows": 997,
            "Actual Loops": 1,
            "Sort Key": [
              "supplier.s_suppkey"
            ],
            "Sort Method": "quicksort",
            "Sort Space Used": 114,
            "Sort Space Type": "Memory",
            "Plans": [
              {
                "Node Type": "Seq Scan",
                "Parent Relationship": "Outer",
                "Parallel Aware": false,
                "Async Capable": false,
                "Relation Name": "supplier",
                "Alias": "supplier",
                "Startup Cost": 0.0,
                "Total Cost": 54.0,
                "Plan Rows": 1000,
                "Plan Width": 72,
                "Actual Startup Time": 0.009,
                "Actual Total Time": 0.178,
                "Actual Rows": 1000,
                "Actual Loops": 1
              }
            ]
          },
          {
            "Node Type": "Aggregate",
            "Strategy": "Sorted",
            "Partial Mode": "Finalize",
            "Parent Relationship": "Inner",
            "Parallel Aware": false,
            "Async Capable": false,
            "Startup Cost": 16515.53,
            "Total Cost": 16778.88,
            "Plan Rows": 5,
            "Plan Width": 36,
            "Actual Startup Time": 94.892,
            "Actual Total Time": 97.092,
            "Actual Rows": 1,
            "Actual Loops": 1,
            "Group Key": [
              "lineitem.l_suppkey"
            ],
            "Filter": "(sum((lineitem.l_extendedprice * ('1'::numeric - lineitem.l_discount))) = (InitPlan 1).col1)",
            "Rows Removed by Filter": 999,
            "Plans": [
              {
                "Node Type": "Gather Merge",
                "Parent Relationship": "Outer",
                "Parallel Aware": false,
                "Async Capable": false,
                "Startup Cost": 16515.53,
                "Total Cost": 16748.88,
                "Plan Rows": 2000,
                "Plan Width": 36,
                "Actual Startup Time": 44.894,
                "Actual Total Time": 47.691,
                "Actual Rows": 2996,
                "Actual Loops": 1,
                "Workers Planned": 2,
                "Workers Launched": 2,
                "Plans": [
                  {
                    "Node Type": "Sort",
                    "Parent Relationship": "Outer",
                    "Parallel Aware": false,
                    "Async Capable": false,
                    "Startup Cost": 15515.5,
                    "Total Cost": 15518.0,
                    "Plan Rows": 1000,
                    "Plan Width": 36,
                    "Actual Startup Time": 41.85,
                    "Actual Total Time": 41.942,
                    "Actual Rows": 999,
                    "Actual Loops": 3,
                    "Sort Key": [
                      "lineitem.l_suppkey"
                    ],
                    "Sort Method": "quicksort",
                    "Sort Space Used": 110,
                    "Sort Space Type": "Memory",
                    "Workers": [
                      {
                        "Worker Number": 0,
                        "Sort Method": "quicksort",
                        "Sort Space Used": 110,
                        "Sort Space Type": "Memory"
                      },
                      {
                        "Worker Number": 1,
                        "Sort Method": "quicksort",
                        "Sort Space Used": 110,
                        "Sort Space Type": "Memory"
                      }
                    ],
                    "Plans": [
                      {
                        "Node Type": "Aggregate",
                        "Strategy": "Hashed",
                        "Partial Mode": "Partial",
                        "Parent Relationship": "Outer",
                        "Parallel Aware": false,
                        "Async Capable": false,
                        "Startup Cost": 15453.18,
                        "Total Cost": 15465.68,
                        "Plan Rows": 1000,
                        "Plan Width": 36,
                        "Actual Startup Time": 41.08,
                        "Actual Total Time": 41.59,
                        "Actual Rows": 999,
                        "Actual Loops": 3,
                        "Group Key": [
                          "lineitem.l_suppkey"
                        ],
                        "Planned Partitions": 0,
                        "HashAgg Batches": 1,
                        "Peak Memory Usage": 577,
                        "Disk Usage": 0,
                        "Workers": [
                          {
                            "Worker Number": 0,
                            "HashAgg Batches": 1,
                            "Peak Memory Usage": 577,
                            "Disk Usage": 0
                          },
                          {
                            "Worker Number": 1,
                            "HashAgg Batches": 1,
                            "Peak Memory Usage": 577,
                            "Disk Usage": 0
                          }
                        ],
                        "Plans": [
                          {
                            "Node Type": "Seq Scan",
                            "Parent Relationship": "Outer",
                            "Parallel Aware": true,
                            "Async Capable": false,
                            "Relation Name": "lineitem",
                            "Alias": "lineitem",
                            "Startup Cost": 0.0,
                            "Total Cost": 15361.58,
                            "Plan Rows": 9160,
                            "Plan Width": 16,
                            "Actual Startup Time": 0.017,
                            "Actual Total Time": 36.573,
                            "Actual Rows": 7535,
                            "Actual Loops": 3,
                            "Filter": "((l_shipdate >= '1996-06-01'::date) AND (l_shipdate < '1996-09-01 00:00:00'::timestamp without time zone))",
                            "Rows Removed by Filter": 192655,
                            "Workers": []
                          }
                        ]
                      }
                    ]
                  }
                ]
              }
            ]
          }
        ]
      },
      "Planning Time": 0.192,
      "Triggers": [],
      "Execution Time": 98.064
    }
  },
  {
    "query_id": "query15.25",
    "query": "select\n\ts_suppkey,\n\ts_name,\n\ts_address,\n\ts_phone,\n\ttotal_revenue\nfrom\n\tsupplier,\n\trevenue0\nwhere\n\ts_suppkey = supplier_no\n\tand total_revenue = (\n\t\tselect\n\t\t\tmax(total_revenue)\n\t\tfrom\n\t\t\trevenue0\n\t)\norder by\n\ts_suppkey;\n",
    "execution_time": 111.7,
    "plan": {
      "Plan": {
        "Node Type": "Merge Join",
        "Parallel Aware": false,
        "Async Capable": false,
        "Join Type": "Inner",
        "Startup Cost": 33415.84,
        "Total Cost": 33684.31,
        "Plan Rows": 5,
        "Plan Width": 104,
        "Actual Startup Time": 109.289,
        "Actual Total Time": 111.529,
        "Actual Rows": 1,
        "Actual Loops": 1,
        "Inner Unique": true,
        "Merge Cond": "(supplier.s_suppkey = lineitem.l_suppkey)",
        "Plans": [
          {
            "Node Type": "Aggregate",
            "Strategy": "Plain",
            "Partial Mode": "Simple",
            "Parent Relationship": "InitPlan",
            "Subplan Name": "InitPlan 1",
            "Parallel Aware": false,
            "Async Capable": false,
            "Startup Cost": 16792.68,
            "Total Cost": 16792.69,
            "Plan Rows": 1,
            "Plan Width": 32,
            "Actual Startup Time": 50.062,
            "Actual Total Time": 50.194,
            "Actual Rows": 1,
            "Actual Loops": 1,
            "Plans": [
              {
                "Node Type": "Aggregate",
                "Strategy": "Sorted",
                "Partial Mode": "Finalize",
                "Parent Relationship": "Outer",
                "Parallel Aware": false,
                "Async Capable": false,
                "Startup Cost": 16519.33,
                "Total Cost": 16780.18,
                "Plan Rows": 1000,
                "Plan Width": 36,
                "Actual Startup Time": 48.043,
                "Actual Total Time": 50.123,
                "Actual Rows": 1000,
                "Actual Loops": 1,
                "Group Key": [
                  "lineitem_1.l_suppkey"
                ],
                "Plans": [
                  {
                    "Node Type": "Gather Merge",
                    "Parent Relationship": "Outer",
                    "Parallel Aware": false,
                    "Async Capable": false,
                    "Startup Cost": 16519.33,
                    "Total Cost": 16752.68,
                    "Plan Rows": 2000,
                    "Plan Width": 36,
                    "Actual Startup Time": 48.027,
                    "Actual Total Time": 48.709,
                    "Actual Rows": 2993,
                    "Actual Loops": 1,
                    "Workers Planned": 2,
                    "Workers Launched": 2,
                    "Plans": [
                      {
                        "Node Type": "Sort",
                        "Parent Relationship": "Outer",
                        "Parallel Aware": false,
                        "Async Capable": false,
                        "Startup Cost": 15519.3,
                        "Total Cost": 15521.8,
                        "Plan Rows": 1000,
                        "Plan Width": 36,
                        "Actual Startup Time": 44.701,
                        "Actual Total Time": 44.755,
                        "Actual Rows": 998,
                        "Actual Loops": 3,
                        "Sort Key": [
                          "lineitem_1.l_suppkey"
                        ],
                        "Sort Method": "quicksort",
                        "Sort Space Used": 110,
                        "Sort Space Type": "Memory",
                        "Workers": [
                          {
                            "Worker Number": 0,
                            "Sort Method": "quicksort",
                            "Sort Space Used": 110,
                            "Sort Space Type": "Memory"
                          },
                          {
                            "Worker Number": 1,
                            "Sort Method": "quicksort",
                            "Sort Space Used": 110,
                            "Sort Space Type": "Memory"
                          }
                        ],
                        "Plans": [
                          {
                            "Node Type": "Aggregate",
                            "Strategy": "Hashed",
                            "Partial Mode": "Partial",
                            "Parent Relationship": "Outer",
                            "Parallel Aware": false,
                            "Async Capable": false,
                            "Startup Cost": 15456.98,
                            "Total Cost": 15469.48,
                            "Plan Rows": 1000,
                            "Plan Width": 36,
                            "Actual Startup Time": 44.148,
                            "Actual Total Time": 44.482,
                            "Actual Rows": 998,
                            "Actual Loops": 3,
                            "Group Key": [
                              "lineitem_1.l_suppkey"
                            ],
                            "Planned Partitions": 0,
                            "HashAgg Batches": 1,
                            "Peak Memory Usage": 577,
                            "Disk Usage": 0,
                            "Workers": [
                              {
                                "Worker Number": 0,
                                "HashAgg Batches": 1,
                                "Peak Memory Usage": 577,
                                "Disk Usage": 0
                              },
                              {
                                "Worker Number": 1,
                                "HashAgg Batches": 1,
                                "Peak Memory Usage": 577,
                                "Disk Usage": 0
                              }
                            ],
                            "Plans": [
                              {
                                "Node Type": "Seq Scan",
                                "Parent Relationship": "Outer",
                                "Parallel Aware": true,
                                "Async Capable": false,
                                "Relation Name": "lineitem",
                                "Alias": "lineitem_1",
                                "Startup Cost": 0.0,
                                "Total Cost": 15361.58,
                                "Plan Rows": 9540,
                                "Plan Width": 16,
                                "Actual Startup Time": 0.023,
                                "Actual Total Time": 39.96,
                                "Actual Rows": 7747,
                                "Actual Loops": 3,
                                "Filter": "((l_shipdate >= '1994-03-01'::date) AND (l_shipdate < '1994-06-01 00:00:00'::timestamp without time zone))",
                                "Rows Removed by Filter": 192443,
                                "Workers": []
                              }
                            ]
                          }
                        ]
                      }
                    ]
                  }
                ]
              }
            ]
          },
          {
            "Node Type": "Sort",
            "Parent Relationship": "Outer",
            "Parallel Aware": false,
            "Async Capable": false,
            "Startup Cost": 103.83,
            "Total Cost": 106.33,
            "Plan Rows": 1000,
            "Plan Width": 72,
            "Actual Startup Time": 0.501,
            "Actual Total Time": 0.537,
            "Actual Rows": 940,
            "Actual Loops": 1,
            "Sort Key": [
              "supplier.s_suppkey"
            ],
            "Sort Method": "quicksort",
            "Sort Space Used": 114,
            "Sort Space Type": "Memory",
            "Plans": [
              {
                "Node Type": "Seq Scan",
                "Parent Relationship": "Outer",
                "Parallel Aware": false,
                "Async Capable": false,
                "Relation Name": "supplier",
                "Alias": "supplier",
                "Startup Cost": 0.0,
                "Total Cost": 54.0,
                "Plan Rows": 1000,
                "Plan Width": 72,
                "Actual Startup Time": 0.01,
                "Actual Total Time": 0.294,
                "Actual Rows": 1000,
                "Actual Loops": 1
              }
            ]
          },
          {
            "Node Type": "Aggregate",
            "Strategy": "Sorted",
            "Partial Mode": "Finalize",
            "Parent Relationship": "Inner",
            "Parallel Aware": false,
            "Async Capable": false,
            "Startup Cost": 16519.33,
            "Total Cost": 16782.68,
            "Plan Rows": 5,
            "Plan Width": 36,
            "Actual Startup Time": 108.697,
            "Actual Total Time": 110.803,
            "Actual Rows": 1,
            "Actual Loops": 1,
            "Group Key": [
              "lineitem.l_suppkey"
            ],
            "Filter": "(sum((lineitem.l_extendedprice * ('1'::numeric - lineitem.l_discount))) = (InitPlan 1).col1)",
            "Rows Removed by Filter": 999,
            "Plans": [
              {
                "Node Type": "Gather Merge",
                "Parent Relationship": "Outer",
                "Parallel Aware": false,
                "Async Capable": false,
                "Startup Cost": 16519.33,
                "Total Cost": 16752.68,
                "Plan Rows": 2000,
                "Plan Width": 36,
                "Actual Startup Time": 56.831,
                "Actual Total Time": 59.426,
                "Actual Rows": 2998,
                "Actual Loops": 1,
                "Workers Planned": 2,
                "Workers Launched": 2,
                "Plans": [
                  {
                    "Node Type": "Sort",
                    "Parent Relationship": "Outer",
                    "Parallel Aware": false,
                    "Async Capable": false,
                    "Startup Cost": 15519.3,
                    "Total Cost": 15521.8,
                    "Plan Rows": 1000,
                    "Plan Width": 36,
                    "Actual Startup Time": 52.753,
                    "Actual Total Time": 52.848,
                    "Actual Rows": 999,
                    "Actual Loops": 3,
                    "Sort Key": [
                      "lineitem.l_suppkey"
                    ],
                    "Sort Method": "quicksort",
                    "Sort Space Used": 110,
                    "Sort Space Type": "Memory",
                    "Workers": [
                      {
                        "Worker Number": 0,
                        "Sort Method": "quicksort",
                        "Sort Space Used": 110,
                        "Sort Space Type": "Memory"
                      },
                      {
                        "Worker Number": 1,
                        "Sort Method": "quicksort",
                        "Sort Space Used": 110,
                        "Sort Space Type": "Memory"
                      }
                    ],
                    "Plans": [
                      {
                        "Node Type": "Aggregate",
                        "Strategy": "Hashed",
                        "Partial Mode": "Partial",
                        "Parent Relationship": "Outer",
                        "Parallel Aware": false,
                        "Async Capable": false,
                        "Startup Cost": 15456.98,
                        "Total Cost": 15469.48,
                        "Plan Rows": 1000,
                        "Plan Width": 36,
                        "Actual Startup Time": 52.036,
                        "Actual Total Time": 52.483,
                        "Actual Rows": 999,
                        "Actual Loops": 3,
                        "Group Key": [
                          "lineitem.l_suppkey"
                        ],
                        "Planned Partitions": 0,
                        "HashAgg Batches": 1,
                        "Peak Memory Usage": 577,
                        "Disk Usage": 0,
                        "Workers": [
                          {
                            "Worker Number": 0,
                            "HashAgg Batches": 1,
                            "Peak Memory Usage": 577,
                            "Disk Usage": 0
                          },
                          {
                            "Worker Number": 1,
                            "HashAgg Batches": 1,
                            "Peak Memory Usage": 577,
                            "Disk Usage": 0
                          }
                        ],
                        "Plans": [
                          {
                            "Node Type": "Seq Scan",
                            "Parent Relationship": "Outer",
                            "Parallel Aware": true,
                            "Async Capable": false,
                            "Relation Name": "lineitem",
                            "Alias": "lineitem",
                            "Startup Cost": 0.0,
                            "Total Cost": 15361.58,
                            "Plan Rows": 9540,
                            "Plan Width": 16,
                            "Actual Startup Time": 0.07,
                            "Actual Total Time": 47.216,
                            "Actual Rows": 7747,
                            "Actual Loops": 3,
                            "Filter": "((l_shipdate >= '1994-03-01'::date) AND (l_shipdate < '1994-06-01 00:00:00'::timestamp without time zone))",
                            "Rows Removed by Filter": 192443,
                            "Workers": []
                          }
                        ]
                      }
                    ]
                  }
                ]
              }
            ]
          }
        ]
      },
      "Planning Time": 0.328,
      "Triggers": [],
      "Execution Time": 111.7
    }
  },
  {
    "query_id": "query15.26",
    "query": "select\n\ts_suppkey,\n\ts_name,\n\ts_address,\n\ts_phone,\n\ttotal_revenue\nfrom\n\tsupplier,\n\trevenue0\nwhere\n\ts_suppkey = supplier_no\n\tand total_revenue = (\n\t\tselect\n\t\t\tmax(total_revenue)\n\t\tfrom\n\t\t\trevenue0\n\t)\norder by\n\ts_suppkey;\n",
    "execution_time": 114.586,
    "plan": {
      "Plan": {
        "Node Type": "Merge Join",
        "Parallel Aware": false,
        "Async Capable": false,
        "Join Type": "Inner",
        "Startup Cost": 33415.54,
        "Total Cost": 33684.01,
        "Plan Rows": 5,
        "Plan Width": 104,
        "Actual Startup Time": 112.093,
        "Actual Total Time": 114.412,
        "Actual Rows": 1,
        "Actual Loops": 1,
        "Inner Unique": true,
        "Merge Cond": "(supplier.s_suppkey = lineitem.l_suppkey)",
        "Plans": [
          {
            "Node Type": "Aggregate",
            "Strategy": "Plain",
            "Partial Mode": "Simple",
            "Parent Relationship": "InitPlan",
            "Subplan Name": "InitPlan 1",
            "Parallel Aware": false,
            "Async Capable": false,
            "Startup Cost": 16792.53,
            "Total Cost": 16792.54,
            "Plan Rows": 1,
            "Plan Width": 32,
            "Actual Startup Time": 54.77,
            "Actual Total Time": 55.191,
            "Actual Rows": 1,
            "Actual Loops": 1,
            "Plans": [
              {
                "Node Type": "Aggregate",
                "Strategy": "Sorted",
                "Partial Mode": "Finalize",
                "Parent Relationship": "Outer",
                "Parallel Aware": false,
                "Async Capable": false,
                "Startup Cost": 16519.18,
                "Total Cost": 16780.03,
                "Plan Rows": 1000,
                "Plan Width": 36,
                "Actual Startup Time": 53.065,
                "Actual Total Time": 55.132,
                "Actual Rows": 1000,
                "Actual Loops": 1,
                "Group Key": [
                  "lineitem_1.l_suppkey"
                ],
                "Plans": [
                  {
                    "Node Type": "Gather Merge",
                    "Parent Relationship": "Outer",
                    "Parallel Aware": false,
                    "Async Capable": false,
                    "Startup Cost": 16519.18,
                    "Total Cost": 16752.53,
                    "Plan Rows": 2000,
                    "Plan Width": 36,
                    "Actual Startup Time": 53.055,
                    "Actual Total Time": 53.939,
                    "Actual Rows": 2995,
                    "Actual Loops": 1,
                    "Workers Planned": 2,
                    "Workers Launched": 2,
                    "Plans": [
                      {
                        "Node Type": "Sort",
                        "Parent Relationship": "Outer",
                        "Parallel Aware": false,
                        "Async Capable": false,
                        "Startup Cost": 15519.15,
                        "Total Cost": 15521.65,
                        "Plan Rows": 1000,
                        "Plan Width": 36,
                        "Actual Startup Time": 49.108,
                        "Actual Total Time": 49.161,
                        "Actual Rows": 998,
                        "Actual Loops": 3,
                        "Sort Key": [
                          "lineitem_1.l_suppkey"
                        ],
                        "Sort Method": "quicksort",
                        "Sort Space Used": 110,
                        "Sort Space Type": "Memory",
                        "Workers": [
                          {
                            "Worker Number": 0,
                            "Sort Method": "quicksort",
                            "Sort Space Used": 110,
                            "Sort Space Type": "Memory"
                          },
                          {
                            "Worker Number": 1,
                            "Sort Method": "quicksort",
                            "Sort Space Used": 110,
                            "Sort Space Type": "Memory"
                          }
                        ],
                        "Plans": [
                          {
                            "Node Type": "Aggregate",
                            "Strategy": "Hashed",
                            "Partial Mode": "Partial",
                            "Parent Relationship": "Outer",
                            "Parallel Aware": false,
                            "Async Capable": false,
                            "Startup Cost": 15456.83,
                            "Total Cost": 15469.33,
                            "Plan Rows": 1000,
                            "Plan Width": 36,
                            "Actual Startup Time": 48.412,
                            "Actual Total Time": 48.816,
                            "Actual Rows": 998,
                            "Actual Loops": 3,
                            "Group Key": [
                              "lineitem_1.l_suppkey"
                            ],
                            "Planned Partitions": 0,
                            "HashAgg Batches": 1,
                            "Peak Memory Usage": 577,
                            "Disk Usage": 0,
                            "Workers": [
                              {
                                "Worker Number": 0,
                                "HashAgg Batches": 1,
                                "Peak Memory Usage": 577,
                                "Disk Usage": 0
                              },
                              {
                                "Worker Number": 1,
                                "HashAgg Batches": 1,
                                "Peak Memory Usage": 577,
                                "Disk Usage": 0
                              }
                            ],
                            "Plans": [
                              {
                                "Node Type": "Seq Scan",
                                "Parent Relationship": "Outer",
                                "Parallel Aware": true,
                                "Async Capable": false,
                                "Relation Name": "lineitem",
                                "Alias": "lineitem_1",
                                "Startup Cost": 0.0,
                                "Total Cost": 15361.58,
                                "Plan Rows": 9525,
                                "Plan Width": 16,
                                "Actual Startup Time": 0.047,
                                "Actual Total Time": 43.935,
                                "Actual Rows": 7605,
                                "Actual Loops": 3,
                                "Filter": "((l_shipdate >= '1996-09-01'::date) AND (l_shipdate < '1996-12-01 00:00:00'::timestamp without time zone))",
                                "Rows Removed by Filter": 192585,
                                "Workers": []
                              }
                            ]
                          }
                        ]
                      }
                    ]
                  }
                ]
              }
            ]
          },
          {
            "Node Type": "Sort",
            "Parent Relationship": "Outer",
            "Parallel Aware": false,
            "Async Capable": false,
            "Startup Cost": 103.83,
            "Total Cost": 106.33,
            "Plan Rows": 1000,
            "Plan Width": 72,
            "Actual Startup Time": 0.448,
            "Actual Total Time": 0.486,
            "Actual Rows": 757,
            "Actual Loops": 1,
            "Sort Key": [
              "supplier.s_suppkey"
            ],
            "Sort Method": "quicksort",
            "Sort Space Used": 114,
            "Sort Space Type": "Memory",
            "Plans": [
              {
                "Node Type": "Seq Scan",
                "Parent Relationship": "Outer",
                "Parallel Aware": false,
                "Async Capable": false,
                "Relation Name": "supplier",
                "Alias": "supplier",
                "Startup Cost": 0.0,
                "Total Cost": 54.0,
                "Plan Rows": 1000,
                "Plan Width": 72,
                "Actual Startup Time": 0.013,
                "Actual Total Time": 0.268,
                "Actual Rows": 1000,
                "Actual Loops": 1
              }
            ]
          },
          {
            "Node Type": "Aggregate",
            "Strategy": "Sorted",
            "Partial Mode": "Finalize",
            "Parent Relationship": "Inner",
            "Parallel Aware": false,
            "Async Capable": false,
            "Startup Cost": 16519.18,
            "Total Cost": 16782.53,
            "Plan Rows": 5,
            "Plan Width": 36,
            "Actual Startup Time": 111.553,
            "Actual Total Time": 113.449,
            "Actual Rows": 1,
            "Actual Loops": 1,
            "Group Key": [
              "lineitem.l_suppkey"
            ],
            "Filter": "(sum((lineitem.l_extendedprice * ('1'::numeric - lineitem.l_discount))) = (InitPlan 1).col1)",
            "Rows Removed by Filter": 999,
            "Plans": [
              {
                "Node Type": "Gather Merge",
                "Parent Relationship": "Outer",
                "Parallel Aware": false,
                "Async Capable": false,
                "Startup Cost": 16519.18,
                "Total Cost": 16752.53,
                "Plan Rows": 2000,
                "Plan Width": 36,
                "Actual Startup Time": 55.204,
                "Actual Total Time": 57.264,
                "Actual Rows": 2994,
                "Actual Loops": 1,
                "Workers Planned": 2,
                "Workers Launched": 2,
                "Plans": [
                  {
                    "Node Type": "Sort",
                    "Parent Relationship": "Outer",
                    "Parallel Aware": false,
                    "Async Capable": false,
                    "Startup Cost": 15519.15,
                    "Total Cost": 15521.65,
                    "Plan Rows": 1000,
                    "Plan Width": 36,
                    "Actual Startup Time": 51.254,
                    "Actual Total Time": 51.348,
                    "Actual Rows": 998,
                    "Actual Loops": 3,
                    "Sort Key": [
                      "lineitem.l_suppkey"
                    ],
                    "Sort Method": "quicksort",
                    "Sort Space Used": 110,
                    "Sort Space Type": "Memory",
                    "Workers": [
                      {
                        "Worker Number": 0,
                        "Sort Method": "quicksort",
                        "Sort Space Used": 110,
                        "Sort Space Type": "Memory"
                      },
                      {
                        "Worker Number": 1,
                        "Sort Method": "quicksort",
                        "Sort Space Used": 110,
                        "Sort Space Type": "Memory"
                      }
                    ],
                    "Plans": [
                      {
                        "Node Type": "Aggregate",
                        "Strategy": "Hashed",
                        "Partial Mode": "Partial",
                        "Parent Relationship": "Outer",
                        "Parallel Aware": false,
                        "Async Capable": false,
                        "Startup Cost": 15456.83,
                        "Total Cost": 15469.33,
                        "Plan Rows": 1000,
                        "Plan Width": 36,
                        "Actual Startup Time": 50.644,
                        "Actual Total Time": 51.036,
                        "Actual Rows": 998,
                        "Actual Loops": 3,
                        "Group Key": [
                          "lineitem.l_suppkey"
                        ],
                        "Planned Partitions": 0,
                        "HashAgg Batches": 1,
                        "Peak Memory Usage": 577,
                        "Disk Usage": 0,
                        "Workers": [
                          {
                            "Worker Number": 0,
                            "HashAgg Batches": 1,
                            "Peak Memory Usage": 577,
                            "Disk Usage": 0
                          },
                          {
                            "Worker Number": 1,
                            "HashAgg Batches": 1,
                            "Peak Memory Usage": 577,
                            "Disk Usage": 0
                          }
                        ],
                        "Plans": [
                          {
                            "Node Type": "Seq Scan",
                            "Parent Relationship": "Outer",
                            "Parallel Aware": true,
                            "Async Capable": false,
                            "Relation Name": "lineitem",
                            "Alias": "lineitem",
                            "Startup Cost": 0.0,
                            "Total Cost": 15361.58,
                            "Plan Rows": 9525,
                            "Plan Width": 16,
                            "Actual Startup Time": 0.052,
                            "Actual Total Time": 45.641,
                            "Actual Rows": 7605,
                            "Actual Loops": 3,
                            "Filter": "((l_shipdate >= '1996-09-01'::date) AND (l_shipdate < '1996-12-01 00:00:00'::timestamp without time zone))",
                            "Rows Removed by Filter": 192585,
                            "Workers": []
                          }
                        ]
                      }
                    ]
                  }
                ]
              }
            ]
          }
        ]
      },
      "Planning Time": 0.334,
      "Triggers": [],
      "Execution Time": 114.586
    }
  },
  {
    "query_id": "query15.27",
    "query": "select\n\ts_suppkey,\n\ts_name,\n\ts_address,\n\ts_phone,\n\ttotal_revenue\nfrom\n\tsupplier,\n\trevenue0\nwhere\n\ts_suppkey = supplier_no\n\tand total_revenue = (\n\t\tselect\n\t\t\tmax(total_revenue)\n\t\tfrom\n\t\t\trevenue0\n\t)\norder by\n\ts_suppkey;\n",
    "execution_time": 111.361,
    "plan": {
      "Plan": {
        "Node Type": "Merge Join",
        "Parallel Aware": false,
        "Async Capable": false,
        "Join Type": "Inner",
        "Startup Cost": 33422.18,
        "Total Cost": 33690.65,
        "Plan Rows": 5,
        "Plan Width": 104,
        "Actual Startup Time": 108.819,
        "Actual Total Time": 111.155,
        "Actual Rows": 1,
        "Actual Loops": 1,
        "Inner Unique": true,
        "Merge Cond": "(supplier.s_suppkey = lineitem.l_suppkey)",
        "Plans": [
          {
            "Node Type": "Aggregate",
            "Strategy": "Plain",
            "Partial Mode": "Simple",
            "Parent Relationship": "InitPlan",
            "Subplan Name": "InitPlan 1",
            "Parallel Aware": false,
            "Async Capable": false,
            "Startup Cost": 16795.85,
            "Total Cost": 16795.86,
            "Plan Rows": 1,
            "Plan Width": 32,
            "Actual Startup Time": 49.17,
            "Actual Total Time": 50.419,
            "Actual Rows": 1,
            "Actual Loops": 1,
            "Plans": [
              {
                "Node Type": "Aggregate",
                "Strategy": "Sorted",
                "Partial Mode": "Finalize",
                "Parent Relationship": "Outer",
                "Parallel Aware": false,
                "Async Capable": false,
                "Startup Cost": 16522.5,
                "Total Cost": 16783.35,
                "Plan Rows": 1000,
                "Plan Width": 36,
                "Actual Startup Time": 47.428,
                "Actual Total Time": 50.36,
                "Actual Rows": 1000,
                "Actual Loops": 1,
                "Group Key": [
                  "lineitem_1.l_suppkey"
                ],
                "Plans": [
                  {
                    "Node Type": "Gather Merge",
                    "Parent Relationship": "Outer",
                    "Parallel Aware": false,
                    "Async Capable": false,
                    "Startup Cost": 16522.5,
                    "Total Cost": 16755.85,
                    "Plan Rows": 2000,
                    "Plan Width": 36,
                    "Actual Startup Time": 47.413,
                    "Actual Total Time": 49.166,
                    "Actual Rows": 2998,
                    "Actual Loops": 1,
                    "Workers Planned": 2,
                    "Workers Launched": 2,
                    "Plans": [
                      {
                        "Node Type": "Sort",
                        "Parent Relationship": "Outer",
                        "Parallel Aware": false,
                        "Async Capable": false,
                        "Startup Cost": 15522.47,
                        "Total Cost": 15524.97,
                        "Plan Rows": 1000,
                        "Plan Width": 36,
                        "Actual Startup Time": 43.932,
                        "Actual Total Time": 43.987,
                        "Actual Rows": 999,
                        "Actual Loops": 3,
                        "Sort Key": [
                          "lineitem_1.l_suppkey"
                        ],
                        "Sort Method": "quicksort",
                        "Sort Space Used": 110,
                        "Sort Space Type": "Memory",
                        "Workers": [
                          {
                            "Worker Number": 0,
                            "Sort Method": "quicksort",
                            "Sort Space Used": 110,
                            "Sort Space Type": "Memory"
                          },
                          {
                            "Worker Number": 1,
                            "Sort Method": "quicksort",
                            "Sort Space Used": 110,
                            "Sort Space Type": "Memory"
                          }
                        ],
                        "Plans": [
                          {
                            "Node Type": "Aggregate",
                            "Strategy": "Hashed",
                            "Partial Mode": "Partial",
                            "Parent Relationship": "Outer",
                            "Parallel Aware": false,
                            "Async Capable": false,
                            "Startup Cost": 15460.15,
                            "Total Cost": 15472.65,
                            "Plan Rows": 1000,
                            "Plan Width": 36,
                            "Actual Startup Time": 43.255,
                            "Actual Total Time": 43.666,
                            "Actual Rows": 999,
                            "Actual Loops": 3,
                            "Group Key": [
                              "lineitem_1.l_suppkey"
                            ],
                            "Planned Partitions": 0,
                            "HashAgg Batches": 1,
                            "Peak Memory Usage": 577,
                            "Disk Usage": 0,
                            "Workers": [
                              {
                                "Worker Number": 0,
                                "HashAgg Batches": 1,
                                "Peak Memory Usage": 577,
                                "Disk Usage": 0
                              },
                              {
                                "Worker Number": 1,
                                "HashAgg Batches": 1,
                                "Peak Memory Usage": 577,
                                "Disk Usage": 0
                              }
                            ],
                            "Plans": [
                              {
                                "Node Type": "Seq Scan",
                                "Parent Relationship": "Outer",
                                "Parallel Aware": true,
                                "Async Capable": false,
                                "Relation Name": "lineitem",
                                "Alias": "lineitem_1",
                                "Startup Cost": 0.0,
                                "Total Cost": 15361.58,
                                "Plan Rows": 9857,
                                "Plan Width": 16,
                                "Actual Startup Time": 0.015,
                                "Actual Total Time": 39.315,
                                "Actual Rows": 7695,
                                "Actual Loops": 3,
                                "Filter": "((l_shipdate >= '1994-06-01'::date) AND (l_shipdate < '1994-09-01 00:00:00'::timestamp without time zone))",
                                "Rows Removed by Filter": 192496,
                                "Workers": []
                              }
                            ]
                          }
                        ]
                      }
                    ]
                  }
                ]
              }
            ]
          },
          {
            "Node Type": "Sort",
            "Parent Relationship": "Outer",
            "Parallel Aware": false,
            "Async Capable": false,
            "Startup Cost": 103.83,
            "Total Cost": 106.33,
            "Plan Rows": 1000,
            "Plan Width": 72,
            "Actual Startup Time": 0.8,
            "Actual Total Time": 1.006,
            "Actual Rows": 759,
            "Actual Loops": 1,
            "Sort Key": [
              "supplier.s_suppkey"
            ],
            "Sort Method": "quicksort",
            "Sort Space Used": 114,
            "Sort Space Type": "Memory",
            "Plans": [
              {
                "Node Type": "Seq Scan",
                "Parent Relationship": "Outer",
                "Parallel Aware": false,
                "Async Capable": false,
                "Relation Name": "supplier",
                "Alias": "supplier",
                "Startup Cost": 0.0,
                "Total Cost": 54.0,
                "Plan Rows": 1000,
                "Plan Width": 72,
                "Actual Startup Time": 0.013,
                "Actual Total Time": 0.489,
                "Actual Rows": 1000,
                "Actual Loops": 1
              }
            ]
          },
          {
            "Node Type": "Aggregate",
            "Strategy": "Sorted",
            "Partial Mode": "Finalize",
            "Parent Relationship": "Inner",
            "Parallel Aware": false,
            "Async Capable": false,
            "Startup Cost": 16522.5,
            "Total Cost": 16785.85,
            "Plan Rows": 5,
            "Plan Width": 36,
            "Actual Startup Time": 107.73,
            "Actual Total Time": 108.814,
            "Actual Rows": 1,
            "Actual Loops": 1,
            "Group Key": [
              "lineitem.l_suppkey"
            ],
            "Filter": "(sum((lineitem.l_extendedprice * ('1'::numeric - lineitem.l_discount))) = (InitPlan 1).col1)",
            "Rows Removed by Filter": 999,
            "Plans": [
              {
                "Node Type": "Gather Merge",
                "Parent Relationship": "Outer",
                "Parallel Aware": false,
                "Async Capable": false,
                "Startup Cost": 16522.5,
                "Total Cost": 16755.85,
                "Plan Rows": 2000,
                "Plan Width": 36,
                "Actual Startup Time": 56.997,
                "Actual Total Time": 58.423,
                "Actual Rows": 2999,
                "Actual Loops": 1,
                "Workers Planned": 2,
                "Workers Launched": 2,
                "Plans": [
                  {
                    "Node Type": "Sort",
                    "Parent Relationship": "Outer",
                    "Parallel Aware": false,
                    "Async Capable": false,
                    "Startup Cost": 15522.47,
                    "Total Cost": 15524.97,
                    "Plan Rows": 1000,
                    "Plan Width": 36,
                    "Actual Startup Time": 53.151,
                    "Actual Total Time": 53.293,
                    "Actual Rows": 1000,
                    "Actual Loops": 3,
                    "Sort Key": [
                      "lineitem.l_suppkey"
                    ],
                    "Sort Method": "quicksort",
                    "Sort Space Used": 110,
                    "Sort Space Type": "Memory",
                    "Workers": [
                      {
                        "Worker Number": 0,
                        "Sort Method": "quicksort",
                        "Sort Space Used": 110,
                        "Sort Space Type": "Memory"
                      },
                      {
                        "Worker Number": 1,
                        "Sort Method": "quicksort",
                        "Sort Space Used": 110,
                        "Sort Space Type": "Memory"
                      }
                    ],
                    "Plans": [
                      {
                        "Node Type": "Aggregate",
                        "Strategy": "Hashed",
                        "Partial Mode": "Partial",
                        "Parent Relationship": "Outer",
                        "Parallel Aware": false,
                        "Async Capable": false,
                        "Startup Cost": 15460.15,
                        "Total Cost": 15472.65,
                        "Plan Rows": 1000,
                        "Plan Width": 36,
                        "Actual Startup Time": 52.485,
                        "Actual Total Time": 52.901,
                        "Actual Rows": 1000,
                        "Actual Loops": 3,
                        "Group Key": [
                          "lineitem.l_suppkey"
                        ],
                        "Planned Partitions": 0,
                        "HashAgg Batches": 1,
                        "Peak Memory Usage": 577,
                        "Disk Usage": 0,
                        "Workers": [
                          {
                            "Worker Number": 0,
                            "HashAgg Batches": 1,
                            "Peak Memory Usage": 577,
                            "Disk Usage": 0
                          },
                          {
                            "Worker Number": 1,
                            "HashAgg Batches": 1,
                            "Peak Memory Usage": 577,
                            "Disk Usage": 0
                          }
                        ],
                        "Plans": [
                          {
                            "Node Type": "Seq Scan",
                            "Parent Relationship": "Outer",
                            "Parallel Aware": true,
                            "Async Capable": false,
                            "Relation Name": "lineitem",
                            "Alias": "lineitem",
                            "Startup Cost": 0.0,
                            "Total Cost": 15361.58,
                            "Plan Rows": 9857,
                            "Plan Width": 16,
                            "Actual Startup Time": 0.03,
                            "Actual Total Time": 46.514,
                            "Actual Rows": 7695,
                            "Actual Loops": 3,
                            "Filter": "((l_shipdate >= '1994-06-01'::date) AND (l_shipdate < '1994-09-01 00:00:00'::timestamp without time zone))",
                            "Rows Removed by Filter": 192496,
                            "Workers": []
                          }
                        ]
                      }
                    ]
                  }
                ]
              }
            ]
          }
        ]
      },
      "Planning Time": 0.38,
      "Triggers": [],
      "Execution Time": 111.361
    }
  },
  {
    "query_id": "query15.28",
    "query": "select\n\ts_suppkey,\n\ts_name,\n\ts_address,\n\ts_phone,\n\ttotal_revenue\nfrom\n\tsupplier,\n\trevenue0\nwhere\n\ts_suppkey = supplier_no\n\tand total_revenue = (\n\t\tselect\n\t\t\tmax(total_revenue)\n\t\tfrom\n\t\t\trevenue0\n\t)\norder by\n\ts_suppkey;\n",
    "execution_time": 94.986,
    "plan": {
      "Plan": {
        "Node Type": "Merge Join",
        "Parallel Aware": false,
        "Async Capable": false,
        "Join Type": "Inner",
        "Startup Cost": 33403.34,
        "Total Cost": 33671.81,
        "Plan Rows": 5,
        "Plan Width": 104,
        "Actual Startup Time": 90.759,
        "Actual Total Time": 94.742,
        "Actual Rows": 1,
        "Actual Loops": 1,
        "Inner Unique": true,
        "Merge Cond": "(supplier.s_suppkey = lineitem.l_suppkey)",
        "Plans": [
          {
            "Node Type": "Aggregate",
            "Strategy": "Plain",
            "Partial Mode": "Simple",
            "Parent Relationship": "InitPlan",
            "Subplan Name": "InitPlan 1",
            "Parallel Aware": false,
            "Async Capable": false,
            "Startup Cost": 16786.43,
            "Total Cost": 16786.44,
            "Plan Rows": 1,
            "Plan Width": 32,
            "Actual Startup Time": 44.638,
            "Actual Total Time": 45.652,
            "Actual Rows": 1,
            "Actual Loops": 1,
            "Plans": [
              {
                "Node Type": "Aggregate",
                "Strategy": "Sorted",
                "Partial Mode": "Finalize",
                "Parent Relationship": "Outer",
                "Parallel Aware": false,
                "Async Capable": false,
                "Startup Cost": 16513.08,
                "Total Cost": 16773.93,
                "Plan Rows": 1000,
                "Plan Width": 36,
                "Actual Startup Time": 42.805,
                "Actual Total Time": 45.585,
                "Actual Rows": 1000,
                "Actual Loops": 1,
                "Group Key": [
                  "lineitem_1.l_suppkey"
                ],
                "Plans": [
                  {
                    "Node Type": "Gather Merge",
                    "Parent Relationship": "Outer",
                    "Parallel Aware": false,
                    "Async Capable": false,
                    "Startup Cost": 16513.08,
                    "Total Cost": 16746.43,
                    "Plan Rows": 2000,
                    "Plan Width": 36,
                    "Actual Startup Time": 42.793,
                    "Actual Total Time": 44.279,
                    "Actual Rows": 2998,
                    "Actual Loops": 1,
                    "Workers Planned": 2,
                    "Workers Launched": 2,
                    "Plans": [
                      {
                        "Node Type": "Sort",
                        "Parent Relationship": "Outer",
                        "Parallel Aware": false,
                        "Async Capable": false,
                        "Startup Cost": 15513.05,
                        "Total Cost": 15515.55,
                        "Plan Rows": 1000,
                        "Plan Width": 36,
                        "Actual Startup Time": 39.479,
                        "Actual Total Time": 39.534,
                        "Actual Rows": 999,
                        "Actual Loops": 3,
                        "Sort Key": [
                          "lineitem_1.l_suppkey"
                        ],
                        "Sort Method": "quicksort",
                        "Sort Space Used": 110,
                        "Sort Space Type": "Memory",
                        "Workers": [
                          {
                            "Worker Number": 0,
                            "Sort Method": "quicksort",
                            "Sort Space Used": 110,
                            "Sort Space Type": "Memory"
                          },
                          {
                            "Worker Number": 1,
                            "Sort Method": "quicksort",
                            "Sort Space Used": 110,
                            "Sort Space Type": "Memory"
                          }
                        ],
                        "Plans": [
                          {
                            "Node Type": "Aggregate",
                            "Strategy": "Hashed",
                            "Partial Mode": "Partial",
                            "Parent Relationship": "Outer",
                            "Parallel Aware": false,
                            "Async Capable": false,
                            "Startup Cost": 15450.73,
                            "Total Cost": 15463.23,
                            "Plan Rows": 1000,
                            "Plan Width": 36,
                            "Actual Startup Time": 38.86,
                            "Actual Total Time": 39.24,
                            "Actual Rows": 999,
                            "Actual Loops": 3,
                            "Group Key": [
                              "lineitem_1.l_suppkey"
                            ],
                            "Planned Partitions": 0,
                            "HashAgg Batches": 1,
                            "Peak Memory Usage": 577,
                            "Disk Usage": 0,
                            "Workers": [
                              {
                                "Worker Number": 0,
                                "HashAgg Batches": 1,
                                "Peak Memory Usage": 577,
                                "Disk Usage": 0
                              },
                              {
                                "Worker Number": 1,
                                "HashAgg Batches": 1,
                                "Peak Memory Usage": 577,
                                "Disk Usage": 0
                              }
                            ],
                            "Plans": [
                              {
                                "Node Type": "Seq Scan",
                                "Parent Relationship": "Outer",
                                "Parallel Aware": true,
                                "Async Capable": false,
                                "Relation Name": "lineitem",
                                "Alias": "lineitem_1",
                                "Startup Cost": 0.0,
                                "Total Cost": 15361.58,
                                "Plan Rows": 8915,
                                "Plan Width": 16,
                                "Actual Startup Time": 0.027,
                                "Actual Total Time": 34.933,
                                "Actual Rows": 7431,
                                "Actual Loops": 3,
                                "Filter": "((l_shipdate >= '1997-01-01'::date) AND (l_shipdate < '1997-04-01 00:00:00'::timestamp without time zone))",
                                "Rows Removed by Filter": 192760,
                                "Workers": []
                              }
                            ]
                          }
                        ]
                      }
                    ]
                  }
                ]
              }
            ]
          },
          {
            "Node Type": "Sort",
            "Parent Relationship": "Outer",
            "Parallel Aware": false,
            "Async Capable": false,
            "Startup Cost": 103.83,
            "Total Cost": 106.33,
            "Plan Rows": 1000,
            "Plan Width": 72,
            "Actual Startup Time": 0.564,
            "Actual Total Time": 0.576,
            "Actual Rows": 266,
            "Actual Loops": 1,
            "Sort Key": [
              "supplier.s_suppkey"
            ],
            "Sort Method": "quicksort",
            "Sort Space Used": 114,
            "Sort Space Type": "Memory",
            "Plans": [
              {
                "Node Type": "Seq Scan",
                "Parent Relationship": "Outer",
                "Parallel Aware": false,
                "Async Capable": false,
                "Relation Name": "supplier",
                "Alias": "supplier",
                "Startup Cost": 0.0,
                "Total Cost": 54.0,
                "Plan Rows": 1000,
                "Plan Width": 72,
                "Actual Startup Time": 0.016,
                "Actual Total Time": 0.32,
                "Actual Rows": 1000,
                "Actual Loops": 1
              }
            ]
          },
          {
            "Node Type": "Aggregate",
            "Strategy": "Sorted",
            "Partial Mode": "Finalize",
            "Parent Relationship": "Inner",
            "Parallel Aware": false,
            "Async Capable": false,
            "Startup Cost": 16513.08,
            "Total Cost": 16776.43,
            "Plan Rows": 5,
            "Plan Width": 36,
            "Actual Startup Time": 90.154,
            "Actual Total Time": 93.119,
            "Actual Rows": 1,
            "Actual Loops": 1,
            "Group Key": [
              "lineitem.l_suppkey"
            ],
            "Filter": "(sum((lineitem.l_extendedprice * ('1'::numeric - lineitem.l_discount))) = (InitPlan 1).col1)",
            "Rows Removed by Filter": 999,
            "Plans": [
              {
                "Node Type": "Gather Merge",
                "Parent Relationship": "Outer",
                "Parallel Aware": false,
                "Async Capable": false,
                "Startup Cost": 16513.08,
                "Total Cost": 16746.43,
                "Plan Rows": 2000,
                "Plan Width": 36,
                "Actual Startup Time": 45.004,
                "Actual Total Time": 47.19,
                "Actual Rows": 2996,
                "Actual Loops": 1,
                "Workers Planned": 2,
                "Workers Launched": 2,
                "Plans": [
                  {
                    "Node Type": "Sort",
                    "Parent Relationship": "Outer",
                    "Parallel Aware": false,
                    "Async Capable": false,
                    "Startup Cost": 15513.05,
                    "Total Cost": 15515.55,
                    "Plan Rows": 1000,
                    "Plan Width": 36,
                    "Actual Startup Time": 41.338,
                    "Actual Total Time": 41.426,
                    "Actual Rows": 999,
                    "Actual Loops": 3,
                    "Sort Key": [
                      "lineitem.l_suppkey"
                    ],
                    "Sort Method": "quicksort",
                    "Sort Space Used": 110,
                    "Sort Space Type": "Memory",
                    "Workers": [
                      {
                        "Worker Number": 0,
                        "Sort Method": "quicksort",
                        "Sort Space Used": 110,
                        "Sort Space Type": "Memory"
                      },
                      {
                        "Worker Number": 1,
                        "Sort Method": "quicksort",
                        "Sort Space Used": 110,
                        "Sort Space Type": "Memory"
                      }
                    ],
                    "Plans": [
                      {
                        "Node Type": "Aggregate",
                        "Strategy": "Hashed",
                        "Partial Mode": "Partial",
                        "Parent Relationship": "Outer",
                        "Parallel Aware": false,
                        "Async Capable": false,
                        "Startup Cost": 15450.73,
                        "Total Cost": 15463.23,
                        "Plan Rows": 1000,
                        "Plan Width": 36,
                        "Actual Startup Time": 40.73,
                        "Actual Total Time": 41.115,
                        "Actual Rows": 999,
                        "Actual Loops": 3,
                        "Group Key": [
                          "lineitem.l_suppkey"
                        ],
                        "Planned Partitions": 0,
                        "HashAgg Batches": 1,
                        "Peak Memory Usage": 577,
                        "Disk Usage": 0,
                        "Workers": [
                          {
                            "Worker Number": 0,
                            "HashAgg Batches": 1,
                            "Peak Memory Usage": 577,
                            "Disk Usage": 0
                          },
                          {
                            "Worker Number": 1,
                            "HashAgg Batches": 1,
                            "Peak Memory Usage": 577,
                            "Disk Usage": 0
                          }
                        ],
                        "Plans": [
                          {
                            "Node Type": "Seq Scan",
                            "Parent Relationship": "Outer",
                            "Parallel Aware": true,
                            "Async Capable": false,
                            "Relation Name": "lineitem",
                            "Alias": "lineitem",
                            "Startup Cost": 0.0,
                            "Total Cost": 15361.58,
                            "Plan Rows": 8915,
                            "Plan Width": 16,
                            "Actual Startup Time": 0.011,
                            "Actual Total Time": 36.597,
                            "Actual Rows": 7431,
                            "Actual Loops": 3,
                            "Filter": "((l_shipdate >= '1997-01-01'::date) AND (l_shipdate < '1997-04-01 00:00:00'::timestamp without time zone))",
                            "Rows Removed by Filter": 192760,
                            "Workers": []
                          }
                        ]
                      }
                    ]
                  }
                ]
              }
            ]
          }
        ]
      },
      "Planning Time": 0.5,
      "Triggers": [],
      "Execution Time": 94.986
    }
  },
  {
    "query_id": "query15.29",
    "query": "select\n\ts_suppkey,\n\ts_name,\n\ts_address,\n\ts_phone,\n\ttotal_revenue\nfrom\n\tsupplier,\n\trevenue0\nwhere\n\ts_suppkey = supplier_no\n\tand total_revenue = (\n\t\tselect\n\t\t\tmax(total_revenue)\n\t\tfrom\n\t\t\trevenue0\n\t)\norder by\n\ts_suppkey;\n",
    "execution_time": 100.514,
    "plan": {
      "Plan": {
        "Node Type": "Merge Join",
        "Parallel Aware": false,
        "Async Capable": false,
        "Join Type": "Inner",
        "Startup Cost": 33411.9,
        "Total Cost": 33680.37,
        "Plan Rows": 5,
        "Plan Width": 104,
        "Actual Startup Time": 97.905,
        "Actual Total Time": 100.395,
        "Actual Rows": 1,
        "Actual Loops": 1,
        "Inner Unique": true,
        "Merge Cond": "(supplier.s_suppkey = lineitem.l_suppkey)",
        "Plans": [
          {
            "Node Type": "Aggregate",
            "Strategy": "Plain",
            "Partial Mode": "Simple",
            "Parent Relationship": "InitPlan",
            "Subplan Name": "InitPlan 1",
            "Parallel Aware": false,
            "Async Capable": false,
            "Startup Cost": 16790.71,
            "Total Cost": 16790.72,
            "Plan Rows": 1,
            "Plan Width": 32,
            "Actual Startup Time": 47.896,
            "Actual Total Time": 48.129,
            "Actual Rows": 1,
            "Actual Loops": 1,
            "Plans": [
              {
                "Node Type": "Aggregate",
                "Strategy": "Sorted",
                "Partial Mode": "Finalize",
                "Parent Relationship": "Outer",
                "Parallel Aware": false,
                "Async Capable": false,
                "Startup Cost": 16517.36,
                "Total Cost": 16778.21,
                "Plan Rows": 1000,
                "Plan Width": 36,
                "Actual Startup Time": 46.163,
                "Actual Total Time": 48.071,
                "Actual Rows": 1000,
                "Actual Loops": 1,
                "Group Key": [
                  "lineitem_1.l_suppkey"
                ],
                "Plans": [
                  {
                    "Node Type": "Gather Merge",
                    "Parent Relationship": "Outer",
                    "Parallel Aware": false,
                    "Async Capable": false,
                    "Startup Cost": 16517.36,
                    "Total Cost": 16750.71,
                    "Plan Rows": 2000,
                    "Plan Width": 36,
                    "Actual Startup Time": 46.149,
                    "Actual Total Time": 46.881,
                    "Actual Rows": 2995,
                    "Actual Loops": 1,
                    "Workers Planned": 2,
                    "Workers Launched": 2,
                    "Plans": [
                      {
                        "Node Type": "Sort",
                        "Parent Relationship": "Outer",
                        "Parallel Aware": false,
                        "Async Capable": false,
                        "Startup Cost": 15517.33,
                        "Total Cost": 15519.83,
                        "Plan Rows": 1000,
                        "Plan Width": 36,
                        "Actual Startup Time": 43.05,
                        "Actual Total Time": 43.109,
                        "Actual Rows": 998,
                        "Actual Loops": 3,
                        "Sort Key": [
                          "lineitem_1.l_suppkey"
                        ],
                        "Sort Method": "quicksort",
                        "Sort Space Used": 110,
                        "Sort Space Type": "Memory",
                        "Workers": [
                          {
                            "Worker Number": 0,
                            "Sort Method": "quicksort",
                            "Sort Space Used": 110,
                            "Sort Space Type": "Memory"
                          },
                          {
                            "Worker Number": 1,
                            "Sort Method": "quicksort",
                            "Sort Space Used": 110,
                            "Sort Space Type": "Memory"
                          }
                        ],
                        "Plans": [
                          {
                            "Node Type": "Aggregate",
                            "Strategy": "Hashed",
                            "Partial Mode": "Partial",
                            "Parent Relationship": "Outer",
                            "Parallel Aware": false,
                            "Async Capable": false,
                            "Startup Cost": 15455.01,
                            "Total Cost": 15467.51,
                            "Plan Rows": 1000,
                            "Plan Width": 36,
                            "Actual Startup Time": 42.466,
                            "Actual Total Time": 42.821,
                            "Actual Rows": 998,
                            "Actual Loops": 3,
                            "Group Key": [
                              "lineitem_1.l_suppkey"
                            ],
                            "Planned Partitions": 0,
                            "HashAgg Batches": 1,
                            "Peak Memory Usage": 577,
                            "Disk Usage": 0,
                            "Workers": [
                              {
                                "Worker Number": 0,
                                "HashAgg Batches": 1,
                                "Peak Memory Usage": 577,
                                "Disk Usage": 0
                              },
                              {
                                "Worker Number": 1,
                                "HashAgg Batches": 1,
                                "Peak Memory Usage": 577,
                                "Disk Usage": 0
                              }
                            ],
                            "Plans": [
                              {
                                "Node Type": "Seq Scan",
                                "Parent Relationship": "Outer",
                                "Parallel Aware": true,
                                "Async Capable": false,
                                "Relation Name": "lineitem",
                                "Alias": "lineitem_1",
                                "Startup Cost": 0.0,
                                "Total Cost": 15361.58,
                                "Plan Rows": 9343,
                                "Plan Width": 16,
                                "Actual Startup Time": 0.023,
                                "Actual Total Time": 38.469,
                                "Actual Rows": 7769,
                                "Actual Loops": 3,
                                "Filter": "((l_shipdate >= '1994-09-01'::date) AND (l_shipdate < '1994-12-01 00:00:00'::timestamp without time zone))",
                                "Rows Removed by Filter": 192422,
                                "Workers": []
                              }
                            ]
                          }
                        ]
                      }
                    ]
                  }
                ]
              }
            ]
          },
          {
            "Node Type": "Sort",
            "Parent Relationship": "Outer",
            "Parallel Aware": false,
            "Async Capable": false,
            "Startup Cost": 103.83,
            "Total Cost": 106.33,
            "Plan Rows": 1000,
            "Plan Width": 72,
            "Actual Startup Time": 0.328,
            "Actual Total Time": 0.379,
            "Actual Rows": 984,
            "Actual Loops": 1,
            "Sort Key": [
              "supplier.s_suppkey"
            ],
            "Sort Method": "quicksort",
            "Sort Space Used": 114,
            "Sort Space Type": "Memory",
            "Plans": [
              {
                "Node Type": "Seq Scan",
                "Parent Relationship": "Outer",
                "Parallel Aware": false,
                "Async Capable": false,
                "Relation Name": "supplier",
                "Alias": "supplier",
                "Startup Cost": 0.0,
                "Total Cost": 54.0,
                "Plan Rows": 1000,
                "Plan Width": 72,
                "Actual Startup Time": 0.007,
                "Actual Total Time": 0.189,
                "Actual Rows": 1000,
                "Actual Loops": 1
              }
            ]
          },
          {
            "Node Type": "Aggregate",
            "Strategy": "Sorted",
            "Partial Mode": "Finalize",
            "Parent Relationship": "Inner",
            "Parallel Aware": false,
            "Async Capable": false,
            "Startup Cost": 16517.36,
            "Total Cost": 16780.71,
            "Plan Rows": 5,
            "Plan Width": 36,
            "Actual Startup Time": 97.455,
            "Actual Total Time": 99.71,
            "Actual Rows": 1,
            "Actual Loops": 1,
            "Group Key": [
              "lineitem.l_suppkey"
            ],
            "Filter": "(sum((lineitem.l_extendedprice * ('1'::numeric - lineitem.l_discount))) = (InitPlan 1).col1)",
            "Rows Removed by Filter": 999,
            "Plans": [
              {
                "Node Type": "Gather Merge",
                "Parent Relationship": "Outer",
                "Parallel Aware": false,
                "Async Capable": false,
                "Startup Cost": 16517.36,
                "Total Cost": 16750.71,
                "Plan Rows": 2000,
                "Plan Width": 36,
                "Actual Startup Time": 47.845,
                "Actual Total Time": 50.584,
                "Actual Rows": 2995,
                "Actual Loops": 1,
                "Workers Planned": 2,
                "Workers Launched": 2,
                "Plans": [
                  {
                    "Node Type": "Sort",
                    "Parent Relationship": "Outer",
                    "Parallel Aware": false,
                    "Async Capable": false,
                    "Startup Cost": 15517.33,
                    "Total Cost": 15519.83,
                    "Plan Rows": 1000,
                    "Plan Width": 36,
                    "Actual Startup Time": 44.417,
                    "Actual Total Time": 44.506,
                    "Actual Rows": 998,
                    "Actual Loops": 3,
                    "Sort Key": [
                      "lineitem.l_suppkey"
                    ],
                    "Sort Method": "quicksort",
                    "Sort Space Used": 110,
                    "Sort Space Type": "Memory",
                    "Workers": [
                      {
                        "Worker Number": 0,
                        "Sort Method": "quicksort",
                        "Sort Space Used": 110,
                        "Sort Space Type": "Memory"
                      },
                      {
                        "Worker Number": 1,
                        "Sort Method": "quicksort",
                        "Sort Space Used": 110,
                        "Sort Space Type": "Memory"
                      }
                    ],
                    "Plans": [
                      {
                        "Node Type": "Aggregate",
                        "Strategy": "Hashed",
                        "Partial Mode": "Partial",
                        "Parent Relationship": "Outer",
                        "Parallel Aware": false,
                        "Async Capable": false,
                        "Startup Cost": 15455.01,
                        "Total Cost": 15467.51,
                        "Plan Rows": 1000,
                        "Plan Width": 36,
                        "Actual Startup Time": 43.778,
                        "Actual Total Time": 44.175,
                        "Actual Rows": 998,
                        "Actual Loops": 3,
                        "Group Key": [
                          "lineitem.l_suppkey"
                        ],
                        "Planned Partitions": 0,
                        "HashAgg Batches": 1,
                        "Peak Memory Usage": 577,
                        "Disk Usage": 0,
                        "Workers": [
                          {
                            "Worker Number": 0,
                            "HashAgg Batches": 1,
                            "Peak Memory Usage": 577,
                            "Disk Usage": 0
                          },
                          {
                            "Worker Number": 1,
                            "HashAgg Batches": 1,
                            "Peak Memory Usage": 577,
                            "Disk Usage": 0
                          }
                        ],
                        "Plans": [
                          {
                            "Node Type": "Seq Scan",
                            "Parent Relationship": "Outer",
                            "Parallel Aware": true,
                            "Async Capable": false,
                            "Relation Name": "lineitem",
                            "Alias": "lineitem",
                            "Startup Cost": 0.0,
                            "Total Cost": 15361.58,
                            "Plan Rows": 9343,
                            "Plan Width": 16,
                            "Actual Startup Time": 0.033,
                            "Actual Total Time": 39.649,
                            "Actual Rows": 7769,
                            "Actual Loops": 3,
                            "Filter": "((l_shipdate >= '1994-09-01'::date) AND (l_shipdate < '1994-12-01 00:00:00'::timestamp without time zone))",
                            "Rows Removed by Filter": 192422,
                            "Workers": []
                          }
                        ]
                      }
                    ]
                  }
                ]
              }
            ]
          }
        ]
      },
      "Planning Time": 0.227,
      "Triggers": [],
      "Execution Time": 100.514
    }
  },
  {
    "query_id": "query15.3",
    "query": "select\n\ts_suppkey,\n\ts_name,\n\ts_address,\n\ts_phone,\n\ttotal_revenue\nfrom\n\tsupplier,\n\trevenue0\nwhere\n\ts_suppkey = supplier_no\n\tand total_revenue = (\n\t\tselect\n\t\t\tmax(total_revenue)\n\t\tfrom\n\t\t\trevenue0\n\t)\norder by\n\ts_suppkey;\n",
    "execution_time": 110.15,
    "plan": {
      "Plan": {
        "Node Type": "Merge Join",
        "Parallel Aware": false,
        "Async Capable": false,
        "Join Type": "Inner",
        "Startup Cost": 33417.0,
        "Total Cost": 33685.47,
        "Plan Rows": 5,
        "Plan Width": 104,
        "Actual Startup Time": 107.644,
        "Actual Total Time": 109.968,
        "Actual Rows": 1,
        "Actual Loops": 1,
        "Inner Unique": true,
        "Merge Cond": "(supplier.s_suppkey = lineitem.l_suppkey)",
        "Plans": [
          {
            "Node Type": "Aggregate",
            "Strategy": "Plain",
            "Partial Mode": "Simple",
            "Parent Relationship": "InitPlan",
            "Subplan Name": "InitPlan 1",
            "Parallel Aware": false,
            "Async Capable": false,
            "Startup Cost": 16793.26,
            "Total Cost": 16793.27,
            "Plan Rows": 1,
            "Plan Width": 32,
            "Actual Startup Time": 53.45,
            "Actual Total Time": 54.437,
            "Actual Rows": 1,
            "Actual Loops": 1,
            "Plans": [
              {
                "Node Type": "Aggregate",
                "Strategy": "Sorted",
                "Partial Mode": "Finalize",
                "Parent Relationship": "Outer",
                "Parallel Aware": false,
                "Async Capable": false,
                "Startup Cost": 16519.91,
                "Total Cost": 16780.76,
                "Plan Rows": 1000,
                "Plan Width": 36,
                "Actual Startup Time": 51.732,
                "Actual Total Time": 54.379,
                "Actual Rows": 1000,
                "Actual Loops": 1,
                "Group Key": [
                  "lineitem_1.l_suppkey"
                ],
                "Plans": [
                  {
                    "Node Type": "Gather Merge",
                    "Parent Relationship": "Outer",
                    "Parallel Aware": false,
                    "Async Capable": false,
                    "Startup Cost": 16519.91,
                    "Total Cost": 16753.26,
                    "Plan Rows": 2000,
                    "Plan Width": 36,
                    "Actual Startup Time": 51.72,
                    "Actual Total Time": 53.187,
                    "Actual Rows": 2994,
                    "Actual Loops": 1,
                    "Workers Planned": 2,
                    "Workers Launched": 2,
                    "Plans": [
                      {
                        "Node Type": "Sort",
                        "Parent Relationship": "Outer",
                        "Parallel Aware": false,
                        "Async Capable": false,
                        "Startup Cost": 15519.88,
                        "Total Cost": 15522.38,
                        "Plan Rows": 1000,
                        "Plan Width": 36,
                        "Actual Startup Time": 48.193,
                        "Actual Total Time": 48.244,
                        "Actual Rows": 998,
                        "Actual Loops": 3,
                        "Sort Key": [
                          "lineitem_1.l_suppkey"
                        ],
                        "Sort Method": "quicksort",
                        "Sort Space Used": 110,
                        "Sort Space Type": "Memory",
                        "Workers": [
                          {
                            "Worker Number": 0,
                            "Sort Method": "quicksort",
                            "Sort Space Used": 110,
                            "Sort Space Type": "Memory"
                          },
                          {
                            "Worker Number": 1,
                            "Sort Method": "quicksort",
                            "Sort Space Used": 110,
                            "Sort Space Type": "Memory"
                          }
                        ],
                        "Plans": [
                          {
                            "Node Type": "Aggregate",
                            "Strategy": "Hashed",
                            "Partial Mode": "Partial",
                            "Parent Relationship": "Outer",
                            "Parallel Aware": false,
                            "Async Capable": false,
                            "Startup Cost": 15457.56,
                            "Total Cost": 15470.06,
                            "Plan Rows": 1000,
                            "Plan Width": 36,
                            "Actual Startup Time": 47.611,
                            "Actual Total Time": 47.966,
                            "Actual Rows": 998,
                            "Actual Loops": 3,
                            "Group Key": [
                              "lineitem_1.l_suppkey"
                            ],
                            "Planned Partitions": 0,
                            "HashAgg Batches": 1,
                            "Peak Memory Usage": 577,
                            "Disk Usage": 0,
                            "Workers": [
                              {
                                "Worker Number": 0,
                                "HashAgg Batches": 1,
                                "Peak Memory Usage": 577,
                                "Disk Usage": 0
                              },
                              {
                                "Worker Number": 1,
                                "HashAgg Batches": 1,
                                "Peak Memory Usage": 577,
                                "Disk Usage": 0
                              }
                            ],
                            "Plans": [
                              {
                                "Node Type": "Seq Scan",
                                "Parent Relationship": "Outer",
                                "Parallel Aware": true,
                                "Async Capable": false,
                                "Relation Name": "lineitem",
                                "Alias": "lineitem_1",
                                "Startup Cost": 0.0,
                                "Total Cost": 15361.58,
                                "Plan Rows": 9598,
                                "Plan Width": 16,
                                "Actual Startup Time": 0.015,
                                "Actual Total Time": 42.517,
                                "Actual Rows": 7758,
                                "Actual Loops": 3,
                                "Filter": "((l_shipdate >= '1995-11-01'::date) AND (l_shipdate < '1996-02-01 00:00:00'::timestamp without time zone))",
                                "Rows Removed by Filter": 192432,
                                "Workers": []
                              }
                            ]
                          }
                        ]
                      }
                    ]
                  }
                ]
              }
            ]
          },
          {
            "Node Type": "Sort",
            "Parent Relationship": "Outer",
            "Parallel Aware": false,
            "Async Capable": false,
            "Startup Cost": 103.83,
            "Total Cost": 106.33,
            "Plan Rows": 1000,
            "Plan Width": 72,
            "Actual Startup Time": 0.597,
            "Actual Total Time": 0.782,
            "Actual Rows": 678,
            "Actual Loops": 1,
            "Sort Key": [
              "supplier.s_suppkey"
            ],
            "Sort Method": "quicksort",
            "Sort Space Used": 114,
            "Sort Space Type": "Memory",
            "Plans": [
              {
                "Node Type": "Seq Scan",
                "Parent Relationship": "Outer",
                "Parallel Aware": false,
                "Async Capable": false,
                "Relation Name": "supplier",
                "Alias": "supplier",
                "Startup Cost": 0.0,
                "Total Cost": 54.0,
                "Plan Rows": 1000,
                "Plan Width": 72,
                "Actual Startup Time": 0.011,
                "Actual Total Time": 0.351,
                "Actual Rows": 1000,
                "Actual Loops": 1
              }
            ]
          },
          {
            "Node Type": "Aggregate",
            "Strategy": "Sorted",
            "Partial Mode": "Finalize",
            "Parent Relationship": "Inner",
            "Parallel Aware": false,
            "Async Capable": false,
            "Startup Cost": 16519.91,
            "Total Cost": 16783.26,
            "Plan Rows": 5,
            "Plan Width": 36,
            "Actual Startup Time": 106.785,
            "Actual Total Time": 108.121,
            "Actual Rows": 1,
            "Actual Loops": 1,
            "Group Key": [
              "lineitem.l_suppkey"
            ],
            "Filter": "(sum((lineitem.l_extendedprice * ('1'::numeric - lineitem.l_discount))) = (InitPlan 1).col1)",
            "Rows Removed by Filter": 999,
            "Plans": [
              {
                "Node Type": "Gather Merge",
                "Parent Relationship": "Outer",
                "Parallel Aware": false,
                "Async Capable": false,
                "Startup Cost": 16519.91,
                "Total Cost": 16753.26,
                "Plan Rows": 2000,
                "Plan Width": 36,
                "Actual Startup Time": 51.999,
                "Actual Total Time": 53.434,
                "Actual Rows": 2999,
                "Actual Loops": 1,
                "Workers Planned": 2,
                "Workers Launched": 2,
                "Plans": [
                  {
                    "Node Type": "Sort",
                    "Parent Relationship": "Outer",
                    "Parallel Aware": false,
                    "Async Capable": false,
                    "Startup Cost": 15519.88,
                    "Total Cost": 15522.38,
                    "Plan Rows": 1000,
                    "Plan Width": 36,
                    "Actual Startup Time": 47.413,
                    "Actual Total Time": 47.521,
                    "Actual Rows": 1000,
                    "Actual Loops": 3,
                    "Sort Key": [
                      "lineitem.l_suppkey"
                    ],
                    "Sort Method": "quicksort",
                    "Sort Space Used": 110,
                    "Sort Space Type": "Memory",
                    "Workers": [
                      {
                        "Worker Number": 0,
                        "Sort Method": "quicksort",
                        "Sort Space Used": 110,
                        "Sort Space Type": "Memory"
                      },
                      {
                        "Worker Number": 1,
                        "Sort Method": "quicksort",
                        "Sort Space Used": 110,
                        "Sort Space Type": "Memory"
                      }
                    ],
                    "Plans": [
                      {
                        "Node Type": "Aggregate",
                        "Strategy": "Hashed",
                        "Partial Mode": "Partial",
                        "Parent Relationship": "Outer",
                        "Parallel Aware": false,
                        "Async Capable": false,
                        "Startup Cost": 15457.56,
                        "Total Cost": 15470.06,
                        "Plan Rows": 1000,
                        "Plan Width": 36,
                        "Actual Startup Time": 46.437,
                        "Actual Total Time": 47.097,
                        "Actual Rows": 1000,
                        "Actual Loops": 3,
                        "Group Key": [
                          "lineitem.l_suppkey"
                        ],
                        "Planned Partitions": 0,
                        "HashAgg Batches": 1,
                        "Peak Memory Usage": 577,
                        "Disk Usage": 0,
                        "Workers": [
                          {
                            "Worker Number": 0,
                            "HashAgg Batches": 1,
                            "Peak Memory Usage": 577,
                            "Disk Usage": 0
                          },
                          {
                            "Worker Number": 1,
                            "HashAgg Batches": 1,
                            "Peak Memory Usage": 577,
                            "Disk Usage": 0
                          }
                        ],
                        "Plans": [
                          {
                            "Node Type": "Seq Scan",
                            "Parent Relationship": "Outer",
                            "Parallel Aware": true,
                            "Async Capable": false,
                            "Relation Name": "lineitem",
                            "Alias": "lineitem",
                            "Startup Cost": 0.0,
                            "Total Cost": 15361.58,
                            "Plan Rows": 9598,
                            "Plan Width": 16,
                            "Actual Startup Time": 0.03,
                            "Actual Total Time": 41.891,
                            "Actual Rows": 7758,
                            "Actual Loops": 3,
                            "Filter": "((l_shipdate >= '1995-11-01'::date) AND (l_shipdate < '1996-02-01 00:00:00'::timestamp without time zone))",
                            "Rows Removed by Filter": 192432,
                            "Workers": []
                          }
                        ]
                      }
                    ]
                  }
                ]
              }
            ]
          }
        ]
      },
      "Planning Time": 0.358,
      "Triggers": [],
      "Execution Time": 110.15
    }
  },
  {
    "query_id": "query15.30",
    "query": "select\n\ts_suppkey,\n\ts_name,\n\ts_address,\n\ts_phone,\n\ttotal_revenue\nfrom\n\tsupplier,\n\trevenue0\nwhere\n\ts_suppkey = supplier_no\n\tand total_revenue = (\n\t\tselect\n\t\t\tmax(total_revenue)\n\t\tfrom\n\t\t\trevenue0\n\t)\norder by\n\ts_suppkey;\n",
    "execution_time": 110.296,
    "plan": {
      "Plan": {
        "Node Type": "Merge Join",
        "Parallel Aware": false,
        "Async Capable": false,
        "Join Type": "Inner",
        "Startup Cost": 33424.14,
        "Total Cost": 33692.61,
        "Plan Rows": 5,
        "Plan Width": 104,
        "Actual Startup Time": 105.168,
        "Actual Total Time": 110.104,
        "Actual Rows": 1,
        "Actual Loops": 1,
        "Inner Unique": true,
        "Merge Cond": "(supplier.s_suppkey = lineitem.l_suppkey)",
        "Plans": [
          {
            "Node Type": "Aggregate",
            "Strategy": "Plain",
            "Partial Mode": "Simple",
            "Parent Relationship": "InitPlan",
            "Subplan Name": "InitPlan 1",
            "Parallel Aware": false,
            "Async Capable": false,
            "Startup Cost": 16796.83,
            "Total Cost": 16796.84,
            "Plan Rows": 1,
            "Plan Width": 32,
            "Actual Startup Time": 53.485,
            "Actual Total Time": 54.587,
            "Actual Rows": 1,
            "Actual Loops": 1,
            "Plans": [
              {
                "Node Type": "Aggregate",
                "Strategy": "Sorted",
                "Partial Mode": "Finalize",
                "Parent Relationship": "Outer",
                "Parallel Aware": false,
                "Async Capable": false,
                "Startup Cost": 16523.48,
                "Total Cost": 16784.33,
                "Plan Rows": 1000,
                "Plan Width": 36,
                "Actual Startup Time": 51.716,
                "Actual Total Time": 54.524,
                "Actual Rows": 1000,
                "Actual Loops": 1,
                "Group Key": [
                  "lineitem_1.l_suppkey"
                ],
                "Plans": [
                  {
                    "Node Type": "Gather Merge",
                    "Parent Relationship": "Outer",
                    "Parallel Aware": false,
                    "Async Capable": false,
                    "Startup Cost": 16523.48,
                    "Total Cost": 16756.83,
                    "Plan Rows": 2000,
                    "Plan Width": 36,
                    "Actual Startup Time": 51.686,
                    "Actual Total Time": 53.281,
                    "Actual Rows": 2996,
                    "Actual Loops": 1,
                    "Workers Planned": 2,
                    "Workers Launched": 2,
                    "Plans": [
                      {
                        "Node Type": "Sort",
                        "Parent Relationship": "Outer",
                        "Parallel Aware": false,
                        "Async Capable": false,
                        "Startup Cost": 15523.45,
                        "Total Cost": 15525.95,
                        "Plan Rows": 1000,
                        "Plan Width": 36,
                        "Actual Startup Time": 47.84,
                        "Actual Total Time": 47.894,
                        "Actual Rows": 999,
                        "Actual Loops": 3,
                        "Sort Key": [
                          "lineitem_1.l_suppkey"
                        ],
                        "Sort Method": "quicksort",
                        "Sort Space Used": 110,
                        "Sort Space Type": "Memory",
                        "Workers": [
                          {
                            "Worker Number": 0,
                            "Sort Method": "quicksort",
                            "Sort Space Used": 110,
                            "Sort Space Type": "Memory"
                          },
                          {
                            "Worker Number": 1,
                            "Sort Method": "quicksort",
                            "Sort Space Used": 110,
                            "Sort Space Type": "Memory"
                          }
                        ],
                        "Plans": [
                          {
                            "Node Type": "Aggregate",
                            "Strategy": "Hashed",
                            "Partial Mode": "Partial",
                            "Parent Relationship": "Outer",
                            "Parallel Aware": false,
                            "Async Capable": false,
                            "Startup Cost": 15461.13,
                            "Total Cost": 15473.63,
                            "Plan Rows": 1000,
                            "Plan Width": 36,
                            "Actual Startup Time": 47.226,
                            "Actual Total Time": 47.6,
                            "Actual Rows": 999,
                            "Actual Loops": 3,
                            "Group Key": [
                              "lineitem_1.l_suppkey"
                            ],
                            "Planned Partitions": 0,
                            "HashAgg Batches": 1,
                            "Peak Memory Usage": 577,
                            "Disk Usage": 0,
                            "Workers": [
                              {
                                "Worker Number": 0,
                                "HashAgg Batches": 1,
                                "Peak Memory Usage": 577,
                                "Disk Usage": 0
                              },
                              {
                                "Worker Number": 1,
                                "HashAgg Batches": 1,
                                "Peak Memory Usage": 577,
                                "Disk Usage": 0
                              }
                            ],
                            "Plans": [
                              {
                                "Node Type": "Seq Scan",
                                "Parent Relationship": "Outer",
                                "Parallel Aware": true,
                                "Async Capable": false,
                                "Relation Name": "lineitem",
                                "Alias": "lineitem_1",
                                "Startup Cost": 0.0,
                                "Total Cost": 15361.58,
                                "Plan Rows": 9955,
                                "Plan Width": 16,
                                "Actual Startup Time": 0.033,
                                "Actual Total Time": 43.103,
                                "Actual Rows": 7546,
                                "Actual Loops": 3,
                                "Filter": "((l_shipdate >= '1997-04-01'::date) AND (l_shipdate < '1997-07-01 00:00:00'::timestamp without time zone))",
                                "Rows Removed by Filter": 192645,
                                "Workers": []
                              }
                            ]
                          }
                        ]
                      }
                    ]
                  }
                ]
              }
            ]
          },
          {
            "Node Type": "Sort",
            "Parent Relationship": "Outer",
            "Parallel Aware": false,
            "Async Capable": false,
            "Startup Cost": 103.83,
            "Total Cost": 106.33,
            "Plan Rows": 1000,
            "Plan Width": 72,
            "Actual Startup Time": 0.811,
            "Actual Total Time": 0.817,
            "Actual Rows": 103,
            "Actual Loops": 1,
            "Sort Key": [
              "supplier.s_suppkey"
            ],
            "Sort Method": "quicksort",
            "Sort Space Used": 114,
            "Sort Space Type": "Memory",
            "Plans": [
              {
                "Node Type": "Seq Scan",
                "Parent Relationship": "Outer",
                "Parallel Aware": false,
                "Async Capable": false,
                "Relation Name": "supplier",
                "Alias": "supplier",
                "Startup Cost": 0.0,
                "Total Cost": 54.0,
                "Plan Rows": 1000,
                "Plan Width": 72,
                "Actual Startup Time": 0.013,
                "Actual Total Time": 0.481,
                "Actual Rows": 1000,
                "Actual Loops": 1
              }
            ]
          },
          {
            "Node Type": "Aggregate",
            "Strategy": "Sorted",
            "Partial Mode": "Finalize",
            "Parent Relationship": "Inner",
            "Parallel Aware": false,
            "Async Capable": false,
            "Startup Cost": 16523.48,
            "Total Cost": 16786.83,
            "Plan Rows": 5,
            "Plan Width": 36,
            "Actual Startup Time": 104.339,
            "Actual Total Time": 108.169,
            "Actual Rows": 1,
            "Actual Loops": 1,
            "Group Key": [
              "lineitem.l_suppkey"
            ],
            "Filter": "(sum((lineitem.l_extendedprice * ('1'::numeric - lineitem.l_discount))) = (InitPlan 1).col1)",
            "Rows Removed by Filter": 999,
            "Plans": [
              {
                "Node Type": "Gather Merge",
                "Parent Relationship": "Outer",
                "Parallel Aware": false,
                "Async Capable": false,
                "Startup Cost": 16523.48,
                "Total Cost": 16756.83,
                "Plan Rows": 2000,
                "Plan Width": 36,
                "Actual Startup Time": 50.631,
                "Actual Total Time": 53.236,
                "Actual Rows": 2995,
                "Actual Loops": 1,
                "Workers Planned": 2,
                "Workers Launched": 2,
                "Plans": [
                  {
                    "Node Type": "Sort",
                    "Parent Relationship": "Outer",
                    "Parallel Aware": false,
                    "Async Capable": false,
                    "Startup Cost": 15523.45,
                    "Total Cost": 15525.95,
                    "Plan Rows": 1000,
                    "Plan Width": 36,
                    "Actual Startup Time": 47.081,
                    "Actual Total Time": 47.196,
                    "Actual Rows": 998,
                    "Actual Loops": 3,
                    "Sort Key": [
                      "lineitem.l_suppkey"
                    ],
                    "Sort Method": "quicksort",
                    "Sort Space Used": 110,
                    "Sort Space Type": "Memory",
                    "Workers": [
                      {
                        "Worker Number": 0,
                        "Sort Method": "quicksort",
                        "Sort Space Used": 110,
                        "Sort Space Type": "Memory"
                      },
                      {
                        "Worker Number": 1,
                        "Sort Method": "quicksort",
                        "Sort Space Used": 110,
                        "Sort Space Type": "Memory"
                      }
                    ],
                    "Plans": [
                      {
                        "Node Type": "Aggregate",
                        "Strategy": "Hashed",
                        "Partial Mode": "Partial",
                        "Parent Relationship": "Outer",
                        "Parallel Aware": false,
                        "Async Capable": false,
                        "Startup Cost": 15461.13,
                        "Total Cost": 15473.63,
                        "Plan Rows": 1000,
                        "Plan Width": 36,
                        "Actual Startup Time": 46.502,
                        "Actual Total Time": 46.862,
                        "Actual Rows": 998,
                        "Actual Loops": 3,
                        "Group Key": [
                          "lineitem.l_suppkey"
                        ],
                        "Planned Partitions": 0,
                        "HashAgg Batches": 1,
                        "Peak Memory Usage": 577,
                        "Disk Usage": 0,
                        "Workers": [
                          {
                            "Worker Number": 0,
                            "HashAgg Batches": 1,
                            "Peak Memory Usage": 577,
                            "Disk Usage": 0
                          },
                          {
                            "Worker Number": 1,
                            "HashAgg Batches": 1,
                            "Peak Memory Usage": 577,
                            "Disk Usage": 0
                          }
                        ],
                        "Plans": [
                          {
                            "Node Type": "Seq Scan",
                            "Parent Relationship": "Outer",
                            "Parallel Aware": true,
                            "Async Capable": false,
                            "Relation Name": "lineitem",
                            "Alias": "lineitem",
                            "Startup Cost": 0.0,
                            "Total Cost": 15361.58,
                            "Plan Rows": 9955,
                            "Plan Width": 16,
                            "Actual Startup Time": 0.018,
                            "Actual Total Time": 42.094,
                            "Actual Rows": 7546,
                            "Actual Loops": 3,
                            "Filter": "((l_shipdate >= '1997-04-01'::date) AND (l_shipdate < '1997-07-01 00:00:00'::timestamp without time zone))",
                            "Rows Removed by Filter": 192645,
                            "Workers": []
                          }
                        ]
                      }
                    ]
                  }
                ]
              }
            ]
          }
        ]
      },
      "Planning Time": 0.435,
      "Triggers": [],
      "Execution Time": 110.296
    }
  },
  {
    "query_id": "query15.31",
    "query": "select\n\ts_suppkey,\n\ts_name,\n\ts_address,\n\ts_phone,\n\ttotal_revenue\nfrom\n\tsupplier,\n\trevenue0\nwhere\n\ts_suppkey = supplier_no\n\tand total_revenue = (\n\t\tselect\n\t\t\tmax(total_revenue)\n\t\tfrom\n\t\t\trevenue0\n\t)\norder by\n\ts_suppkey;\n",
    "execution_time": 127.543,
    "plan": {
      "Plan": {
        "Node Type": "Merge Join",
        "Parallel Aware": false,
        "Async Capable": false,
        "Join Type": "Inner",
        "Startup Cost": 33411.72,
        "Total Cost": 33680.19,
        "Plan Rows": 5,
        "Plan Width": 104,
        "Actual Startup Time": 124.52,
        "Actual Total Time": 127.31,
        "Actual Rows": 1,
        "Actual Loops": 1,
        "Inner Unique": true,
        "Merge Cond": "(supplier.s_suppkey = lineitem.l_suppkey)",
        "Plans": [
          {
            "Node Type": "Aggregate",
            "Strategy": "Plain",
            "Partial Mode": "Simple",
            "Parent Relationship": "InitPlan",
            "Subplan Name": "InitPlan 1",
            "Parallel Aware": false,
            "Async Capable": false,
            "Startup Cost": 16790.62,
            "Total Cost": 16790.63,
            "Plan Rows": 1,
            "Plan Width": 32,
            "Actual Startup Time": 55.003,
            "Actual Total Time": 55.173,
            "Actual Rows": 1,
            "Actual Loops": 1,
            "Plans": [
              {
                "Node Type": "Aggregate",
                "Strategy": "Sorted",
                "Partial Mode": "Finalize",
                "Parent Relationship": "Outer",
                "Parallel Aware": false,
                "Async Capable": false,
                "Startup Cost": 16517.27,
                "Total Cost": 16778.12,
                "Plan Rows": 1000,
                "Plan Width": 36,
                "Actual Startup Time": 52.097,
                "Actual Total Time": 55.061,
                "Actual Rows": 1000,
                "Actual Loops": 1,
                "Group Key": [
                  "lineitem_1.l_suppkey"
                ],
                "Plans": [
                  {
                    "Node Type": "Gather Merge",
                    "Parent Relationship": "Outer",
                    "Parallel Aware": false,
                    "Async Capable": false,
                    "Startup Cost": 16517.27,
                    "Total Cost": 16750.62,
                    "Plan Rows": 2000,
                    "Plan Width": 36,
                    "Actual Startup Time": 52.082,
                    "Actual Total Time": 53.214,
                    "Actual Rows": 2994,
                    "Actual Loops": 1,
                    "Workers Planned": 2,
                    "Workers Launched": 2,
                    "Plans": [
                      {
                        "Node Type": "Sort",
                        "Parent Relationship": "Outer",
                        "Parallel Aware": false,
                        "Async Capable": false,
                        "Startup Cost": 15517.24,
                        "Total Cost": 15519.74,
                        "Plan Rows": 1000,
                        "Plan Width": 36,
                        "Actual Startup Time": 47.952,
                        "Actual Total Time": 48.077,
                        "Actual Rows": 998,
                        "Actual Loops": 3,
                        "Sort Key": [
                          "lineitem_1.l_suppkey"
                        ],
                        "Sort Method": "quicksort",
                        "Sort Space Used": 110,
                        "Sort Space Type": "Memory",
                        "Workers": [
                          {
                            "Worker Number": 0,
                            "Sort Method": "quicksort",
                            "Sort Space Used": 110,
                            "Sort Space Type": "Memory"
                          },
                          {
                            "Worker Number": 1,
                            "Sort Method": "quicksort",
                            "Sort Space Used": 110,
                            "Sort Space Type": "Memory"
                          }
                        ],
                        "Plans": [
                          {
                            "Node Type": "Aggregate",
                            "Strategy": "Hashed",
                            "Partial Mode": "Partial",
                            "Parent Relationship": "Outer",
                            "Parallel Aware": false,
                            "Async Capable": false,
                            "Startup Cost": 15454.91,
                            "Total Cost": 15467.41,
                            "Plan Rows": 1000,
                            "Plan Width": 36,
                            "Actual Startup Time": 47.282,
                            "Actual Total Time": 47.692,
                            "Actual Rows": 998,
                            "Actual Loops": 3,
                            "Group Key": [
                              "lineitem_1.l_suppkey"
                            ],
                            "Planned Partitions": 0,
                            "HashAgg Batches": 1,
                            "Peak Memory Usage": 577,
                            "Disk Usage": 0,
                            "Workers": [
                              {
                                "Worker Number": 0,
                                "HashAgg Batches": 1,
                                "Peak Memory Usage": 577,
                                "Disk Usage": 0
                              },
                              {
                                "Worker Number": 1,
                                "HashAgg Batches": 1,
                                "Peak Memory Usage": 577,
                                "Disk Usage": 0
                              }
                            ],
                            "Plans": [
                              {
                                "Node Type": "Seq Scan",
                                "Parent Relationship": "Outer",
                                "Parallel Aware": true,
                                "Async Capable": false,
                                "Relation Name": "lineitem",
                                "Alias": "lineitem_1",
                                "Startup Cost": 0.0,
                                "Total Cost": 15361.58,
                                "Plan Rows": 9334,
                                "Plan Width": 16,
                                "Actual Startup Time": 0.064,
                                "Actual Total Time": 41.265,
                                "Actual Rows": 7525,
                                "Actual Loops": 3,
                                "Filter": "((l_shipdate >= '1995-01-01'::date) AND (l_shipdate < '1995-04-01 00:00:00'::timestamp without time zone))",
                                "Rows Removed by Filter": 192665,
                                "Workers": []
                              }
                            ]
                          }
                        ]
                      }
                    ]
                  }
                ]
              }
            ]
          },
          {
            "Node Type": "Sort",
            "Parent Relationship": "Outer",
            "Parallel Aware": false,
            "Async Capable": false,
            "Startup Cost": 103.83,
            "Total Cost": 106.33,
            "Plan Rows": 1000,
            "Plan Width": 72,
            "Actual Startup Time": 0.61,
            "Actual Total Time": 0.649,
            "Actual Rows": 945,
            "Actual Loops": 1,
            "Sort Key": [
              "supplier.s_suppkey"
            ],
            "Sort Method": "quicksort",
            "Sort Space Used": 114,
            "Sort Space Type": "Memory",
            "Plans": [
              {
                "Node Type": "Seq Scan",
                "Parent Relationship": "Outer",
                "Parallel Aware": false,
                "Async Capable": false,
                "Relation Name": "supplier",
                "Alias": "supplier",
                "Startup Cost": 0.0,
                "Total Cost": 54.0,
                "Plan Rows": 1000,
                "Plan Width": 72,
                "Actual Startup Time": 0.016,
                "Actual Total Time": 0.354,
                "Actual Rows": 1000,
                "Actual Loops": 1
              }
            ]
          },
          {
            "Node Type": "Aggregate",
            "Strategy": "Sorted",
            "Partial Mode": "Finalize",
            "Parent Relationship": "Inner",
            "Parallel Aware": false,
            "Async Capable": false,
            "Startup Cost": 16517.27,
            "Total Cost": 16780.62,
            "Plan Rows": 5,
            "Plan Width": 36,
            "Actual Startup Time": 123.802,
            "Actual Total Time": 126.42,
            "Actual Rows": 1,
            "Actual Loops": 1,
            "Group Key": [
              "lineitem.l_suppkey"
            ],
            "Filter": "(sum((lineitem.l_extendedprice * ('1'::numeric - lineitem.l_discount))) = (InitPlan 1).col1)",
            "Rows Removed by Filter": 999,
            "Plans": [
              {
                "Node Type": "Gather Merge",
                "Parent Relationship": "Outer",
                "Parallel Aware": false,
                "Async Capable": false,
                "Startup Cost": 16517.27,
                "Total Cost": 16750.62,
                "Plan Rows": 2000,
                "Plan Width": 36,
                "Actual Startup Time": 66.249,
                "Actual Total Time": 69.565,
                "Actual Rows": 2999,
                "Actual Loops": 1,
                "Workers Planned": 2,
                "Workers Launched": 2,
                "Plans": [
                  {
                    "Node Type": "Sort",
                    "Parent Relationship": "Outer",
                    "Parallel Aware": false,
                    "Async Capable": false,
                    "Startup Cost": 15517.24,
                    "Total Cost": 15519.74,
                    "Plan Rows": 1000,
                    "Plan Width": 36,
                    "Actual Startup Time": 61.982,
                    "Actual Total Time": 62.124,
                    "Actual Rows": 1000,
                    "Actual Loops": 3,
                    "Sort Key": [
                      "lineitem.l_suppkey"
                    ],
                    "Sort Method": "quicksort",
                    "Sort Space Used": 110,
                    "Sort Space Type": "Memory",
                    "Workers": [
                      {
                        "Worker Number": 0,
                        "Sort Method": "quicksort",
                        "Sort Space Used": 110,
                        "Sort Space Type": "Memory"
                      },
                      {
                        "Worker Number": 1,
                        "Sort Method": "quicksort",
                        "Sort Space Used": 110,
                        "Sort Space Type": "Memory"
                      }
                    ],
                    "Plans": [
                      {
                        "Node Type": "Aggregate",
                        "Strategy": "Hashed",
                        "Partial Mode": "Partial",
                        "Parent Relationship": "Outer",
                        "Parallel Aware": false,
                        "Async Capable": false,
                        "Startup Cost": 15454.91,
                        "Total Cost": 15467.41,
                        "Plan Rows": 1000,
                        "Plan Width": 36,
                        "Actual Startup Time": 61.262,
                        "Actual Total Time": 61.72,
                        "Actual Rows": 1000,
                        "Actual Loops": 3,
                        "Group Key": [
                          "lineitem.l_suppkey"
                        ],
                        "Planned Partitions": 0,
                        "HashAgg Batches": 1,
                        "Peak Memory Usage": 577,
                        "Disk Usage": 0,
                        "Workers": [
                          {
                            "Worker Number": 0,
                            "HashAgg Batches": 1,
                            "Peak Memory Usage": 577,
                            "Disk Usage": 0
                          },
                          {
                            "Worker Number": 1,
                            "HashAgg Batches": 1,
                            "Peak Memory Usage": 577,
                            "Disk Usage": 0
                          }
                        ],
                        "Plans": [
                          {
                            "Node Type": "Seq Scan",
                            "Parent Relationship": "Outer",
                            "Parallel Aware": true,
                            "Async Capable": false,
                            "Relation Name": "lineitem",
                            "Alias": "lineitem",
                            "Startup Cost": 0.0,
                            "Total Cost": 15361.58,
                            "Plan Rows": 9334,
                            "Plan Width": 16,
                            "Actual Startup Time": 0.066,
                            "Actual Total Time": 54.975,
                            "Actual Rows": 7525,
                            "Actual Loops": 3,
                            "Filter": "((l_shipdate >= '1995-01-01'::date) AND (l_shipdate < '1995-04-01 00:00:00'::timestamp without time zone))",
                            "Rows Removed by Filter": 192665,
                            "Workers": []
                          }
                        ]
                      }
                    ]
                  }
                ]
              }
            ]
          }
        ]
      },
      "Planning Time": 0.449,
      "Triggers": [],
      "Execution Time": 127.543
    }
  },
  {
    "query_id": "query15.32",
    "query": "select\n\ts_suppkey,\n\ts_name,\n\ts_address,\n\ts_phone,\n\ttotal_revenue\nfrom\n\tsupplier,\n\trevenue0\nwhere\n\ts_suppkey = supplier_no\n\tand total_revenue = (\n\t\tselect\n\t\t\tmax(total_revenue)\n\t\tfrom\n\t\t\trevenue0\n\t)\norder by\n\ts_suppkey;\n",
    "execution_time": 84.035,
    "plan": {
      "Plan": {
        "Node Type": "Merge Join",
        "Parallel Aware": false,
        "Async Capable": false,
        "Join Type": "Inner",
        "Startup Cost": 33426.24,
        "Total Cost": 33694.71,
        "Plan Rows": 5,
        "Plan Width": 104,
        "Actual Startup Time": 82.367,
        "Actual Total Time": 83.898,
        "Actual Rows": 1,
        "Actual Loops": 1,
        "Inner Unique": true,
        "Merge Cond": "(supplier.s_suppkey = lineitem.l_suppkey)",
        "Plans": [
          {
            "Node Type": "Aggregate",
            "Strategy": "Plain",
            "Partial Mode": "Simple",
            "Parent Relationship": "InitPlan",
            "Subplan Name": "InitPlan 1",
            "Parallel Aware": false,
            "Async Capable": false,
            "Startup Cost": 16797.88,
            "Total Cost": 16797.89,
            "Plan Rows": 1,
            "Plan Width": 32,
            "Actual Startup Time": 40.797,
            "Actual Total Time": 40.913,
            "Actual Rows": 1,
            "Actual Loops": 1,
            "Plans": [
              {
                "Node Type": "Aggregate",
                "Strategy": "Sorted",
                "Partial Mode": "Finalize",
                "Parent Relationship": "Outer",
                "Parallel Aware": false,
                "Async Capable": false,
                "Startup Cost": 16524.53,
                "Total Cost": 16785.38,
                "Plan Rows": 1000,
                "Plan Width": 36,
                "Actual Startup Time": 38.921,
                "Actual Total Time": 40.816,
                "Actual Rows": 1000,
                "Actual Loops": 1,
                "Group Key": [
                  "lineitem_1.l_suppkey"
                ],
                "Plans": [
                  {
                    "Node Type": "Gather Merge",
                    "Parent Relationship": "Outer",
                    "Parallel Aware": false,
                    "Async Capable": false,
                    "Startup Cost": 16524.53,
                    "Total Cost": 16757.88,
                    "Plan Rows": 2000,
                    "Plan Width": 36,
                    "Actual Startup Time": 38.91,
                    "Actual Total Time": 39.537,
                    "Actual Rows": 2997,
                    "Actual Loops": 1,
                    "Workers Planned": 2,
                    "Workers Launched": 2,
                    "Plans": [
                      {
                        "Node Type": "Sort",
                        "Parent Relationship": "Outer",
                        "Parallel Aware": false,
                        "Async Capable": false,
                        "Startup Cost": 15524.5,
                        "Total Cost": 15527.0,
                        "Plan Rows": 1000,
                        "Plan Width": 36,
                        "Actual Startup Time": 35.516,
                        "Actual Total Time": 35.584,
                        "Actual Rows": 999,
                        "Actual Loops": 3,
                        "Sort Key": [
                          "lineitem_1.l_suppkey"
                        ],
                        "Sort Method": "quicksort",
                        "Sort Space Used": 110,
                        "Sort Space Type": "Memory",
                        "Workers": [
                          {
                            "Worker Number": 0,
                            "Sort Method": "quicksort",
                            "Sort Space Used": 110,
                            "Sort Space Type": "Memory"
                          },
                          {
                            "Worker Number": 1,
                            "Sort Method": "quicksort",
                            "Sort Space Used": 110,
                            "Sort Space Type": "Memory"
                          }
                        ],
                        "Plans": [
                          {
                            "Node Type": "Aggregate",
                            "Strategy": "Hashed",
                            "Partial Mode": "Partial",
                            "Parent Relationship": "Outer",
                            "Parallel Aware": false,
                            "Async Capable": false,
                            "Startup Cost": 15462.18,
                            "Total Cost": 15474.68,
                            "Plan Rows": 1000,
                            "Plan Width": 36,
                            "Actual Startup Time": 34.84,
                            "Actual Total Time": 35.256,
                            "Actual Rows": 999,
                            "Actual Loops": 3,
                            "Group Key": [
                              "lineitem_1.l_suppkey"
                            ],
                            "Planned Partitions": 0,
                            "HashAgg Batches": 1,
                            "Peak Memory Usage": 577,
                            "Disk Usage": 0,
                            "Workers": [
                              {
                                "Worker Number": 0,
                                "HashAgg Batches": 1,
                                "Peak Memory Usage": 577,
                                "Disk Usage": 0
                              },
                              {
                                "Worker Number": 1,
                                "HashAgg Batches": 1,
                                "Peak Memory Usage": 577,
                                "Disk Usage": 0
                              }
                            ],
                            "Plans": [
                              {
                                "Node Type": "Seq Scan",
                                "Parent Relationship": "Outer",
                                "Parallel Aware": true,
                                "Async Capable": false,
                                "Relation Name": "lineitem",
                                "Alias": "lineitem_1",
                                "Startup Cost": 0.0,
                                "Total Cost": 15361.58,
                                "Plan Rows": 10060,
                                "Plan Width": 16,
                                "Actual Startup Time": 0.043,
                                "Actual Total Time": 30.343,
                                "Actual Rows": 7669,
                                "Actual Loops": 3,
                                "Filter": "((l_shipdate >= '1997-08-01'::date) AND (l_shipdate < '1997-11-01 00:00:00'::timestamp without time zone))",
                                "Rows Removed by Filter": 192521,
                                "Workers": []
                              }
                            ]
                          }
                        ]
                      }
                    ]
                  }
                ]
              }
            ]
          },
          {
            "Node Type": "Sort",
            "Parent Relationship": "Outer",
            "Parallel Aware": false,
            "Async Capable": false,
            "Startup Cost": 103.83,
            "Total Cost": 106.33,
            "Plan Rows": 1000,
            "Plan Width": 72,
            "Actual Startup Time": 0.321,
            "Actual Total Time": 0.399,
            "Actual Rows": 920,
            "Actual Loops": 1,
            "Sort Key": [
              "supplier.s_suppkey"
            ],
            "Sort Method": "quicksort",
            "Sort Space Used": 114,
            "Sort Space Type": "Memory",
            "Plans": [
              {
                "Node Type": "Seq Scan",
                "Parent Relationship": "Outer",
                "Parallel Aware": false,
                "Async Capable": false,
                "Relation Name": "supplier",
                "Alias": "supplier",
                "Startup Cost": 0.0,
                "Total Cost": 54.0,
                "Plan Rows": 1000,
                "Plan Width": 72,
                "Actual Startup Time": 0.012,
                "Actual Total Time": 0.181,
                "Actual Rows": 1000,
                "Actual Loops": 1
              }
            ]
          },
          {
            "Node Type": "Aggregate",
            "Strategy": "Sorted",
            "Partial Mode": "Finalize",
            "Parent Relationship": "Inner",
            "Parallel Aware": false,
            "Async Capable": false,
            "Startup Cost": 16524.53,
            "Total Cost": 16787.88,
            "Plan Rows": 5,
            "Plan Width": 36,
            "Actual Startup Time": 81.91,
            "Actual Total Time": 83.322,
            "Actual Rows": 1,
            "Actual Loops": 1,
            "Group Key": [
              "lineitem.l_suppkey"
            ],
            "Filter": "(sum((lineitem.l_extendedprice * ('1'::numeric - lineitem.l_discount))) = (InitPlan 1).col1)",
            "Rows Removed by Filter": 999,
            "Plans": [
              {
                "Node Type": "Gather Merge",
                "Parent Relationship": "Outer",
                "Parallel Aware": false,
                "Async Capable": false,
                "Startup Cost": 16524.53,
                "Total Cost": 16757.88,
                "Plan Rows": 2000,
                "Plan Width": 36,
                "Actual Startup Time": 39.415,
                "Actual Total Time": 41.209,
                "Actual Rows": 2997,
                "Actual Loops": 1,
                "Workers Planned": 2,
                "Workers Launched": 2,
                "Plans": [
                  {
                    "Node Type": "Sort",
                    "Parent Relationship": "Outer",
                    "Parallel Aware": false,
                    "Async Capable": false,
                    "Startup Cost": 15524.5,
                    "Total Cost": 15527.0,
                    "Plan Rows": 1000,
                    "Plan Width": 36,
                    "Actual Startup Time": 36.311,
                    "Actual Total Time": 36.4,
                    "Actual Rows": 999,
                    "Actual Loops": 3,
                    "Sort Key": [
                      "lineitem.l_suppkey"
                    ],
                    "Sort Method": "quicksort",
                    "Sort Space Used": 110,
                    "Sort Space Type": "Memory",
                    "Workers": [
                      {
                        "Worker Number": 0,
                        "Sort Method": "quicksort",
                        "Sort Space Used": 110,
                        "Sort Space Type": "Memory"
                      },
                      {
                        "Worker Number": 1,
                        "Sort Method": "quicksort",
                        "Sort Space Used": 110,
                        "Sort Space Type": "Memory"
                      }
                    ],
                    "Plans": [
                      {
                        "Node Type": "Aggregate",
                        "Strategy": "Hashed",
                        "Partial Mode": "Partial",
                        "Parent Relationship": "Outer",
                        "Parallel Aware": false,
                        "Async Capable": false,
                        "Startup Cost": 15462.18,
                        "Total Cost": 15474.68,
                        "Plan Rows": 1000,
                        "Plan Width": 36,
                        "Actual Startup Time": 35.718,
                        "Actual Total Time": 36.093,
                        "Actual Rows": 999,
                        "Actual Loops": 3,
                        "Group Key": [
                          "lineitem.l_suppkey"
                        ],
                        "Planned Partitions": 0,
                        "HashAgg Batches": 1,
                        "Peak Memory Usage": 577,
                        "Disk Usage": 0,
                        "Workers": [
                          {
                            "Worker Number": 0,
                            "HashAgg Batches": 1,
                            "Peak Memory Usage": 577,
                            "Disk Usage": 0
                          },
                          {
                            "Worker Number": 1,
                            "HashAgg Batches": 1,
                            "Peak Memory Usage": 577,
                            "Disk Usage": 0
                          }
                        ],
                        "Plans": [
                          {
                            "Node Type": "Seq Scan",
                            "Parent Relationship": "Outer",
                            "Parallel Aware": true,
                            "Async Capable": false,
                            "Relation Name": "lineitem",
                            "Alias": "lineitem",
                            "Startup Cost": 0.0,
                            "Total Cost": 15361.58,
                            "Plan Rows": 10060,
                            "Plan Width": 16,
                            "Actual Startup Time": 0.027,
                            "Actual Total Time": 31.015,
                            "Actual Rows": 7669,
                            "Actual Loops": 3,
                            "Filter": "((l_shipdate >= '1997-08-01'::date) AND (l_shipdate < '1997-11-01 00:00:00'::timestamp without time zone))",
                            "Rows Removed by Filter": 192521,
                            "Workers": []
                          }
                        ]
                      }
                    ]
                  }
                ]
              }
            ]
          }
        ]
      },
      "Planning Time": 0.305,
      "Triggers": [],
      "Execution Time": 84.035
    }
  },
  {
    "query_id": "query15.33",
    "query": "select\n\ts_suppkey,\n\ts_name,\n\ts_address,\n\ts_phone,\n\ttotal_revenue\nfrom\n\tsupplier,\n\trevenue0\nwhere\n\ts_suppkey = supplier_no\n\tand total_revenue = (\n\t\tselect\n\t\t\tmax(total_revenue)\n\t\tfrom\n\t\t\trevenue0\n\t)\norder by\n\ts_suppkey;\n",
    "execution_time": 87.22,
    "plan": {
      "Plan": {
        "Node Type": "Merge Join",
        "Parallel Aware": false,
        "Async Capable": false,
        "Join Type": "Inner",
        "Startup Cost": 33418.3,
        "Total Cost": 33686.77,
        "Plan Rows": 5,
        "Plan Width": 104,
        "Actual Startup Time": 85.105,
        "Actual Total Time": 87.091,
        "Actual Rows": 1,
        "Actual Loops": 1,
        "Inner Unique": true,
        "Merge Cond": "(supplier.s_suppkey = lineitem.l_suppkey)",
        "Plans": [
          {
            "Node Type": "Aggregate",
            "Strategy": "Plain",
            "Partial Mode": "Simple",
            "Parent Relationship": "InitPlan",
            "Subplan Name": "InitPlan 1",
            "Parallel Aware": false,
            "Async Capable": false,
            "Startup Cost": 16793.91,
            "Total Cost": 16793.92,
            "Plan Rows": 1,
            "Plan Width": 32,
            "Actual Startup Time": 42.739,
            "Actual Total Time": 43.645,
            "Actual Rows": 1,
            "Actual Loops": 1,
            "Plans": [
              {
                "Node Type": "Aggregate",
                "Strategy": "Sorted",
                "Partial Mode": "Finalize",
                "Parent Relationship": "Outer",
                "Parallel Aware": false,
                "Async Capable": false,
                "Startup Cost": 16520.56,
                "Total Cost": 16781.41,
                "Plan Rows": 1000,
                "Plan Width": 36,
                "Actual Startup Time": 40.807,
                "Actual Total Time": 43.574,
                "Actual Rows": 1000,
                "Actual Loops": 1,
                "Group Key": [
                  "lineitem_1.l_suppkey"
                ],
                "Plans": [
                  {
                    "Node Type": "Gather Merge",
                    "Parent Relationship": "Outer",
                    "Parallel Aware": false,
                    "Async Capable": false,
                    "Startup Cost": 16520.56,
                    "Total Cost": 16753.91,
                    "Plan Rows": 2000,
                    "Plan Width": 36,
                    "Actual Startup Time": 40.796,
                    "Actual Total Time": 42.271,
                    "Actual Rows": 2993,
                    "Actual Loops": 1,
                    "Workers Planned": 2,
                    "Workers Launched": 2,
                    "Plans": [
                      {
                        "Node Type": "Sort",
                        "Parent Relationship": "Outer",
                        "Parallel Aware": false,
                        "Async Capable": false,
                        "Startup Cost": 15520.53,
                        "Total Cost": 15523.03,
                        "Plan Rows": 1000,
                        "Plan Width": 36,
                        "Actual Startup Time": 37.854,
                        "Actual Total Time": 37.916,
                        "Actual Rows": 998,
                        "Actual Loops": 3,
                        "Sort Key": [
                          "lineitem_1.l_suppkey"
                        ],
                        "Sort Method": "quicksort",
                        "Sort Space Used": 110,
                        "Sort Space Type": "Memory",
                        "Workers": [
                          {
                            "Worker Number": 0,
                            "Sort Method": "quicksort",
                            "Sort Space Used": 110,
                            "Sort Space Type": "Memory"
                          },
                          {
                            "Worker Number": 1,
                            "Sort Method": "quicksort",
                            "Sort Space Used": 110,
                            "Sort Space Type": "Memory"
                          }
                        ],
                        "Plans": [
                          {
                            "Node Type": "Aggregate",
                            "Strategy": "Hashed",
                            "Partial Mode": "Partial",
                            "Parent Relationship": "Outer",
                            "Parallel Aware": false,
                            "Async Capable": false,
                            "Startup Cost": 15458.2,
                            "Total Cost": 15470.7,
                            "Plan Rows": 1000,
                            "Plan Width": 36,
                            "Actual Startup Time": 37.213,
                            "Actual Total Time": 37.607,
                            "Actual Rows": 998,
                            "Actual Loops": 3,
                            "Group Key": [
                              "lineitem_1.l_suppkey"
                            ],
                            "Planned Partitions": 0,
                            "HashAgg Batches": 1,
                            "Peak Memory Usage": 577,
                            "Disk Usage": 0,
                            "Workers": [
                              {
                                "Worker Number": 0,
                                "HashAgg Batches": 1,
                                "Peak Memory Usage": 577,
                                "Disk Usage": 0
                              },
                              {
                                "Worker Number": 1,
                                "HashAgg Batches": 1,
                                "Peak Memory Usage": 577,
                                "Disk Usage": 0
                              }
                            ],
                            "Plans": [
                              {
                                "Node Type": "Seq Scan",
                                "Parent Relationship": "Outer",
                                "Parallel Aware": true,
                                "Async Capable": false,
                                "Relation Name": "lineitem",
                                "Alias": "lineitem_1",
                                "Startup Cost": 0.0,
                                "Total Cost": 15361.58,
                                "Plan Rows": 9663,
                                "Plan Width": 16,
                                "Actual Startup Time": 0.022,
                                "Actual Total Time": 32.721,
                                "Actual Rows": 7633,
                                "Actual Loops": 3,
                                "Filter": "((l_shipdate >= '1995-04-01'::date) AND (l_shipdate < '1995-07-01 00:00:00'::timestamp without time zone))",
                                "Rows Removed by Filter": 192558,
                                "Workers": []
                              }
                            ]
                          }
                        ]
                      }
                    ]
                  }
                ]
              }
            ]
          },
          {
            "Node Type": "Sort",
            "Parent Relationship": "Outer",
            "Parallel Aware": false,
            "Async Capable": false,
            "Startup Cost": 103.83,
            "Total Cost": 106.33,
            "Plan Rows": 1000,
            "Plan Width": 72,
            "Actual Startup Time": 0.344,
            "Actual Total Time": 0.394,
            "Actual Rows": 997,
            "Actual Loops": 1,
            "Sort Key": [
              "supplier.s_suppkey"
            ],
            "Sort Method": "quicksort",
            "Sort Space Used": 114,
            "Sort Space Type": "Memory",
            "Plans": [
              {
                "Node Type": "Seq Scan",
                "Parent Relationship": "Outer",
                "Parallel Aware": false,
                "Async Capable": false,
                "Relation Name": "supplier",
                "Alias": "supplier",
                "Startup Cost": 0.0,
                "Total Cost": 54.0,
                "Plan Rows": 1000,
                "Plan Width": 72,
                "Actual Startup Time": 0.009,
                "Actual Total Time": 0.199,
                "Actual Rows": 1000,
                "Actual Loops": 1
              }
            ]
          },
          {
            "Node Type": "Aggregate",
            "Strategy": "Sorted",
            "Partial Mode": "Finalize",
            "Parent Relationship": "Inner",
            "Parallel Aware": false,
            "Async Capable": false,
            "Startup Cost": 16520.56,
            "Total Cost": 16783.91,
            "Plan Rows": 5,
            "Plan Width": 36,
            "Actual Startup Time": 84.64,
            "Actual Total Time": 85.717,
            "Actual Rows": 1,
            "Actual Loops": 1,
            "Group Key": [
              "lineitem.l_suppkey"
            ],
            "Filter": "(sum((lineitem.l_extendedprice * ('1'::numeric - lineitem.l_discount))) = (InitPlan 1).col1)",
            "Rows Removed by Filter": 999,
            "Plans": [
              {
                "Node Type": "Gather Merge",
                "Parent Relationship": "Outer",
                "Parallel Aware": false,
                "Async Capable": false,
                "Startup Cost": 16520.56,
                "Total Cost": 16753.91,
                "Plan Rows": 2000,
                "Plan Width": 36,
                "Actual Startup Time": 39.618,
                "Actual Total Time": 41.451,
                "Actual Rows": 2995,
                "Actual Loops": 1,
                "Workers Planned": 2,
                "Workers Launched": 2,
                "Plans": [
                  {
                    "Node Type": "Sort",
                    "Parent Relationship": "Outer",
                    "Parallel Aware": false,
                    "Async Capable": false,
                    "Startup Cost": 15520.53,
                    "Total Cost": 15523.03,
                    "Plan Rows": 1000,
                    "Plan Width": 36,
                    "Actual Startup Time": 36.817,
                    "Actual Total Time": 36.925,
                    "Actual Rows": 998,
                    "Actual Loops": 3,
                    "Sort Key": [
                      "lineitem.l_suppkey"
                    ],
                    "Sort Method": "quicksort",
                    "Sort Space Used": 110,
                    "Sort Space Type": "Memory",
                    "Workers": [
                      {
                        "Worker Number": 0,
                        "Sort Method": "quicksort",
                        "Sort Space Used": 110,
                        "Sort Space Type": "Memory"
                      },
                      {
                        "Worker Number": 1,
                        "Sort Method": "quicksort",
                        "Sort Space Used": 110,
                        "Sort Space Type": "Memory"
                      }
                    ],
                    "Plans": [
                      {
                        "Node Type": "Aggregate",
                        "Strategy": "Hashed",
                        "Partial Mode": "Partial",
                        "Parent Relationship": "Outer",
                        "Parallel Aware": false,
                        "Async Capable": false,
                        "Startup Cost": 15458.2,
                        "Total Cost": 15470.7,
                        "Plan Rows": 1000,
                        "Plan Width": 36,
                        "Actual Startup Time": 36.209,
                        "Actual Total Time": 36.566,
                        "Actual Rows": 998,
                        "Actual Loops": 3,
                        "Group Key": [
                          "lineitem.l_suppkey"
                        ],
                        "Planned Partitions": 0,
                        "HashAgg Batches": 1,
                        "Peak Memory Usage": 577,
                        "Disk Usage": 0,
                        "Workers": [
                          {
                            "Worker Number": 0,
                            "HashAgg Batches": 1,
                            "Peak Memory Usage": 577,
                            "Disk Usage": 0
                          },
                          {
                            "Worker Number": 1,
                            "HashAgg Batches": 1,
                            "Peak Memory Usage": 577,
                            "Disk Usage": 0
                          }
                        ],
                        "Plans": [
                          {
                            "Node Type": "Seq Scan",
                            "Parent Relationship": "Outer",
                            "Parallel Aware": true,
                            "Async Capable": false,
                            "Relation Name": "lineitem",
                            "Alias": "lineitem",
                            "Startup Cost": 0.0,
                            "Total Cost": 15361.58,
                            "Plan Rows": 9663,
                            "Plan Width": 16,
                            "Actual Startup Time": 0.044,
                            "Actual Total Time": 31.999,
                            "Actual Rows": 7633,
                            "Actual Loops": 3,
                            "Filter": "((l_shipdate >= '1995-04-01'::date) AND (l_shipdate < '1995-07-01 00:00:00'::timestamp without time zone))",
                            "Rows Removed by Filter": 192558,
                            "Workers": []
                          }
                        ]
                      }
                    ]
                  }
                ]
              }
            ]
          }
        ]
      },
      "Planning Time": 0.197,
      "Triggers": [],
      "Execution Time": 87.22
    }
  },
  {
    "query_id": "query15.34",
    "query": "select\n\ts_suppkey,\n\ts_name,\n\ts_address,\n\ts_phone,\n\ttotal_revenue\nfrom\n\tsupplier,\n\trevenue0\nwhere\n\ts_suppkey = supplier_no\n\tand total_revenue = (\n\t\tselect\n\t\t\tmax(total_revenue)\n\t\tfrom\n\t\t\trevenue0\n\t)\norder by\n\ts_suppkey;\n",
    "execution_time": 104.624,
    "plan": {
      "Plan": {
        "Node Type": "Merge Join",
        "Parallel Aware": false,
        "Async Capable": false,
        "Join Type": "Inner",
        "Startup Cost": 33411.6,
        "Total Cost": 33680.07,
        "Plan Rows": 5,
        "Plan Width": 104,
        "Actual Startup Time": 102.017,
        "Actual Total Time": 104.436,
        "Actual Rows": 1,
        "Actual Loops": 1,
        "Inner Unique": true,
        "Merge Cond": "(supplier.s_suppkey = lineitem.l_suppkey)",
        "Plans": [
          {
            "Node Type": "Aggregate",
            "Strategy": "Plain",
            "Partial Mode": "Simple",
            "Parent Relationship": "InitPlan",
            "Subplan Name": "InitPlan 1",
            "Parallel Aware": false,
            "Async Capable": false,
            "Startup Cost": 16790.56,
            "Total Cost": 16790.57,
            "Plan Rows": 1,
            "Plan Width": 32,
            "Actual Startup Time": 52.62,
            "Actual Total Time": 52.742,
            "Actual Rows": 1,
            "Actual Loops": 1,
            "Plans": [
              {
                "Node Type": "Aggregate",
                "Strategy": "Sorted",
                "Partial Mode": "Finalize",
                "Parent Relationship": "Outer",
                "Parallel Aware": false,
                "Async Capable": false,
                "Startup Cost": 16517.21,
                "Total Cost": 16778.06,
                "Plan Rows": 1000,
                "Plan Width": 36,
                "Actual Startup Time": 50.188,
                "Actual Total Time": 52.616,
                "Actual Rows": 1000,
                "Actual Loops": 1,
                "Group Key": [
                  "lineitem_1.l_suppkey"
                ],
                "Plans": [
                  {
                    "Node Type": "Gather Merge",
                    "Parent Relationship": "Outer",
                    "Parallel Aware": false,
                    "Async Capable": false,
                    "Startup Cost": 16517.21,
                    "Total Cost": 16750.56,
                    "Plan Rows": 2000,
                    "Plan Width": 36,
                    "Actual Startup Time": 50.177,
                    "Actual Total Time": 51.003,
                    "Actual Rows": 2996,
                    "Actual Loops": 1,
                    "Workers Planned": 2,
                    "Workers Launched": 2,
                    "Plans": [
                      {
                        "Node Type": "Sort",
                        "Parent Relationship": "Outer",
                        "Parallel Aware": false,
                        "Async Capable": false,
                        "Startup Cost": 15517.18,
                        "Total Cost": 15519.68,
                        "Plan Rows": 1000,
                        "Plan Width": 36,
                        "Actual Startup Time": 46.627,
                        "Actual Total Time": 46.7,
                        "Actual Rows": 999,
                        "Actual Loops": 3,
                        "Sort Key": [
                          "lineitem_1.l_suppkey"
                        ],
                        "Sort Method": "quicksort",
                        "Sort Space Used": 110,
                        "Sort Space Type": "Memory",
                        "Workers": [
                          {
                            "Worker Number": 0,
                            "Sort Method": "quicksort",
                            "Sort Space Used": 110,
                            "Sort Space Type": "Memory"
                          },
                          {
                            "Worker Number": 1,
                            "Sort Method": "quicksort",
                            "Sort Space Used": 110,
                            "Sort Space Type": "Memory"
                          }
                        ],
                        "Plans": [
                          {
                            "Node Type": "Aggregate",
                            "Strategy": "Hashed",
                            "Partial Mode": "Partial",
                            "Parent Relationship": "Outer",
                            "Parallel Aware": false,
                            "Async Capable": false,
                            "Startup Cost": 15454.85,
                            "Total Cost": 15467.35,
                            "Plan Rows": 1000,
                            "Plan Width": 36,
                            "Actual Startup Time": 45.962,
                            "Actual Total Time": 46.361,
                            "Actual Rows": 999,
                            "Actual Loops": 3,
                            "Group Key": [
                              "lineitem_1.l_suppkey"
                            ],
                            "Planned Partitions": 0,
                            "HashAgg Batches": 1,
                            "Peak Memory Usage": 577,
                            "Disk Usage": 0,
                            "Workers": [
                              {
                                "Worker Number": 0,
                                "HashAgg Batches": 1,
                                "Peak Memory Usage": 577,
                                "Disk Usage": 0
                              },
                              {
                                "Worker Number": 1,
                                "HashAgg Batches": 1,
                                "Peak Memory Usage": 577,
                                "Disk Usage": 0
                              }
                            ],
                            "Plans": [
                              {
                                "Node Type": "Seq Scan",
                                "Parent Relationship": "Outer",
                                "Parallel Aware": true,
                                "Async Capable": false,
                                "Relation Name": "lineitem",
                                "Alias": "lineitem_1",
                                "Startup Cost": 0.0,
                                "Total Cost": 15361.58,
                                "Plan Rows": 9328,
                                "Plan Width": 16,
                                "Actual Startup Time": 0.022,
                                "Actual Total Time": 40.645,
                                "Actual Rows": 7292,
                                "Actual Loops": 3,
                                "Filter": "((l_shipdate >= '1993-01-01'::date) AND (l_shipdate < '1993-04-01 00:00:00'::timestamp without time zone))",
                                "Rows Removed by Filter": 192899,
                                "Workers": []
                              }
                            ]
                          }
                        ]
                      }
                    ]
                  }
                ]
              }
            ]
          },
          {
            "Node Type": "Sort",
            "Parent Relationship": "Outer",
            "Parallel Aware": false,
            "Async Capable": false,
            "Startup Cost": 103.83,
            "Total Cost": 106.33,
            "Plan Rows": 1000,
            "Plan Width": 72,
            "Actual Startup Time": 0.522,
            "Actual Total Time": 0.571,
            "Actual Rows": 945,
            "Actual Loops": 1,
            "Sort Key": [
              "supplier.s_suppkey"
            ],
            "Sort Method": "quicksort",
            "Sort Space Used": 114,
            "Sort Space Type": "Memory",
            "Plans": [
              {
                "Node Type": "Seq Scan",
                "Parent Relationship": "Outer",
                "Parallel Aware": false,
                "Async Capable": false,
                "Relation Name": "supplier",
                "Alias": "supplier",
                "Startup Cost": 0.0,
                "Total Cost": 54.0,
                "Plan Rows": 1000,
                "Plan Width": 72,
                "Actual Startup Time": 0.04,
                "Actual Total Time": 0.284,
                "Actual Rows": 1000,
                "Actual Loops": 1
              }
            ]
          },
          {
            "Node Type": "Aggregate",
            "Strategy": "Sorted",
            "Partial Mode": "Finalize",
            "Parent Relationship": "Inner",
            "Parallel Aware": false,
            "Async Capable": false,
            "Startup Cost": 16517.21,
            "Total Cost": 16780.56,
            "Plan Rows": 5,
            "Plan Width": 36,
            "Actual Startup Time": 101.377,
            "Actual Total Time": 103.67,
            "Actual Rows": 1,
            "Actual Loops": 1,
            "Group Key": [
              "lineitem.l_suppkey"
            ],
            "Filter": "(sum((lineitem.l_extendedprice * ('1'::numeric - lineitem.l_discount))) = (InitPlan 1).col1)",
            "Rows Removed by Filter": 999,
            "Plans": [
              {
                "Node Type": "Gather Merge",
                "Parent Relationship": "Outer",
                "Parallel Aware": false,
                "Async Capable": false,
                "Startup Cost": 16517.21,
                "Total Cost": 16750.56,
                "Plan Rows": 2000,
                "Plan Width": 36,
                "Actual Startup Time": 46.489,
                "Actual Total Time": 49.468,
                "Actual Rows": 2994,
                "Actual Loops": 1,
                "Workers Planned": 2,
                "Workers Launched": 2,
                "Plans": [
                  {
                    "Node Type": "Sort",
                    "Parent Relationship": "Outer",
                    "Parallel Aware": false,
                    "Async Capable": false,
                    "Startup Cost": 15517.18,
                    "Total Cost": 15519.68,
                    "Plan Rows": 1000,
                    "Plan Width": 36,
                    "Actual Startup Time": 42.814,
                    "Actual Total Time": 42.928,
                    "Actual Rows": 998,
                    "Actual Loops": 3,
                    "Sort Key": [
                      "lineitem.l_suppkey"
                    ],
                    "Sort Method": "quicksort",
                    "Sort Space Used": 110,
                    "Sort Space Type": "Memory",
                    "Workers": [
                      {
                        "Worker Number": 0,
                        "Sort Method": "quicksort",
                        "Sort Space Used": 110,
                        "Sort Space Type": "Memory"
                      },
                      {
                        "Worker Number": 1,
                        "Sort Method": "quicksort",
                        "Sort Space Used": 110,
                        "Sort Space Type": "Memory"
                      }
                    ],
                    "Plans": [
                      {
                        "Node Type": "Aggregate",
                        "Strategy": "Hashed",
                        "Partial Mode": "Partial",
                        "Parent Relationship": "Outer",
                        "Parallel Aware": false,
                        "Async Capable": false,
                        "Startup Cost": 15454.85,
                        "Total Cost": 15467.35,
                        "Plan Rows": 1000,
                        "Plan Width": 36,
                        "Actual Startup Time": 42.163,
                        "Actual Total Time": 42.578,
                        "Actual Rows": 998,
                        "Actual Loops": 3,
                        "Group Key": [
                          "lineitem.l_suppkey"
                        ],
                        "Planned Partitions": 0,
                        "HashAgg Batches": 1,
                        "Peak Memory Usage": 577,
                        "Disk Usage": 0,
                        "Workers": [
                          {
                            "Worker Number": 0,
                            "HashAgg Batches": 1,
                            "Peak Memory Usage": 577,
                            "Disk Usage": 0
                          },
                          {
                            "Worker Number": 1,
                            "HashAgg Batches": 1,
                            "Peak Memory Usage": 577,
                            "Disk Usage": 0
                          }
                        ],
                        "Plans": [
                          {
                            "Node Type": "Seq Scan",
                            "Parent Relationship": "Outer",
                            "Parallel Aware": true,
                            "Async Capable": false,
                            "Relation Name": "lineitem",
                            "Alias": "lineitem",
                            "Startup Cost": 0.0,
                            "Total Cost": 15361.58,
                            "Plan Rows": 9328,
                            "Plan Width": 16,
                            "Actual Startup Time": 0.02,
                            "Actual Total Time": 37.358,
                            "Actual Rows": 7292,
                            "Actual Loops": 3,
                            "Filter": "((l_shipdate >= '1993-01-01'::date) AND (l_shipdate < '1993-04-01 00:00:00'::timestamp without time zone))",
                            "Rows Removed by Filter": 192899,
                            "Workers": []
                          }
                        ]
                      }
                    ]
                  }
                ]
              }
            ]
          }
        ]
      },
      "Planning Time": 0.253,
      "Triggers": [],
      "Execution Time": 104.624
    }
  },
  {
    "query_id": "query15.35",
    "query": "select\n\ts_suppkey,\n\ts_name,\n\ts_address,\n\ts_phone,\n\ttotal_revenue\nfrom\n\tsupplier,\n\trevenue0\nwhere\n\ts_suppkey = supplier_no\n\tand total_revenue = (\n\t\tselect\n\t\t\tmax(total_revenue)\n\t\tfrom\n\t\t\trevenue0\n\t)\norder by\n\ts_suppkey;\n",
    "execution_time": 89.685,
    "plan": {
      "Plan": {
        "Node Type": "Merge Join",
        "Parallel Aware": false,
        "Async Capable": false,
        "Join Type": "Inner",
        "Startup Cost": 33419.4,
        "Total Cost": 33687.87,
        "Plan Rows": 5,
        "Plan Width": 104,
        "Actual Startup Time": 87.517,
        "Actual Total Time": 89.524,
        "Actual Rows": 1,
        "Actual Loops": 1,
        "Inner Unique": true,
        "Merge Cond": "(supplier.s_suppkey = lineitem.l_suppkey)",
        "Plans": [
          {
            "Node Type": "Aggregate",
            "Strategy": "Plain",
            "Partial Mode": "Simple",
            "Parent Relationship": "InitPlan",
            "Subplan Name": "InitPlan 1",
            "Parallel Aware": false,
            "Async Capable": false,
            "Startup Cost": 16794.46,
            "Total Cost": 16794.47,
            "Plan Rows": 1,
            "Plan Width": 32,
            "Actual Startup Time": 41.02,
            "Actual Total Time": 41.141,
            "Actual Rows": 1,
            "Actual Loops": 1,
            "Plans": [
              {
                "Node Type": "Aggregate",
                "Strategy": "Sorted",
                "Partial Mode": "Finalize",
                "Parent Relationship": "Outer",
                "Parallel Aware": false,
                "Async Capable": false,
                "Startup Cost": 16521.11,
                "Total Cost": 16781.96,
                "Plan Rows": 1000,
                "Plan Width": 36,
                "Actual Startup Time": 39.302,
                "Actual Total Time": 41.083,
                "Actual Rows": 1000,
                "Actual Loops": 1,
                "Group Key": [
                  "lineitem_1.l_suppkey"
                ],
                "Plans": [
                  {
                    "Node Type": "Gather Merge",
                    "Parent Relationship": "Outer",
                    "Parallel Aware": false,
                    "Async Capable": false,
                    "Startup Cost": 16521.11,
                    "Total Cost": 16754.46,
                    "Plan Rows": 2000,
                    "Plan Width": 36,
                    "Actual Startup Time": 39.28,
                    "Actual Total Time": 39.88,
                    "Actual Rows": 2996,
                    "Actual Loops": 1,
                    "Workers Planned": 2,
                    "Workers Launched": 2,
                    "Plans": [
                      {
                        "Node Type": "Sort",
                        "Parent Relationship": "Outer",
                        "Parallel Aware": false,
                        "Async Capable": false,
                        "Startup Cost": 15521.08,
                        "Total Cost": 15523.58,
                        "Plan Rows": 1000,
                        "Plan Width": 36,
                        "Actual Startup Time": 36.229,
                        "Actual Total Time": 36.287,
                        "Actual Rows": 999,
                        "Actual Loops": 3,
                        "Sort Key": [
                          "lineitem_1.l_suppkey"
                        ],
                        "Sort Method": "quicksort",
                        "Sort Space Used": 110,
                        "Sort Space Type": "Memory",
                        "Workers": [
                          {
                            "Worker Number": 0,
                            "Sort Method": "quicksort",
                            "Sort Space Used": 110,
                            "Sort Space Type": "Memory"
                          },
                          {
                            "Worker Number": 1,
                            "Sort Method": "quicksort",
                            "Sort Space Used": 110,
                            "Sort Space Type": "Memory"
                          }
                        ],
                        "Plans": [
                          {
                            "Node Type": "Aggregate",
                            "Strategy": "Hashed",
                            "Partial Mode": "Partial",
                            "Parent Relationship": "Outer",
                            "Parallel Aware": false,
                            "Async Capable": false,
                            "Startup Cost": 15458.76,
                            "Total Cost": 15471.26,
                            "Plan Rows": 1000,
                            "Plan Width": 36,
                            "Actual Startup Time": 35.616,
                            "Actual Total Time": 35.992,
                            "Actual Rows": 999,
                            "Actual Loops": 3,
                            "Group Key": [
                              "lineitem_1.l_suppkey"
                            ],
                            "Planned Partitions": 0,
                            "HashAgg Batches": 1,
                            "Peak Memory Usage": 577,
                            "Disk Usage": 0,
                            "Workers": [
                              {
                                "Worker Number": 0,
                                "HashAgg Batches": 1,
                                "Peak Memory Usage": 577,
                                "Disk Usage": 0
                              },
                              {
                                "Worker Number": 1,
                                "HashAgg Batches": 1,
                                "Peak Memory Usage": 577,
                                "Disk Usage": 0
                              }
                            ],
                            "Plans": [
                              {
                                "Node Type": "Seq Scan",
                                "Parent Relationship": "Outer",
                                "Parallel Aware": true,
                                "Async Capable": false,
                                "Relation Name": "lineitem",
                                "Alias": "lineitem_1",
                                "Startup Cost": 0.0,
                                "Total Cost": 15361.58,
                                "Plan Rows": 9718,
                                "Plan Width": 16,
                                "Actual Startup Time": 0.012,
                                "Actual Total Time": 31.492,
                                "Actual Rows": 7725,
                                "Actual Loops": 3,
                                "Filter": "((l_shipdate >= '1995-08-01'::date) AND (l_shipdate < '1995-11-01 00:00:00'::timestamp without time zone))",
                                "Rows Removed by Filter": 192466,
                                "Workers": []
                              }
                            ]
                          }
                        ]
                      }
                    ]
                  }
                ]
              }
            ]
          },
          {
            "Node Type": "Sort",
            "Parent Relationship": "Outer",
            "Parallel Aware": false,
            "Async Capable": false,
            "Startup Cost": 103.83,
            "Total Cost": 106.33,
            "Plan Rows": 1000,
            "Plan Width": 72,
            "Actual Startup Time": 0.356,
            "Actual Total Time": 0.388,
            "Actual Rows": 861,
            "Actual Loops": 1,
            "Sort Key": [
              "supplier.s_suppkey"
            ],
            "Sort Method": "quicksort",
            "Sort Space Used": 114,
            "Sort Space Type": "Memory",
            "Plans": [
              {
                "Node Type": "Seq Scan",
                "Parent Relationship": "Outer",
                "Parallel Aware": false,
                "Async Capable": false,
                "Relation Name": "supplier",
                "Alias": "supplier",
                "Startup Cost": 0.0,
                "Total Cost": 54.0,
                "Plan Rows": 1000,
                "Plan Width": 72,
                "Actual Startup Time": 0.01,
                "Actual Total Time": 0.205,
                "Actual Rows": 1000,
                "Actual Loops": 1
              }
            ]
          },
          {
            "Node Type": "Aggregate",
            "Strategy": "Sorted",
            "Partial Mode": "Finalize",
            "Parent Relationship": "Inner",
            "Parallel Aware": false,
            "Async Capable": false,
            "Startup Cost": 16521.11,
            "Total Cost": 16784.46,
            "Plan Rows": 5,
            "Plan Width": 36,
            "Actual Startup Time": 87.079,
            "Actual Total Time": 88.962,
            "Actual Rows": 1,
            "Actual Loops": 1,
            "Group Key": [
              "lineitem.l_suppkey"
            ],
            "Filter": "(sum((lineitem.l_extendedprice * ('1'::numeric - lineitem.l_discount))) = (InitPlan 1).col1)",
            "Rows Removed by Filter": 999,
            "Plans": [
              {
                "Node Type": "Gather Merge",
                "Parent Relationship": "Outer",
                "Parallel Aware": false,
                "Async Capable": false,
                "Startup Cost": 16521.11,
                "Total Cost": 16754.46,
                "Plan Rows": 2000,
                "Plan Width": 36,
                "Actual Startup Time": 44.383,
                "Actual Total Time": 46.666,
                "Actual Rows": 2994,
                "Actual Loops": 1,
                "Workers Planned": 2,
                "Workers Launched": 2,
                "Plans": [
                  {
                    "Node Type": "Sort",
                    "Parent Relationship": "Outer",
                    "Parallel Aware": false,
                    "Async Capable": false,
                    "Startup Cost": 15521.08,
                    "Total Cost": 15523.58,
                    "Plan Rows": 1000,
                    "Plan Width": 36,
                    "Actual Startup Time": 41.208,
                    "Actual Total Time": 41.295,
                    "Actual Rows": 998,
                    "Actual Loops": 3,
                    "Sort Key": [
                      "lineitem.l_suppkey"
                    ],
                    "Sort Method": "quicksort",
                    "Sort Space Used": 110,
                    "Sort Space Type": "Memory",
                    "Workers": [
                      {
                        "Worker Number": 0,
                        "Sort Method": "quicksort",
                        "Sort Space Used": 110,
                        "Sort Space Type": "Memory"
                      },
                      {
                        "Worker Number": 1,
                        "Sort Method": "quicksort",
                        "Sort Space Used": 110,
                        "Sort Space Type": "Memory"
                      }
                    ],
                    "Plans": [
                      {
                        "Node Type": "Aggregate",
                        "Strategy": "Hashed",
                        "Partial Mode": "Partial",
                        "Parent Relationship": "Outer",
                        "Parallel Aware": false,
                        "Async Capable": false,
                        "Startup Cost": 15458.76,
                        "Total Cost": 15471.26,
                        "Plan Rows": 1000,
                        "Plan Width": 36,
                        "Actual Startup Time": 40.476,
                        "Actual Total Time": 40.938,
                        "Actual Rows": 998,
                        "Actual Loops": 3,
                        "Group Key": [
                          "lineitem.l_suppkey"
                        ],
                        "Planned Partitions": 0,
                        "HashAgg Batches": 1,
                        "Peak Memory Usage": 577,
                        "Disk Usage": 0,
                        "Workers": [
                          {
                            "Worker Number": 0,
                            "HashAgg Batches": 1,
                            "Peak Memory Usage": 577,
                            "Disk Usage": 0
                          },
                          {
                            "Worker Number": 1,
                            "HashAgg Batches": 1,
                            "Peak Memory Usage": 577,
                            "Disk Usage": 0
                          }
                        ],
                        "Plans": [
                          {
                            "Node Type": "Seq Scan",
                            "Parent Relationship": "Outer",
                            "Parallel Aware": true,
                            "Async Capable": false,
                            "Relation Name": "lineitem",
                            "Alias": "lineitem",
                            "Startup Cost": 0.0,
                            "Total Cost": 15361.58,
                            "Plan Rows": 9718,
                            "Plan Width": 16,
                            "Actual Startup Time": 0.013,
                            "Actual Total Time": 35.673,
                            "Actual Rows": 7725,
                            "Actual Loops": 3,
                            "Filter": "((l_shipdate >= '1995-08-01'::date) AND (l_shipdate < '1995-11-01 00:00:00'::timestamp without time zone))",
                            "Rows Removed by Filter": 192466,
                            "Workers": []
                          }
                        ]
                      }
                    ]
                  }
                ]
              }
            ]
          }
        ]
      },
      "Planning Time": 0.196,
      "Triggers": [],
      "Execution Time": 89.685
    }
  },
  {
    "query_id": "query15.36",
    "query": "select\n\ts_suppkey,\n\ts_name,\n\ts_address,\n\ts_phone,\n\ttotal_revenue\nfrom\n\tsupplier,\n\trevenue0\nwhere\n\ts_suppkey = supplier_no\n\tand total_revenue = (\n\t\tselect\n\t\t\tmax(total_revenue)\n\t\tfrom\n\t\t\trevenue0\n\t)\norder by\n\ts_suppkey;\n",
    "execution_time": 92.096,
    "plan": {
      "Plan": {
        "Node Type": "Merge Join",
        "Parallel Aware": false,
        "Async Capable": false,
        "Join Type": "Inner",
        "Startup Cost": 33419.2,
        "Total Cost": 33687.67,
        "Plan Rows": 5,
        "Plan Width": 104,
        "Actual Startup Time": 89.82,
        "Actual Total Time": 91.841,
        "Actual Rows": 1,
        "Actual Loops": 1,
        "Inner Unique": true,
        "Merge Cond": "(supplier.s_suppkey = lineitem.l_suppkey)",
        "Plans": [
          {
            "Node Type": "Aggregate",
            "Strategy": "Plain",
            "Partial Mode": "Simple",
            "Parent Relationship": "InitPlan",
            "Subplan Name": "InitPlan 1",
            "Parallel Aware": false,
            "Async Capable": false,
            "Startup Cost": 16794.36,
            "Total Cost": 16794.37,
            "Plan Rows": 1,
            "Plan Width": 32,
            "Actual Startup Time": 46.046,
            "Actual Total Time": 46.179,
            "Actual Rows": 1,
            "Actual Loops": 1,
            "Plans": [
              {
                "Node Type": "Aggregate",
                "Strategy": "Sorted",
                "Partial Mode": "Finalize",
                "Parent Relationship": "Outer",
                "Parallel Aware": false,
                "Async Capable": false,
                "Startup Cost": 16521.01,
                "Total Cost": 16781.86,
                "Plan Rows": 1000,
                "Plan Width": 36,
                "Actual Startup Time": 44.183,
                "Actual Total Time": 46.101,
                "Actual Rows": 1000,
                "Actual Loops": 1,
                "Group Key": [
                  "lineitem_1.l_suppkey"
                ],
                "Plans": [
                  {
                    "Node Type": "Gather Merge",
                    "Parent Relationship": "Outer",
                    "Parallel Aware": false,
                    "Async Capable": false,
                    "Startup Cost": 16521.01,
                    "Total Cost": 16754.36,
                    "Plan Rows": 2000,
                    "Plan Width": 36,
                    "Actual Startup Time": 44.171,
                    "Actual Total Time": 44.819,
                    "Actual Rows": 2992,
                    "Actual Loops": 1,
                    "Workers Planned": 2,
                    "Workers Launched": 2,
                    "Plans": [
                      {
                        "Node Type": "Sort",
                        "Parent Relationship": "Outer",
                        "Parallel Aware": false,
                        "Async Capable": false,
                        "Startup Cost": 15520.98,
                        "Total Cost": 15523.48,
                        "Plan Rows": 1000,
                        "Plan Width": 36,
                        "Actual Startup Time": 40.608,
                        "Actual Total Time": 40.663,
                        "Actual Rows": 997,
                        "Actual Loops": 3,
                        "Sort Key": [
                          "lineitem_1.l_suppkey"
                        ],
                        "Sort Method": "quicksort",
                        "Sort Space Used": 110,
                        "Sort Space Type": "Memory",
                        "Workers": [
                          {
                            "Worker Number": 0,
                            "Sort Method": "quicksort",
                            "Sort Space Used": 110,
                            "Sort Space Type": "Memory"
                          },
                          {
                            "Worker Number": 1,
                            "Sort Method": "quicksort",
                            "Sort Space Used": 110,
                            "Sort Space Type": "Memory"
                          }
                        ],
                        "Plans": [
                          {
                            "Node Type": "Aggregate",
                            "Strategy": "Hashed",
                            "Partial Mode": "Partial",
                            "Parent Relationship": "Outer",
                            "Parallel Aware": false,
                            "Async Capable": false,
                            "Startup Cost": 15458.66,
                            "Total Cost": 15471.16,
                            "Plan Rows": 1000,
                            "Plan Width": 36,
                            "Actual Startup Time": 39.966,
                            "Actual Total Time": 40.358,
                            "Actual Rows": 997,
                            "Actual Loops": 3,
                            "Group Key": [
                              "lineitem_1.l_suppkey"
                            ],
                            "Planned Partitions": 0,
                            "HashAgg Batches": 1,
                            "Peak Memory Usage": 577,
                            "Disk Usage": 0,
                            "Workers": [
                              {
                                "Worker Number": 0,
                                "HashAgg Batches": 1,
                                "Peak Memory Usage": 577,
                                "Disk Usage": 0
                              },
                              {
                                "Worker Number": 1,
                                "HashAgg Batches": 1,
                                "Peak Memory Usage": 577,
                                "Disk Usage": 0
                              }
                            ],
                            "Plans": [
                              {
                                "Node Type": "Seq Scan",
                                "Parent Relationship": "Outer",
                                "Parallel Aware": true,
                                "Async Capable": false,
                                "Relation Name": "lineitem",
                                "Alias": "lineitem_1",
                                "Startup Cost": 0.0,
                                "Total Cost": 15361.58,
                                "Plan Rows": 9708,
                                "Plan Width": 16,
                                "Actual Startup Time": 0.036,
                                "Actual Total Time": 35.794,
                                "Actual Rows": 7540,
                                "Actual Loops": 3,
                                "Filter": "((l_shipdate >= '1993-05-01'::date) AND (l_shipdate < '1993-08-01 00:00:00'::timestamp without time zone))",
                                "Rows Removed by Filter": 192651,
                                "Workers": []
                              }
                            ]
                          }
                        ]
                      }
                    ]
                  }
                ]
              }
            ]
          },
          {
            "Node Type": "Sort",
            "Parent Relationship": "Outer",
            "Parallel Aware": false,
            "Async Capable": false,
            "Startup Cost": 103.83,
            "Total Cost": 106.33,
            "Plan Rows": 1000,
            "Plan Width": 72,
            "Actual Startup Time": 0.327,
            "Actual Total Time": 0.55,
            "Actual Rows": 983,
            "Actual Loops": 1,
            "Sort Key": [
              "supplier.s_suppkey"
            ],
            "Sort Method": "quicksort",
            "Sort Space Used": 114,
            "Sort Space Type": "Memory",
            "Plans": [
              {
                "Node Type": "Seq Scan",
                "Parent Relationship": "Outer",
                "Parallel Aware": false,
                "Async Capable": false,
                "Relation Name": "supplier",
                "Alias": "supplier",
                "Startup Cost": 0.0,
                "Total Cost": 54.0,
                "Plan Rows": 1000,
                "Plan Width": 72,
                "Actual Startup Time": 0.012,
                "Actual Total Time": 0.177,
                "Actual Rows": 1000,
                "Actual Loops": 1
              }
            ]
          },
          {
            "Node Type": "Aggregate",
            "Strategy": "Sorted",
            "Partial Mode": "Finalize",
            "Parent Relationship": "Inner",
            "Parallel Aware": false,
            "Async Capable": false,
            "Startup Cost": 16521.01,
            "Total Cost": 16784.36,
            "Plan Rows": 5,
            "Plan Width": 36,
            "Actual Startup Time": 89.144,
            "Actual Total Time": 91.029,
            "Actual Rows": 1,
            "Actual Loops": 1,
            "Group Key": [
              "lineitem.l_suppkey"
            ],
            "Filter": "(sum((lineitem.l_extendedprice * ('1'::numeric - lineitem.l_discount))) = (InitPlan 1).col1)",
            "Rows Removed by Filter": 999,
            "Plans": [
              {
                "Node Type": "Gather Merge",
                "Parent Relationship": "Outer",
                "Parallel Aware": false,
                "Async Capable": false,
                "Startup Cost": 16521.01,
                "Total Cost": 16754.36,
                "Plan Rows": 2000,
                "Plan Width": 36,
                "Actual Startup Time": 41.075,
                "Actual Total Time": 43.582,
                "Actual Rows": 2997,
                "Actual Loops": 1,
                "Workers Planned": 2,
                "Workers Launched": 2,
                "Plans": [
                  {
                    "Node Type": "Sort",
                    "Parent Relationship": "Outer",
                    "Parallel Aware": false,
                    "Async Capable": false,
                    "Startup Cost": 15520.98,
                    "Total Cost": 15523.48,
                    "Plan Rows": 1000,
                    "Plan Width": 36,
                    "Actual Startup Time": 38.119,
                    "Actual Total Time": 38.217,
                    "Actual Rows": 999,
                    "Actual Loops": 3,
                    "Sort Key": [
                      "lineitem.l_suppkey"
                    ],
                    "Sort Method": "quicksort",
                    "Sort Space Used": 110,
                    "Sort Space Type": "Memory",
                    "Workers": [
                      {
                        "Worker Number": 0,
                        "Sort Method": "quicksort",
                        "Sort Space Used": 110,
                        "Sort Space Type": "Memory"
                      },
                      {
                        "Worker Number": 1,
                        "Sort Method": "quicksort",
                        "Sort Space Used": 110,
                        "Sort Space Type": "Memory"
                      }
                    ],
                    "Plans": [
                      {
                        "Node Type": "Aggregate",
                        "Strategy": "Hashed",
                        "Partial Mode": "Partial",
                        "Parent Relationship": "Outer",
                        "Parallel Aware": false,
                        "Async Capable": false,
                        "Startup Cost": 15458.66,
                        "Total Cost": 15471.16,
                        "Plan Rows": 1000,
                        "Plan Width": 36,
                        "Actual Startup Time": 37.571,
                        "Actual Total Time": 37.92,
                        "Actual Rows": 999,
                        "Actual Loops": 3,
                        "Group Key": [
                          "lineitem.l_suppkey"
                        ],
                        "Planned Partitions": 0,
                        "HashAgg Batches": 1,
                        "Peak Memory Usage": 577,
                        "Disk Usage": 0,
                        "Workers": [
                          {
                            "Worker Number": 0,
                            "HashAgg Batches": 1,
                            "Peak Memory Usage": 577,
                            "Disk Usage": 0
                          },
                          {
                            "Worker Number": 1,
                            "HashAgg Batches": 1,
                            "Peak Memory Usage": 577,
                            "Disk Usage": 0
                          }
                        ],
                        "Plans": [
                          {
                            "Node Type": "Seq Scan",
                            "Parent Relationship": "Outer",
                            "Parallel Aware": true,
                            "Async Capable": false,
                            "Relation Name": "lineitem",
                            "Alias": "lineitem",
                            "Startup Cost": 0.0,
                            "Total Cost": 15361.58,
                            "Plan Rows": 9708,
                            "Plan Width": 16,
                            "Actual Startup Time": 0.02,
                            "Actual Total Time": 33.269,
                            "Actual Rows": 7540,
                            "Actual Loops": 3,
                            "Filter": "((l_shipdate >= '1993-05-01'::date) AND (l_shipdate < '1993-08-01 00:00:00'::timestamp without time zone))",
                            "Rows Removed by Filter": 192651,
                            "Workers": []
                          }
                        ]
                      }
                    ]
                  }
                ]
              }
            ]
          }
        ]
      },
      "Planning Time": 0.285,
      "Triggers": [],
      "Execution Time": 92.096
    }
  },
  {
    "query_id": "query15.37",
    "query": "select\n\ts_suppkey,\n\ts_name,\n\ts_address,\n\ts_phone,\n\ttotal_revenue\nfrom\n\tsupplier,\n\trevenue0\nwhere\n\ts_suppkey = supplier_no\n\tand total_revenue = (\n\t\tselect\n\t\t\tmax(total_revenue)\n\t\tfrom\n\t\t\trevenue0\n\t)\norder by\n\ts_suppkey;\n",
    "execution_time": 98.04,
    "plan": {
      "Plan": {
        "Node Type": "Merge Join",
        "Parallel Aware": false,
        "Async Capable": false,
        "Join Type": "Inner",
        "Startup Cost": 33417.0,
        "Total Cost": 33685.47,
        "Plan Rows": 5,
        "Plan Width": 104,
        "Actual Startup Time": 94.219,
        "Actual Total Time": 97.885,
        "Actual Rows": 1,
        "Actual Loops": 1,
        "Inner Unique": true,
        "Merge Cond": "(supplier.s_suppkey = lineitem.l_suppkey)",
        "Plans": [
          {
            "Node Type": "Aggregate",
            "Strategy": "Plain",
            "Partial Mode": "Simple",
            "Parent Relationship": "InitPlan",
            "Subplan Name": "InitPlan 1",
            "Parallel Aware": false,
            "Async Capable": false,
            "Startup Cost": 16793.26,
            "Total Cost": 16793.27,
            "Plan Rows": 1,
            "Plan Width": 32,
            "Actual Startup Time": 44.239,
            "Actual Total Time": 44.375,
            "Actual Rows": 1,
            "Actual Loops": 1,
            "Plans": [
              {
                "Node Type": "Aggregate",
                "Strategy": "Sorted",
                "Partial Mode": "Finalize",
                "Parent Relationship": "Outer",
                "Parallel Aware": false,
                "Async Capable": false,
                "Startup Cost": 16519.91,
                "Total Cost": 16780.76,
                "Plan Rows": 1000,
                "Plan Width": 36,
                "Actual Startup Time": 42.11,
                "Actual Total Time": 44.302,
                "Actual Rows": 1000,
                "Actual Loops": 1,
                "Group Key": [
                  "lineitem_1.l_suppkey"
                ],
                "Plans": [
                  {
                    "Node Type": "Gather Merge",
                    "Parent Relationship": "Outer",
                    "Parallel Aware": false,
                    "Async Capable": false,
                    "Startup Cost": 16519.91,
                    "Total Cost": 16753.26,
                    "Plan Rows": 2000,
                    "Plan Width": 36,
                    "Actual Startup Time": 42.095,
                    "Actual Total Time": 42.815,
                    "Actual Rows": 2998,
                    "Actual Loops": 1,
                    "Workers Planned": 2,
                    "Workers Launched": 2,
                    "Plans": [
                      {
                        "Node Type": "Sort",
                        "Parent Relationship": "Outer",
                        "Parallel Aware": false,
                        "Async Capable": false,
                        "Startup Cost": 15519.88,
                        "Total Cost": 15522.38,
                        "Plan Rows": 1000,
                        "Plan Width": 36,
                        "Actual Startup Time": 38.548,
                        "Actual Total Time": 38.609,
                        "Actual Rows": 999,
                        "Actual Loops": 3,
                        "Sort Key": [
                          "lineitem_1.l_suppkey"
                        ],
                        "Sort Method": "quicksort",
                        "Sort Space Used": 110,
                        "Sort Space Type": "Memory",
                        "Workers": [
                          {
                            "Worker Number": 0,
                            "Sort Method": "quicksort",
                            "Sort Space Used": 110,
                            "Sort Space Type": "Memory"
                          },
                          {
                            "Worker Number": 1,
                            "Sort Method": "quicksort",
                            "Sort Space Used": 110,
                            "Sort Space Type": "Memory"
                          }
                        ],
                        "Plans": [
                          {
                            "Node Type": "Aggregate",
                            "Strategy": "Hashed",
                            "Partial Mode": "Partial",
                            "Parent Relationship": "Outer",
                            "Parallel Aware": false,
                            "Async Capable": false,
                            "Startup Cost": 15457.56,
                            "Total Cost": 15470.06,
                            "Plan Rows": 1000,
                            "Plan Width": 36,
                            "Actual Startup Time": 37.943,
                            "Actual Total Time": 38.307,
                            "Actual Rows": 999,
                            "Actual Loops": 3,
                            "Group Key": [
                              "lineitem_1.l_suppkey"
                            ],
                            "Planned Partitions": 0,
                            "HashAgg Batches": 1,
                            "Peak Memory Usage": 577,
                            "Disk Usage": 0,
                            "Workers": [
                              {
                                "Worker Number": 0,
                                "HashAgg Batches": 1,
                                "Peak Memory Usage": 577,
                                "Disk Usage": 0
                              },
                              {
                                "Worker Number": 1,
                                "HashAgg Batches": 1,
                                "Peak Memory Usage": 577,
                                "Disk Usage": 0
                              }
                            ],
                            "Plans": [
                              {
                                "Node Type": "Seq Scan",
                                "Parent Relationship": "Outer",
                                "Parallel Aware": true,
                                "Async Capable": false,
                                "Relation Name": "lineitem",
                                "Alias": "lineitem_1",
                                "Startup Cost": 0.0,
                                "Total Cost": 15361.58,
                                "Plan Rows": 9598,
                                "Plan Width": 16,
                                "Actual Startup Time": 0.02,
                                "Actual Total Time": 33.277,
                                "Actual Rows": 7758,
                                "Actual Loops": 3,
                                "Filter": "((l_shipdate >= '1995-11-01'::date) AND (l_shipdate < '1996-02-01 00:00:00'::timestamp without time zone))",
                                "Rows Removed by Filter": 192432,
                                "Workers": []
                              }
                            ]
                          }
                        ]
                      }
                    ]
                  }
                ]
              }
            ]
          },
          {
            "Node Type": "Sort",
            "Parent Relationship": "Outer",
            "Parallel Aware": false,
            "Async Capable": false,
            "Startup Cost": 103.83,
            "Total Cost": 106.33,
            "Plan Rows": 1000,
            "Plan Width": 72,
            "Actual Startup Time": 0.308,
            "Actual Total Time": 0.344,
            "Actual Rows": 678,
            "Actual Loops": 1,
            "Sort Key": [
              "supplier.s_suppkey"
            ],
            "Sort Method": "quicksort",
            "Sort Space Used": 114,
            "Sort Space Type": "Memory",
            "Plans": [
              {
                "Node Type": "Seq Scan",
                "Parent Relationship": "Outer",
                "Parallel Aware": false,
                "Async Capable": false,
                "Relation Name": "supplier",
                "Alias": "supplier",
                "Startup Cost": 0.0,
                "Total Cost": 54.0,
                "Plan Rows": 1000,
                "Plan Width": 72,
                "Actual Startup Time": 0.01,
                "Actual Total Time": 0.17,
                "Actual Rows": 1000,
                "Actual Loops": 1
              }
            ]
          },
          {
            "Node Type": "Aggregate",
            "Strategy": "Sorted",
            "Partial Mode": "Finalize",
            "Parent Relationship": "Inner",
            "Parallel Aware": false,
            "Async Capable": false,
            "Startup Cost": 16519.91,
            "Total Cost": 16783.26,
            "Plan Rows": 5,
            "Plan Width": 36,
            "Actual Startup Time": 93.824,
            "Actual Total Time": 97.35,
            "Actual Rows": 1,
            "Actual Loops": 1,
            "Group Key": [
              "lineitem.l_suppkey"
            ],
            "Filter": "(sum((lineitem.l_extendedprice * ('1'::numeric - lineitem.l_discount))) = (InitPlan 1).col1)",
            "Rows Removed by Filter": 999,
            "Plans": [
              {
                "Node Type": "Gather Merge",
                "Parent Relationship": "Outer",
                "Parallel Aware": false,
                "Async Capable": false,
                "Startup Cost": 16519.91,
                "Total Cost": 16753.26,
                "Plan Rows": 2000,
                "Plan Width": 36,
                "Actual Startup Time": 48.098,
                "Actual Total Time": 51.63,
                "Actual Rows": 2995,
                "Actual Loops": 1,
                "Workers Planned": 2,
                "Workers Launched": 2,
                "Plans": [
                  {
                    "Node Type": "Sort",
                    "Parent Relationship": "Outer",
                    "Parallel Aware": false,
                    "Async Capable": false,
                    "Startup Cost": 15519.88,
                    "Total Cost": 15522.38,
                    "Plan Rows": 1000,
                    "Plan Width": 36,
                    "Actual Startup Time": 45.23,
                    "Actual Total Time": 45.344,
                    "Actual Rows": 998,
                    "Actual Loops": 3,
                    "Sort Key": [
                      "lineitem.l_suppkey"
                    ],
                    "Sort Method": "quicksort",
                    "Sort Space Used": 110,
                    "Sort Space Type": "Memory",
                    "Workers": [
                      {
                        "Worker Number": 0,
                        "Sort Method": "quicksort",
                        "Sort Space Used": 110,
                        "Sort Space Type": "Memory"
                      },
                      {
                        "Worker Number": 1,
                        "Sort Method": "quicksort",
                        "Sort Space Used": 110,
                        "Sort Space Type": "Memory"
                      }
                    ],
                    "Plans": [
                      {
                        "Node Type": "Aggregate",
                        "Strategy": "Hashed",
                        "Partial Mode": "Partial",
                        "Parent Relationship": "Outer",
                        "Parallel Aware": false,
                        "Async Capable": false,
                        "Startup Cost": 15457.56,
                        "Total Cost": 15470.06,
                        "Plan Rows": 1000,
                        "Plan Width": 36,
                        "Actual Startup Time": 44.578,
                        "Actual Total Time": 44.994,
                        "Actual Rows": 998,
                        "Actual Loops": 3,
                        "Group Key": [
                          "lineitem.l_suppkey"
                        ],
                        "Planned Partitions": 0,
                        "HashAgg Batches": 1,
                        "Peak Memory Usage": 577,
                        "Disk Usage": 0,
                        "Workers": [
                          {
                            "Worker Number": 0,
                            "HashAgg Batches": 1,
                            "Peak Memory Usage": 577,
                            "Disk Usage": 0
                          },
                          {
                            "Worker Number": 1,
                            "HashAgg Batches": 1,
                            "Peak Memory Usage": 577,
                            "Disk Usage": 0
                          }
                        ],
                        "Plans": [
                          {
                            "Node Type": "Seq Scan",
                            "Parent Relationship": "Outer",
                            "Parallel Aware": true,
                            "Async Capable": false,
                            "Relation Name": "lineitem",
                            "Alias": "lineitem",
                            "Startup Cost": 0.0,
                            "Total Cost": 15361.58,
                            "Plan Rows": 9598,
                            "Plan Width": 16,
                            "Actual Startup Time": 0.013,
                            "Actual Total Time": 39.7,
                            "Actual Rows": 7758,
                            "Actual Loops": 3,
                            "Filter": "((l_shipdate >= '1995-11-01'::date) AND (l_shipdate < '1996-02-01 00:00:00'::timestamp without time zone))",
                            "Rows Removed by Filter": 192432,
                            "Workers": []
                          }
                        ]
                      }
                    ]
                  }
                ]
              }
            ]
          }
        ]
      },
      "Planning Time": 0.199,
      "Triggers": [],
      "Execution Time": 98.04
    }
  },
  {
    "query_id": "query15.38",
    "query": "select\n\ts_suppkey,\n\ts_name,\n\ts_address,\n\ts_phone,\n\ttotal_revenue\nfrom\n\tsupplier,\n\trevenue0\nwhere\n\ts_suppkey = supplier_no\n\tand total_revenue = (\n\t\tselect\n\t\t\tmax(total_revenue)\n\t\tfrom\n\t\t\trevenue0\n\t)\norder by\n\ts_suppkey;\n",
    "execution_time": 93.141,
    "plan": {
      "Plan": {
        "Node Type": "Merge Join",
        "Parallel Aware": false,
        "Async Capable": false,
        "Join Type": "Inner",
        "Startup Cost": 33404.18,
        "Total Cost": 33672.65,
        "Plan Rows": 5,
        "Plan Width": 104,
        "Actual Startup Time": 89.074,
        "Actual Total Time": 93.007,
        "Actual Rows": 1,
        "Actual Loops": 1,
        "Inner Unique": true,
        "Merge Cond": "(supplier.s_suppkey = lineitem.l_suppkey)",
        "Plans": [
          {
            "Node Type": "Aggregate",
            "Strategy": "Plain",
            "Partial Mode": "Simple",
            "Parent Relationship": "InitPlan",
            "Subplan Name": "InitPlan 1",
            "Parallel Aware": false,
            "Async Capable": false,
            "Startup Cost": 16786.85,
            "Total Cost": 16786.86,
            "Plan Rows": 1,
            "Plan Width": 32,
            "Actual Startup Time": 47.641,
            "Actual Total Time": 49.198,
            "Actual Rows": 1,
            "Actual Loops": 1,
            "Plans": [
              {
                "Node Type": "Aggregate",
                "Strategy": "Sorted",
                "Partial Mode": "Finalize",
                "Parent Relationship": "Outer",
                "Parallel Aware": false,
                "Async Capable": false,
                "Startup Cost": 16513.5,
                "Total Cost": 16774.35,
                "Plan Rows": 1000,
                "Plan Width": 36,
                "Actual Startup Time": 45.106,
                "Actual Total Time": 49.113,
                "Actual Rows": 1000,
                "Actual Loops": 1,
                "Group Key": [
                  "lineitem_1.l_suppkey"
                ],
                "Plans": [
                  {
                    "Node Type": "Gather Merge",
                    "Parent Relationship": "Outer",
                    "Parallel Aware": false,
                    "Async Capable": false,
                    "Startup Cost": 16513.5,
                    "Total Cost": 16746.85,
                    "Plan Rows": 2000,
                    "Plan Width": 36,
                    "Actual Startup Time": 45.09,
                    "Actual Total Time": 47.351,
                    "Actual Rows": 2993,
                    "Actual Loops": 1,
                    "Workers Planned": 2,
                    "Workers Launched": 2,
                    "Plans": [
                      {
                        "Node Type": "Sort",
                        "Parent Relationship": "Outer",
                        "Parallel Aware": false,
                        "Async Capable": false,
                        "Startup Cost": 15513.47,
                        "Total Cost": 15515.97,
                        "Plan Rows": 1000,
                        "Plan Width": 36,
                        "Actual Startup Time": 41.283,
                        "Actual Total Time": 41.346,
                        "Actual Rows": 998,
                        "Actual Loops": 3,
                        "Sort Key": [
                          "lineitem_1.l_suppkey"
                        ],
                        "Sort Method": "quicksort",
                        "Sort Space Used": 110,
                        "Sort Space Type": "Memory",
                        "Workers": [
                          {
                            "Worker Number": 0,
                            "Sort Method": "quicksort",
                            "Sort Space Used": 110,
                            "Sort Space Type": "Memory"
                          },
                          {
                            "Worker Number": 1,
                            "Sort Method": "quicksort",
                            "Sort Space Used": 110,
                            "Sort Space Type": "Memory"
                          }
                        ],
                        "Plans": [
                          {
                            "Node Type": "Aggregate",
                            "Strategy": "Hashed",
                            "Partial Mode": "Partial",
                            "Parent Relationship": "Outer",
                            "Parallel Aware": false,
                            "Async Capable": false,
                            "Startup Cost": 15451.15,
                            "Total Cost": 15463.65,
                            "Plan Rows": 1000,
                            "Plan Width": 36,
                            "Actual Startup Time": 40.731,
                            "Actual Total Time": 41.064,
                            "Actual Rows": 998,
                            "Actual Loops": 3,
                            "Group Key": [
                              "lineitem_1.l_suppkey"
                            ],
                            "Planned Partitions": 0,
                            "HashAgg Batches": 1,
                            "Peak Memory Usage": 577,
                            "Disk Usage": 0,
                            "Workers": [
                              {
                                "Worker Number": 0,
                                "HashAgg Batches": 1,
                                "Peak Memory Usage": 577,
                                "Disk Usage": 0
                              },
                              {
                                "Worker Number": 1,
                                "HashAgg Batches": 1,
                                "Peak Memory Usage": 577,
                                "Disk Usage": 0
                              }
                            ],
                            "Plans": [
                              {
                                "Node Type": "Seq Scan",
                                "Parent Relationship": "Outer",
                                "Parallel Aware": true,
                                "Async Capable": false,
                                "Relation Name": "lineitem",
                                "Alias": "lineitem_1",
                                "Startup Cost": 0.0,
                                "Total Cost": 15361.58,
                                "Plan Rows": 8957,
                                "Plan Width": 16,
                                "Actual Startup Time": 0.023,
                                "Actual Total Time": 36.633,
                                "Actual Rows": 7545,
                                "Actual Loops": 3,
                                "Filter": "((l_shipdate >= '1993-08-01'::date) AND (l_shipdate < '1993-11-01 00:00:00'::timestamp without time zone))",
                                "Rows Removed by Filter": 192646,
                                "Workers": []
                              }
                            ]
                          }
                        ]
                      }
                    ]
                  }
                ]
              }
            ]
          },
          {
            "Node Type": "Sort",
            "Parent Relationship": "Outer",
            "Parallel Aware": false,
            "Async Capable": false,
            "Startup Cost": 103.83,
            "Total Cost": 106.33,
            "Plan Rows": 1000,
            "Plan Width": 72,
            "Actual Startup Time": 0.325,
            "Actual Total Time": 0.378,
            "Actual Rows": 200,
            "Actual Loops": 1,
            "Sort Key": [
              "supplier.s_suppkey"
            ],
            "Sort Method": "quicksort",
            "Sort Space Used": 114,
            "Sort Space Type": "Memory",
            "Plans": [
              {
                "Node Type": "Seq Scan",
                "Parent Relationship": "Outer",
                "Parallel Aware": false,
                "Async Capable": false,
                "Relation Name": "supplier",
                "Alias": "supplier",
                "Startup Cost": 0.0,
                "Total Cost": 54.0,
                "Plan Rows": 1000,
                "Plan Width": 72,
                "Actual Startup Time": 0.008,
                "Actual Total Time": 0.186,
                "Actual Rows": 1000,
                "Actual Loops": 1
              }
            ]
          },
          {
            "Node Type": "Aggregate",
            "Strategy": "Sorted",
            "Partial Mode": "Finalize",
            "Parent Relationship": "Inner",
            "Parallel Aware": false,
            "Async Capable": false,
            "Startup Cost": 16513.5,
            "Total Cost": 16776.85,
            "Plan Rows": 5,
            "Plan Width": 36,
            "Actual Startup Time": 88.671,
            "Actual Total Time": 91.041,
            "Actual Rows": 1,
            "Actual Loops": 1,
            "Group Key": [
              "lineitem.l_suppkey"
            ],
            "Filter": "(sum((lineitem.l_extendedprice * ('1'::numeric - lineitem.l_discount))) = (InitPlan 1).col1)",
            "Rows Removed by Filter": 999,
            "Plans": [
              {
                "Node Type": "Gather Merge",
                "Parent Relationship": "Outer",
                "Parallel Aware": false,
                "Async Capable": false,
                "Startup Cost": 16513.5,
                "Total Cost": 16746.85,
                "Plan Rows": 2000,
                "Plan Width": 36,
                "Actual Startup Time": 40.517,
                "Actual Total Time": 42.023,
                "Actual Rows": 2996,
                "Actual Loops": 1,
                "Workers Planned": 2,
                "Workers Launched": 2,
                "Plans": [
                  {
                    "Node Type": "Sort",
                    "Parent Relationship": "Outer",
                    "Parallel Aware": false,
                    "Async Capable": false,
                    "Startup Cost": 15513.47,
                    "Total Cost": 15515.97,
                    "Plan Rows": 1000,
                    "Plan Width": 36,
                    "Actual Startup Time": 37.143,
                    "Actual Total Time": 37.288,
                    "Actual Rows": 999,
                    "Actual Loops": 3,
                    "Sort Key": [
                      "lineitem.l_suppkey"
                    ],
                    "Sort Method": "quicksort",
                    "Sort Space Used": 110,
                    "Sort Space Type": "Memory",
                    "Workers": [
                      {
                        "Worker Number": 0,
                        "Sort Method": "quicksort",
                        "Sort Space Used": 110,
                        "Sort Space Type": "Memory"
                      },
                      {
                        "Worker Number": 1,
                        "Sort Method": "quicksort",
                        "Sort Space Used": 110,
                        "Sort Space Type": "Memory"
                      }
                    ],
                    "Plans": [
                      {
                        "Node Type": "Aggregate",
                        "Strategy": "Hashed",
                        "Partial Mode": "Partial",
                        "Parent Relationship": "Outer",
                        "Parallel Aware": false,
                        "Async Capable": false,
                        "Startup Cost": 15451.15,
                        "Total Cost": 15463.65,
                        "Plan Rows": 1000,
                        "Plan Width": 36,
                        "Actual Startup Time": 36.472,
                        "Actual Total Time": 36.903,
                        "Actual Rows": 999,
                        "Actual Loops": 3,
                        "Group Key": [
                          "lineitem.l_suppkey"
                        ],
                        "Planned Partitions": 0,
                        "HashAgg Batches": 1,
                        "Peak Memory Usage": 577,
                        "Disk Usage": 0,
                        "Workers": [
                          {
                            "Worker Number": 0,
                            "HashAgg Batches": 1,
                            "Peak Memory Usage": 577,
                            "Disk Usage": 0
                          },
                          {
                            "Worker Number": 1,
                            "HashAgg Batches": 1,
                            "Peak Memory Usage": 577,
                            "Disk Usage": 0
                          }
                        ],
                        "Plans": [
                          {
                            "Node Type": "Seq Scan",
                            "Parent Relationship": "Outer",
                            "Parallel Aware": true,
                            "Async Capable": false,
                            "Relation Name": "lineitem",
                            "Alias": "lineitem",
                            "Startup Cost": 0.0,
                            "Total Cost": 15361.58,
                            "Plan Rows": 8957,
                            "Plan Width": 16,
                            "Actual Startup Time": 0.013,
                            "Actual Total Time": 32.557,
                            "Actual Rows": 7545,
                            "Actual Loops": 3,
                            "Filter": "((l_shipdate >= '1993-08-01'::date) AND (l_shipdate < '1993-11-01 00:00:00'::timestamp without time zone))",
                            "Rows Removed by Filter": 192646,
                            "Workers": []
                          }
                        ]
                      }
                    ]
                  }
                ]
              }
            ]
          }
        ]
      },
      "Planning Time": 0.194,
      "Triggers": [],
      "Execution Time": 93.141
    }
  },
  {
    "query_id": "query15.39",
    "query": "select\n\ts_suppkey,\n\ts_name,\n\ts_address,\n\ts_phone,\n\ttotal_revenue\nfrom\n\tsupplier,\n\trevenue0\nwhere\n\ts_suppkey = supplier_no\n\tand total_revenue = (\n\t\tselect\n\t\t\tmax(total_revenue)\n\t\tfrom\n\t\t\trevenue0\n\t)\norder by\n\ts_suppkey;\n",
    "execution_time": 91.878,
    "plan": {
      "Plan": {
        "Node Type": "Merge Join",
        "Parallel Aware": false,
        "Async Capable": false,
        "Join Type": "Inner",
        "Startup Cost": 33420.84,
        "Total Cost": 33689.31,
        "Plan Rows": 5,
        "Plan Width": 104,
        "Actual Startup Time": 88.67,
        "Actual Total Time": 91.689,
        "Actual Rows": 1,
        "Actual Loops": 1,
        "Inner Unique": true,
        "Merge Cond": "(supplier.s_suppkey = lineitem.l_suppkey)",
        "Plans": [
          {
            "Node Type": "Aggregate",
            "Strategy": "Plain",
            "Partial Mode": "Simple",
            "Parent Relationship": "InitPlan",
            "Subplan Name": "InitPlan 1",
            "Parallel Aware": false,
            "Async Capable": false,
            "Startup Cost": 16795.18,
            "Total Cost": 16795.19,
            "Plan Rows": 1,
            "Plan Width": 32,
            "Actual Startup Time": 44.703,
            "Actual Total Time": 45.732,
            "Actual Rows": 1,
            "Actual Loops": 1,
            "Plans": [
              {
                "Node Type": "Aggregate",
                "Strategy": "Sorted",
                "Partial Mode": "Finalize",
                "Parent Relationship": "Outer",
                "Parallel Aware": false,
                "Async Capable": false,
                "Startup Cost": 16521.83,
                "Total Cost": 16782.68,
                "Plan Rows": 1000,
                "Plan Width": 36,
                "Actual Startup Time": 42.418,
                "Actual Total Time": 45.658,
                "Actual Rows": 1000,
                "Actual Loops": 1,
                "Group Key": [
                  "lineitem_1.l_suppkey"
                ],
                "Plans": [
                  {
                    "Node Type": "Gather Merge",
                    "Parent Relationship": "Outer",
                    "Parallel Aware": false,
                    "Async Capable": false,
                    "Startup Cost": 16521.83,
                    "Total Cost": 16755.18,
                    "Plan Rows": 2000,
                    "Plan Width": 36,
                    "Actual Startup Time": 42.406,
                    "Actual Total Time": 44.11,
                    "Actual Rows": 2997,
                    "Actual Loops": 1,
                    "Workers Planned": 2,
                    "Workers Launched": 2,
                    "Plans": [
                      {
                        "Node Type": "Sort",
                        "Parent Relationship": "Outer",
                        "Parallel Aware": false,
                        "Async Capable": false,
                        "Startup Cost": 15521.8,
                        "Total Cost": 15524.3,
                        "Plan Rows": 1000,
                        "Plan Width": 36,
                        "Actual Startup Time": 38.959,
                        "Actual Total Time": 39.027,
                        "Actual Rows": 999,
                        "Actual Loops": 3,
                        "Sort Key": [
                          "lineitem_1.l_suppkey"
                        ],
                        "Sort Method": "quicksort",
                        "Sort Space Used": 110,
                        "Sort Space Type": "Memory",
                        "Workers": [
                          {
                            "Worker Number": 0,
                            "Sort Method": "quicksort",
                            "Sort Space Used": 110,
                            "Sort Space Type": "Memory"
                          },
                          {
                            "Worker Number": 1,
                            "Sort Method": "quicksort",
                            "Sort Space Used": 110,
                            "Sort Space Type": "Memory"
                          }
                        ],
                        "Plans": [
                          {
                            "Node Type": "Aggregate",
                            "Strategy": "Hashed",
                            "Partial Mode": "Partial",
                            "Parent Relationship": "Outer",
                            "Parallel Aware": false,
                            "Async Capable": false,
                            "Startup Cost": 15459.48,
                            "Total Cost": 15471.98,
                            "Plan Rows": 1000,
                            "Plan Width": 36,
                            "Actual Startup Time": 38.283,
                            "Actual Total Time": 38.7,
                            "Actual Rows": 999,
                            "Actual Loops": 3,
                            "Group Key": [
                              "lineitem_1.l_suppkey"
                            ],
                            "Planned Partitions": 0,
                            "HashAgg Batches": 1,
                            "Peak Memory Usage": 577,
                            "Disk Usage": 0,
                            "Workers": [
                              {
                                "Worker Number": 0,
                                "HashAgg Batches": 1,
                                "Peak Memory Usage": 577,
                                "Disk Usage": 0
                              },
                              {
                                "Worker Number": 1,
                                "HashAgg Batches": 1,
                                "Peak Memory Usage": 577,
                                "Disk Usage": 0
                              }
                            ],
                            "Plans": [
                              {
                                "Node Type": "Seq Scan",
                                "Parent Relationship": "Outer",
                                "Parallel Aware": true,
                                "Async Capable": false,
                                "Relation Name": "lineitem",
                                "Alias": "lineitem_1",
                                "Startup Cost": 0.0,
                                "Total Cost": 15361.58,
                                "Plan Rows": 9790,
                                "Plan Width": 16,
                                "Actual Startup Time": 0.015,
                                "Actual Total Time": 34.181,
                                "Actual Rows": 7587,
                                "Actual Loops": 3,
                                "Filter": "((l_shipdate >= '1996-03-01'::date) AND (l_shipdate < '1996-06-01 00:00:00'::timestamp without time zone))",
                                "Rows Removed by Filter": 192603,
                                "Workers": []
                              }
                            ]
                          }
                        ]
                      }
                    ]
                  }
                ]
              }
            ]
          },
          {
            "Node Type": "Sort",
            "Parent Relationship": "Outer",
            "Parallel Aware": false,
            "Async Capable": false,
            "Startup Cost": 103.83,
            "Total Cost": 106.33,
            "Plan Rows": 1000,
            "Plan Width": 72,
            "Actual Startup Time": 0.869,
            "Actual Total Time": 0.993,
            "Actual Rows": 457,
            "Actual Loops": 1,
            "Sort Key": [
              "supplier.s_suppkey"
            ],
            "Sort Method": "quicksort",
            "Sort Space Used": 114,
            "Sort Space Type": "Memory",
            "Plans": [
              {
                "Node Type": "Seq Scan",
                "Parent Relationship": "Outer",
                "Parallel Aware": false,
                "Async Capable": false,
                "Relation Name": "supplier",
                "Alias": "supplier",
                "Startup Cost": 0.0,
                "Total Cost": 54.0,
                "Plan Rows": 1000,
                "Plan Width": 72,
                "Actual Startup Time": 0.014,
                "Actual Total Time": 0.436,
                "Actual Rows": 1000,
                "Actual Loops": 1
              }
            ]
          },
          {
            "Node Type": "Aggregate",
            "Strategy": "Sorted",
            "Partial Mode": "Finalize",
            "Parent Relationship": "Inner",
            "Parallel Aware": false,
            "Async Capable": false,
            "Startup Cost": 16521.83,
            "Total Cost": 16785.18,
            "Plan Rows": 5,
            "Plan Width": 36,
            "Actual Startup Time": 87.618,
            "Actual Total Time": 89.605,
            "Actual Rows": 1,
            "Actual Loops": 1,
            "Group Key": [
              "lineitem.l_suppkey"
            ],
            "Filter": "(sum((lineitem.l_extendedprice * ('1'::numeric - lineitem.l_discount))) = (InitPlan 1).col1)",
            "Rows Removed by Filter": 999,
            "Plans": [
              {
                "Node Type": "Gather Merge",
                "Parent Relationship": "Outer",
                "Parallel Aware": false,
                "Async Capable": false,
                "Startup Cost": 16521.83,
                "Total Cost": 16755.18,
                "Plan Rows": 2000,
                "Plan Width": 36,
                "Actual Startup Time": 41.687,
                "Actual Total Time": 43.64,
                "Actual Rows": 2997,
                "Actual Loops": 1,
                "Workers Planned": 2,
                "Workers Launched": 2,
                "Plans": [
                  {
                    "Node Type": "Sort",
                    "Parent Relationship": "Outer",
                    "Parallel Aware": false,
                    "Async Capable": false,
                    "Startup Cost": 15521.8,
                    "Total Cost": 15524.3,
                    "Plan Rows": 1000,
                    "Plan Width": 36,
                    "Actual Startup Time": 38.063,
                    "Actual Total Time": 38.235,
                    "Actual Rows": 999,
                    "Actual Loops": 3,
                    "Sort Key": [
                      "lineitem.l_suppkey"
                    ],
                    "Sort Method": "quicksort",
                    "Sort Space Used": 110,
                    "Sort Space Type": "Memory",
                    "Workers": [
                      {
                        "Worker Number": 0,
                        "Sort Method": "quicksort",
                        "Sort Space Used": 110,
                        "Sort Space Type": "Memory"
                      },
                      {
                        "Worker Number": 1,
                        "Sort Method": "quicksort",
                        "Sort Space Used": 110,
                        "Sort Space Type": "Memory"
                      }
                    ],
                    "Plans": [
                      {
                        "Node Type": "Aggregate",
                        "Strategy": "Hashed",
                        "Partial Mode": "Partial",
                        "Parent Relationship": "Outer",
                        "Parallel Aware": false,
                        "Async Capable": false,
                        "Startup Cost": 15459.48,
                        "Total Cost": 15471.98,
                        "Plan Rows": 1000,
                        "Plan Width": 36,
                        "Actual Startup Time": 37.241,
                        "Actual Total Time": 37.762,
                        "Actual Rows": 999,
                        "Actual Loops": 3,
                        "Group Key": [
                          "lineitem.l_suppkey"
                        ],
                        "Planned Partitions": 0,
                        "HashAgg Batches": 1,
                        "Peak Memory Usage": 577,
                        "Disk Usage": 0,
                        "Workers": [
                          {
                            "Worker Number": 0,
                            "HashAgg Batches": 1,
                            "Peak Memory Usage": 577,
                            "Disk Usage": 0
                          },
                          {
                            "Worker Number": 1,
                            "HashAgg Batches": 1,
                            "Peak Memory Usage": 577,
                            "Disk Usage": 0
                          }
                        ],
                        "Plans": [
                          {
                            "Node Type": "Seq Scan",
                            "Parent Relationship": "Outer",
                            "Parallel Aware": true,
                            "Async Capable": false,
                            "Relation Name": "lineitem",
                            "Alias": "lineitem",
                            "Startup Cost": 0.0,
                            "Total Cost": 15361.58,
                            "Plan Rows": 9790,
                            "Plan Width": 16,
                            "Actual Startup Time": 0.013,
                            "Actual Total Time": 33.206,
                            "Actual Rows": 7587,
                            "Actual Loops": 3,
                            "Filter": "((l_shipdate >= '1996-03-01'::date) AND (l_shipdate < '1996-06-01 00:00:00'::timestamp without time zone))",
                            "Rows Removed by Filter": 192603,
                            "Workers": []
                          }
                        ]
                      }
                    ]
                  }
                ]
              }
            ]
          }
        ]
      },
      "Planning Time": 0.396,
      "Triggers": [],
      "Execution Time": 91.878
    }
  },
  {
    "query_id": "query15.4",
    "query": "select\n\ts_suppkey,\n\ts_name,\n\ts_address,\n\ts_phone,\n\ttotal_revenue\nfrom\n\tsupplier,\n\trevenue0\nwhere\n\ts_suppkey = supplier_no\n\tand total_revenue = (\n\t\tselect\n\t\t\tmax(total_revenue)\n\t\tfrom\n\t\t\trevenue0\n\t)\norder by\n\ts_suppkey;\n",
    "execution_time": 106.569,
    "plan": {
      "Plan": {
        "Node Type": "Merge Join",
        "Parallel Aware": false,
        "Async Capable": false,
        "Join Type": "Inner",
        "Startup Cost": 33407.42,
        "Total Cost": 33675.89,
        "Plan Rows": 5,
        "Plan Width": 104,
        "Actual Startup Time": 103.006,
        "Actual Total Time": 106.366,
        "Actual Rows": 1,
        "Actual Loops": 1,
        "Inner Unique": true,
        "Merge Cond": "(supplier.s_suppkey = lineitem.l_suppkey)",
        "Plans": [
          {
            "Node Type": "Aggregate",
            "Strategy": "Plain",
            "Partial Mode": "Simple",
            "Parent Relationship": "InitPlan",
            "Subplan Name": "InitPlan 1",
            "Parallel Aware": false,
            "Async Capable": false,
            "Startup Cost": 16788.47,
            "Total Cost": 16788.48,
            "Plan Rows": 1,
            "Plan Width": 32,
            "Actual Startup Time": 52.604,
            "Actual Total Time": 53.324,
            "Actual Rows": 1,
            "Actual Loops": 1,
            "Plans": [
              {
                "Node Type": "Aggregate",
                "Strategy": "Sorted",
                "Partial Mode": "Finalize",
                "Parent Relationship": "Outer",
                "Parallel Aware": false,
                "Async Capable": false,
                "Startup Cost": 16515.12,
                "Total Cost": 16775.97,
                "Plan Rows": 1000,
                "Plan Width": 36,
                "Actual Startup Time": 50.254,
                "Actual Total Time": 53.248,
                "Actual Rows": 1000,
                "Actual Loops": 1,
                "Group Key": [
                  "lineitem_1.l_suppkey"
                ],
                "Plans": [
                  {
                    "Node Type": "Gather Merge",
                    "Parent Relationship": "Outer",
                    "Parallel Aware": false,
                    "Async Capable": false,
                    "Startup Cost": 16515.12,
                    "Total Cost": 16748.47,
                    "Plan Rows": 2000,
                    "Plan Width": 36,
                    "Actual Startup Time": 50.244,
                    "Actual Total Time": 51.634,
                    "Actual Rows": 2997,
                    "Actual Loops": 1,
                    "Workers Planned": 2,
                    "Workers Launched": 2,
                    "Plans": [
                      {
                        "Node Type": "Sort",
                        "Parent Relationship": "Outer",
                        "Parallel Aware": false,
                        "Async Capable": false,
                        "Startup Cost": 15515.09,
                        "Total Cost": 15517.59,
                        "Plan Rows": 1000,
                        "Plan Width": 36,
                        "Actual Startup Time": 47.069,
                        "Actual Total Time": 47.135,
                        "Actual Rows": 999,
                        "Actual Loops": 3,
                        "Sort Key": [
                          "lineitem_1.l_suppkey"
                        ],
                        "Sort Method": "quicksort",
                        "Sort Space Used": 110,
                        "Sort Space Type": "Memory",
                        "Workers": [
                          {
                            "Worker Number": 0,
                            "Sort Method": "quicksort",
                            "Sort Space Used": 110,
                            "Sort Space Type": "Memory"
                          },
                          {
                            "Worker Number": 1,
                            "Sort Method": "quicksort",
                            "Sort Space Used": 110,
                            "Sort Space Type": "Memory"
                          }
                        ],
                        "Plans": [
                          {
                            "Node Type": "Aggregate",
                            "Strategy": "Hashed",
                            "Partial Mode": "Partial",
                            "Parent Relationship": "Outer",
                            "Parallel Aware": false,
                            "Async Capable": false,
                            "Startup Cost": 15452.77,
                            "Total Cost": 15465.27,
                            "Plan Rows": 1000,
                            "Plan Width": 36,
                            "Actual Startup Time": 46.425,
                            "Actual Total Time": 46.806,
                            "Actual Rows": 999,
                            "Actual Loops": 3,
                            "Group Key": [
                              "lineitem_1.l_suppkey"
                            ],
                            "Planned Partitions": 0,
                            "HashAgg Batches": 1,
                            "Peak Memory Usage": 577,
                            "Disk Usage": 0,
                            "Workers": [
                              {
                                "Worker Number": 0,
                                "HashAgg Batches": 1,
                                "Peak Memory Usage": 577,
                                "Disk Usage": 0
                              },
                              {
                                "Worker Number": 1,
                                "HashAgg Batches": 1,
                                "Peak Memory Usage": 577,
                                "Disk Usage": 0
                              }
                            ],
                            "Plans": [
                              {
                                "Node Type": "Seq Scan",
                                "Parent Relationship": "Outer",
                                "Parallel Aware": true,
                                "Async Capable": false,
                                "Relation Name": "lineitem",
                                "Alias": "lineitem_1",
                                "Startup Cost": 0.0,
                                "Total Cost": 15361.58,
                                "Plan Rows": 9119,
                                "Plan Width": 16,
                                "Actual Startup Time": 0.047,
                                "Actual Total Time": 42.13,
                                "Actual Rows": 7557,
                                "Actual Loops": 3,
                                "Filter": "((l_shipdate >= '1993-07-01'::date) AND (l_shipdate < '1993-10-01 00:00:00'::timestamp without time zone))",
                                "Rows Removed by Filter": 192633,
                                "Workers": []
                              }
                            ]
                          }
                        ]
                      }
                    ]
                  }
                ]
              }
            ]
          },
          {
            "Node Type": "Sort",
            "Parent Relationship": "Outer",
            "Parallel Aware": false,
            "Async Capable": false,
            "Startup Cost": 103.83,
            "Total Cost": 106.33,
            "Plan Rows": 1000,
            "Plan Width": 72,
            "Actual Startup Time": 0.368,
            "Actual Total Time": 0.496,
            "Actual Rows": 477,
            "Actual Loops": 1,
            "Sort Key": [
              "supplier.s_suppkey"
            ],
            "Sort Method": "quicksort",
            "Sort Space Used": 114,
            "Sort Space Type": "Memory",
            "Plans": [
              {
                "Node Type": "Seq Scan",
                "Parent Relationship": "Outer",
                "Parallel Aware": false,
                "Async Capable": false,
                "Relation Name": "supplier",
                "Alias": "supplier",
                "Startup Cost": 0.0,
                "Total Cost": 54.0,
                "Plan Rows": 1000,
                "Plan Width": 72,
                "Actual Startup Time": 0.011,
                "Actual Total Time": 0.226,
                "Actual Rows": 1000,
                "Actual Loops": 1
              }
            ]
          },
          {
            "Node Type": "Aggregate",
            "Strategy": "Sorted",
            "Partial Mode": "Finalize",
            "Parent Relationship": "Inner",
            "Parallel Aware": false,
            "Async Capable": false,
            "Startup Cost": 16515.12,
            "Total Cost": 16778.47,
            "Plan Rows": 5,
            "Plan Width": 36,
            "Actual Startup Time": 102.456,
            "Actual Total Time": 105.092,
            "Actual Rows": 1,
            "Actual Loops": 1,
            "Group Key": [
              "lineitem.l_suppkey"
            ],
            "Filter": "(sum((lineitem.l_extendedprice * ('1'::numeric - lineitem.l_discount))) = (InitPlan 1).col1)",
            "Rows Removed by Filter": 999,
            "Plans": [
              {
                "Node Type": "Gather Merge",
                "Parent Relationship": "Outer",
                "Parallel Aware": false,
                "Async Capable": false,
                "Startup Cost": 16515.12,
                "Total Cost": 16748.47,
                "Plan Rows": 2000,
                "Plan Width": 36,
                "Actual Startup Time": 48.783,
                "Actual Total Time": 51.173,
                "Actual Rows": 2996,
                "Actual Loops": 1,
                "Workers Planned": 2,
                "Workers Launched": 2,
                "Plans": [
                  {
                    "Node Type": "Sort",
                    "Parent Relationship": "Outer",
                    "Parallel Aware": false,
                    "Async Capable": false,
                    "Startup Cost": 15515.09,
                    "Total Cost": 15517.59,
                    "Plan Rows": 1000,
                    "Plan Width": 36,
                    "Actual Startup Time": 45.184,
                    "Actual Total Time": 45.314,
                    "Actual Rows": 999,
                    "Actual Loops": 3,
                    "Sort Key": [
                      "lineitem.l_suppkey"
                    ],
                    "Sort Method": "quicksort",
                    "Sort Space Used": 110,
                    "Sort Space Type": "Memory",
                    "Workers": [
                      {
                        "Worker Number": 0,
                        "Sort Method": "quicksort",
                        "Sort Space Used": 110,
                        "Sort Space Type": "Memory"
                      },
                      {
                        "Worker Number": 1,
                        "Sort Method": "quicksort",
                        "Sort Space Used": 110,
                        "Sort Space Type": "Memory"
                      }
                    ],
                    "Plans": [
                      {
                        "Node Type": "Aggregate",
                        "Strategy": "Hashed",
                        "Partial Mode": "Partial",
                        "Parent Relationship": "Outer",
                        "Parallel Aware": false,
                        "Async Capable": false,
                        "Startup Cost": 15452.77,
                        "Total Cost": 15465.27,
                        "Plan Rows": 1000,
                        "Plan Width": 36,
                        "Actual Startup Time": 44.631,
                        "Actual Total Time": 44.982,
                        "Actual Rows": 999,
                        "Actual Loops": 3,
                        "Group Key": [
                          "lineitem.l_suppkey"
                        ],
                        "Planned Partitions": 0,
                        "HashAgg Batches": 1,
                        "Peak Memory Usage": 577,
                        "Disk Usage": 0,
                        "Workers": [
                          {
                            "Worker Number": 0,
                            "HashAgg Batches": 1,
                            "Peak Memory Usage": 577,
                            "Disk Usage": 0
                          },
                          {
                            "Worker Number": 1,
                            "HashAgg Batches": 1,
                            "Peak Memory Usage": 577,
                            "Disk Usage": 0
                          }
                        ],
                        "Plans": [
                          {
                            "Node Type": "Seq Scan",
                            "Parent Relationship": "Outer",
                            "Parallel Aware": true,
                            "Async Capable": false,
                            "Relation Name": "lineitem",
                            "Alias": "lineitem",
                            "Startup Cost": 0.0,
                            "Total Cost": 15361.58,
                            "Plan Rows": 9119,
                            "Plan Width": 16,
                            "Actual Startup Time": 0.05,
                            "Actual Total Time": 40.462,
                            "Actual Rows": 7557,
                            "Actual Loops": 3,
                            "Filter": "((l_shipdate >= '1993-07-01'::date) AND (l_shipdate < '1993-10-01 00:00:00'::timestamp without time zone))",
                            "Rows Removed by Filter": 192633,
                            "Workers": []
                          }
                        ]
                      }
                    ]
                  }
                ]
              }
            ]
          }
        ]
      },
      "Planning Time": 0.283,
      "Triggers": [],
      "Execution Time": 106.569
    }
  },
  {
    "query_id": "query15.40",
    "query": "select\n\ts_suppkey,\n\ts_name,\n\ts_address,\n\ts_phone,\n\ttotal_revenue\nfrom\n\tsupplier,\n\trevenue0\nwhere\n\ts_suppkey = supplier_no\n\tand total_revenue = (\n\t\tselect\n\t\t\tmax(total_revenue)\n\t\tfrom\n\t\t\trevenue0\n\t)\norder by\n\ts_suppkey;\n",
    "execution_time": 110.845,
    "plan": {
      "Plan": {
        "Node Type": "Merge Join",
        "Parallel Aware": false,
        "Async Capable": false,
        "Join Type": "Inner",
        "Startup Cost": 33410.12,
        "Total Cost": 33678.59,
        "Plan Rows": 5,
        "Plan Width": 104,
        "Actual Startup Time": 108.607,
        "Actual Total Time": 110.709,
        "Actual Rows": 1,
        "Actual Loops": 1,
        "Inner Unique": true,
        "Merge Cond": "(supplier.s_suppkey = lineitem.l_suppkey)",
        "Plans": [
          {
            "Node Type": "Aggregate",
            "Strategy": "Plain",
            "Partial Mode": "Simple",
            "Parent Relationship": "InitPlan",
            "Subplan Name": "InitPlan 1",
            "Parallel Aware": false,
            "Async Capable": false,
            "Startup Cost": 16789.82,
            "Total Cost": 16789.83,
            "Plan Rows": 1,
            "Plan Width": 32,
            "Actual Startup Time": 54.572,
            "Actual Total Time": 56.224,
            "Actual Rows": 1,
            "Actual Loops": 1,
            "Plans": [
              {
                "Node Type": "Aggregate",
                "Strategy": "Sorted",
                "Partial Mode": "Finalize",
                "Parent Relationship": "Outer",
                "Parallel Aware": false,
                "Async Capable": false,
                "Startup Cost": 16516.47,
                "Total Cost": 16777.32,
                "Plan Rows": 1000,
                "Plan Width": 36,
                "Actual Startup Time": 52.312,
                "Actual Total Time": 56.148,
                "Actual Rows": 1000,
                "Actual Loops": 1,
                "Group Key": [
                  "lineitem_1.l_suppkey"
                ],
                "Plans": [
                  {
                    "Node Type": "Gather Merge",
                    "Parent Relationship": "Outer",
                    "Parallel Aware": false,
                    "Async Capable": false,
                    "Startup Cost": 16516.47,
                    "Total Cost": 16749.82,
                    "Plan Rows": 2000,
                    "Plan Width": 36,
                    "Actual Startup Time": 52.291,
                    "Actual Total Time": 54.587,
                    "Actual Rows": 2998,
                    "Actual Loops": 1,
                    "Workers Planned": 2,
                    "Workers Launched": 2,
                    "Plans": [
                      {
                        "Node Type": "Sort",
                        "Parent Relationship": "Outer",
                        "Parallel Aware": false,
                        "Async Capable": false,
                        "Startup Cost": 15516.44,
                        "Total Cost": 15518.94,
                        "Plan Rows": 1000,
                        "Plan Width": 36,
                        "Actual Startup Time": 49.039,
                        "Actual Total Time": 49.096,
                        "Actual Rows": 999,
                        "Actual Loops": 3,
                        "Sort Key": [
                          "lineitem_1.l_suppkey"
                        ],
                        "Sort Method": "quicksort",
                        "Sort Space Used": 110,
                        "Sort Space Type": "Memory",
                        "Workers": [
                          {
                            "Worker Number": 0,
                            "Sort Method": "quicksort",
                            "Sort Space Used": 110,
                            "Sort Space Type": "Memory"
                          },
                          {
                            "Worker Number": 1,
                            "Sort Method": "quicksort",
                            "Sort Space Used": 110,
                            "Sort Space Type": "Memory"
                          }
                        ],
                        "Plans": [
                          {
                            "Node Type": "Aggregate",
                            "Strategy": "Hashed",
                            "Partial Mode": "Partial",
                            "Parent Relationship": "Outer",
                            "Parallel Aware": false,
                            "Async Capable": false,
                            "Startup Cost": 15454.12,
                            "Total Cost": 15466.62,
                            "Plan Rows": 1000,
                            "Plan Width": 36,
                            "Actual Startup Time": 48.316,
                            "Actual Total Time": 48.793,
                            "Actual Rows": 999,
                            "Actual Loops": 3,
                            "Group Key": [
                              "lineitem_1.l_suppkey"
                            ],
                            "Planned Partitions": 0,
                            "HashAgg Batches": 1,
                            "Peak Memory Usage": 577,
                            "Disk Usage": 0,
                            "Workers": [
                              {
                                "Worker Number": 0,
                                "HashAgg Batches": 1,
                                "Peak Memory Usage": 577,
                                "Disk Usage": 0
                              },
                              {
                                "Worker Number": 1,
                                "HashAgg Batches": 1,
                                "Peak Memory Usage": 577,
                                "Disk Usage": 0
                              }
                            ],
                            "Plans": [
                              {
                                "Node Type": "Seq Scan",
                                "Parent Relationship": "Outer",
                                "Parallel Aware": true,
                                "Async Capable": false,
                                "Relation Name": "lineitem",
                                "Alias": "lineitem_1",
                                "Startup Cost": 0.0,
                                "Total Cost": 15361.58,
                                "Plan Rows": 9254,
                                "Plan Width": 16,
                                "Actual Startup Time": 0.037,
                                "Actual Total Time": 44.029,
                                "Actual Rows": 7493,
                                "Actual Loops": 3,
                                "Filter": "((l_shipdate >= '1993-11-01'::date) AND (l_shipdate < '1994-02-01 00:00:00'::timestamp without time zone))",
                                "Rows Removed by Filter": 192698,
                                "Workers": []
                              }
                            ]
                          }
                        ]
                      }
                    ]
                  }
                ]
              }
            ]
          },
          {
            "Node Type": "Sort",
            "Parent Relationship": "Outer",
            "Parallel Aware": false,
            "Async Capable": false,
            "Startup Cost": 103.83,
            "Total Cost": 106.33,
            "Plan Rows": 1000,
            "Plan Width": 72,
            "Actual Startup Time": 0.383,
            "Actual Total Time": 0.645,
            "Actual Rows": 952,
            "Actual Loops": 1,
            "Sort Key": [
              "supplier.s_suppkey"
            ],
            "Sort Method": "quicksort",
            "Sort Space Used": 114,
            "Sort Space Type": "Memory",
            "Plans": [
              {
                "Node Type": "Seq Scan",
                "Parent Relationship": "Outer",
                "Parallel Aware": false,
                "Async Capable": false,
                "Relation Name": "supplier",
                "Alias": "supplier",
                "Startup Cost": 0.0,
                "Total Cost": 54.0,
                "Plan Rows": 1000,
                "Plan Width": 72,
                "Actual Startup Time": 0.009,
                "Actual Total Time": 0.202,
                "Actual Rows": 1000,
                "Actual Loops": 1
              }
            ]
          },
          {
            "Node Type": "Aggregate",
            "Strategy": "Sorted",
            "Partial Mode": "Finalize",
            "Parent Relationship": "Inner",
            "Parallel Aware": false,
            "Async Capable": false,
            "Startup Cost": 16516.47,
            "Total Cost": 16779.82,
            "Plan Rows": 5,
            "Plan Width": 36,
            "Actual Startup Time": 107.86,
            "Actual Total Time": 108.308,
            "Actual Rows": 1,
            "Actual Loops": 1,
            "Group Key": [
              "lineitem.l_suppkey"
            ],
            "Filter": "(sum((lineitem.l_extendedprice * ('1'::numeric - lineitem.l_discount))) = (InitPlan 1).col1)",
            "Rows Removed by Filter": 999,
            "Plans": [
              {
                "Node Type": "Gather Merge",
                "Parent Relationship": "Outer",
                "Parallel Aware": false,
                "Async Capable": false,
                "Startup Cost": 16516.47,
                "Total Cost": 16749.82,
                "Plan Rows": 2000,
                "Plan Width": 36,
                "Actual Startup Time": 51.366,
                "Actual Total Time": 52.484,
                "Actual Rows": 2995,
                "Actual Loops": 1,
                "Workers Planned": 2,
                "Workers Launched": 2,
                "Plans": [
                  {
                    "Node Type": "Sort",
                    "Parent Relationship": "Outer",
                    "Parallel Aware": false,
                    "Async Capable": false,
                    "Startup Cost": 15516.44,
                    "Total Cost": 15518.94,
                    "Plan Rows": 1000,
                    "Plan Width": 36,
                    "Actual Startup Time": 47.791,
                    "Actual Total Time": 47.924,
                    "Actual Rows": 998,
                    "Actual Loops": 3,
                    "Sort Key": [
                      "lineitem.l_suppkey"
                    ],
                    "Sort Method": "quicksort",
                    "Sort Space Used": 110,
                    "Sort Space Type": "Memory",
                    "Workers": [
                      {
                        "Worker Number": 0,
                        "Sort Method": "quicksort",
                        "Sort Space Used": 110,
                        "Sort Space Type": "Memory"
                      },
                      {
                        "Worker Number": 1,
                        "Sort Method": "quicksort",
                        "Sort Space Used": 110,
                        "Sort Space Type": "Memory"
                      }
                    ],
                    "Plans": [
                      {
                        "Node Type": "Aggregate",
                        "Strategy": "Hashed",
                        "Partial Mode": "Partial",
                        "Parent Relationship": "Outer",
                        "Parallel Aware": false,
                        "Async Capable": false,
                        "Startup Cost": 15454.12,
                        "Total Cost": 15466.62,
                        "Plan Rows": 1000,
                        "Plan Width": 36,
                        "Actual Startup Time": 47.231,
                        "Actual Total Time": 47.581,
                        "Actual Rows": 998,
                        "Actual Loops": 3,
                        "Group Key": [
                          "lineitem.l_suppkey"
                        ],
                        "Planned Partitions": 0,
                        "HashAgg Batches": 1,
                        "Peak Memory Usage": 577,
                        "Disk Usage": 0,
                        "Workers": [
                          {
                            "Worker Number": 0,
                            "HashAgg Batches": 1,
                            "Peak Memory Usage": 577,
                            "Disk Usage": 0
                          },
                          {
                            "Worker Number": 1,
                            "HashAgg Batches": 1,
                            "Peak Memory Usage": 577,
                            "Disk Usage": 0
                          }
                        ],
                        "Plans": [
                          {
                            "Node Type": "Seq Scan",
                            "Parent Relationship": "Outer",
                            "Parallel Aware": true,
                            "Async Capable": false,
                            "Relation Name": "lineitem",
                            "Alias": "lineitem",
                            "Startup Cost": 0.0,
                            "Total Cost": 15361.58,
                            "Plan Rows": 9254,
                            "Plan Width": 16,
                            "Actual Startup Time": 0.028,
                            "Actual Total Time": 42.171,
                            "Actual Rows": 7493,
                            "Actual Loops": 3,
                            "Filter": "((l_shipdate >= '1993-11-01'::date) AND (l_shipdate < '1994-02-01 00:00:00'::timestamp without time zone))",
                            "Rows Removed by Filter": 192698,
                            "Workers": []
                          }
                        ]
                      }
                    ]
                  }
                ]
              }
            ]
          }
        ]
      },
      "Planning Time": 0.191,
      "Triggers": [],
      "Execution Time": 110.845
    }
  },
  {
    "query_id": "query15.41",
    "query": "select\n\ts_suppkey,\n\ts_name,\n\ts_address,\n\ts_phone,\n\ttotal_revenue\nfrom\n\tsupplier,\n\trevenue0\nwhere\n\ts_suppkey = supplier_no\n\tand total_revenue = (\n\t\tselect\n\t\t\tmax(total_revenue)\n\t\tfrom\n\t\t\trevenue0\n\t)\norder by\n\ts_suppkey;\n",
    "execution_time": 114.374,
    "plan": {
      "Plan": {
        "Node Type": "Merge Join",
        "Parallel Aware": false,
        "Async Capable": false,
        "Join Type": "Inner",
        "Startup Cost": 33408.24,
        "Total Cost": 33676.71,
        "Plan Rows": 5,
        "Plan Width": 104,
        "Actual Startup Time": 112.128,
        "Actual Total Time": 114.173,
        "Actual Rows": 1,
        "Actual Loops": 1,
        "Inner Unique": true,
        "Merge Cond": "(supplier.s_suppkey = lineitem.l_suppkey)",
        "Plans": [
          {
            "Node Type": "Aggregate",
            "Strategy": "Plain",
            "Partial Mode": "Simple",
            "Parent Relationship": "InitPlan",
            "Subplan Name": "InitPlan 1",
            "Parallel Aware": false,
            "Async Capable": false,
            "Startup Cost": 16788.88,
            "Total Cost": 16788.89,
            "Plan Rows": 1,
            "Plan Width": 32,
            "Actual Startup Time": 53.475,
            "Actual Total Time": 54.738,
            "Actual Rows": 1,
            "Actual Loops": 1,
            "Plans": [
              {
                "Node Type": "Aggregate",
                "Strategy": "Sorted",
                "Partial Mode": "Finalize",
                "Parent Relationship": "Outer",
                "Parallel Aware": false,
                "Async Capable": false,
                "Startup Cost": 16515.53,
                "Total Cost": 16776.38,
                "Plan Rows": 1000,
                "Plan Width": 36,
                "Actual Startup Time": 51.775,
                "Actual Total Time": 54.68,
                "Actual Rows": 1000,
                "Actual Loops": 1,
                "Group Key": [
                  "lineitem_1.l_suppkey"
                ],
                "Plans": [
                  {
                    "Node Type": "Gather Merge",
                    "Parent Relationship": "Outer",
                    "Parallel Aware": false,
                    "Async Capable": false,
                    "Startup Cost": 16515.53,
                    "Total Cost": 16748.88,
                    "Plan Rows": 2000,
                    "Plan Width": 36,
                    "Actual Startup Time": 51.766,
                    "Actual Total Time": 53.488,
                    "Actual Rows": 2992,
                    "Actual Loops": 1,
                    "Workers Planned": 2,
                    "Workers Launched": 2,
                    "Plans": [
                      {
                        "Node Type": "Sort",
                        "Parent Relationship": "Outer",
                        "Parallel Aware": false,
                        "Async Capable": false,
                        "Startup Cost": 15515.5,
                        "Total Cost": 15518.0,
                        "Plan Rows": 1000,
                        "Plan Width": 36,
                        "Actual Startup Time": 42.756,
                        "Actual Total Time": 42.809,
                        "Actual Rows": 997,
                        "Actual Loops": 3,
                        "Sort Key": [
                          "lineitem_1.l_suppkey"
                        ],
                        "Sort Method": "quicksort",
                        "Sort Space Used": 110,
                        "Sort Space Type": "Memory",
                        "Workers": [
                          {
                            "Worker Number": 0,
                            "Sort Method": "quicksort",
                            "Sort Space Used": 110,
                            "Sort Space Type": "Memory"
                          },
                          {
                            "Worker Number": 1,
                            "Sort Method": "quicksort",
                            "Sort Space Used": 110,
                            "Sort Space Type": "Memory"
                          }
                        ],
                        "Plans": [
                          {
                            "Node Type": "Aggregate",
                            "Strategy": "Hashed",
                            "Partial Mode": "Partial",
                            "Parent Relationship": "Outer",
                            "Parallel Aware": false,
                            "Async Capable": false,
                            "Startup Cost": 15453.18,
                            "Total Cost": 15465.68,
                            "Plan Rows": 1000,
                            "Plan Width": 36,
                            "Actual Startup Time": 42.004,
                            "Actual Total Time": 42.468,
                            "Actual Rows": 997,
                            "Actual Loops": 3,
                            "Group Key": [
                              "lineitem_1.l_suppkey"
                            ],
                            "Planned Partitions": 0,
                            "HashAgg Batches": 1,
                            "Peak Memory Usage": 577,
                            "Disk Usage": 0,
                            "Workers": [
                              {
                                "Worker Number": 0,
                                "HashAgg Batches": 1,
                                "Peak Memory Usage": 577,
                                "Disk Usage": 0
                              },
                              {
                                "Worker Number": 1,
                                "HashAgg Batches": 1,
                                "Peak Memory Usage": 577,
                                "Disk Usage": 0
                              }
                            ],
                            "Plans": [
                              {
                                "Node Type": "Seq Scan",
                                "Parent Relationship": "Outer",
                                "Parallel Aware": true,
                                "Async Capable": false,
                                "Relation Name": "lineitem",
                                "Alias": "lineitem_1",
                                "Startup Cost": 0.0,
                                "Total Cost": 15361.58,
                                "Plan Rows": 9160,
                                "Plan Width": 16,
                                "Actual Startup Time": 0.028,
                                "Actual Total Time": 36.348,
                                "Actual Rows": 7535,
                                "Actual Loops": 3,
                                "Filter": "((l_shipdate >= '1996-06-01'::date) AND (l_shipdate < '1996-09-01 00:00:00'::timestamp without time zone))",
                                "Rows Removed by Filter": 192655,
                                "Workers": []
                              }
                            ]
                          }
                        ]
                      }
                    ]
                  }
                ]
              }
            ]
          },
          {
            "Node Type": "Sort",
            "Parent Relationship": "Outer",
            "Parallel Aware": false,
            "Async Capable": false,
            "Startup Cost": 103.83,
            "Total Cost": 106.33,
            "Plan Rows": 1000,
            "Plan Width": 72,
            "Actual Startup Time": 0.763,
            "Actual Total Time": 0.994,
            "Actual Rows": 997,
            "Actual Loops": 1,
            "Sort Key": [
              "supplier.s_suppkey"
            ],
            "Sort Method": "quicksort",
            "Sort Space Used": 114,
            "Sort Space Type": "Memory",
            "Plans": [
              {
                "Node Type": "Seq Scan",
                "Parent Relationship": "Outer",
                "Parallel Aware": false,
                "Async Capable": false,
                "Relation Name": "supplier",
                "Alias": "supplier",
                "Startup Cost": 0.0,
                "Total Cost": 54.0,
                "Plan Rows": 1000,
                "Plan Width": 72,
                "Actual Startup Time": 0.012,
                "Actual Total Time": 0.434,
                "Actual Rows": 1000,
                "Actual Loops": 1
              }
            ]
          },
          {
            "Node Type": "Aggregate",
            "Strategy": "Sorted",
            "Partial Mode": "Finalize",
            "Parent Relationship": "Inner",
            "Parallel Aware": false,
            "Async Capable": false,
            "Startup Cost": 16515.53,
            "Total Cost": 16778.88,
            "Plan Rows": 5,
            "Plan Width": 36,
            "Actual Startup Time": 111.021,
            "Actual Total Time": 111.8,
            "Actual Rows": 1,
            "Actual Loops": 1,
            "Group Key": [
              "lineitem.l_suppkey"
            ],
            "Filter": "(sum((lineitem.l_extendedprice * ('1'::numeric - lineitem.l_discount))) = (InitPlan 1).col1)",
            "Rows Removed by Filter": 999,
            "Plans": [
              {
                "Node Type": "Gather Merge",
                "Parent Relationship": "Outer",
                "Parallel Aware": false,
                "Async Capable": false,
                "Startup Cost": 16515.53,
                "Total Cost": 16748.88,
                "Plan Rows": 2000,
                "Plan Width": 36,
                "Actual Startup Time": 55.692,
                "Actual Total Time": 57.044,
                "Actual Rows": 2995,
                "Actual Loops": 1,
                "Workers Planned": 2,
                "Workers Launched": 2,
                "Plans": [
                  {
                    "Node Type": "Sort",
                    "Parent Relationship": "Outer",
                    "Parallel Aware": false,
                    "Async Capable": false,
                    "Startup Cost": 15515.5,
                    "Total Cost": 15518.0,
                    "Plan Rows": 1000,
                    "Plan Width": 36,
                    "Actual Startup Time": 51.846,
                    "Actual Total Time": 51.948,
                    "Actual Rows": 998,
                    "Actual Loops": 3,
                    "Sort Key": [
                      "lineitem.l_suppkey"
                    ],
                    "Sort Method": "quicksort",
                    "Sort Space Used": 110,
                    "Sort Space Type": "Memory",
                    "Workers": [
                      {
                        "Worker Number": 0,
                        "Sort Method": "quicksort",
                        "Sort Space Used": 110,
                        "Sort Space Type": "Memory"
                      },
                      {
                        "Worker Number": 1,
                        "Sort Method": "quicksort",
                        "Sort Space Used": 110,
                        "Sort Space Type": "Memory"
                      }
                    ],
                    "Plans": [
                      {
                        "Node Type": "Aggregate",
                        "Strategy": "Hashed",
                        "Partial Mode": "Partial",
                        "Parent Relationship": "Outer",
                        "Parallel Aware": false,
                        "Async Capable": false,
                        "Startup Cost": 15453.18,
                        "Total Cost": 15465.68,
                        "Plan Rows": 1000,
                        "Plan Width": 36,
                        "Actual Startup Time": 51.07,
                        "Actual Total Time": 51.588,
                        "Actual Rows": 998,
                        "Actual Loops": 3,
                        "Group Key": [
                          "lineitem.l_suppkey"
                        ],
                        "Planned Partitions": 0,
                        "HashAgg Batches": 1,
                        "Peak Memory Usage": 577,
                        "Disk Usage": 0,
                        "Workers": [
                          {
                            "Worker Number": 0,
                            "HashAgg Batches": 1,
                            "Peak Memory Usage": 577,
                            "Disk Usage": 0
                          },
                          {
                            "Worker Number": 1,
                            "HashAgg Batches": 1,
                            "Peak Memory Usage": 577,
                            "Disk Usage": 0
                          }
                        ],
                        "Plans": [
                          {
                            "Node Type": "Seq Scan",
                            "Parent Relationship": "Outer",
                            "Parallel Aware": true,
                            "Async Capable": false,
                            "Relation Name": "lineitem",
                            "Alias": "lineitem",
                            "Startup Cost": 0.0,
                            "Total Cost": 15361.58,
                            "Plan Rows": 9160,
                            "Plan Width": 16,
                            "Actual Startup Time": 0.032,
                            "Actual Total Time": 45.783,
                            "Actual Rows": 7535,
                            "Actual Loops": 3,
                            "Filter": "((l_shipdate >= '1996-06-01'::date) AND (l_shipdate < '1996-09-01 00:00:00'::timestamp without time zone))",
                            "Rows Removed by Filter": 192655,
                            "Workers": []
                          }
                        ]
                      }
                    ]
                  }
                ]
              }
            ]
          }
        ]
      },
      "Planning Time": 0.454,
      "Triggers": [],
      "Execution Time": 114.374
    }
  },
  {
    "query_id": "query15.42",
    "query": "select\n\ts_suppkey,\n\ts_name,\n\ts_address,\n\ts_phone,\n\ttotal_revenue\nfrom\n\tsupplier,\n\trevenue0\nwhere\n\ts_suppkey = supplier_no\n\tand total_revenue = (\n\t\tselect\n\t\t\tmax(total_revenue)\n\t\tfrom\n\t\t\trevenue0\n\t)\norder by\n\ts_suppkey;\n",
    "execution_time": 110.664,
    "plan": {
      "Plan": {
        "Node Type": "Merge Join",
        "Parallel Aware": false,
        "Async Capable": false,
        "Join Type": "Inner",
        "Startup Cost": 33415.84,
        "Total Cost": 33684.31,
        "Plan Rows": 5,
        "Plan Width": 104,
        "Actual Startup Time": 108.226,
        "Actual Total Time": 110.474,
        "Actual Rows": 1,
        "Actual Loops": 1,
        "Inner Unique": true,
        "Merge Cond": "(supplier.s_suppkey = lineitem.l_suppkey)",
        "Plans": [
          {
            "Node Type": "Aggregate",
            "Strategy": "Plain",
            "Partial Mode": "Simple",
            "Parent Relationship": "InitPlan",
            "Subplan Name": "InitPlan 1",
            "Parallel Aware": false,
            "Async Capable": false,
            "Startup Cost": 16792.68,
            "Total Cost": 16792.69,
            "Plan Rows": 1,
            "Plan Width": 32,
            "Actual Startup Time": 53.169,
            "Actual Total Time": 54.567,
            "Actual Rows": 1,
            "Actual Loops": 1,
            "Plans": [
              {
                "Node Type": "Aggregate",
                "Strategy": "Sorted",
                "Partial Mode": "Finalize",
                "Parent Relationship": "Outer",
                "Parallel Aware": false,
                "Async Capable": false,
                "Startup Cost": 16519.33,
                "Total Cost": 16780.18,
                "Plan Rows": 1000,
                "Plan Width": 36,
                "Actual Startup Time": 50.812,
                "Actual Total Time": 54.489,
                "Actual Rows": 1000,
                "Actual Loops": 1,
                "Group Key": [
                  "lineitem_1.l_suppkey"
                ],
                "Plans": [
                  {
                    "Node Type": "Gather Merge",
                    "Parent Relationship": "Outer",
                    "Parallel Aware": false,
                    "Async Capable": false,
                    "Startup Cost": 16519.33,
                    "Total Cost": 16752.68,
                    "Plan Rows": 2000,
                    "Plan Width": 36,
                    "Actual Startup Time": 50.796,
                    "Actual Total Time": 52.876,
                    "Actual Rows": 2995,
                    "Actual Loops": 1,
                    "Workers Planned": 2,
                    "Workers Launched": 2,
                    "Plans": [
                      {
                        "Node Type": "Sort",
                        "Parent Relationship": "Outer",
                        "Parallel Aware": false,
                        "Async Capable": false,
                        "Startup Cost": 15519.3,
                        "Total Cost": 15521.8,
                        "Plan Rows": 1000,
                        "Plan Width": 36,
                        "Actual Startup Time": 47.563,
                        "Actual Total Time": 47.633,
                        "Actual Rows": 998,
                        "Actual Loops": 3,
                        "Sort Key": [
                          "lineitem_1.l_suppkey"
                        ],
                        "Sort Method": "quicksort",
                        "Sort Space Used": 110,
                        "Sort Space Type": "Memory",
                        "Workers": [
                          {
                            "Worker Number": 0,
                            "Sort Method": "quicksort",
                            "Sort Space Used": 110,
                            "Sort Space Type": "Memory"
                          },
                          {
                            "Worker Number": 1,
                            "Sort Method": "quicksort",
                            "Sort Space Used": 110,
                            "Sort Space Type": "Memory"
                          }
                        ],
                        "Plans": [
                          {
                            "Node Type": "Aggregate",
                            "Strategy": "Hashed",
                            "Partial Mode": "Partial",
                            "Parent Relationship": "Outer",
                            "Parallel Aware": false,
                            "Async Capable": false,
                            "Startup Cost": 15456.98,
                            "Total Cost": 15469.48,
                            "Plan Rows": 1000,
                            "Plan Width": 36,
                            "Actual Startup Time": 46.934,
                            "Actual Total Time": 47.317,
                            "Actual Rows": 998,
                            "Actual Loops": 3,
                            "Group Key": [
                              "lineitem_1.l_suppkey"
                            ],
                            "Planned Partitions": 0,
                            "HashAgg Batches": 1,
                            "Peak Memory Usage": 577,
                            "Disk Usage": 0,
                            "Workers": [
                              {
                                "Worker Number": 0,
                                "HashAgg Batches": 1,
                                "Peak Memory Usage": 577,
                                "Disk Usage": 0
                              },
                              {
                                "Worker Number": 1,
                                "HashAgg Batches": 1,
                                "Peak Memory Usage": 577,
                                "Disk Usage": 0
                              }
                            ],
                            "Plans": [
                              {
                                "Node Type": "Seq Scan",
                                "Parent Relationship": "Outer",
                                "Parallel Aware": true,
                                "Async Capable": false,
                                "Relation Name": "lineitem",
                                "Alias": "lineitem_1",
                                "Startup Cost": 0.0,
                                "Total Cost": 15361.58,
                                "Plan Rows": 9540,
                                "Plan Width": 16,
                                "Actual Startup Time": 0.016,
                                "Actual Total Time": 42.769,
                                "Actual Rows": 7747,
                                "Actual Loops": 3,
                                "Filter": "((l_shipdate >= '1994-03-01'::date) AND (l_shipdate < '1994-06-01 00:00:00'::timestamp without time zone))",
                                "Rows Removed by Filter": 192443,
                                "Workers": []
                              }
                            ]
                          }
                        ]
                      }
                    ]
                  }
                ]
              }
            ]
          },
          {
            "Node Type": "Sort",
            "Parent Relationship": "Outer",
            "Parallel Aware": false,
            "Async Capable": false,
            "Startup Cost": 103.83,
            "Total Cost": 106.33,
            "Plan Rows": 1000,
            "Plan Width": 72,
            "Actual Startup Time": 0.522,
            "Actual Total Time": 0.779,
            "Actual Rows": 940,
            "Actual Loops": 1,
            "Sort Key": [
              "supplier.s_suppkey"
            ],
            "Sort Method": "quicksort",
            "Sort Space Used": 114,
            "Sort Space Type": "Memory",
            "Plans": [
              {
                "Node Type": "Seq Scan",
                "Parent Relationship": "Outer",
                "Parallel Aware": false,
                "Async Capable": false,
                "Relation Name": "supplier",
                "Alias": "supplier",
                "Startup Cost": 0.0,
                "Total Cost": 54.0,
                "Plan Rows": 1000,
                "Plan Width": 72,
                "Actual Startup Time": 0.011,
                "Actual Total Time": 0.284,
                "Actual Rows": 1000,
                "Actual Loops": 1
              }
            ]
          },
          {
            "Node Type": "Aggregate",
            "Strategy": "Sorted",
            "Partial Mode": "Finalize",
            "Parent Relationship": "Inner",
            "Parallel Aware": false,
            "Async Capable": false,
            "Startup Cost": 16519.33,
            "Total Cost": 16782.68,
            "Plan Rows": 5,
            "Plan Width": 36,
            "Actual Startup Time": 107.332,
            "Actual Total Time": 108.179,
            "Actual Rows": 1,
            "Actual Loops": 1,
            "Group Key": [
              "lineitem.l_suppkey"
            ],
            "Filter": "(sum((lineitem.l_extendedprice * ('1'::numeric - lineitem.l_discount))) = (InitPlan 1).col1)",
            "Rows Removed by Filter": 999,
            "Plans": [
              {
                "Node Type": "Gather Merge",
                "Parent Relationship": "Outer",
                "Parallel Aware": false,
                "Async Capable": false,
                "Startup Cost": 16519.33,
                "Total Cost": 16752.68,
                "Plan Rows": 2000,
                "Plan Width": 36,
                "Actual Startup Time": 52.22,
                "Actual Total Time": 53.744,
                "Actual Rows": 2997,
                "Actual Loops": 1,
                "Workers Planned": 2,
                "Workers Launched": 2,
                "Plans": [
                  {
                    "Node Type": "Sort",
                    "Parent Relationship": "Outer",
                    "Parallel Aware": false,
                    "Async Capable": false,
                    "Startup Cost": 15519.3,
                    "Total Cost": 15521.8,
                    "Plan Rows": 1000,
                    "Plan Width": 36,
                    "Actual Startup Time": 49.073,
                    "Actual Total Time": 49.216,
                    "Actual Rows": 999,
                    "Actual Loops": 3,
                    "Sort Key": [
                      "lineitem.l_suppkey"
                    ],
                    "Sort Method": "quicksort",
                    "Sort Space Used": 110,
                    "Sort Space Type": "Memory",
                    "Workers": [
                      {
                        "Worker Number": 0,
                        "Sort Method": "quicksort",
                        "Sort Space Used": 110,
                        "Sort Space Type": "Memory"
                      },
                      {
                        "Worker Number": 1,
                        "Sort Method": "quicksort",
                        "Sort Space Used": 110,
                        "Sort Space Type": "Memory"
                      }
                    ],
                    "Plans": [
                      {
                        "Node Type": "Aggregate",
                        "Strategy": "Hashed",
                        "Partial Mode": "Partial",
                        "Parent Relationship": "Outer",
                        "Parallel Aware": false,
                        "Async Capable": false,
                        "Startup Cost": 15456.98,
                        "Total Cost": 15469.48,
                        "Plan Rows": 1000,
                        "Plan Width": 36,
                        "Actual Startup Time": 48.441,
                        "Actual Total Time": 48.864,
                        "Actual Rows": 999,
                        "Actual Loops": 3,
                        "Group Key": [
                          "lineitem.l_suppkey"
                        ],
                        "Planned Partitions": 0,
                        "HashAgg Batches": 1,
                        "Peak Memory Usage": 577,
                        "Disk Usage": 0,
                        "Workers": [
                          {
                            "Worker Number": 0,
                            "HashAgg Batches": 1,
                            "Peak Memory Usage": 577,
                            "Disk Usage": 0
                          },
                          {
                            "Worker Number": 1,
                            "HashAgg Batches": 1,
                            "Peak Memory Usage": 577,
                            "Disk Usage": 0
                          }
                        ],
                        "Plans": [
                          {
                            "Node Type": "Seq Scan",
                            "Parent Relationship": "Outer",
                            "Parallel Aware": true,
                            "Async Capable": false,
                            "Relation Name": "lineitem",
                            "Alias": "lineitem",
                            "Startup Cost": 0.0,
                            "Total Cost": 15361.58,
                            "Plan Rows": 9540,
                            "Plan Width": 16,
                            "Actual Startup Time": 0.032,
                            "Actual Total Time": 43.966,
                            "Actual Rows": 7747,
                            "Actual Loops": 3,
                            "Filter": "((l_shipdate >= '1994-03-01'::date) AND (l_shipdate < '1994-06-01 00:00:00'::timestamp without time zone))",
                            "Rows Removed by Filter": 192443,
                            "Workers": []
                          }
                        ]
                      }
                    ]
                  }
                ]
              }
            ]
          }
        ]
      },
      "Planning Time": 0.289,
      "Triggers": [],
      "Execution Time": 110.664
    }
  },
  {
    "query_id": "query15.43",
    "query": "select\n\ts_suppkey,\n\ts_name,\n\ts_address,\n\ts_phone,\n\ttotal_revenue\nfrom\n\tsupplier,\n\trevenue0\nwhere\n\ts_suppkey = supplier_no\n\tand total_revenue = (\n\t\tselect\n\t\t\tmax(total_revenue)\n\t\tfrom\n\t\t\trevenue0\n\t)\norder by\n\ts_suppkey;\n",
    "execution_time": 102.326,
    "plan": {
      "Plan": {
        "Node Type": "Merge Join",
        "Parallel Aware": false,
        "Async Capable": false,
        "Join Type": "Inner",
        "Startup Cost": 33414.78,
        "Total Cost": 33683.25,
        "Plan Rows": 5,
        "Plan Width": 104,
        "Actual Startup Time": 99.551,
        "Actual Total Time": 102.13,
        "Actual Rows": 1,
        "Actual Loops": 1,
        "Inner Unique": true,
        "Merge Cond": "(supplier.s_suppkey = lineitem.l_suppkey)",
        "Plans": [
          {
            "Node Type": "Aggregate",
            "Strategy": "Plain",
            "Partial Mode": "Simple",
            "Parent Relationship": "InitPlan",
            "Subplan Name": "InitPlan 1",
            "Parallel Aware": false,
            "Async Capable": false,
            "Startup Cost": 16792.15,
            "Total Cost": 16792.16,
            "Plan Rows": 1,
            "Plan Width": 32,
            "Actual Startup Time": 52.121,
            "Actual Total Time": 53.658,
            "Actual Rows": 1,
            "Actual Loops": 1,
            "Plans": [
              {
                "Node Type": "Aggregate",
                "Strategy": "Sorted",
                "Partial Mode": "Finalize",
                "Parent Relationship": "Outer",
                "Parallel Aware": false,
                "Async Capable": false,
                "Startup Cost": 16518.8,
                "Total Cost": 16779.65,
                "Plan Rows": 1000,
                "Plan Width": 36,
                "Actual Startup Time": 50.412,
                "Actual Total Time": 53.6,
                "Actual Rows": 1000,
                "Actual Loops": 1,
                "Group Key": [
                  "lineitem_1.l_suppkey"
                ],
                "Plans": [
                  {
                    "Node Type": "Gather Merge",
                    "Parent Relationship": "Outer",
                    "Parallel Aware": false,
                    "Async Capable": false,
                    "Startup Cost": 16518.8,
                    "Total Cost": 16752.15,
                    "Plan Rows": 2000,
                    "Plan Width": 36,
                    "Actual Startup Time": 50.403,
                    "Actual Total Time": 52.395,
                    "Actual Rows": 2998,
                    "Actual Loops": 1,
                    "Workers Planned": 2,
                    "Workers Launched": 2,
                    "Plans": [
                      {
                        "Node Type": "Sort",
                        "Parent Relationship": "Outer",
                        "Parallel Aware": false,
                        "Async Capable": false,
                        "Startup Cost": 15518.77,
                        "Total Cost": 15521.27,
                        "Plan Rows": 1000,
                        "Plan Width": 36,
                        "Actual Startup Time": 47.595,
                        "Actual Total Time": 47.646,
                        "Actual Rows": 999,
                        "Actual Loops": 3,
                        "Sort Key": [
                          "lineitem_1.l_suppkey"
                        ],
                        "Sort Method": "quicksort",
                        "Sort Space Used": 110,
                        "Sort Space Type": "Memory",
                        "Workers": [
                          {
                            "Worker Number": 0,
                            "Sort Method": "quicksort",
                            "Sort Space Used": 110,
                            "Sort Space Type": "Memory"
                          },
                          {
                            "Worker Number": 1,
                            "Sort Method": "quicksort",
                            "Sort Space Used": 110,
                            "Sort Space Type": "Memory"
                          }
                        ],
                        "Plans": [
                          {
                            "Node Type": "Aggregate",
                            "Strategy": "Hashed",
                            "Partial Mode": "Partial",
                            "Parent Relationship": "Outer",
                            "Parallel Aware": false,
                            "Async Capable": false,
                            "Startup Cost": 15456.45,
                            "Total Cost": 15468.95,
                            "Plan Rows": 1000,
                            "Plan Width": 36,
                            "Actual Startup Time": 46.991,
                            "Actual Total Time": 47.348,
                            "Actual Rows": 999,
                            "Actual Loops": 3,
                            "Group Key": [
                              "lineitem_1.l_suppkey"
                            ],
                            "Planned Partitions": 0,
                            "HashAgg Batches": 1,
                            "Peak Memory Usage": 577,
                            "Disk Usage": 0,
                            "Workers": [
                              {
                                "Worker Number": 0,
                                "HashAgg Batches": 1,
                                "Peak Memory Usage": 577,
                                "Disk Usage": 0
                              },
                              {
                                "Worker Number": 1,
                                "HashAgg Batches": 1,
                                "Peak Memory Usage": 577,
                                "Disk Usage": 0
                              }
                            ],
                            "Plans": [
                              {
                                "Node Type": "Seq Scan",
                                "Parent Relationship": "Outer",
                                "Parallel Aware": true,
                                "Async Capable": false,
                                "Relation Name": "lineitem",
                                "Alias": "lineitem_1",
                                "Startup Cost": 0.0,
                                "Total Cost": 15361.58,
                                "Plan Rows": 9487,
                                "Plan Width": 16,
                                "Actual Startup Time": 0.018,
                                "Actual Total Time": 42.697,
                                "Actual Rows": 7669,
                                "Actual Loops": 3,
                                "Filter": "((l_shipdate >= '1996-10-01'::date) AND (l_shipdate < '1997-01-01 00:00:00'::timestamp without time zone))",
                                "Rows Removed by Filter": 192522,
                                "Workers": []
                              }
                            ]
                          }
                        ]
                      }
                    ]
                  }
                ]
              }
            ]
          },
          {
            "Node Type": "Sort",
            "Parent Relationship": "Outer",
            "Parallel Aware": false,
            "Async Capable": false,
            "Startup Cost": 103.83,
            "Total Cost": 106.33,
            "Plan Rows": 1000,
            "Plan Width": 72,
            "Actual Startup Time": 0.383,
            "Actual Total Time": 0.578,
            "Actual Rows": 757,
            "Actual Loops": 1,
            "Sort Key": [
              "supplier.s_suppkey"
            ],
            "Sort Method": "quicksort",
            "Sort Space Used": 114,
            "Sort Space Type": "Memory",
            "Plans": [
              {
                "Node Type": "Seq Scan",
                "Parent Relationship": "Outer",
                "Parallel Aware": false,
                "Async Capable": false,
                "Relation Name": "supplier",
                "Alias": "supplier",
                "Startup Cost": 0.0,
                "Total Cost": 54.0,
                "Plan Rows": 1000,
                "Plan Width": 72,
                "Actual Startup Time": 0.01,
                "Actual Total Time": 0.234,
                "Actual Rows": 1000,
                "Actual Loops": 1
              }
            ]
          },
          {
            "Node Type": "Aggregate",
            "Strategy": "Sorted",
            "Partial Mode": "Finalize",
            "Parent Relationship": "Inner",
            "Parallel Aware": false,
            "Async Capable": false,
            "Startup Cost": 16518.8,
            "Total Cost": 16782.15,
            "Plan Rows": 5,
            "Plan Width": 36,
            "Actual Startup Time": 98.892,
            "Actual Total Time": 99.931,
            "Actual Rows": 1,
            "Actual Loops": 1,
            "Group Key": [
              "lineitem.l_suppkey"
            ],
            "Filter": "(sum((lineitem.l_extendedprice * ('1'::numeric - lineitem.l_discount))) = (InitPlan 1).col1)",
            "Rows Removed by Filter": 999,
            "Plans": [
              {
                "Node Type": "Gather Merge",
                "Parent Relationship": "Outer",
                "Parallel Aware": false,
                "Async Capable": false,
                "Startup Cost": 16518.8,
                "Total Cost": 16752.15,
                "Plan Rows": 2000,
                "Plan Width": 36,
                "Actual Startup Time": 45.22,
                "Actual Total Time": 46.545,
                "Actual Rows": 2999,
                "Actual Loops": 1,
                "Workers Planned": 2,
                "Workers Launched": 2,
                "Plans": [
                  {
                    "Node Type": "Sort",
                    "Parent Relationship": "Outer",
                    "Parallel Aware": false,
                    "Async Capable": false,
                    "Startup Cost": 15518.77,
                    "Total Cost": 15521.27,
                    "Plan Rows": 1000,
                    "Plan Width": 36,
                    "Actual Startup Time": 41.738,
                    "Actual Total Time": 41.881,
                    "Actual Rows": 1000,
                    "Actual Loops": 3,
                    "Sort Key": [
                      "lineitem.l_suppkey"
                    ],
                    "Sort Method": "quicksort",
                    "Sort Space Used": 110,
                    "Sort Space Type": "Memory",
                    "Workers": [
                      {
                        "Worker Number": 0,
                        "Sort Method": "quicksort",
                        "Sort Space Used": 110,
                        "Sort Space Type": "Memory"
                      },
                      {
                        "Worker Number": 1,
                        "Sort Method": "quicksort",
                        "Sort Space Used": 110,
                        "Sort Space Type": "Memory"
                      }
                    ],
                    "Plans": [
                      {
                        "Node Type": "Aggregate",
                        "Strategy": "Hashed",
                        "Partial Mode": "Partial",
                        "Parent Relationship": "Outer",
                        "Parallel Aware": false,
                        "Async Capable": false,
                        "Startup Cost": 15456.45,
                        "Total Cost": 15468.95,
                        "Plan Rows": 1000,
                        "Plan Width": 36,
                        "Actual Startup Time": 41.125,
                        "Actual Total Time": 41.519,
                        "Actual Rows": 1000,
                        "Actual Loops": 3,
                        "Group Key": [
                          "lineitem.l_suppkey"
                        ],
                        "Planned Partitions": 0,
                        "HashAgg Batches": 1,
                        "Peak Memory Usage": 577,
                        "Disk Usage": 0,
                        "Workers": [
                          {
                            "Worker Number": 0,
                            "HashAgg Batches": 1,
                            "Peak Memory Usage": 577,
                            "Disk Usage": 0
                          },
                          {
                            "Worker Number": 1,
                            "HashAgg Batches": 1,
                            "Peak Memory Usage": 577,
                            "Disk Usage": 0
                          }
                        ],
                        "Plans": [
                          {
                            "Node Type": "Seq Scan",
                            "Parent Relationship": "Outer",
                            "Parallel Aware": true,
                            "Async Capable": false,
                            "Relation Name": "lineitem",
                            "Alias": "lineitem",
                            "Startup Cost": 0.0,
                            "Total Cost": 15361.58,
                            "Plan Rows": 9487,
                            "Plan Width": 16,
                            "Actual Startup Time": 0.02,
                            "Actual Total Time": 36.974,
                            "Actual Rows": 7669,
                            "Actual Loops": 3,
                            "Filter": "((l_shipdate >= '1996-10-01'::date) AND (l_shipdate < '1997-01-01 00:00:00'::timestamp without time zone))",
                            "Rows Removed by Filter": 192522,
                            "Workers": []
                          }
                        ]
                      }
                    ]
                  }
                ]
              }
            ]
          }
        ]
      },
      "Planning Time": 0.328,
      "Triggers": [],
      "Execution Time": 102.326
    }
  },
  {
    "query_id": "query15.44",
    "query": "select\n\ts_suppkey,\n\ts_name,\n\ts_address,\n\ts_phone,\n\ttotal_revenue\nfrom\n\tsupplier,\n\trevenue0\nwhere\n\ts_suppkey = supplier_no\n\tand total_revenue = (\n\t\tselect\n\t\t\tmax(total_revenue)\n\t\tfrom\n\t\t\trevenue0\n\t)\norder by\n\ts_suppkey;\n",
    "execution_time": 107.624,
    "plan": {
      "Plan": {
        "Node Type": "Merge Join",
        "Parallel Aware": false,
        "Async Capable": false,
        "Join Type": "Inner",
        "Startup Cost": 33422.18,
        "Total Cost": 33690.65,
        "Plan Rows": 5,
        "Plan Width": 104,
        "Actual Startup Time": 105.365,
        "Actual Total Time": 107.456,
        "Actual Rows": 1,
        "Actual Loops": 1,
        "Inner Unique": true,
        "Merge Cond": "(supplier.s_suppkey = lineitem.l_suppkey)",
        "Plans": [
          {
            "Node Type": "Aggregate",
            "Strategy": "Plain",
            "Partial Mode": "Simple",
            "Parent Relationship": "InitPlan",
            "Subplan Name": "InitPlan 1",
            "Parallel Aware": false,
            "Async Capable": false,
            "Startup Cost": 16795.85,
            "Total Cost": 16795.86,
            "Plan Rows": 1,
            "Plan Width": 32,
            "Actual Startup Time": 54.146,
            "Actual Total Time": 54.411,
            "Actual Rows": 1,
            "Actual Loops": 1,
            "Plans": [
              {
                "Node Type": "Aggregate",
                "Strategy": "Sorted",
                "Partial Mode": "Finalize",
                "Parent Relationship": "Outer",
                "Parallel Aware": false,
                "Async Capable": false,
                "Startup Cost": 16522.5,
                "Total Cost": 16783.35,
                "Plan Rows": 1000,
                "Plan Width": 36,
                "Actual Startup Time": 51.765,
                "Actual Total Time": 54.317,
                "Actual Rows": 1000,
                "Actual Loops": 1,
                "Group Key": [
                  "lineitem_1.l_suppkey"
                ],
                "Plans": [
                  {
                    "Node Type": "Gather Merge",
                    "Parent Relationship": "Outer",
                    "Parallel Aware": false,
                    "Async Capable": false,
                    "Startup Cost": 16522.5,
                    "Total Cost": 16755.85,
                    "Plan Rows": 2000,
                    "Plan Width": 36,
                    "Actual Startup Time": 51.75,
                    "Actual Total Time": 52.72,
                    "Actual Rows": 2996,
                    "Actual Loops": 1,
                    "Workers Planned": 2,
                    "Workers Launched": 2,
                    "Plans": [
                      {
                        "Node Type": "Sort",
                        "Parent Relationship": "Outer",
                        "Parallel Aware": false,
                        "Async Capable": false,
                        "Startup Cost": 15522.47,
                        "Total Cost": 15524.97,
                        "Plan Rows": 1000,
                        "Plan Width": 36,
                        "Actual Startup Time": 48.349,
                        "Actual Total Time": 48.418,
                        "Actual Rows": 999,
                        "Actual Loops": 3,
                        "Sort Key": [
                          "lineitem_1.l_suppkey"
                        ],
                        "Sort Method": "quicksort",
                        "Sort Space Used": 110,
                        "Sort Space Type": "Memory",
                        "Workers": [
                          {
                            "Worker Number": 0,
                            "Sort Method": "quicksort",
                            "Sort Space Used": 110,
                            "Sort Space Type": "Memory"
                          },
                          {
                            "Worker Number": 1,
                            "Sort Method": "quicksort",
                            "Sort Space Used": 110,
                            "Sort Space Type": "Memory"
                          }
                        ],
                        "Plans": [
                          {
                            "Node Type": "Aggregate",
                            "Strategy": "Hashed",
                            "Partial Mode": "Partial",
                            "Parent Relationship": "Outer",
                            "Parallel Aware": false,
                            "Async Capable": false,
                            "Startup Cost": 15460.15,
                            "Total Cost": 15472.65,
                            "Plan Rows": 1000,
                            "Plan Width": 36,
                            "Actual Startup Time": 47.764,
                            "Actual Total Time": 48.122,
                            "Actual Rows": 999,
                            "Actual Loops": 3,
                            "Group Key": [
                              "lineitem_1.l_suppkey"
                            ],
                            "Planned Partitions": 0,
                            "HashAgg Batches": 1,
                            "Peak Memory Usage": 577,
                            "Disk Usage": 0,
                            "Workers": [
                              {
                                "Worker Number": 0,
                                "HashAgg Batches": 1,
                                "Peak Memory Usage": 577,
                                "Disk Usage": 0
                              },
                              {
                                "Worker Number": 1,
                                "HashAgg Batches": 1,
                                "Peak Memory Usage": 577,
                                "Disk Usage": 0
                              }
                            ],
                            "Plans": [
                              {
                                "Node Type": "Seq Scan",
                                "Parent Relationship": "Outer",
                                "Parallel Aware": true,
                                "Async Capable": false,
                                "Relation Name": "lineitem",
                                "Alias": "lineitem_1",
                                "Startup Cost": 0.0,
                                "Total Cost": 15361.58,
                                "Plan Rows": 9857,
                                "Plan Width": 16,
                                "Actual Startup Time": 0.046,
                                "Actual Total Time": 43.214,
                                "Actual Rows": 7695,
                                "Actual Loops": 3,
                                "Filter": "((l_shipdate >= '1994-06-01'::date) AND (l_shipdate < '1994-09-01 00:00:00'::timestamp without time zone))",
                                "Rows Removed by Filter": 192496,
                                "Workers": []
                              }
                            ]
                          }
                        ]
                      }
                    ]
                  }
                ]
              }
            ]
          },
          {
            "Node Type": "Sort",
            "Parent Relationship": "Outer",
            "Parallel Aware": false,
            "Async Capable": false,
            "Startup Cost": 103.83,
            "Total Cost": 106.33,
            "Plan Rows": 1000,
            "Plan Width": 72,
            "Actual Startup Time": 0.424,
            "Actual Total Time": 0.551,
            "Actual Rows": 759,
            "Actual Loops": 1,
            "Sort Key": [
              "supplier.s_suppkey"
            ],
            "Sort Method": "quicksort",
            "Sort Space Used": 114,
            "Sort Space Type": "Memory",
            "Plans": [
              {
                "Node Type": "Seq Scan",
                "Parent Relationship": "Outer",
                "Parallel Aware": false,
                "Async Capable": false,
                "Relation Name": "supplier",
                "Alias": "supplier",
                "Startup Cost": 0.0,
                "Total Cost": 54.0,
                "Plan Rows": 1000,
                "Plan Width": 72,
                "Actual Startup Time": 0.017,
                "Actual Total Time": 0.245,
                "Actual Rows": 1000,
                "Actual Loops": 1
              }
            ]
          },
          {
            "Node Type": "Aggregate",
            "Strategy": "Sorted",
            "Partial Mode": "Finalize",
            "Parent Relationship": "Inner",
            "Parallel Aware": false,
            "Async Capable": false,
            "Startup Cost": 16522.5,
            "Total Cost": 16785.85,
            "Plan Rows": 5,
            "Plan Width": 36,
            "Actual Startup Time": 104.704,
            "Actual Total Time": 106.527,
            "Actual Rows": 1,
            "Actual Loops": 1,
            "Group Key": [
              "lineitem.l_suppkey"
            ],
            "Filter": "(sum((lineitem.l_extendedprice * ('1'::numeric - lineitem.l_discount))) = (InitPlan 1).col1)",
            "Rows Removed by Filter": 999,
            "Plans": [
              {
                "Node Type": "Gather Merge",
                "Parent Relationship": "Outer",
                "Parallel Aware": false,
                "Async Capable": false,
                "Startup Cost": 16522.5,
                "Total Cost": 16755.85,
                "Plan Rows": 2000,
                "Plan Width": 36,
                "Actual Startup Time": 48.848,
                "Actual Total Time": 50.983,
                "Actual Rows": 2995,
                "Actual Loops": 1,
                "Workers Planned": 2,
                "Workers Launched": 2,
                "Plans": [
                  {
                    "Node Type": "Sort",
                    "Parent Relationship": "Outer",
                    "Parallel Aware": false,
                    "Async Capable": false,
                    "Startup Cost": 15522.47,
                    "Total Cost": 15524.97,
                    "Plan Rows": 1000,
                    "Plan Width": 36,
                    "Actual Startup Time": 45.195,
                    "Actual Total Time": 45.321,
                    "Actual Rows": 998,
                    "Actual Loops": 3,
                    "Sort Key": [
                      "lineitem.l_suppkey"
                    ],
                    "Sort Method": "quicksort",
                    "Sort Space Used": 110,
                    "Sort Space Type": "Memory",
                    "Workers": [
                      {
                        "Worker Number": 0,
                        "Sort Method": "quicksort",
                        "Sort Space Used": 110,
                        "Sort Space Type": "Memory"
                      },
                      {
                        "Worker Number": 1,
                        "Sort Method": "quicksort",
                        "Sort Space Used": 110,
                        "Sort Space Type": "Memory"
                      }
                    ],
                    "Plans": [
                      {
                        "Node Type": "Aggregate",
                        "Strategy": "Hashed",
                        "Partial Mode": "Partial",
                        "Parent Relationship": "Outer",
                        "Parallel Aware": false,
                        "Async Capable": false,
                        "Startup Cost": 15460.15,
                        "Total Cost": 15472.65,
                        "Plan Rows": 1000,
                        "Plan Width": 36,
                        "Actual Startup Time": 44.58,
                        "Actual Total Time": 44.989,
                        "Actual Rows": 998,
                        "Actual Loops": 3,
                        "Group Key": [
                          "lineitem.l_suppkey"
                        ],
                        "Planned Partitions": 0,
                        "HashAgg Batches": 1,
                        "Peak Memory Usage": 577,
                        "Disk Usage": 0,
                        "Workers": [
                          {
                            "Worker Number": 0,
                            "HashAgg Batches": 1,
                            "Peak Memory Usage": 577,
                            "Disk Usage": 0
                          },
                          {
                            "Worker Number": 1,
                            "HashAgg Batches": 1,
                            "Peak Memory Usage": 577,
                            "Disk Usage": 0
                          }
                        ],
                        "Plans": [
                          {
                            "Node Type": "Seq Scan",
                            "Parent Relationship": "Outer",
                            "Parallel Aware": true,
                            "Async Capable": false,
                            "Relation Name": "lineitem",
                            "Alias": "lineitem",
                            "Startup Cost": 0.0,
                            "Total Cost": 15361.58,
                            "Plan Rows": 9857,
                            "Plan Width": 16,
                            "Actual Startup Time": 0.016,
                            "Actual Total Time": 40.172,
                            "Actual Rows": 7695,
                            "Actual Loops": 3,
                            "Filter": "((l_shipdate >= '1994-06-01'::date) AND (l_shipdate < '1994-09-01 00:00:00'::timestamp without time zone))",
                            "Rows Removed by Filter": 192496,
                            "Workers": []
                          }
                        ]
                      }
                    ]
                  }
                ]
              }
            ]
          }
        ]
      },
      "Planning Time": 0.23,
      "Triggers": [],
      "Execution Time": 107.624
    }
  },
  {
    "query_id": "query15.45",
    "query": "select\n\ts_suppkey,\n\ts_name,\n\ts_address,\n\ts_phone,\n\ttotal_revenue\nfrom\n\tsupplier,\n\trevenue0\nwhere\n\ts_suppkey = supplier_no\n\tand total_revenue = (\n\t\tselect\n\t\t\tmax(total_revenue)\n\t\tfrom\n\t\t\trevenue0\n\t)\norder by\n\ts_suppkey;\n",
    "execution_time": 104.432,
    "plan": {
      "Plan": {
        "Node Type": "Merge Join",
        "Parallel Aware": false,
        "Async Capable": false,
        "Join Type": "Inner",
        "Startup Cost": 33403.34,
        "Total Cost": 33671.81,
        "Plan Rows": 5,
        "Plan Width": 104,
        "Actual Startup Time": 100.831,
        "Actual Total Time": 104.239,
        "Actual Rows": 1,
        "Actual Loops": 1,
        "Inner Unique": true,
        "Merge Cond": "(supplier.s_suppkey = lineitem.l_suppkey)",
        "Plans": [
          {
            "Node Type": "Aggregate",
            "Strategy": "Plain",
            "Partial Mode": "Simple",
            "Parent Relationship": "InitPlan",
            "Subplan Name": "InitPlan 1",
            "Parallel Aware": false,
            "Async Capable": false,
            "Startup Cost": 16786.43,
            "Total Cost": 16786.44,
            "Plan Rows": 1,
            "Plan Width": 32,
            "Actual Startup Time": 50.704,
            "Actual Total Time": 51.095,
            "Actual Rows": 1,
            "Actual Loops": 1,
            "Plans": [
              {
                "Node Type": "Aggregate",
                "Strategy": "Sorted",
                "Partial Mode": "Finalize",
                "Parent Relationship": "Outer",
                "Parallel Aware": false,
                "Async Capable": false,
                "Startup Cost": 16513.08,
                "Total Cost": 16773.93,
                "Plan Rows": 1000,
                "Plan Width": 36,
                "Actual Startup Time": 48.943,
                "Actual Total Time": 51.037,
                "Actual Rows": 1000,
                "Actual Loops": 1,
                "Group Key": [
                  "lineitem_1.l_suppkey"
                ],
                "Plans": [
                  {
                    "Node Type": "Gather Merge",
                    "Parent Relationship": "Outer",
                    "Parallel Aware": false,
                    "Async Capable": false,
                    "Startup Cost": 16513.08,
                    "Total Cost": 16746.43,
                    "Plan Rows": 2000,
                    "Plan Width": 36,
                    "Actual Startup Time": 48.933,
                    "Actual Total Time": 49.782,
                    "Actual Rows": 2996,
                    "Actual Loops": 1,
                    "Workers Planned": 2,
                    "Workers Launched": 2,
                    "Plans": [
                      {
                        "Node Type": "Sort",
                        "Parent Relationship": "Outer",
                        "Parallel Aware": false,
                        "Async Capable": false,
                        "Startup Cost": 15513.05,
                        "Total Cost": 15515.55,
                        "Plan Rows": 1000,
                        "Plan Width": 36,
                        "Actual Startup Time": 46.1,
                        "Actual Total Time": 46.154,
                        "Actual Rows": 999,
                        "Actual Loops": 3,
                        "Sort Key": [
                          "lineitem_1.l_suppkey"
                        ],
                        "Sort Method": "quicksort",
                        "Sort Space Used": 110,
                        "Sort Space Type": "Memory",
                        "Workers": [
                          {
                            "Worker Number": 0,
                            "Sort Method": "quicksort",
                            "Sort Space Used": 110,
                            "Sort Space Type": "Memory"
                          },
                          {
                            "Worker Number": 1,
                            "Sort Method": "quicksort",
                            "Sort Space Used": 110,
                            "Sort Space Type": "Memory"
                          }
                        ],
                        "Plans": [
                          {
                            "Node Type": "Aggregate",
                            "Strategy": "Hashed",
                            "Partial Mode": "Partial",
                            "Parent Relationship": "Outer",
                            "Parallel Aware": false,
                            "Async Capable": false,
                            "Startup Cost": 15450.73,
                            "Total Cost": 15463.23,
                            "Plan Rows": 1000,
                            "Plan Width": 36,
                            "Actual Startup Time": 45.41,
                            "Actual Total Time": 45.833,
                            "Actual Rows": 999,
                            "Actual Loops": 3,
                            "Group Key": [
                              "lineitem_1.l_suppkey"
                            ],
                            "Planned Partitions": 0,
                            "HashAgg Batches": 1,
                            "Peak Memory Usage": 577,
                            "Disk Usage": 0,
                            "Workers": [
                              {
                                "Worker Number": 0,
                                "HashAgg Batches": 1,
                                "Peak Memory Usage": 577,
                                "Disk Usage": 0
                              },
                              {
                                "Worker Number": 1,
                                "HashAgg Batches": 1,
                                "Peak Memory Usage": 577,
                                "Disk Usage": 0
                              }
                            ],
                            "Plans": [
                              {
                                "Node Type": "Seq Scan",
                                "Parent Relationship": "Outer",
                                "Parallel Aware": true,
                                "Async Capable": false,
                                "Relation Name": "lineitem",
                                "Alias": "lineitem_1",
                                "Startup Cost": 0.0,
                                "Total Cost": 15361.58,
                                "Plan Rows": 8915,
                                "Plan Width": 16,
                                "Actual Startup Time": 0.013,
                                "Actual Total Time": 40.961,
                                "Actual Rows": 7431,
                                "Actual Loops": 3,
                                "Filter": "((l_shipdate >= '1997-01-01'::date) AND (l_shipdate < '1997-04-01 00:00:00'::timestamp without time zone))",
                                "Rows Removed by Filter": 192760,
                                "Workers": []
                              }
                            ]
                          }
                        ]
                      }
                    ]
                  }
                ]
              }
            ]
          },
          {
            "Node Type": "Sort",
            "Parent Relationship": "Outer",
            "Parallel Aware": false,
            "Async Capable": false,
            "Startup Cost": 103.83,
            "Total Cost": 106.33,
            "Plan Rows": 1000,
            "Plan Width": 72,
            "Actual Startup Time": 0.356,
            "Actual Total Time": 0.368,
            "Actual Rows": 266,
            "Actual Loops": 1,
            "Sort Key": [
              "supplier.s_suppkey"
            ],
            "Sort Method": "quicksort",
            "Sort Space Used": 114,
            "Sort Space Type": "Memory",
            "Plans": [
              {
                "Node Type": "Seq Scan",
                "Parent Relationship": "Outer",
                "Parallel Aware": false,
                "Async Capable": false,
                "Relation Name": "supplier",
                "Alias": "supplier",
                "Startup Cost": 0.0,
                "Total Cost": 54.0,
                "Plan Rows": 1000,
                "Plan Width": 72,
                "Actual Startup Time": 0.014,
                "Actual Total Time": 0.212,
                "Actual Rows": 1000,
                "Actual Loops": 1
              }
            ]
          },
          {
            "Node Type": "Aggregate",
            "Strategy": "Sorted",
            "Partial Mode": "Finalize",
            "Parent Relationship": "Inner",
            "Parallel Aware": false,
            "Async Capable": false,
            "Startup Cost": 16513.08,
            "Total Cost": 16776.43,
            "Plan Rows": 5,
            "Plan Width": 36,
            "Actual Startup Time": 100.445,
            "Actual Total Time": 103.458,
            "Actual Rows": 1,
            "Actual Loops": 1,
            "Group Key": [
              "lineitem.l_suppkey"
            ],
            "Filter": "(sum((lineitem.l_extendedprice * ('1'::numeric - lineitem.l_discount))) = (InitPlan 1).col1)",
            "Rows Removed by Filter": 999,
            "Plans": [
              {
                "Node Type": "Gather Merge",
                "Parent Relationship": "Outer",
                "Parallel Aware": false,
                "Async Capable": false,
                "Startup Cost": 16513.08,
                "Total Cost": 16746.43,
                "Plan Rows": 2000,
                "Plan Width": 36,
                "Actual Startup Time": 49.192,
                "Actual Total Time": 51.323,
                "Actual Rows": 2996,
                "Actual Loops": 1,
                "Workers Planned": 2,
                "Workers Launched": 2,
                "Plans": [
                  {
                    "Node Type": "Sort",
                    "Parent Relationship": "Outer",
                    "Parallel Aware": false,
                    "Async Capable": false,
                    "Startup Cost": 15513.05,
                    "Total Cost": 15515.55,
                    "Plan Rows": 1000,
                    "Plan Width": 36,
                    "Actual Startup Time": 45.771,
                    "Actual Total Time": 45.873,
                    "Actual Rows": 999,
                    "Actual Loops": 3,
                    "Sort Key": [
                      "lineitem.l_suppkey"
                    ],
                    "Sort Method": "quicksort",
                    "Sort Space Used": 110,
                    "Sort Space Type": "Memory",
                    "Workers": [
                      {
                        "Worker Number": 0,
                        "Sort Method": "quicksort",
                        "Sort Space Used": 110,
                        "Sort Space Type": "Memory"
                      },
                      {
                        "Worker Number": 1,
                        "Sort Method": "quicksort",
                        "Sort Space Used": 110,
                        "Sort Space Type": "Memory"
                      }
                    ],
                    "Plans": [
                      {
                        "Node Type": "Aggregate",
                        "Strategy": "Hashed",
                        "Partial Mode": "Partial",
                        "Parent Relationship": "Outer",
                        "Parallel Aware": false,
                        "Async Capable": false,
                        "Startup Cost": 15450.73,
                        "Total Cost": 15463.23,
                        "Plan Rows": 1000,
                        "Plan Width": 36,
                        "Actual Startup Time": 45.196,
                        "Actual Total Time": 45.567,
                        "Actual Rows": 999,
                        "Actual Loops": 3,
                        "Group Key": [
                          "lineitem.l_suppkey"
                        ],
                        "Planned Partitions": 0,
                        "HashAgg Batches": 1,
                        "Peak Memory Usage": 577,
                        "Disk Usage": 0,
                        "Workers": [
                          {
                            "Worker Number": 0,
                            "HashAgg Batches": 1,
                            "Peak Memory Usage": 577,
                            "Disk Usage": 0
                          },
                          {
                            "Worker Number": 1,
                            "HashAgg Batches": 1,
                            "Peak Memory Usage": 577,
                            "Disk Usage": 0
                          }
                        ],
                        "Plans": [
                          {
                            "Node Type": "Seq Scan",
                            "Parent Relationship": "Outer",
                            "Parallel Aware": true,
                            "Async Capable": false,
                            "Relation Name": "lineitem",
                            "Alias": "lineitem",
                            "Startup Cost": 0.0,
                            "Total Cost": 15361.58,
                            "Plan Rows": 8915,
                            "Plan Width": 16,
                            "Actual Startup Time": 0.015,
                            "Actual Total Time": 40.748,
                            "Actual Rows": 7431,
                            "Actual Loops": 3,
                            "Filter": "((l_shipdate >= '1997-01-01'::date) AND (l_shipdate < '1997-04-01 00:00:00'::timestamp without time zone))",
                            "Rows Removed by Filter": 192760,
                            "Workers": []
                          }
                        ]
                      }
                    ]
                  }
                ]
              }
            ]
          }
        ]
      },
      "Planning Time": 0.301,
      "Triggers": [],
      "Execution Time": 104.432
    }
  },
  {
    "query_id": "query15.46",
    "query": "select\n\ts_suppkey,\n\ts_name,\n\ts_address,\n\ts_phone,\n\ttotal_revenue\nfrom\n\tsupplier,\n\trevenue0\nwhere\n\ts_suppkey = supplier_no\n\tand total_revenue = (\n\t\tselect\n\t\t\tmax(total_revenue)\n\t\tfrom\n\t\t\trevenue0\n\t)\norder by\n\ts_suppkey;\n",
    "execution_time": 106.336,
    "plan": {
      "Plan": {
        "Node Type": "Merge Join",
        "Parallel Aware": false,
        "Async Capable": false,
        "Join Type": "Inner",
        "Startup Cost": 33415.28,
        "Total Cost": 33683.75,
        "Plan Rows": 5,
        "Plan Width": 104,
        "Actual Startup Time": 104.042,
        "Actual Total Time": 106.148,
        "Actual Rows": 1,
        "Actual Loops": 1,
        "Inner Unique": true,
        "Merge Cond": "(supplier.s_suppkey = lineitem.l_suppkey)",
        "Plans": [
          {
            "Node Type": "Aggregate",
            "Strategy": "Plain",
            "Partial Mode": "Simple",
            "Parent Relationship": "InitPlan",
            "Subplan Name": "InitPlan 1",
            "Parallel Aware": false,
            "Async Capable": false,
            "Startup Cost": 16792.4,
            "Total Cost": 16792.41,
            "Plan Rows": 1,
            "Plan Width": 32,
            "Actual Startup Time": 54.098,
            "Actual Total Time": 54.217,
            "Actual Rows": 1,
            "Actual Loops": 1,
            "Plans": [
              {
                "Node Type": "Aggregate",
                "Strategy": "Sorted",
                "Partial Mode": "Finalize",
                "Parent Relationship": "Outer",
                "Parallel Aware": false,
                "Async Capable": false,
                "Startup Cost": 16519.05,
                "Total Cost": 16779.9,
                "Plan Rows": 1000,
                "Plan Width": 36,
                "Actual Startup Time": 50.528,
                "Actual Total Time": 54.094,
                "Actual Rows": 1000,
                "Actual Loops": 1,
                "Group Key": [
                  "lineitem_1.l_suppkey"
                ],
                "Plans": [
                  {
                    "Node Type": "Gather Merge",
                    "Parent Relationship": "Outer",
                    "Parallel Aware": false,
                    "Async Capable": false,
                    "Startup Cost": 16519.05,
                    "Total Cost": 16752.4,
                    "Plan Rows": 2000,
                    "Plan Width": 36,
                    "Actual Startup Time": 50.502,
                    "Actual Total Time": 51.613,
                    "Actual Rows": 2995,
                    "Actual Loops": 1,
                    "Workers Planned": 2,
                    "Workers Launched": 2,
                    "Plans": [
                      {
                        "Node Type": "Sort",
                        "Parent Relationship": "Outer",
                        "Parallel Aware": false,
                        "Async Capable": false,
                        "Startup Cost": 15519.02,
                        "Total Cost": 15521.52,
                        "Plan Rows": 1000,
                        "Plan Width": 36,
                        "Actual Startup Time": 45.54,
                        "Actual Total Time": 45.631,
                        "Actual Rows": 998,
                        "Actual Loops": 3,
                        "Sort Key": [
                          "lineitem_1.l_suppkey"
                        ],
                        "Sort Method": "quicksort",
                        "Sort Space Used": 110,
                        "Sort Space Type": "Memory",
                        "Workers": [
                          {
                            "Worker Number": 0,
                            "Sort Method": "quicksort",
                            "Sort Space Used": 110,
                            "Sort Space Type": "Memory"
                          },
                          {
                            "Worker Number": 1,
                            "Sort Method": "quicksort",
                            "Sort Space Used": 110,
                            "Sort Space Type": "Memory"
                          }
                        ],
                        "Plans": [
                          {
                            "Node Type": "Aggregate",
                            "Strategy": "Hashed",
                            "Partial Mode": "Partial",
                            "Parent Relationship": "Outer",
                            "Parallel Aware": false,
                            "Async Capable": false,
                            "Startup Cost": 15456.7,
                            "Total Cost": 15469.2,
                            "Plan Rows": 1000,
                            "Plan Width": 36,
                            "Actual Startup Time": 44.739,
                            "Actual Total Time": 45.256,
                            "Actual Rows": 998,
                            "Actual Loops": 3,
                            "Group Key": [
                              "lineitem_1.l_suppkey"
                            ],
                            "Planned Partitions": 0,
                            "HashAgg Batches": 1,
                            "Peak Memory Usage": 577,
                            "Disk Usage": 0,
                            "Workers": [
                              {
                                "Worker Number": 0,
                                "HashAgg Batches": 1,
                                "Peak Memory Usage": 577,
                                "Disk Usage": 0
                              },
                              {
                                "Worker Number": 1,
                                "HashAgg Batches": 1,
                                "Peak Memory Usage": 577,
                                "Disk Usage": 0
                              }
                            ],
                            "Plans": [
                              {
                                "Node Type": "Seq Scan",
                                "Parent Relationship": "Outer",
                                "Parallel Aware": true,
                                "Async Capable": false,
                                "Relation Name": "lineitem",
                                "Alias": "lineitem_1",
                                "Startup Cost": 0.0,
                                "Total Cost": 15361.58,
                                "Plan Rows": 9512,
                                "Plan Width": 16,
                                "Actual Startup Time": 0.026,
                                "Actual Total Time": 39.969,
                                "Actual Rows": 7705,
                                "Actual Loops": 3,
                                "Filter": "((l_shipdate >= '1994-10-01'::date) AND (l_shipdate < '1995-01-01 00:00:00'::timestamp without time zone))",
                                "Rows Removed by Filter": 192486,
                                "Workers": []
                              }
                            ]
                          }
                        ]
                      }
                    ]
                  }
                ]
              }
            ]
          },
          {
            "Node Type": "Sort",
            "Parent Relationship": "Outer",
            "Parallel Aware": false,
            "Async Capable": false,
            "Startup Cost": 103.83,
            "Total Cost": 106.33,
            "Plan Rows": 1000,
            "Plan Width": 72,
            "Actual Startup Time": 0.368,
            "Actual Total Time": 0.66,
            "Actual Rows": 984,
            "Actual Loops": 1,
            "Sort Key": [
              "supplier.s_suppkey"
            ],
            "Sort Method": "quicksort",
            "Sort Space Used": 114,
            "Sort Space Type": "Memory",
            "Plans": [
              {
                "Node Type": "Seq Scan",
                "Parent Relationship": "Outer",
                "Parallel Aware": false,
                "Async Capable": false,
                "Relation Name": "supplier",
                "Alias": "supplier",
                "Startup Cost": 0.0,
                "Total Cost": 54.0,
                "Plan Rows": 1000,
                "Plan Width": 72,
                "Actual Startup Time": 0.014,
                "Actual Total Time": 0.221,
                "Actual Rows": 1000,
                "Actual Loops": 1
              }
            ]
          },
          {
            "Node Type": "Aggregate",
            "Strategy": "Sorted",
            "Partial Mode": "Finalize",
            "Parent Relationship": "Inner",
            "Parallel Aware": false,
            "Async Capable": false,
            "Startup Cost": 16519.05,
            "Total Cost": 16782.4,
            "Plan Rows": 5,
            "Plan Width": 36,
            "Actual Startup Time": 103.276,
            "Actual Total Time": 105.26,
            "Actual Rows": 1,
            "Actual Loops": 1,
            "Group Key": [
              "lineitem.l_suppkey"
            ],
            "Filter": "(sum((lineitem.l_extendedprice * ('1'::numeric - lineitem.l_discount))) = (InitPlan 1).col1)",
            "Rows Removed by Filter": 999,
            "Plans": [
              {
                "Node Type": "Gather Merge",
                "Parent Relationship": "Outer",
                "Parallel Aware": false,
                "Async Capable": false,
                "Startup Cost": 16519.05,
                "Total Cost": 16752.4,
                "Plan Rows": 2000,
                "Plan Width": 36,
                "Actual Startup Time": 47.417,
                "Actual Total Time": 49.932,
                "Actual Rows": 2995,
                "Actual Loops": 1,
                "Workers Planned": 2,
                "Workers Launched": 2,
                "Plans": [
                  {
                    "Node Type": "Sort",
                    "Parent Relationship": "Outer",
                    "Parallel Aware": false,
                    "Async Capable": false,
                    "Startup Cost": 15519.02,
                    "Total Cost": 15521.52,
                    "Plan Rows": 1000,
                    "Plan Width": 36,
                    "Actual Startup Time": 44.476,
                    "Actual Total Time": 44.567,
                    "Actual Rows": 998,
                    "Actual Loops": 3,
                    "Sort Key": [
                      "lineitem.l_suppkey"
                    ],
                    "Sort Method": "quicksort",
                    "Sort Space Used": 110,
                    "Sort Space Type": "Memory",
                    "Workers": [
                      {
                        "Worker Number": 0,
                        "Sort Method": "quicksort",
                        "Sort Space Used": 110,
                        "Sort Space Type": "Memory"
                      },
                      {
                        "Worker Number": 1,
                        "Sort Method": "quicksort",
                        "Sort Space Used": 110,
                        "Sort Space Type": "Memory"
                      }
                    ],
                    "Plans": [
                      {
                        "Node Type": "Aggregate",
                        "Strategy": "Hashed",
                        "Partial Mode": "Partial",
                        "Parent Relationship": "Outer",
                        "Parallel Aware": false,
                        "Async Capable": false,
                        "Startup Cost": 15456.7,
                        "Total Cost": 15469.2,
                        "Plan Rows": 1000,
                        "Plan Width": 36,
                        "Actual Startup Time": 43.82,
                        "Actual Total Time": 44.225,
                        "Actual Rows": 998,
                        "Actual Loops": 3,
                        "Group Key": [
                          "lineitem.l_suppkey"
                        ],
                        "Planned Partitions": 0,
                        "HashAgg Batches": 1,
                        "Peak Memory Usage": 577,
                        "Disk Usage": 0,
                        "Workers": [
                          {
                            "Worker Number": 0,
                            "HashAgg Batches": 1,
                            "Peak Memory Usage": 577,
                            "Disk Usage": 0
                          },
                          {
                            "Worker Number": 1,
                            "HashAgg Batches": 1,
                            "Peak Memory Usage": 577,
                            "Disk Usage": 0
                          }
                        ],
                        "Plans": [
                          {
                            "Node Type": "Seq Scan",
                            "Parent Relationship": "Outer",
                            "Parallel Aware": true,
                            "Async Capable": false,
                            "Relation Name": "lineitem",
                            "Alias": "lineitem",
                            "Startup Cost": 0.0,
                            "Total Cost": 15361.58,
                            "Plan Rows": 9512,
                            "Plan Width": 16,
                            "Actual Startup Time": 0.015,
                            "Actual Total Time": 38.88,
                            "Actual Rows": 7705,
                            "Actual Loops": 3,
                            "Filter": "((l_shipdate >= '1994-10-01'::date) AND (l_shipdate < '1995-01-01 00:00:00'::timestamp without time zone))",
                            "Rows Removed by Filter": 192486,
                            "Workers": []
                          }
                        ]
                      }
                    ]
                  }
                ]
              }
            ]
          }
        ]
      },
      "Planning Time": 0.427,
      "Triggers": [],
      "Execution Time": 106.336
    }
  },
  {
    "query_id": "query15.47",
    "query": "select\n\ts_suppkey,\n\ts_name,\n\ts_address,\n\ts_phone,\n\ttotal_revenue\nfrom\n\tsupplier,\n\trevenue0\nwhere\n\ts_suppkey = supplier_no\n\tand total_revenue = (\n\t\tselect\n\t\t\tmax(total_revenue)\n\t\tfrom\n\t\t\trevenue0\n\t)\norder by\n\ts_suppkey;\n",
    "execution_time": 99.484,
    "plan": {
      "Plan": {
        "Node Type": "Merge Join",
        "Parallel Aware": false,
        "Async Capable": false,
        "Join Type": "Inner",
        "Startup Cost": 33424.14,
        "Total Cost": 33692.61,
        "Plan Rows": 5,
        "Plan Width": 104,
        "Actual Startup Time": 95.821,
        "Actual Total Time": 99.323,
        "Actual Rows": 1,
        "Actual Loops": 1,
        "Inner Unique": true,
        "Merge Cond": "(supplier.s_suppkey = lineitem.l_suppkey)",
        "Plans": [
          {
            "Node Type": "Aggregate",
            "Strategy": "Plain",
            "Partial Mode": "Simple",
            "Parent Relationship": "InitPlan",
            "Subplan Name": "InitPlan 1",
            "Parallel Aware": false,
            "Async Capable": false,
            "Startup Cost": 16796.83,
            "Total Cost": 16796.84,
            "Plan Rows": 1,
            "Plan Width": 32,
            "Actual Startup Time": 50.743,
            "Actual Total Time": 51.277,
            "Actual Rows": 1,
            "Actual Loops": 1,
            "Plans": [
              {
                "Node Type": "Aggregate",
                "Strategy": "Sorted",
                "Partial Mode": "Finalize",
                "Parent Relationship": "Outer",
                "Parallel Aware": false,
                "Async Capable": false,
                "Startup Cost": 16523.48,
                "Total Cost": 16784.33,
                "Plan Rows": 1000,
                "Plan Width": 36,
                "Actual Startup Time": 49.026,
                "Actual Total Time": 51.215,
                "Actual Rows": 1000,
                "Actual Loops": 1,
                "Group Key": [
                  "lineitem_1.l_suppkey"
                ],
                "Plans": [
                  {
                    "Node Type": "Gather Merge",
                    "Parent Relationship": "Outer",
                    "Parallel Aware": false,
                    "Async Capable": false,
                    "Startup Cost": 16523.48,
                    "Total Cost": 16756.83,
                    "Plan Rows": 2000,
                    "Plan Width": 36,
                    "Actual Startup Time": 49.015,
                    "Actual Total Time": 50.033,
                    "Actual Rows": 2995,
                    "Actual Loops": 1,
                    "Workers Planned": 2,
                    "Workers Launched": 2,
                    "Plans": [
                      {
                        "Node Type": "Sort",
                        "Parent Relationship": "Outer",
                        "Parallel Aware": false,
                        "Async Capable": false,
                        "Startup Cost": 15523.45,
                        "Total Cost": 15525.95,
                        "Plan Rows": 1000,
                        "Plan Width": 36,
                        "Actual Startup Time": 45.965,
                        "Actual Total Time": 46.016,
                        "Actual Rows": 998,
                        "Actual Loops": 3,
                        "Sort Key": [
                          "lineitem_1.l_suppkey"
                        ],
                        "Sort Method": "quicksort",
                        "Sort Space Used": 110,
                        "Sort Space Type": "Memory",
                        "Workers": [
                          {
                            "Worker Number": 0,
                            "Sort Method": "quicksort",
                            "Sort Space Used": 110,
                            "Sort Space Type": "Memory"
                          },
                          {
                            "Worker Number": 1,
                            "Sort Method": "quicksort",
                            "Sort Space Used": 110,
                            "Sort Space Type": "Memory"
                          }
                        ],
                        "Plans": [
                          {
                            "Node Type": "Aggregate",
                            "Strategy": "Hashed",
                            "Partial Mode": "Partial",
                            "Parent Relationship": "Outer",
                            "Parallel Aware": false,
                            "Async Capable": false,
                            "Startup Cost": 15461.13,
                            "Total Cost": 15473.63,
                            "Plan Rows": 1000,
                            "Plan Width": 36,
                            "Actual Startup Time": 45.339,
                            "Actual Total Time": 45.715,
                            "Actual Rows": 998,
                            "Actual Loops": 3,
                            "Group Key": [
                              "lineitem_1.l_suppkey"
                            ],
                            "Planned Partitions": 0,
                            "HashAgg Batches": 1,
                            "Peak Memory Usage": 577,
                            "Disk Usage": 0,
                            "Workers": [
                              {
                                "Worker Number": 0,
                                "HashAgg Batches": 1,
                                "Peak Memory Usage": 577,
                                "Disk Usage": 0
                              },
                              {
                                "Worker Number": 1,
                                "HashAgg Batches": 1,
                                "Peak Memory Usage": 577,
                                "Disk Usage": 0
                              }
                            ],
                            "Plans": [
                              {
                                "Node Type": "Seq Scan",
                                "Parent Relationship": "Outer",
                                "Parallel Aware": true,
                                "Async Capable": false,
                                "Relation Name": "lineitem",
                                "Alias": "lineitem_1",
                                "Startup Cost": 0.0,
                                "Total Cost": 15361.58,
                                "Plan Rows": 9955,
                                "Plan Width": 16,
                                "Actual Startup Time": 0.02,
                                "Actual Total Time": 40.568,
                                "Actual Rows": 7546,
                                "Actual Loops": 3,
                                "Filter": "((l_shipdate >= '1997-04-01'::date) AND (l_shipdate < '1997-07-01 00:00:00'::timestamp without time zone))",
                                "Rows Removed by Filter": 192645,
                                "Workers": []
                              }
                            ]
                          }
                        ]
                      }
                    ]
                  }
                ]
              }
            ]
          },
          {
            "Node Type": "Sort",
            "Parent Relationship": "Outer",
            "Parallel Aware": false,
            "Async Capable": false,
            "Startup Cost": 103.83,
            "Total Cost": 106.33,
            "Plan Rows": 1000,
            "Plan Width": 72,
            "Actual Startup Time": 0.536,
            "Actual Total Time": 0.542,
            "Actual Rows": 103,
            "Actual Loops": 1,
            "Sort Key": [
              "supplier.s_suppkey"
            ],
            "Sort Method": "quicksort",
            "Sort Space Used": 114,
            "Sort Space Type": "Memory",
            "Plans": [
              {
                "Node Type": "Seq Scan",
                "Parent Relationship": "Outer",
                "Parallel Aware": false,
                "Async Capable": false,
                "Relation Name": "supplier",
                "Alias": "supplier",
                "Startup Cost": 0.0,
                "Total Cost": 54.0,
                "Plan Rows": 1000,
                "Plan Width": 72,
                "Actual Startup Time": 0.011,
                "Actual Total Time": 0.32,
                "Actual Rows": 1000,
                "Actual Loops": 1
              }
            ]
          },
          {
            "Node Type": "Aggregate",
            "Strategy": "Sorted",
            "Partial Mode": "Finalize",
            "Parent Relationship": "Inner",
            "Parallel Aware": false,
            "Async Capable": false,
            "Startup Cost": 16523.48,
            "Total Cost": 16786.83,
            "Plan Rows": 5,
            "Plan Width": 36,
            "Actual Startup Time": 95.268,
            "Actual Total Time": 98.234,
            "Actual Rows": 1,
            "Actual Loops": 1,
            "Group Key": [
              "lineitem.l_suppkey"
            ],
            "Filter": "(sum((lineitem.l_extendedprice * ('1'::numeric - lineitem.l_discount))) = (InitPlan 1).col1)",
            "Rows Removed by Filter": 999,
            "Plans": [
              {
                "Node Type": "Gather Merge",
                "Parent Relationship": "Outer",
                "Parallel Aware": false,
                "Async Capable": false,
                "Startup Cost": 16523.48,
                "Total Cost": 16756.83,
                "Plan Rows": 2000,
                "Plan Width": 36,
                "Actual Startup Time": 44.32,
                "Actual Total Time": 46.061,
                "Actual Rows": 2995,
                "Actual Loops": 1,
                "Workers Planned": 2,
                "Workers Launched": 2,
                "Plans": [
                  {
                    "Node Type": "Sort",
                    "Parent Relationship": "Outer",
                    "Parallel Aware": false,
                    "Async Capable": false,
                    "Startup Cost": 15523.45,
                    "Total Cost": 15525.95,
                    "Plan Rows": 1000,
                    "Plan Width": 36,
                    "Actual Startup Time": 40.311,
                    "Actual Total Time": 40.402,
                    "Actual Rows": 998,
                    "Actual Loops": 3,
                    "Sort Key": [
                      "lineitem.l_suppkey"
                    ],
                    "Sort Method": "quicksort",
                    "Sort Space Used": 110,
                    "Sort Space Type": "Memory",
                    "Workers": [
                      {
                        "Worker Number": 0,
                        "Sort Method": "quicksort",
                        "Sort Space Used": 110,
                        "Sort Space Type": "Memory"
                      },
                      {
                        "Worker Number": 1,
                        "Sort Method": "quicksort",
                        "Sort Space Used": 110,
                        "Sort Space Type": "Memory"
                      }
                    ],
                    "Plans": [
                      {
                        "Node Type": "Aggregate",
                        "Strategy": "Hashed",
                        "Partial Mode": "Partial",
                        "Parent Relationship": "Outer",
                        "Parallel Aware": false,
                        "Async Capable": false,
                        "Startup Cost": 15461.13,
                        "Total Cost": 15473.63,
                        "Plan Rows": 1000,
                        "Plan Width": 36,
                        "Actual Startup Time": 39.702,
                        "Actual Total Time": 40.088,
                        "Actual Rows": 998,
                        "Actual Loops": 3,
                        "Group Key": [
                          "lineitem.l_suppkey"
                        ],
                        "Planned Partitions": 0,
                        "HashAgg Batches": 1,
                        "Peak Memory Usage": 577,
                        "Disk Usage": 0,
                        "Workers": [
                          {
                            "Worker Number": 0,
                            "HashAgg Batches": 1,
                            "Peak Memory Usage": 577,
                            "Disk Usage": 0
                          },
                          {
                            "Worker Number": 1,
                            "HashAgg Batches": 1,
                            "Peak Memory Usage": 577,
                            "Disk Usage": 0
                          }
                        ],
                        "Plans": [
                          {
                            "Node Type": "Seq Scan",
                            "Parent Relationship": "Outer",
                            "Parallel Aware": true,
                            "Async Capable": false,
                            "Relation Name": "lineitem",
                            "Alias": "lineitem",
                            "Startup Cost": 0.0,
                            "Total Cost": 15361.58,
                            "Plan Rows": 9955,
                            "Plan Width": 16,
                            "Actual Startup Time": 0.018,
                            "Actual Total Time": 34.839,
                            "Actual Rows": 7546,
                            "Actual Loops": 3,
                            "Filter": "((l_shipdate >= '1997-04-01'::date) AND (l_shipdate < '1997-07-01 00:00:00'::timestamp without time zone))",
                            "Rows Removed by Filter": 192645,
                            "Workers": []
                          }
                        ]
                      }
                    ]
                  }
                ]
              }
            ]
          }
        ]
      },
      "Planning Time": 0.323,
      "Triggers": [],
      "Execution Time": 99.484
    }
  },
  {
    "query_id": "query15.48",
    "query": "select\n\ts_suppkey,\n\ts_name,\n\ts_address,\n\ts_phone,\n\ttotal_revenue\nfrom\n\tsupplier,\n\trevenue0\nwhere\n\ts_suppkey = supplier_no\n\tand total_revenue = (\n\t\tselect\n\t\t\tmax(total_revenue)\n\t\tfrom\n\t\t\trevenue0\n\t)\norder by\n\ts_suppkey;\n",
    "execution_time": 112.086,
    "plan": {
      "Plan": {
        "Node Type": "Merge Join",
        "Parallel Aware": false,
        "Async Capable": false,
        "Join Type": "Inner",
        "Startup Cost": 33411.72,
        "Total Cost": 33680.19,
        "Plan Rows": 5,
        "Plan Width": 104,
        "Actual Startup Time": 109.198,
        "Actual Total Time": 111.941,
        "Actual Rows": 1,
        "Actual Loops": 1,
        "Inner Unique": true,
        "Merge Cond": "(supplier.s_suppkey = lineitem.l_suppkey)",
        "Plans": [
          {
            "Node Type": "Aggregate",
            "Strategy": "Plain",
            "Partial Mode": "Simple",
            "Parent Relationship": "InitPlan",
            "Subplan Name": "InitPlan 1",
            "Parallel Aware": false,
            "Async Capable": false,
            "Startup Cost": 16790.62,
            "Total Cost": 16790.63,
            "Plan Rows": 1,
            "Plan Width": 32,
            "Actual Startup Time": 53.595,
            "Actual Total Time": 54.736,
            "Actual Rows": 1,
            "Actual Loops": 1,
            "Plans": [
              {
                "Node Type": "Aggregate",
                "Strategy": "Sorted",
                "Partial Mode": "Finalize",
                "Parent Relationship": "Outer",
                "Parallel Aware": false,
                "Async Capable": false,
                "Startup Cost": 16517.27,
                "Total Cost": 16778.12,
                "Plan Rows": 1000,
                "Plan Width": 36,
                "Actual Startup Time": 51.887,
                "Actual Total Time": 54.679,
                "Actual Rows": 1000,
                "Actual Loops": 1,
                "Group Key": [
                  "lineitem_1.l_suppkey"
                ],
                "Plans": [
                  {
                    "Node Type": "Gather Merge",
                    "Parent Relationship": "Outer",
                    "Parallel Aware": false,
                    "Async Capable": false,
                    "Startup Cost": 16517.27,
                    "Total Cost": 16750.62,
                    "Plan Rows": 2000,
                    "Plan Width": 36,
                    "Actual Startup Time": 51.877,
                    "Actual Total Time": 53.477,
                    "Actual Rows": 2997,
                    "Actual Loops": 1,
                    "Workers Planned": 2,
                    "Workers Launched": 2,
                    "Plans": [
                      {
                        "Node Type": "Sort",
                        "Parent Relationship": "Outer",
                        "Parallel Aware": false,
                        "Async Capable": false,
                        "Startup Cost": 15517.24,
                        "Total Cost": 15519.74,
                        "Plan Rows": 1000,
                        "Plan Width": 36,
                        "Actual Startup Time": 48.216,
                        "Actual Total Time": 48.261,
                        "Actual Rows": 999,
                        "Actual Loops": 3,
                        "Sort Key": [
                          "lineitem_1.l_suppkey"
                        ],
                        "Sort Method": "quicksort",
                        "Sort Space Used": 110,
                        "Sort Space Type": "Memory",
                        "Workers": [
                          {
                            "Worker Number": 0,
                            "Sort Method": "quicksort",
                            "Sort Space Used": 110,
                            "Sort Space Type": "Memory"
                          },
                          {
                            "Worker Number": 1,
                            "Sort Method": "quicksort",
                            "Sort Space Used": 110,
                            "Sort Space Type": "Memory"
                          }
                        ],
                        "Plans": [
                          {
                            "Node Type": "Aggregate",
                            "Strategy": "Hashed",
                            "Partial Mode": "Partial",
                            "Parent Relationship": "Outer",
                            "Parallel Aware": false,
                            "Async Capable": false,
                            "Startup Cost": 15454.91,
                            "Total Cost": 15467.41,
                            "Plan Rows": 1000,
                            "Plan Width": 36,
                            "Actual Startup Time": 47.654,
                            "Actual Total Time": 47.994,
                            "Actual Rows": 999,
                            "Actual Loops": 3,
                            "Group Key": [
                              "lineitem_1.l_suppkey"
                            ],
                            "Planned Partitions": 0,
                            "HashAgg Batches": 1,
                            "Peak Memory Usage": 577,
                            "Disk Usage": 0,
                            "Workers": [
                              {
                                "Worker Number": 0,
                                "HashAgg Batches": 1,
                                "Peak Memory Usage": 577,
                                "Disk Usage": 0
                              },
                              {
                                "Worker Number": 1,
                                "HashAgg Batches": 1,
                                "Peak Memory Usage": 577,
                                "Disk Usage": 0
                              }
                            ],
                            "Plans": [
                              {
                                "Node Type": "Seq Scan",
                                "Parent Relationship": "Outer",
                                "Parallel Aware": true,
                                "Async Capable": false,
                                "Relation Name": "lineitem",
                                "Alias": "lineitem_1",
                                "Startup Cost": 0.0,
                                "Total Cost": 15361.58,
                                "Plan Rows": 9334,
                                "Plan Width": 16,
                                "Actual Startup Time": 0.073,
                                "Actual Total Time": 43.318,
                                "Actual Rows": 7525,
                                "Actual Loops": 3,
                                "Filter": "((l_shipdate >= '1995-01-01'::date) AND (l_shipdate < '1995-04-01 00:00:00'::timestamp without time zone))",
                                "Rows Removed by Filter": 192665,
                                "Workers": []
                              }
                            ]
                          }
                        ]
                      }
                    ]
                  }
                ]
              }
            ]
          },
          {
            "Node Type": "Sort",
            "Parent Relationship": "Outer",
            "Parallel Aware": false,
            "Async Capable": false,
            "Startup Cost": 103.83,
            "Total Cost": 106.33,
            "Plan Rows": 1000,
            "Plan Width": 72,
            "Actual Startup Time": 0.327,
            "Actual Total Time": 0.598,
            "Actual Rows": 945,
            "Actual Loops": 1,
            "Sort Key": [
              "supplier.s_suppkey"
            ],
            "Sort Method": "quicksort",
            "Sort Space Used": 114,
            "Sort Space Type": "Memory",
            "Plans": [
              {
                "Node Type": "Seq Scan",
                "Parent Relationship": "Outer",
                "Parallel Aware": false,
                "Async Capable": false,
                "Relation Name": "supplier",
                "Alias": "supplier",
                "Startup Cost": 0.0,
                "Total Cost": 54.0,
                "Plan Rows": 1000,
                "Plan Width": 72,
                "Actual Startup Time": 0.009,
                "Actual Total Time": 0.167,
                "Actual Rows": 1000,
                "Actual Loops": 1
              }
            ]
          },
          {
            "Node Type": "Aggregate",
            "Strategy": "Sorted",
            "Partial Mode": "Finalize",
            "Parent Relationship": "Inner",
            "Parallel Aware": false,
            "Async Capable": false,
            "Startup Cost": 16517.27,
            "Total Cost": 16780.62,
            "Plan Rows": 5,
            "Plan Width": 36,
            "Actual Startup Time": 108.488,
            "Actual Total Time": 110.086,
            "Actual Rows": 1,
            "Actual Loops": 1,
            "Group Key": [
              "lineitem.l_suppkey"
            ],
            "Filter": "(sum((lineitem.l_extendedprice * ('1'::numeric - lineitem.l_discount))) = (InitPlan 1).col1)",
            "Rows Removed by Filter": 999,
            "Plans": [
              {
                "Node Type": "Gather Merge",
                "Parent Relationship": "Outer",
                "Parallel Aware": false,
                "Async Capable": false,
                "Startup Cost": 16517.27,
                "Total Cost": 16750.62,
                "Plan Rows": 2000,
                "Plan Width": 36,
                "Actual Startup Time": 52.517,
                "Actual Total Time": 55.122,
                "Actual Rows": 2997,
                "Actual Loops": 1,
                "Workers Planned": 2,
                "Workers Launched": 2,
                "Plans": [
                  {
                    "Node Type": "Sort",
                    "Parent Relationship": "Outer",
                    "Parallel Aware": false,
                    "Async Capable": false,
                    "Startup Cost": 15517.24,
                    "Total Cost": 15519.74,
                    "Plan Rows": 1000,
                    "Plan Width": 36,
                    "Actual Startup Time": 49.328,
                    "Actual Total Time": 49.492,
                    "Actual Rows": 999,
                    "Actual Loops": 3,
                    "Sort Key": [
                      "lineitem.l_suppkey"
                    ],
                    "Sort Method": "quicksort",
                    "Sort Space Used": 110,
                    "Sort Space Type": "Memory",
                    "Workers": [
                      {
                        "Worker Number": 0,
                        "Sort Method": "quicksort",
                        "Sort Space Used": 110,
                        "Sort Space Type": "Memory"
                      },
                      {
                        "Worker Number": 1,
                        "Sort Method": "quicksort",
                        "Sort Space Used": 110,
                        "Sort Space Type": "Memory"
                      }
                    ],
                    "Plans": [
                      {
                        "Node Type": "Aggregate",
                        "Strategy": "Hashed",
                        "Partial Mode": "Partial",
                        "Parent Relationship": "Outer",
                        "Parallel Aware": false,
                        "Async Capable": false,
                        "Startup Cost": 15454.91,
                        "Total Cost": 15467.41,
                        "Plan Rows": 1000,
                        "Plan Width": 36,
                        "Actual Startup Time": 48.702,
                        "Actual Total Time": 49.109,
                        "Actual Rows": 999,
                        "Actual Loops": 3,
                        "Group Key": [
                          "lineitem.l_suppkey"
                        ],
                        "Planned Partitions": 0,
                        "HashAgg Batches": 1,
                        "Peak Memory Usage": 577,
                        "Disk Usage": 0,
                        "Workers": [
                          {
                            "Worker Number": 0,
                            "HashAgg Batches": 1,
                            "Peak Memory Usage": 577,
                            "Disk Usage": 0
                          },
                          {
                            "Worker Number": 1,
                            "HashAgg Batches": 1,
                            "Peak Memory Usage": 577,
                            "Disk Usage": 0
                          }
                        ],
                        "Plans": [
                          {
                            "Node Type": "Seq Scan",
                            "Parent Relationship": "Outer",
                            "Parallel Aware": true,
                            "Async Capable": false,
                            "Relation Name": "lineitem",
                            "Alias": "lineitem",
                            "Startup Cost": 0.0,
                            "Total Cost": 15361.58,
                            "Plan Rows": 9334,
                            "Plan Width": 16,
                            "Actual Startup Time": 0.026,
                            "Actual Total Time": 44.017,
                            "Actual Rows": 7525,
                            "Actual Loops": 3,
                            "Filter": "((l_shipdate >= '1995-01-01'::date) AND (l_shipdate < '1995-04-01 00:00:00'::timestamp without time zone))",
                            "Rows Removed by Filter": 192665,
                            "Workers": []
                          }
                        ]
                      }
                    ]
                  }
                ]
              }
            ]
          }
        ]
      },
      "Planning Time": 0.198,
      "Triggers": [],
      "Execution Time": 112.086
    }
  },
  {
    "query_id": "query15.49",
    "query": "select\n\ts_suppkey,\n\ts_name,\n\ts_address,\n\ts_phone,\n\ttotal_revenue\nfrom\n\tsupplier,\n\trevenue0\nwhere\n\ts_suppkey = supplier_no\n\tand total_revenue = (\n\t\tselect\n\t\t\tmax(total_revenue)\n\t\tfrom\n\t\t\trevenue0\n\t)\norder by\n\ts_suppkey;\n",
    "execution_time": 106.752,
    "plan": {
      "Plan": {
        "Node Type": "Merge Join",
        "Parallel Aware": false,
        "Async Capable": false,
        "Join Type": "Inner",
        "Startup Cost": 33426.24,
        "Total Cost": 33694.71,
        "Plan Rows": 5,
        "Plan Width": 104,
        "Actual Startup Time": 104.627,
        "Actual Total Time": 106.557,
        "Actual Rows": 1,
        "Actual Loops": 1,
        "Inner Unique": true,
        "Merge Cond": "(supplier.s_suppkey = lineitem.l_suppkey)",
        "Plans": [
          {
            "Node Type": "Aggregate",
            "Strategy": "Plain",
            "Partial Mode": "Simple",
            "Parent Relationship": "InitPlan",
            "Subplan Name": "InitPlan 1",
            "Parallel Aware": false,
            "Async Capable": false,
            "Startup Cost": 16797.88,
            "Total Cost": 16797.89,
            "Plan Rows": 1,
            "Plan Width": 32,
            "Actual Startup Time": 51.497,
            "Actual Total Time": 51.882,
            "Actual Rows": 1,
            "Actual Loops": 1,
            "Plans": [
              {
                "Node Type": "Aggregate",
                "Strategy": "Sorted",
                "Partial Mode": "Finalize",
                "Parent Relationship": "Outer",
                "Parallel Aware": false,
                "Async Capable": false,
                "Startup Cost": 16524.53,
                "Total Cost": 16785.38,
                "Plan Rows": 1000,
                "Plan Width": 36,
                "Actual Startup Time": 49.785,
                "Actual Total Time": 51.826,
                "Actual Rows": 1000,
                "Actual Loops": 1,
                "Group Key": [
                  "lineitem_1.l_suppkey"
                ],
                "Plans": [
                  {
                    "Node Type": "Gather Merge",
                    "Parent Relationship": "Outer",
                    "Parallel Aware": false,
                    "Async Capable": false,
                    "Startup Cost": 16524.53,
                    "Total Cost": 16757.88,
                    "Plan Rows": 2000,
                    "Plan Width": 36,
                    "Actual Startup Time": 49.775,
                    "Actual Total Time": 50.622,
                    "Actual Rows": 2999,
                    "Actual Loops": 1,
                    "Workers Planned": 2,
                    "Workers Launched": 2,
                    "Plans": [
                      {
                        "Node Type": "Sort",
                        "Parent Relationship": "Outer",
                        "Parallel Aware": false,
                        "Async Capable": false,
                        "Startup Cost": 15524.5,
                        "Total Cost": 15527.0,
                        "Plan Rows": 1000,
                        "Plan Width": 36,
                        "Actual Startup Time": 46.498,
                        "Actual Total Time": 46.558,
                        "Actual Rows": 1000,
                        "Actual Loops": 3,
                        "Sort Key": [
                          "lineitem_1.l_suppkey"
                        ],
                        "Sort Method": "quicksort",
                        "Sort Space Used": 110,
                        "Sort Space Type": "Memory",
                        "Workers": [
                          {
                            "Worker Number": 0,
                            "Sort Method": "quicksort",
                            "Sort Space Used": 110,
                            "Sort Space Type": "Memory"
                          },
                          {
                            "Worker Number": 1,
                            "Sort Method": "quicksort",
                            "Sort Space Used": 110,
                            "Sort Space Type": "Memory"
                          }
                        ],
                        "Plans": [
                          {
                            "Node Type": "Aggregate",
                            "Strategy": "Hashed",
                            "Partial Mode": "Partial",
                            "Parent Relationship": "Outer",
                            "Parallel Aware": false,
                            "Async Capable": false,
                            "Startup Cost": 15462.18,
                            "Total Cost": 15474.68,
                            "Plan Rows": 1000,
                            "Plan Width": 36,
                            "Actual Startup Time": 45.851,
                            "Actual Total Time": 46.241,
                            "Actual Rows": 1000,
                            "Actual Loops": 3,
                            "Group Key": [
                              "lineitem_1.l_suppkey"
                            ],
                            "Planned Partitions": 0,
                            "HashAgg Batches": 1,
                            "Peak Memory Usage": 577,
                            "Disk Usage": 0,
                            "Workers": [
                              {
                                "Worker Number": 0,
                                "HashAgg Batches": 1,
                                "Peak Memory Usage": 577,
                                "Disk Usage": 0
                              },
                              {
                                "Worker Number": 1,
                                "HashAgg Batches": 1,
                                "Peak Memory Usage": 577,
                                "Disk Usage": 0
                              }
                            ],
                            "Plans": [
                              {
                                "Node Type": "Seq Scan",
                                "Parent Relationship": "Outer",
                                "Parallel Aware": true,
                                "Async Capable": false,
                                "Relation Name": "lineitem",
                                "Alias": "lineitem_1",
                                "Startup Cost": 0.0,
                                "Total Cost": 15361.58,
                                "Plan Rows": 10060,
                                "Plan Width": 16,
                                "Actual Startup Time": 0.018,
                                "Actual Total Time": 41.433,
                                "Actual Rows": 7669,
                                "Actual Loops": 3,
                                "Filter": "((l_shipdate >= '1997-08-01'::date) AND (l_shipdate < '1997-11-01 00:00:00'::timestamp without time zone))",
                                "Rows Removed by Filter": 192521,
                                "Workers": []
                              }
                            ]
                          }
                        ]
                      }
                    ]
                  }
                ]
              }
            ]
          },
          {
            "Node Type": "Sort",
            "Parent Relationship": "Outer",
            "Parallel Aware": false,
            "Async Capable": false,
            "Startup Cost": 103.83,
            "Total Cost": 106.33,
            "Plan Rows": 1000,
            "Plan Width": 72,
            "Actual Startup Time": 0.508,
            "Actual Total Time": 0.543,
            "Actual Rows": 920,
            "Actual Loops": 1,
            "Sort Key": [
              "supplier.s_suppkey"
            ],
            "Sort Method": "quicksort",
            "Sort Space Used": 114,
            "Sort Space Type": "Memory",
            "Plans": [
              {
                "Node Type": "Seq Scan",
                "Parent Relationship": "Outer",
                "Parallel Aware": false,
                "Async Capable": false,
                "Relation Name": "supplier",
                "Alias": "supplier",
                "Startup Cost": 0.0,
                "Total Cost": 54.0,
                "Plan Rows": 1000,
                "Plan Width": 72,
                "Actual Startup Time": 0.014,
                "Actual Total Time": 0.31,
                "Actual Rows": 1000,
                "Actual Loops": 1
              }
            ]
          },
          {
            "Node Type": "Aggregate",
            "Strategy": "Sorted",
            "Partial Mode": "Finalize",
            "Parent Relationship": "Inner",
            "Parallel Aware": false,
            "Async Capable": false,
            "Startup Cost": 16524.53,
            "Total Cost": 16787.88,
            "Plan Rows": 5,
            "Plan Width": 36,
            "Actual Startup Time": 104.03,
            "Actual Total Time": 105.574,
            "Actual Rows": 1,
            "Actual Loops": 1,
            "Group Key": [
              "lineitem.l_suppkey"
            ],
            "Filter": "(sum((lineitem.l_extendedprice * ('1'::numeric - lineitem.l_discount))) = (InitPlan 1).col1)",
            "Rows Removed by Filter": 999,
            "Plans": [
              {
                "Node Type": "Gather Merge",
                "Parent Relationship": "Outer",
                "Parallel Aware": false,
                "Async Capable": false,
                "Startup Cost": 16524.53,
                "Total Cost": 16757.88,
                "Plan Rows": 2000,
                "Plan Width": 36,
                "Actual Startup Time": 50.895,
                "Actual Total Time": 52.822,
                "Actual Rows": 2998,
                "Actual Loops": 1,
                "Workers Planned": 2,
                "Workers Launched": 2,
                "Plans": [
                  {
                    "Node Type": "Sort",
                    "Parent Relationship": "Outer",
                    "Parallel Aware": false,
                    "Async Capable": false,
                    "Startup Cost": 15524.5,
                    "Total Cost": 15527.0,
                    "Plan Rows": 1000,
                    "Plan Width": 36,
                    "Actual Startup Time": 47.016,
                    "Actual Total Time": 47.108,
                    "Actual Rows": 999,
                    "Actual Loops": 3,
                    "Sort Key": [
                      "lineitem.l_suppkey"
                    ],
                    "Sort Method": "quicksort",
                    "Sort Space Used": 110,
                    "Sort Space Type": "Memory",
                    "Workers": [
                      {
                        "Worker Number": 0,
                        "Sort Method": "quicksort",
                        "Sort Space Used": 110,
                        "Sort Space Type": "Memory"
                      },
                      {
                        "Worker Number": 1,
                        "Sort Method": "quicksort",
                        "Sort Space Used": 110,
                        "Sort Space Type": "Memory"
                      }
                    ],
                    "Plans": [
                      {
                        "Node Type": "Aggregate",
                        "Strategy": "Hashed",
                        "Partial Mode": "Partial",
                        "Parent Relationship": "Outer",
                        "Parallel Aware": false,
                        "Async Capable": false,
                        "Startup Cost": 15462.18,
                        "Total Cost": 15474.68,
                        "Plan Rows": 1000,
                        "Plan Width": 36,
                        "Actual Startup Time": 46.362,
                        "Actual Total Time": 46.765,
                        "Actual Rows": 999,
                        "Actual Loops": 3,
                        "Group Key": [
                          "lineitem.l_suppkey"
                        ],
                        "Planned Partitions": 0,
                        "HashAgg Batches": 1,
                        "Peak Memory Usage": 577,
                        "Disk Usage": 0,
                        "Workers": [
                          {
                            "Worker Number": 0,
                            "HashAgg Batches": 1,
                            "Peak Memory Usage": 577,
                            "Disk Usage": 0
                          },
                          {
                            "Worker Number": 1,
                            "HashAgg Batches": 1,
                            "Peak Memory Usage": 577,
                            "Disk Usage": 0
                          }
                        ],
                        "Plans": [
                          {
                            "Node Type": "Seq Scan",
                            "Parent Relationship": "Outer",
                            "Parallel Aware": true,
                            "Async Capable": false,
                            "Relation Name": "lineitem",
                            "Alias": "lineitem",
                            "Startup Cost": 0.0,
                            "Total Cost": 15361.58,
                            "Plan Rows": 10060,
                            "Plan Width": 16,
                            "Actual Startup Time": 0.031,
                            "Actual Total Time": 41.481,
                            "Actual Rows": 7669,
                            "Actual Loops": 3,
                            "Filter": "((l_shipdate >= '1997-08-01'::date) AND (l_shipdate < '1997-11-01 00:00:00'::timestamp without time zone))",
                            "Rows Removed by Filter": 192521,
                            "Workers": []
                          }
                        ]
                      }
                    ]
                  }
                ]
              }
            ]
          }
        ]
      },
      "Planning Time": 0.357,
      "Triggers": [],
      "Execution Time": 106.752
    }
  },
  {
    "query_id": "query15.5",
    "query": "select\n\ts_suppkey,\n\ts_name,\n\ts_address,\n\ts_phone,\n\ttotal_revenue\nfrom\n\tsupplier,\n\trevenue0\nwhere\n\ts_suppkey = supplier_no\n\tand total_revenue = (\n\t\tselect\n\t\t\tmax(total_revenue)\n\t\tfrom\n\t\t\trevenue0\n\t)\norder by\n\ts_suppkey;\n",
    "execution_time": 127.45,
    "plan": {
      "Plan": {
        "Node Type": "Merge Join",
        "Parallel Aware": false,
        "Async Capable": false,
        "Join Type": "Inner",
        "Startup Cost": 33417.18,
        "Total Cost": 33685.65,
        "Plan Rows": 5,
        "Plan Width": 104,
        "Actual Startup Time": 124.548,
        "Actual Total Time": 127.231,
        "Actual Rows": 1,
        "Actual Loops": 1,
        "Inner Unique": true,
        "Merge Cond": "(supplier.s_suppkey = lineitem.l_suppkey)",
        "Plans": [
          {
            "Node Type": "Aggregate",
            "Strategy": "Plain",
            "Partial Mode": "Simple",
            "Parent Relationship": "InitPlan",
            "Subplan Name": "InitPlan 1",
            "Parallel Aware": false,
            "Async Capable": false,
            "Startup Cost": 16793.35,
            "Total Cost": 16793.36,
            "Plan Rows": 1,
            "Plan Width": 32,
            "Actual Startup Time": 64.642,
            "Actual Total Time": 65.892,
            "Actual Rows": 1,
            "Actual Loops": 1,
            "Plans": [
              {
                "Node Type": "Aggregate",
                "Strategy": "Sorted",
                "Partial Mode": "Finalize",
                "Parent Relationship": "Outer",
                "Parallel Aware": false,
                "Async Capable": false,
                "Startup Cost": 16520.0,
                "Total Cost": 16780.85,
                "Plan Rows": 1000,
                "Plan Width": 36,
                "Actual Startup Time": 62.612,
                "Actual Total Time": 65.812,
                "Actual Rows": 1000,
                "Actual Loops": 1,
                "Group Key": [
                  "lineitem_1.l_suppkey"
                ],
                "Plans": [
                  {
                    "Node Type": "Gather Merge",
                    "Parent Relationship": "Outer",
                    "Parallel Aware": false,
                    "Async Capable": false,
                    "Startup Cost": 16520.0,
                    "Total Cost": 16753.35,
                    "Plan Rows": 2000,
                    "Plan Width": 36,
                    "Actual Startup Time": 62.595,
                    "Actual Total Time": 64.47,
                    "Actual Rows": 2998,
                    "Actual Loops": 1,
                    "Workers Planned": 2,
                    "Workers Launched": 2,
                    "Plans": [
                      {
                        "Node Type": "Sort",
                        "Parent Relationship": "Outer",
                        "Parallel Aware": false,
                        "Async Capable": false,
                        "Startup Cost": 15519.97,
                        "Total Cost": 15522.47,
                        "Plan Rows": 1000,
                        "Plan Width": 36,
                        "Actual Startup Time": 58.624,
                        "Actual Total Time": 58.703,
                        "Actual Rows": 999,
                        "Actual Loops": 3,
                        "Sort Key": [
                          "lineitem_1.l_suppkey"
                        ],
                        "Sort Method": "quicksort",
                        "Sort Space Used": 110,
                        "Sort Space Type": "Memory",
                        "Workers": [
                          {
                            "Worker Number": 0,
                            "Sort Method": "quicksort",
                            "Sort Space Used": 110,
                            "Sort Space Type": "Memory"
                          },
                          {
                            "Worker Number": 1,
                            "Sort Method": "quicksort",
                            "Sort Space Used": 110,
                            "Sort Space Type": "Memory"
                          }
                        ],
                        "Plans": [
                          {
                            "Node Type": "Aggregate",
                            "Strategy": "Hashed",
                            "Partial Mode": "Partial",
                            "Parent Relationship": "Outer",
                            "Parallel Aware": false,
                            "Async Capable": false,
                            "Startup Cost": 15457.65,
                            "Total Cost": 15470.15,
                            "Plan Rows": 1000,
                            "Plan Width": 36,
                            "Actual Startup Time": 57.731,
                            "Actual Total Time": 58.28,
                            "Actual Rows": 999,
                            "Actual Loops": 3,
                            "Group Key": [
                              "lineitem_1.l_suppkey"
                            ],
                            "Planned Partitions": 0,
                            "HashAgg Batches": 1,
                            "Peak Memory Usage": 577,
                            "Disk Usage": 0,
                            "Workers": [
                              {
                                "Worker Number": 0,
                                "HashAgg Batches": 1,
                                "Peak Memory Usage": 577,
                                "Disk Usage": 0
                              },
                              {
                                "Worker Number": 1,
                                "HashAgg Batches": 1,
                                "Peak Memory Usage": 577,
                                "Disk Usage": 0
                              }
                            ],
                            "Plans": [
                              {
                                "Node Type": "Seq Scan",
                                "Parent Relationship": "Outer",
                                "Parallel Aware": true,
                                "Async Capable": false,
                                "Relation Name": "lineitem",
                                "Alias": "lineitem_1",
                                "Startup Cost": 0.0,
                                "Total Cost": 15361.58,
                                "Plan Rows": 9607,
                                "Plan Width": 16,
                                "Actual Startup Time": 0.038,
                                "Actual Total Time": 52.718,
                                "Actual Rows": 7477,
                                "Actual Loops": 3,
                                "Filter": "((l_shipdate >= '1996-02-01'::date) AND (l_shipdate < '1996-05-01 00:00:00'::timestamp without time zone))",
                                "Rows Removed by Filter": 192714,
                                "Workers": []
                              }
                            ]
                          }
                        ]
                      }
                    ]
                  }
                ]
              }
            ]
          },
          {
            "Node Type": "Sort",
            "Parent Relationship": "Outer",
            "Parallel Aware": false,
            "Async Capable": false,
            "Startup Cost": 103.83,
            "Total Cost": 106.33,
            "Plan Rows": 1000,
            "Plan Width": 72,
            "Actual Startup Time": 0.377,
            "Actual Total Time": 0.546,
            "Actual Rows": 985,
            "Actual Loops": 1,
            "Sort Key": [
              "supplier.s_suppkey"
            ],
            "Sort Method": "quicksort",
            "Sort Space Used": 114,
            "Sort Space Type": "Memory",
            "Plans": [
              {
                "Node Type": "Seq Scan",
                "Parent Relationship": "Outer",
                "Parallel Aware": false,
                "Async Capable": false,
                "Relation Name": "supplier",
                "Alias": "supplier",
                "Startup Cost": 0.0,
                "Total Cost": 54.0,
                "Plan Rows": 1000,
                "Plan Width": 72,
                "Actual Startup Time": 0.012,
                "Actual Total Time": 0.225,
                "Actual Rows": 1000,
                "Actual Loops": 1
              }
            ]
          },
          {
            "Node Type": "Aggregate",
            "Strategy": "Sorted",
            "Partial Mode": "Finalize",
            "Parent Relationship": "Inner",
            "Parallel Aware": false,
            "Async Capable": false,
            "Startup Cost": 16520.0,
            "Total Cost": 16783.35,
            "Plan Rows": 5,
            "Plan Width": 36,
            "Actual Startup Time": 123.899,
            "Actual Total Time": 125.328,
            "Actual Rows": 1,
            "Actual Loops": 1,
            "Group Key": [
              "lineitem.l_suppkey"
            ],
            "Filter": "(sum((lineitem.l_extendedprice * ('1'::numeric - lineitem.l_discount))) = (InitPlan 1).col1)",
            "Rows Removed by Filter": 999,
            "Plans": [
              {
                "Node Type": "Gather Merge",
                "Parent Relationship": "Outer",
                "Parallel Aware": false,
                "Async Capable": false,
                "Startup Cost": 16520.0,
                "Total Cost": 16753.35,
                "Plan Rows": 2000,
                "Plan Width": 36,
                "Actual Startup Time": 56.914,
                "Actual Total Time": 59.25,
                "Actual Rows": 2994,
                "Actual Loops": 1,
                "Workers Planned": 2,
                "Workers Launched": 2,
                "Plans": [
                  {
                    "Node Type": "Sort",
                    "Parent Relationship": "Outer",
                    "Parallel Aware": false,
                    "Async Capable": false,
                    "Startup Cost": 15519.97,
                    "Total Cost": 15522.47,
                    "Plan Rows": 1000,
                    "Plan Width": 36,
                    "Actual Startup Time": 53.188,
                    "Actual Total Time": 53.345,
                    "Actual Rows": 998,
                    "Actual Loops": 3,
                    "Sort Key": [
                      "lineitem.l_suppkey"
                    ],
                    "Sort Method": "quicksort",
                    "Sort Space Used": 110,
                    "Sort Space Type": "Memory",
                    "Workers": [
                      {
                        "Worker Number": 0,
                        "Sort Method": "quicksort",
                        "Sort Space Used": 110,
                        "Sort Space Type": "Memory"
                      },
                      {
                        "Worker Number": 1,
                        "Sort Method": "quicksort",
                        "Sort Space Used": 110,
                        "Sort Space Type": "Memory"
                      }
                    ],
                    "Plans": [
                      {
                        "Node Type": "Aggregate",
                        "Strategy": "Hashed",
                        "Partial Mode": "Partial",
                        "Parent Relationship": "Outer",
                        "Parallel Aware": false,
                        "Async Capable": false,
                        "Startup Cost": 15457.65,
                        "Total Cost": 15470.15,
                        "Plan Rows": 1000,
                        "Plan Width": 36,
                        "Actual Startup Time": 52.529,
                        "Actual Total Time": 52.939,
                        "Actual Rows": 998,
                        "Actual Loops": 3,
                        "Group Key": [
                          "lineitem.l_suppkey"
                        ],
                        "Planned Partitions": 0,
                        "HashAgg Batches": 1,
                        "Peak Memory Usage": 577,
                        "Disk Usage": 0,
                        "Workers": [
                          {
                            "Worker Number": 0,
                            "HashAgg Batches": 1,
                            "Peak Memory Usage": 577,
                            "Disk Usage": 0
                          },
                          {
                            "Worker Number": 1,
                            "HashAgg Batches": 1,
                            "Peak Memory Usage": 577,
                            "Disk Usage": 0
                          }
                        ],
                        "Plans": [
                          {
                            "Node Type": "Seq Scan",
                            "Parent Relationship": "Outer",
                            "Parallel Aware": true,
                            "Async Capable": false,
                            "Relation Name": "lineitem",
                            "Alias": "lineitem",
                            "Startup Cost": 0.0,
                            "Total Cost": 15361.58,
                            "Plan Rows": 9607,
                            "Plan Width": 16,
                            "Actual Startup Time": 0.035,
                            "Actual Total Time": 47.507,
                            "Actual Rows": 7477,
                            "Actual Loops": 3,
                            "Filter": "((l_shipdate >= '1996-02-01'::date) AND (l_shipdate < '1996-05-01 00:00:00'::timestamp without time zone))",
                            "Rows Removed by Filter": 192714,
                            "Workers": []
                          }
                        ]
                      }
                    ]
                  }
                ]
              }
            ]
          }
        ]
      },
      "Planning Time": 0.314,
      "Triggers": [],
      "Execution Time": 127.45
    }
  },
  {
    "query_id": "query15.50",
    "query": "select\n\ts_suppkey,\n\ts_name,\n\ts_address,\n\ts_phone,\n\ttotal_revenue\nfrom\n\tsupplier,\n\trevenue0\nwhere\n\ts_suppkey = supplier_no\n\tand total_revenue = (\n\t\tselect\n\t\t\tmax(total_revenue)\n\t\tfrom\n\t\t\trevenue0\n\t)\norder by\n\ts_suppkey;\n",
    "execution_time": 108.008,
    "plan": {
      "Plan": {
        "Node Type": "Merge Join",
        "Parallel Aware": false,
        "Async Capable": false,
        "Join Type": "Inner",
        "Startup Cost": 33424.04,
        "Total Cost": 33692.51,
        "Plan Rows": 5,
        "Plan Width": 104,
        "Actual Startup Time": 105.017,
        "Actual Total Time": 107.84,
        "Actual Rows": 1,
        "Actual Loops": 1,
        "Inner Unique": true,
        "Merge Cond": "(supplier.s_suppkey = lineitem.l_suppkey)",
        "Plans": [
          {
            "Node Type": "Aggregate",
            "Strategy": "Plain",
            "Partial Mode": "Simple",
            "Parent Relationship": "InitPlan",
            "Subplan Name": "InitPlan 1",
            "Parallel Aware": false,
            "Async Capable": false,
            "Startup Cost": 16796.78,
            "Total Cost": 16796.79,
            "Plan Rows": 1,
            "Plan Width": 32,
            "Actual Startup Time": 48.98,
            "Actual Total Time": 49.135,
            "Actual Rows": 1,
            "Actual Loops": 1,
            "Plans": [
              {
                "Node Type": "Aggregate",
                "Strategy": "Sorted",
                "Partial Mode": "Finalize",
                "Parent Relationship": "Outer",
                "Parallel Aware": false,
                "Async Capable": false,
                "Startup Cost": 16523.43,
                "Total Cost": 16784.28,
                "Plan Rows": 1000,
                "Plan Width": 36,
                "Actual Startup Time": 46.259,
                "Actual Total Time": 49.017,
                "Actual Rows": 1000,
                "Actual Loops": 1,
                "Group Key": [
                  "lineitem_1.l_suppkey"
                ],
                "Plans": [
                  {
                    "Node Type": "Gather Merge",
                    "Parent Relationship": "Outer",
                    "Parallel Aware": false,
                    "Async Capable": false,
                    "Startup Cost": 16523.43,
                    "Total Cost": 16756.78,
                    "Plan Rows": 2000,
                    "Plan Width": 36,
                    "Actual Startup Time": 46.241,
                    "Actual Total Time": 47.21,
                    "Actual Rows": 2998,
                    "Actual Loops": 1,
                    "Workers Planned": 2,
                    "Workers Launched": 2,
                    "Plans": [
                      {
                        "Node Type": "Sort",
                        "Parent Relationship": "Outer",
                        "Parallel Aware": false,
                        "Async Capable": false,
                        "Startup Cost": 15523.4,
                        "Total Cost": 15525.9,
                        "Plan Rows": 1000,
                        "Plan Width": 36,
                        "Actual Startup Time": 42.917,
                        "Actual Total Time": 43.006,
                        "Actual Rows": 999,
                        "Actual Loops": 3,
                        "Sort Key": [
                          "lineitem_1.l_suppkey"
                        ],
                        "Sort Method": "quicksort",
                        "Sort Space Used": 110,
                        "Sort Space Type": "Memory",
                        "Workers": [
                          {
                            "Worker Number": 0,
                            "Sort Method": "quicksort",
                            "Sort Space Used": 110,
                            "Sort Space Type": "Memory"
                          },
                          {
                            "Worker Number": 1,
                            "Sort Method": "quicksort",
                            "Sort Space Used": 110,
                            "Sort Space Type": "Memory"
                          }
                        ],
                        "Plans": [
                          {
                            "Node Type": "Aggregate",
                            "Strategy": "Hashed",
                            "Partial Mode": "Partial",
                            "Parent Relationship": "Outer",
                            "Parallel Aware": false,
                            "Async Capable": false,
                            "Startup Cost": 15461.08,
                            "Total Cost": 15473.58,
                            "Plan Rows": 1000,
                            "Plan Width": 36,
                            "Actual Startup Time": 42.189,
                            "Actual Total Time": 42.636,
                            "Actual Rows": 999,
                            "Actual Loops": 3,
                            "Group Key": [
                              "lineitem_1.l_suppkey"
                            ],
                            "Planned Partitions": 0,
                            "HashAgg Batches": 1,
                            "Peak Memory Usage": 577,
                            "Disk Usage": 0,
                            "Workers": [
                              {
                                "Worker Number": 0,
                                "HashAgg Batches": 1,
                                "Peak Memory Usage": 577,
                                "Disk Usage": 0
                              },
                              {
                                "Worker Number": 1,
                                "HashAgg Batches": 1,
                                "Peak Memory Usage": 577,
                                "Disk Usage": 0
                              }
                            ],
                            "Plans": [
                              {
                                "Node Type": "Seq Scan",
                                "Parent Relationship": "Outer",
                                "Parallel Aware": true,
                                "Async Capable": false,
                                "Relation Name": "lineitem",
                                "Alias": "lineitem_1",
                                "Startup Cost": 0.0,
                                "Total Cost": 15361.58,
                                "Plan Rows": 9950,
                                "Plan Width": 16,
                                "Actual Startup Time": 0.013,
                                "Actual Total Time": 36.961,
                                "Actual Rows": 7710,
                                "Actual Loops": 3,
                                "Filter": "((l_shipdate >= '1995-05-01'::date) AND (l_shipdate < '1995-08-01 00:00:00'::timestamp without time zone))",
                                "Rows Removed by Filter": 192481,
                                "Workers": []
                              }
                            ]
                          }
                        ]
                      }
                    ]
                  }
                ]
              }
            ]
          },
          {
            "Node Type": "Sort",
            "Parent Relationship": "Outer",
            "Parallel Aware": false,
            "Async Capable": false,
            "Startup Cost": 103.83,
            "Total Cost": 106.33,
            "Plan Rows": 1000,
            "Plan Width": 72,
            "Actual Startup Time": 0.506,
            "Actual Total Time": 0.531,
            "Actual Rows": 640,
            "Actual Loops": 1,
            "Sort Key": [
              "supplier.s_suppkey"
            ],
            "Sort Method": "quicksort",
            "Sort Space Used": 114,
            "Sort Space Type": "Memory",
            "Plans": [
              {
                "Node Type": "Seq Scan",
                "Parent Relationship": "Outer",
                "Parallel Aware": false,
                "Async Capable": false,
                "Relation Name": "supplier",
                "Alias": "supplier",
                "Startup Cost": 0.0,
                "Total Cost": 54.0,
                "Plan Rows": 1000,
                "Plan Width": 72,
                "Actual Startup Time": 0.012,
                "Actual Total Time": 0.298,
                "Actual Rows": 1000,
                "Actual Loops": 1
              }
            ]
          },
          {
            "Node Type": "Aggregate",
            "Strategy": "Sorted",
            "Partial Mode": "Finalize",
            "Parent Relationship": "Inner",
            "Parallel Aware": false,
            "Async Capable": false,
            "Startup Cost": 16523.43,
            "Total Cost": 16786.78,
            "Plan Rows": 5,
            "Plan Width": 36,
            "Actual Startup Time": 104.446,
            "Actual Total Time": 107.111,
            "Actual Rows": 1,
            "Actual Loops": 1,
            "Group Key": [
              "lineitem.l_suppkey"
            ],
            "Filter": "(sum((lineitem.l_extendedprice * ('1'::numeric - lineitem.l_discount))) = (InitPlan 1).col1)",
            "Rows Removed by Filter": 999,
            "Plans": [
              {
                "Node Type": "Gather Merge",
                "Parent Relationship": "Outer",
                "Parallel Aware": false,
                "Async Capable": false,
                "Startup Cost": 16523.43,
                "Total Cost": 16756.78,
                "Plan Rows": 2000,
                "Plan Width": 36,
                "Actual Startup Time": 54.143,
                "Actual Total Time": 56.818,
                "Actual Rows": 2993,
                "Actual Loops": 1,
                "Workers Planned": 2,
                "Workers Launched": 2,
                "Plans": [
                  {
                    "Node Type": "Sort",
                    "Parent Relationship": "Outer",
                    "Parallel Aware": false,
                    "Async Capable": false,
                    "Startup Cost": 15523.4,
                    "Total Cost": 15525.9,
                    "Plan Rows": 1000,
                    "Plan Width": 36,
                    "Actual Startup Time": 50.176,
                    "Actual Total Time": 50.27,
                    "Actual Rows": 998,
                    "Actual Loops": 3,
                    "Sort Key": [
                      "lineitem.l_suppkey"
                    ],
                    "Sort Method": "quicksort",
                    "Sort Space Used": 110,
                    "Sort Space Type": "Memory",
                    "Workers": [
                      {
                        "Worker Number": 0,
                        "Sort Method": "quicksort",
                        "Sort Space Used": 110,
                        "Sort Space Type": "Memory"
                      },
                      {
                        "Worker Number": 1,
                        "Sort Method": "quicksort",
                        "Sort Space Used": 110,
                        "Sort Space Type": "Memory"
                      }
                    ],
                    "Plans": [
                      {
                        "Node Type": "Aggregate",
                        "Strategy": "Hashed",
                        "Partial Mode": "Partial",
                        "Parent Relationship": "Outer",
                        "Parallel Aware": false,
                        "Async Capable": false,
                        "Startup Cost": 15461.08,
                        "Total Cost": 15473.58,
                        "Plan Rows": 1000,
                        "Plan Width": 36,
                        "Actual Startup Time": 49.476,
                        "Actual Total Time": 49.928,
                        "Actual Rows": 998,
                        "Actual Loops": 3,
                        "Group Key": [
                          "lineitem.l_suppkey"
                        ],
                        "Planned Partitions": 0,
                        "HashAgg Batches": 1,
                        "Peak Memory Usage": 577,
                        "Disk Usage": 0,
                        "Workers": [
                          {
                            "Worker Number": 0,
                            "HashAgg Batches": 1,
                            "Peak Memory Usage": 577,
                            "Disk Usage": 0
                          },
                          {
                            "Worker Number": 1,
                            "HashAgg Batches": 1,
                            "Peak Memory Usage": 577,
                            "Disk Usage": 0
                          }
                        ],
                        "Plans": [
                          {
                            "Node Type": "Seq Scan",
                            "Parent Relationship": "Outer",
                            "Parallel Aware": true,
                            "Async Capable": false,
                            "Relation Name": "lineitem",
                            "Alias": "lineitem",
                            "Startup Cost": 0.0,
                            "Total Cost": 15361.58,
                            "Plan Rows": 9950,
                            "Plan Width": 16,
                            "Actual Startup Time": 0.042,
                            "Actual Total Time": 43.603,
                            "Actual Rows": 7710,
                            "Actual Loops": 3,
                            "Filter": "((l_shipdate >= '1995-05-01'::date) AND (l_shipdate < '1995-08-01 00:00:00'::timestamp without time zone))",
                            "Rows Removed by Filter": 192481,
                            "Workers": []
                          }
                        ]
                      }
                    ]
                  }
                ]
              }
            ]
          }
        ]
      },
      "Planning Time": 0.323,
      "Triggers": [],
      "Execution Time": 108.008
    }
  },
  {
    "query_id": "query15.51",
    "query": "select\n\ts_suppkey,\n\ts_name,\n\ts_address,\n\ts_phone,\n\ttotal_revenue\nfrom\n\tsupplier,\n\trevenue0\nwhere\n\ts_suppkey = supplier_no\n\tand total_revenue = (\n\t\tselect\n\t\t\tmax(total_revenue)\n\t\tfrom\n\t\t\trevenue0\n\t)\norder by\n\ts_suppkey;\n",
    "execution_time": 108.9,
    "plan": {
      "Plan": {
        "Node Type": "Merge Join",
        "Parallel Aware": false,
        "Async Capable": false,
        "Join Type": "Inner",
        "Startup Cost": 33411.6,
        "Total Cost": 33680.07,
        "Plan Rows": 5,
        "Plan Width": 104,
        "Actual Startup Time": 106.115,
        "Actual Total Time": 108.617,
        "Actual Rows": 1,
        "Actual Loops": 1,
        "Inner Unique": true,
        "Merge Cond": "(supplier.s_suppkey = lineitem.l_suppkey)",
        "Plans": [
          {
            "Node Type": "Aggregate",
            "Strategy": "Plain",
            "Partial Mode": "Simple",
            "Parent Relationship": "InitPlan",
            "Subplan Name": "InitPlan 1",
            "Parallel Aware": false,
            "Async Capable": false,
            "Startup Cost": 16790.56,
            "Total Cost": 16790.57,
            "Plan Rows": 1,
            "Plan Width": 32,
            "Actual Startup Time": 55.688,
            "Actual Total Time": 55.874,
            "Actual Rows": 1,
            "Actual Loops": 1,
            "Plans": [
              {
                "Node Type": "Aggregate",
                "Strategy": "Sorted",
                "Partial Mode": "Finalize",
                "Parent Relationship": "Outer",
                "Parallel Aware": false,
                "Async Capable": false,
                "Startup Cost": 16517.21,
                "Total Cost": 16778.06,
                "Plan Rows": 1000,
                "Plan Width": 36,
                "Actual Startup Time": 52.99,
                "Actual Total Time": 55.795,
                "Actual Rows": 1000,
                "Actual Loops": 1,
                "Group Key": [
                  "lineitem_1.l_suppkey"
                ],
                "Plans": [
                  {
                    "Node Type": "Gather Merge",
                    "Parent Relationship": "Outer",
                    "Parallel Aware": false,
                    "Async Capable": false,
                    "Startup Cost": 16517.21,
                    "Total Cost": 16750.56,
                    "Plan Rows": 2000,
                    "Plan Width": 36,
                    "Actual Startup Time": 52.967,
                    "Actual Total Time": 54.026,
                    "Actual Rows": 2990,
                    "Actual Loops": 1,
                    "Workers Planned": 2,
                    "Workers Launched": 2,
                    "Plans": [
                      {
                        "Node Type": "Sort",
                        "Parent Relationship": "Outer",
                        "Parallel Aware": false,
                        "Async Capable": false,
                        "Startup Cost": 15517.18,
                        "Total Cost": 15519.68,
                        "Plan Rows": 1000,
                        "Plan Width": 36,
                        "Actual Startup Time": 48.719,
                        "Actual Total Time": 48.816,
                        "Actual Rows": 997,
                        "Actual Loops": 3,
                        "Sort Key": [
                          "lineitem_1.l_suppkey"
                        ],
                        "Sort Method": "quicksort",
                        "Sort Space Used": 110,
                        "Sort Space Type": "Memory",
                        "Workers": [
                          {
                            "Worker Number": 0,
                            "Sort Method": "quicksort",
                            "Sort Space Used": 110,
                            "Sort Space Type": "Memory"
                          },
                          {
                            "Worker Number": 1,
                            "Sort Method": "quicksort",
                            "Sort Space Used": 110,
                            "Sort Space Type": "Memory"
                          }
                        ],
                        "Plans": [
                          {
                            "Node Type": "Aggregate",
                            "Strategy": "Hashed",
                            "Partial Mode": "Partial",
                            "Parent Relationship": "Outer",
                            "Parallel Aware": false,
                            "Async Capable": false,
                            "Startup Cost": 15454.85,
                            "Total Cost": 15467.35,
                            "Plan Rows": 1000,
                            "Plan Width": 36,
                            "Actual Startup Time": 47.894,
                            "Actual Total Time": 48.428,
                            "Actual Rows": 997,
                            "Actual Loops": 3,
                            "Group Key": [
                              "lineitem_1.l_suppkey"
                            ],
                            "Planned Partitions": 0,
                            "HashAgg Batches": 1,
                            "Peak Memory Usage": 577,
                            "Disk Usage": 0,
                            "Workers": [
                              {
                                "Worker Number": 0,
                                "HashAgg Batches": 1,
                                "Peak Memory Usage": 577,
                                "Disk Usage": 0
                              },
                              {
                                "Worker Number": 1,
                                "HashAgg Batches": 1,
                                "Peak Memory Usage": 577,
                                "Disk Usage": 0
                              }
                            ],
                            "Plans": [
                              {
                                "Node Type": "Seq Scan",
                                "Parent Relationship": "Outer",
                                "Parallel Aware": true,
                                "Async Capable": false,
                                "Relation Name": "lineitem",
                                "Alias": "lineitem_1",
                                "Startup Cost": 0.0,
                                "Total Cost": 15361.58,
                                "Plan Rows": 9328,
                                "Plan Width": 16,
                                "Actual Startup Time": 0.053,
                                "Actual Total Time": 43.32,
                                "Actual Rows": 7292,
                                "Actual Loops": 3,
                                "Filter": "((l_shipdate >= '1993-01-01'::date) AND (l_shipdate < '1993-04-01 00:00:00'::timestamp without time zone))",
                                "Rows Removed by Filter": 192899,
                                "Workers": []
                              }
                            ]
                          }
                        ]
                      }
                    ]
                  }
                ]
              }
            ]
          },
          {
            "Node Type": "Sort",
            "Parent Relationship": "Outer",
            "Parallel Aware": false,
            "Async Capable": false,
            "Startup Cost": 103.83,
            "Total Cost": 106.33,
            "Plan Rows": 1000,
            "Plan Width": 72,
            "Actual Startup Time": 0.525,
            "Actual Total Time": 0.562,
            "Actual Rows": 945,
            "Actual Loops": 1,
            "Sort Key": [
              "supplier.s_suppkey"
            ],
            "Sort Method": "quicksort",
            "Sort Space Used": 114,
            "Sort Space Type": "Memory",
            "Plans": [
              {
                "Node Type": "Seq Scan",
                "Parent Relationship": "Outer",
                "Parallel Aware": false,
                "Async Capable": false,
                "Relation Name": "supplier",
                "Alias": "supplier",
                "Startup Cost": 0.0,
                "Total Cost": 54.0,
                "Plan Rows": 1000,
                "Plan Width": 72,
                "Actual Startup Time": 0.017,
                "Actual Total Time": 0.263,
                "Actual Rows": 1000,
                "Actual Loops": 1
              }
            ]
          },
          {
            "Node Type": "Aggregate",
            "Strategy": "Sorted",
            "Partial Mode": "Finalize",
            "Parent Relationship": "Inner",
            "Parallel Aware": false,
            "Async Capable": false,
            "Startup Cost": 16517.21,
            "Total Cost": 16780.56,
            "Plan Rows": 5,
            "Plan Width": 36,
            "Actual Startup Time": 105.497,
            "Actual Total Time": 107.81,
            "Actual Rows": 1,
            "Actual Loops": 1,
            "Group Key": [
              "lineitem.l_suppkey"
            ],
            "Filter": "(sum((lineitem.l_extendedprice * ('1'::numeric - lineitem.l_discount))) = (InitPlan 1).col1)",
            "Rows Removed by Filter": 999,
            "Plans": [
              {
                "Node Type": "Gather Merge",
                "Parent Relationship": "Outer",
                "Parallel Aware": false,
                "Async Capable": false,
                "Startup Cost": 16517.21,
                "Total Cost": 16750.56,
                "Plan Rows": 2000,
                "Plan Width": 36,
                "Actual Startup Time": 48.141,
                "Actual Total Time": 50.83,
                "Actual Rows": 2996,
                "Actual Loops": 1,
                "Workers Planned": 2,
                "Workers Launched": 2,
                "Plans": [
                  {
                    "Node Type": "Sort",
                    "Parent Relationship": "Outer",
                    "Parallel Aware": false,
                    "Async Capable": false,
                    "Startup Cost": 15517.18,
                    "Total Cost": 15519.68,
                    "Plan Rows": 1000,
                    "Plan Width": 36,
                    "Actual Startup Time": 45.03,
                    "Actual Total Time": 45.117,
                    "Actual Rows": 999,
                    "Actual Loops": 3,
                    "Sort Key": [
                      "lineitem.l_suppkey"
                    ],
                    "Sort Method": "quicksort",
                    "Sort Space Used": 110,
                    "Sort Space Type": "Memory",
                    "Workers": [
                      {
                        "Worker Number": 0,
                        "Sort Method": "quicksort",
                        "Sort Space Used": 110,
                        "Sort Space Type": "Memory"
                      },
                      {
                        "Worker Number": 1,
                        "Sort Method": "quicksort",
                        "Sort Space Used": 110,
                        "Sort Space Type": "Memory"
                      }
                    ],
                    "Plans": [
                      {
                        "Node Type": "Aggregate",
                        "Strategy": "Hashed",
                        "Partial Mode": "Partial",
                        "Parent Relationship": "Outer",
                        "Parallel Aware": false,
                        "Async Capable": false,
                        "Startup Cost": 15454.85,
                        "Total Cost": 15467.35,
                        "Plan Rows": 1000,
                        "Plan Width": 36,
                        "Actual Startup Time": 44.332,
                        "Actual Total Time": 44.784,
                        "Actual Rows": 999,
                        "Actual Loops": 3,
                        "Group Key": [
                          "lineitem.l_suppkey"
                        ],
                        "Planned Partitions": 0,
                        "HashAgg Batches": 1,
                        "Peak Memory Usage": 577,
                        "Disk Usage": 0,
                        "Workers": [
                          {
                            "Worker Number": 0,
                            "HashAgg Batches": 1,
                            "Peak Memory Usage": 577,
                            "Disk Usage": 0
                          },
                          {
                            "Worker Number": 1,
                            "HashAgg Batches": 1,
                            "Peak Memory Usage": 577,
                            "Disk Usage": 0
                          }
                        ],
                        "Plans": [
                          {
                            "Node Type": "Seq Scan",
                            "Parent Relationship": "Outer",
                            "Parallel Aware": true,
                            "Async Capable": false,
                            "Relation Name": "lineitem",
                            "Alias": "lineitem",
                            "Startup Cost": 0.0,
                            "Total Cost": 15361.58,
                            "Plan Rows": 9328,
                            "Plan Width": 16,
                            "Actual Startup Time": 0.032,
                            "Actual Total Time": 39.839,
                            "Actual Rows": 7292,
                            "Actual Loops": 3,
                            "Filter": "((l_shipdate >= '1993-01-01'::date) AND (l_shipdate < '1993-04-01 00:00:00'::timestamp without time zone))",
                            "Rows Removed by Filter": 192899,
                            "Workers": []
                          }
                        ]
                      }
                    ]
                  }
                ]
              }
            ]
          }
        ]
      },
      "Planning Time": 0.399,
      "Triggers": [],
      "Execution Time": 108.9
    }
  },
  {
    "query_id": "query15.52",
    "query": "select\n\ts_suppkey,\n\ts_name,\n\ts_address,\n\ts_phone,\n\ttotal_revenue\nfrom\n\tsupplier,\n\trevenue0\nwhere\n\ts_suppkey = supplier_no\n\tand total_revenue = (\n\t\tselect\n\t\t\tmax(total_revenue)\n\t\tfrom\n\t\t\trevenue0\n\t)\norder by\n\ts_suppkey;\n",
    "execution_time": 115.898,
    "plan": {
      "Plan": {
        "Node Type": "Merge Join",
        "Parallel Aware": false,
        "Async Capable": false,
        "Join Type": "Inner",
        "Startup Cost": 33419.4,
        "Total Cost": 33687.87,
        "Plan Rows": 5,
        "Plan Width": 104,
        "Actual Startup Time": 113.754,
        "Actual Total Time": 115.711,
        "Actual Rows": 1,
        "Actual Loops": 1,
        "Inner Unique": true,
        "Merge Cond": "(supplier.s_suppkey = lineitem.l_suppkey)",
        "Plans": [
          {
            "Node Type": "Aggregate",
            "Strategy": "Plain",
            "Partial Mode": "Simple",
            "Parent Relationship": "InitPlan",
            "Subplan Name": "InitPlan 1",
            "Parallel Aware": false,
            "Async Capable": false,
            "Startup Cost": 16794.46,
            "Total Cost": 16794.47,
            "Plan Rows": 1,
            "Plan Width": 32,
            "Actual Startup Time": 57.492,
            "Actual Total Time": 57.918,
            "Actual Rows": 1,
            "Actual Loops": 1,
            "Plans": [
              {
                "Node Type": "Aggregate",
                "Strategy": "Sorted",
                "Partial Mode": "Finalize",
                "Parent Relationship": "Outer",
                "Parallel Aware": false,
                "Async Capable": false,
                "Startup Cost": 16521.11,
                "Total Cost": 16781.96,
                "Plan Rows": 1000,
                "Plan Width": 36,
                "Actual Startup Time": 55.431,
                "Actual Total Time": 57.839,
                "Actual Rows": 1000,
                "Actual Loops": 1,
                "Group Key": [
                  "lineitem_1.l_suppkey"
                ],
                "Plans": [
                  {
                    "Node Type": "Gather Merge",
                    "Parent Relationship": "Outer",
                    "Parallel Aware": false,
                    "Async Capable": false,
                    "Startup Cost": 16521.11,
                    "Total Cost": 16754.46,
                    "Plan Rows": 2000,
                    "Plan Width": 36,
                    "Actual Startup Time": 55.418,
                    "Actual Total Time": 56.432,
                    "Actual Rows": 2995,
                    "Actual Loops": 1,
                    "Workers Planned": 2,
                    "Workers Launched": 2,
                    "Plans": [
                      {
                        "Node Type": "Sort",
                        "Parent Relationship": "Outer",
                        "Parallel Aware": false,
                        "Async Capable": false,
                        "Startup Cost": 15521.08,
                        "Total Cost": 15523.58,
                        "Plan Rows": 1000,
                        "Plan Width": 36,
                        "Actual Startup Time": 51.83,
                        "Actual Total Time": 51.908,
                        "Actual Rows": 998,
                        "Actual Loops": 3,
                        "Sort Key": [
                          "lineitem_1.l_suppkey"
                        ],
                        "Sort Method": "quicksort",
                        "Sort Space Used": 110,
                        "Sort Space Type": "Memory",
                        "Workers": [
                          {
                            "Worker Number": 0,
                            "Sort Method": "quicksort",
                            "Sort Space Used": 110,
                            "Sort Space Type": "Memory"
                          },
                          {
                            "Worker Number": 1,
                            "Sort Method": "quicksort",
                            "Sort Space Used": 110,
                            "Sort Space Type": "Memory"
                          }
                        ],
                        "Plans": [
                          {
                            "Node Type": "Aggregate",
                            "Strategy": "Hashed",
                            "Partial Mode": "Partial",
                            "Parent Relationship": "Outer",
                            "Parallel Aware": false,
                            "Async Capable": false,
                            "Startup Cost": 15458.76,
                            "Total Cost": 15471.26,
                            "Plan Rows": 1000,
                            "Plan Width": 36,
                            "Actual Startup Time": 51.148,
                            "Actual Total Time": 51.489,
                            "Actual Rows": 998,
                            "Actual Loops": 3,
                            "Group Key": [
                              "lineitem_1.l_suppkey"
                            ],
                            "Planned Partitions": 0,
                            "HashAgg Batches": 1,
                            "Peak Memory Usage": 577,
                            "Disk Usage": 0,
                            "Workers": [
                              {
                                "Worker Number": 0,
                                "HashAgg Batches": 1,
                                "Peak Memory Usage": 577,
                                "Disk Usage": 0
                              },
                              {
                                "Worker Number": 1,
                                "HashAgg Batches": 1,
                                "Peak Memory Usage": 577,
                                "Disk Usage": 0
                              }
                            ],
                            "Plans": [
                              {
                                "Node Type": "Seq Scan",
                                "Parent Relationship": "Outer",
                                "Parallel Aware": true,
                                "Async Capable": false,
                                "Relation Name": "lineitem",
                                "Alias": "lineitem_1",
                                "Startup Cost": 0.0,
                                "Total Cost": 15361.58,
                                "Plan Rows": 9718,
                                "Plan Width": 16,
                                "Actual Startup Time": 0.053,
                                "Actual Total Time": 46.358,
                                "Actual Rows": 7725,
                                "Actual Loops": 3,
                                "Filter": "((l_shipdate >= '1995-08-01'::date) AND (l_shipdate < '1995-11-01 00:00:00'::timestamp without time zone))",
                                "Rows Removed by Filter": 192466,
                                "Workers": []
                              }
                            ]
                          }
                        ]
                      }
                    ]
                  }
                ]
              }
            ]
          },
          {
            "Node Type": "Sort",
            "Parent Relationship": "Outer",
            "Parallel Aware": false,
            "Async Capable": false,
            "Startup Cost": 103.83,
            "Total Cost": 106.33,
            "Plan Rows": 1000,
            "Plan Width": 72,
            "Actual Startup Time": 0.706,
            "Actual Total Time": 0.943,
            "Actual Rows": 861,
            "Actual Loops": 1,
            "Sort Key": [
              "supplier.s_suppkey"
            ],
            "Sort Method": "quicksort",
            "Sort Space Used": 114,
            "Sort Space Type": "Memory",
            "Plans": [
              {
                "Node Type": "Seq Scan",
                "Parent Relationship": "Outer",
                "Parallel Aware": false,
                "Async Capable": false,
                "Relation Name": "supplier",
                "Alias": "supplier",
                "Startup Cost": 0.0,
                "Total Cost": 54.0,
                "Plan Rows": 1000,
                "Plan Width": 72,
                "Actual Startup Time": 0.016,
                "Actual Total Time": 0.398,
                "Actual Rows": 1000,
                "Actual Loops": 1
              }
            ]
          },
          {
            "Node Type": "Aggregate",
            "Strategy": "Sorted",
            "Partial Mode": "Finalize",
            "Parent Relationship": "Inner",
            "Parallel Aware": false,
            "Async Capable": false,
            "Startup Cost": 16521.11,
            "Total Cost": 16784.46,
            "Plan Rows": 5,
            "Plan Width": 36,
            "Actual Startup Time": 112.713,
            "Actual Total Time": 114.24,
            "Actual Rows": 1,
            "Actual Loops": 1,
            "Group Key": [
              "lineitem.l_suppkey"
            ],
            "Filter": "(sum((lineitem.l_extendedprice * ('1'::numeric - lineitem.l_discount))) = (InitPlan 1).col1)",
            "Rows Removed by Filter": 999,
            "Plans": [
              {
                "Node Type": "Gather Merge",
                "Parent Relationship": "Outer",
                "Parallel Aware": false,
                "Async Capable": false,
                "Startup Cost": 16521.11,
                "Total Cost": 16754.46,
                "Plan Rows": 2000,
                "Plan Width": 36,
                "Actual Startup Time": 53.402,
                "Actual Total Time": 55.35,
                "Actual Rows": 2993,
                "Actual Loops": 1,
                "Workers Planned": 2,
                "Workers Launched": 2,
                "Plans": [
                  {
                    "Node Type": "Sort",
                    "Parent Relationship": "Outer",
                    "Parallel Aware": false,
                    "Async Capable": false,
                    "Startup Cost": 15521.08,
                    "Total Cost": 15523.58,
                    "Plan Rows": 1000,
                    "Plan Width": 36,
                    "Actual Startup Time": 49.789,
                    "Actual Total Time": 49.896,
                    "Actual Rows": 998,
                    "Actual Loops": 3,
                    "Sort Key": [
                      "lineitem.l_suppkey"
                    ],
                    "Sort Method": "quicksort",
                    "Sort Space Used": 110,
                    "Sort Space Type": "Memory",
                    "Workers": [
                      {
                        "Worker Number": 0,
                        "Sort Method": "quicksort",
                        "Sort Space Used": 110,
                        "Sort Space Type": "Memory"
                      },
                      {
                        "Worker Number": 1,
                        "Sort Method": "quicksort",
                        "Sort Space Used": 110,
                        "Sort Space Type": "Memory"
                      }
                    ],
                    "Plans": [
                      {
                        "Node Type": "Aggregate",
                        "Strategy": "Hashed",
                        "Partial Mode": "Partial",
                        "Parent Relationship": "Outer",
                        "Parallel Aware": false,
                        "Async Capable": false,
                        "Startup Cost": 15458.76,
                        "Total Cost": 15471.26,
                        "Plan Rows": 1000,
                        "Plan Width": 36,
                        "Actual Startup Time": 49.22,
                        "Actual Total Time": 49.573,
                        "Actual Rows": 998,
                        "Actual Loops": 3,
                        "Group Key": [
                          "lineitem.l_suppkey"
                        ],
                        "Planned Partitions": 0,
                        "HashAgg Batches": 1,
                        "Peak Memory Usage": 577,
                        "Disk Usage": 0,
                        "Workers": [
                          {
                            "Worker Number": 0,
                            "HashAgg Batches": 1,
                            "Peak Memory Usage": 577,
                            "Disk Usage": 0
                          },
                          {
                            "Worker Number": 1,
                            "HashAgg Batches": 1,
                            "Peak Memory Usage": 577,
                            "Disk Usage": 0
                          }
                        ],
                        "Plans": [
                          {
                            "Node Type": "Seq Scan",
                            "Parent Relationship": "Outer",
                            "Parallel Aware": true,
                            "Async Capable": false,
                            "Relation Name": "lineitem",
                            "Alias": "lineitem",
                            "Startup Cost": 0.0,
                            "Total Cost": 15361.58,
                            "Plan Rows": 9718,
                            "Plan Width": 16,
                            "Actual Startup Time": 0.016,
                            "Actual Total Time": 44.214,
                            "Actual Rows": 7725,
                            "Actual Loops": 3,
                            "Filter": "((l_shipdate >= '1995-08-01'::date) AND (l_shipdate < '1995-11-01 00:00:00'::timestamp without time zone))",
                            "Rows Removed by Filter": 192466,
                            "Workers": []
                          }
                        ]
                      }
                    ]
                  }
                ]
              }
            ]
          }
        ]
      },
      "Planning Time": 0.371,
      "Triggers": [],
      "Execution Time": 115.898
    }
  },
  {
    "query_id": "query15.53",
    "query": "select\n\ts_suppkey,\n\ts_name,\n\ts_address,\n\ts_phone,\n\ttotal_revenue\nfrom\n\tsupplier,\n\trevenue0\nwhere\n\ts_suppkey = supplier_no\n\tand total_revenue = (\n\t\tselect\n\t\t\tmax(total_revenue)\n\t\tfrom\n\t\t\trevenue0\n\t)\norder by\n\ts_suppkey;\n",
    "execution_time": 115.835,
    "plan": {
      "Plan": {
        "Node Type": "Merge Join",
        "Parallel Aware": false,
        "Async Capable": false,
        "Join Type": "Inner",
        "Startup Cost": 33419.2,
        "Total Cost": 33687.67,
        "Plan Rows": 5,
        "Plan Width": 104,
        "Actual Startup Time": 113.497,
        "Actual Total Time": 115.681,
        "Actual Rows": 1,
        "Actual Loops": 1,
        "Inner Unique": true,
        "Merge Cond": "(supplier.s_suppkey = lineitem.l_suppkey)",
        "Plans": [
          {
            "Node Type": "Aggregate",
            "Strategy": "Plain",
            "Partial Mode": "Simple",
            "Parent Relationship": "InitPlan",
            "Subplan Name": "InitPlan 1",
            "Parallel Aware": false,
            "Async Capable": false,
            "Startup Cost": 16794.36,
            "Total Cost": 16794.37,
            "Plan Rows": 1,
            "Plan Width": 32,
            "Actual Startup Time": 56.108,
            "Actual Total Time": 57.513,
            "Actual Rows": 1,
            "Actual Loops": 1,
            "Plans": [
              {
                "Node Type": "Aggregate",
                "Strategy": "Sorted",
                "Partial Mode": "Finalize",
                "Parent Relationship": "Outer",
                "Parallel Aware": false,
                "Async Capable": false,
                "Startup Cost": 16521.01,
                "Total Cost": 16781.86,
                "Plan Rows": 1000,
                "Plan Width": 36,
                "Actual Startup Time": 53.875,
                "Actual Total Time": 57.429,
                "Actual Rows": 1000,
                "Actual Loops": 1,
                "Group Key": [
                  "lineitem_1.l_suppkey"
                ],
                "Plans": [
                  {
                    "Node Type": "Gather Merge",
                    "Parent Relationship": "Outer",
                    "Parallel Aware": false,
                    "Async Capable": false,
                    "Startup Cost": 16521.01,
                    "Total Cost": 16754.36,
                    "Plan Rows": 2000,
                    "Plan Width": 36,
                    "Actual Startup Time": 53.857,
                    "Actual Total Time": 55.925,
                    "Actual Rows": 2998,
                    "Actual Loops": 1,
                    "Workers Planned": 2,
                    "Workers Launched": 2,
                    "Plans": [
                      {
                        "Node Type": "Sort",
                        "Parent Relationship": "Outer",
                        "Parallel Aware": false,
                        "Async Capable": false,
                        "Startup Cost": 15520.98,
                        "Total Cost": 15523.48,
                        "Plan Rows": 1000,
                        "Plan Width": 36,
                        "Actual Startup Time": 49.803,
                        "Actual Total Time": 49.878,
                        "Actual Rows": 999,
                        "Actual Loops": 3,
                        "Sort Key": [
                          "lineitem_1.l_suppkey"
                        ],
                        "Sort Method": "quicksort",
                        "Sort Space Used": 110,
                        "Sort Space Type": "Memory",
                        "Workers": [
                          {
                            "Worker Number": 0,
                            "Sort Method": "quicksort",
                            "Sort Space Used": 110,
                            "Sort Space Type": "Memory"
                          },
                          {
                            "Worker Number": 1,
                            "Sort Method": "quicksort",
                            "Sort Space Used": 110,
                            "Sort Space Type": "Memory"
                          }
                        ],
                        "Plans": [
                          {
                            "Node Type": "Aggregate",
                            "Strategy": "Hashed",
                            "Partial Mode": "Partial",
                            "Parent Relationship": "Outer",
                            "Parallel Aware": false,
                            "Async Capable": false,
                            "Startup Cost": 15458.66,
                            "Total Cost": 15471.16,
                            "Plan Rows": 1000,
                            "Plan Width": 36,
                            "Actual Startup Time": 49.089,
                            "Actual Total Time": 49.528,
                            "Actual Rows": 999,
                            "Actual Loops": 3,
                            "Group Key": [
                              "lineitem_1.l_suppkey"
                            ],
                            "Planned Partitions": 0,
                            "HashAgg Batches": 1,
                            "Peak Memory Usage": 577,
                            "Disk Usage": 0,
                            "Workers": [
                              {
                                "Worker Number": 0,
                                "HashAgg Batches": 1,
                                "Peak Memory Usage": 577,
                                "Disk Usage": 0
                              },
                              {
                                "Worker Number": 1,
                                "HashAgg Batches": 1,
                                "Peak Memory Usage": 577,
                                "Disk Usage": 0
                              }
                            ],
                            "Plans": [
                              {
                                "Node Type": "Seq Scan",
                                "Parent Relationship": "Outer",
                                "Parallel Aware": true,
                                "Async Capable": false,
                                "Relation Name": "lineitem",
                                "Alias": "lineitem_1",
                                "Startup Cost": 0.0,
                                "Total Cost": 15361.58,
                                "Plan Rows": 9708,
                                "Plan Width": 16,
                                "Actual Startup Time": 0.083,
                                "Actual Total Time": 44.574,
                                "Actual Rows": 7540,
                                "Actual Loops": 3,
                                "Filter": "((l_shipdate >= '1993-05-01'::date) AND (l_shipdate < '1993-08-01 00:00:00'::timestamp without time zone))",
                                "Rows Removed by Filter": 192651,
                                "Workers": []
                              }
                            ]
                          }
                        ]
                      }
                    ]
                  }
                ]
              }
            ]
          },
          {
            "Node Type": "Sort",
            "Parent Relationship": "Outer",
            "Parallel Aware": false,
            "Async Capable": false,
            "Startup Cost": 103.83,
            "Total Cost": 106.33,
            "Plan Rows": 1000,
            "Plan Width": 72,
            "Actual Startup Time": 0.328,
            "Actual Total Time": 0.623,
            "Actual Rows": 983,
            "Actual Loops": 1,
            "Sort Key": [
              "supplier.s_suppkey"
            ],
            "Sort Method": "quicksort",
            "Sort Space Used": 114,
            "Sort Space Type": "Memory",
            "Plans": [
              {
                "Node Type": "Seq Scan",
                "Parent Relationship": "Outer",
                "Parallel Aware": false,
                "Async Capable": false,
                "Relation Name": "supplier",
                "Alias": "supplier",
                "Startup Cost": 0.0,
                "Total Cost": 54.0,
                "Plan Rows": 1000,
                "Plan Width": 72,
                "Actual Startup Time": 0.01,
                "Actual Total Time": 0.178,
                "Actual Rows": 1000,
                "Actual Loops": 1
              }
            ]
          },
          {
            "Node Type": "Aggregate",
            "Strategy": "Sorted",
            "Partial Mode": "Finalize",
            "Parent Relationship": "Inner",
            "Parallel Aware": false,
            "Async Capable": false,
            "Startup Cost": 16521.01,
            "Total Cost": 16784.36,
            "Plan Rows": 5,
            "Plan Width": 36,
            "Actual Startup Time": 112.749,
            "Actual Total Time": 113.524,
            "Actual Rows": 1,
            "Actual Loops": 1,
            "Group Key": [
              "lineitem.l_suppkey"
            ],
            "Filter": "(sum((lineitem.l_extendedprice * ('1'::numeric - lineitem.l_discount))) = (InitPlan 1).col1)",
            "Rows Removed by Filter": 999,
            "Plans": [
              {
                "Node Type": "Gather Merge",
                "Parent Relationship": "Outer",
                "Parallel Aware": false,
                "Async Capable": false,
                "Startup Cost": 16521.01,
                "Total Cost": 16754.36,
                "Plan Rows": 2000,
                "Plan Width": 36,
                "Actual Startup Time": 54.193,
                "Actual Total Time": 56.031,
                "Actual Rows": 2994,
                "Actual Loops": 1,
                "Workers Planned": 2,
                "Workers Launched": 2,
                "Plans": [
                  {
                    "Node Type": "Sort",
                    "Parent Relationship": "Outer",
                    "Parallel Aware": false,
                    "Async Capable": false,
                    "Startup Cost": 15520.98,
                    "Total Cost": 15523.48,
                    "Plan Rows": 1000,
                    "Plan Width": 36,
                    "Actual Startup Time": 50.276,
                    "Actual Total Time": 50.444,
                    "Actual Rows": 998,
                    "Actual Loops": 3,
                    "Sort Key": [
                      "lineitem.l_suppkey"
                    ],
                    "Sort Method": "quicksort",
                    "Sort Space Used": 110,
                    "Sort Space Type": "Memory",
                    "Workers": [
                      {
                        "Worker Number": 0,
                        "Sort Method": "quicksort",
                        "Sort Space Used": 110,
                        "Sort Space Type": "Memory"
                      },
                      {
                        "Worker Number": 1,
                        "Sort Method": "quicksort",
                        "Sort Space Used": 110,
                        "Sort Space Type": "Memory"
                      }
                    ],
                    "Plans": [
                      {
                        "Node Type": "Aggregate",
                        "Strategy": "Hashed",
                        "Partial Mode": "Partial",
                        "Parent Relationship": "Outer",
                        "Parallel Aware": false,
                        "Async Capable": false,
                        "Startup Cost": 15458.66,
                        "Total Cost": 15471.16,
                        "Plan Rows": 1000,
                        "Plan Width": 36,
                        "Actual Startup Time": 49.483,
                        "Actual Total Time": 49.982,
                        "Actual Rows": 998,
                        "Actual Loops": 3,
                        "Group Key": [
                          "lineitem.l_suppkey"
                        ],
                        "Planned Partitions": 0,
                        "HashAgg Batches": 1,
                        "Peak Memory Usage": 577,
                        "Disk Usage": 0,
                        "Workers": [
                          {
                            "Worker Number": 0,
                            "HashAgg Batches": 1,
                            "Peak Memory Usage": 577,
                            "Disk Usage": 0
                          },
                          {
                            "Worker Number": 1,
                            "HashAgg Batches": 1,
                            "Peak Memory Usage": 577,
                            "Disk Usage": 0
                          }
                        ],
                        "Plans": [
                          {
                            "Node Type": "Seq Scan",
                            "Parent Relationship": "Outer",
                            "Parallel Aware": true,
                            "Async Capable": false,
                            "Relation Name": "lineitem",
                            "Alias": "lineitem",
                            "Startup Cost": 0.0,
                            "Total Cost": 15361.58,
                            "Plan Rows": 9708,
                            "Plan Width": 16,
                            "Actual Startup Time": 0.018,
                            "Actual Total Time": 44.78,
                            "Actual Rows": 7540,
                            "Actual Loops": 3,
                            "Filter": "((l_shipdate >= '1993-05-01'::date) AND (l_shipdate < '1993-08-01 00:00:00'::timestamp without time zone))",
                            "Rows Removed by Filter": 192651,
                            "Workers": []
                          }
                        ]
                      }
                    ]
                  }
                ]
              }
            ]
          }
        ]
      },
      "Planning Time": 0.281,
      "Triggers": [],
      "Execution Time": 115.835
    }
  },
  {
    "query_id": "query15.54",
    "query": "select\n\ts_suppkey,\n\ts_name,\n\ts_address,\n\ts_phone,\n\ttotal_revenue\nfrom\n\tsupplier,\n\trevenue0\nwhere\n\ts_suppkey = supplier_no\n\tand total_revenue = (\n\t\tselect\n\t\t\tmax(total_revenue)\n\t\tfrom\n\t\t\trevenue0\n\t)\norder by\n\ts_suppkey;\n",
    "execution_time": 111.378,
    "plan": {
      "Plan": {
        "Node Type": "Merge Join",
        "Parallel Aware": false,
        "Async Capable": false,
        "Join Type": "Inner",
        "Startup Cost": 33417.64,
        "Total Cost": 33686.11,
        "Plan Rows": 5,
        "Plan Width": 104,
        "Actual Startup Time": 108.481,
        "Actual Total Time": 111.151,
        "Actual Rows": 1,
        "Actual Loops": 1,
        "Inner Unique": true,
        "Merge Cond": "(supplier.s_suppkey = lineitem.l_suppkey)",
        "Plans": [
          {
            "Node Type": "Aggregate",
            "Strategy": "Plain",
            "Partial Mode": "Simple",
            "Parent Relationship": "InitPlan",
            "Subplan Name": "InitPlan 1",
            "Parallel Aware": false,
            "Async Capable": false,
            "Startup Cost": 16793.58,
            "Total Cost": 16793.59,
            "Plan Rows": 1,
            "Plan Width": 32,
            "Actual Startup Time": 53.061,
            "Actual Total Time": 53.8,
            "Actual Rows": 1,
            "Actual Loops": 1,
            "Plans": [
              {
                "Node Type": "Aggregate",
                "Strategy": "Sorted",
                "Partial Mode": "Finalize",
                "Parent Relationship": "Outer",
                "Parallel Aware": false,
                "Async Capable": false,
                "Startup Cost": 16520.23,
                "Total Cost": 16781.08,
                "Plan Rows": 1000,
                "Plan Width": 36,
                "Actual Startup Time": 51.316,
                "Actual Total Time": 53.741,
                "Actual Rows": 1000,
                "Actual Loops": 1,
                "Group Key": [
                  "lineitem_1.l_suppkey"
                ],
                "Plans": [
                  {
                    "Node Type": "Gather Merge",
                    "Parent Relationship": "Outer",
                    "Parallel Aware": false,
                    "Async Capable": false,
                    "Startup Cost": 16520.23,
                    "Total Cost": 16753.58,
                    "Plan Rows": 2000,
                    "Plan Width": 36,
                    "Actual Startup Time": 51.307,
                    "Actual Total Time": 52.556,
                    "Actual Rows": 2992,
                    "Actual Loops": 1,
                    "Workers Planned": 2,
                    "Workers Launched": 2,
                    "Plans": [
                      {
                        "Node Type": "Sort",
                        "Parent Relationship": "Outer",
                        "Parallel Aware": false,
                        "Async Capable": false,
                        "Startup Cost": 15520.2,
                        "Total Cost": 15522.7,
                        "Plan Rows": 1000,
                        "Plan Width": 36,
                        "Actual Startup Time": 47.306,
                        "Actual Total Time": 47.369,
                        "Actual Rows": 997,
                        "Actual Loops": 3,
                        "Sort Key": [
                          "lineitem_1.l_suppkey"
                        ],
                        "Sort Method": "quicksort",
                        "Sort Space Used": 110,
                        "Sort Space Type": "Memory",
                        "Workers": [
                          {
                            "Worker Number": 0,
                            "Sort Method": "quicksort",
                            "Sort Space Used": 110,
                            "Sort Space Type": "Memory"
                          },
                          {
                            "Worker Number": 1,
                            "Sort Method": "quicksort",
                            "Sort Space Used": 110,
                            "Sort Space Type": "Memory"
                          }
                        ],
                        "Plans": [
                          {
                            "Node Type": "Aggregate",
                            "Strategy": "Hashed",
                            "Partial Mode": "Partial",
                            "Parent Relationship": "Outer",
                            "Parallel Aware": false,
                            "Async Capable": false,
                            "Startup Cost": 15457.88,
                            "Total Cost": 15470.38,
                            "Plan Rows": 1000,
                            "Plan Width": 36,
                            "Actual Startup Time": 46.713,
                            "Actual Total Time": 47.08,
                            "Actual Rows": 997,
                            "Actual Loops": 3,
                            "Group Key": [
                              "lineitem_1.l_suppkey"
                            ],
                            "Planned Partitions": 0,
                            "HashAgg Batches": 1,
                            "Peak Memory Usage": 577,
                            "Disk Usage": 0,
                            "Workers": [
                              {
                                "Worker Number": 0,
                                "HashAgg Batches": 1,
                                "Peak Memory Usage": 577,
                                "Disk Usage": 0
                              },
                              {
                                "Worker Number": 1,
                                "HashAgg Batches": 1,
                                "Peak Memory Usage": 577,
                                "Disk Usage": 0
                              }
                            ],
                            "Plans": [
                              {
                                "Node Type": "Seq Scan",
                                "Parent Relationship": "Outer",
                                "Parallel Aware": true,
                                "Async Capable": false,
                                "Relation Name": "lineitem",
                                "Alias": "lineitem_1",
                                "Startup Cost": 0.0,
                                "Total Cost": 15361.58,
                                "Plan Rows": 9630,
                                "Plan Width": 16,
                                "Actual Startup Time": 0.022,
                                "Actual Total Time": 42.229,
                                "Actual Rows": 7634,
                                "Actual Loops": 3,
                                "Filter": "((l_shipdate >= '1995-12-01'::date) AND (l_shipdate < '1996-03-01 00:00:00'::timestamp without time zone))",
                                "Rows Removed by Filter": 192557,
                                "Workers": []
                              }
                            ]
                          }
                        ]
                      }
                    ]
                  }
                ]
              }
            ]
          },
          {
            "Node Type": "Sort",
            "Parent Relationship": "Outer",
            "Parallel Aware": false,
            "Async Capable": false,
            "Startup Cost": 103.83,
            "Total Cost": 106.33,
            "Plan Rows": 1000,
            "Plan Width": 72,
            "Actual Startup Time": 0.399,
            "Actual Total Time": 0.435,
            "Actual Rows": 658,
            "Actual Loops": 1,
            "Sort Key": [
              "supplier.s_suppkey"
            ],
            "Sort Method": "quicksort",
            "Sort Space Used": 114,
            "Sort Space Type": "Memory",
            "Plans": [
              {
                "Node Type": "Seq Scan",
                "Parent Relationship": "Outer",
                "Parallel Aware": false,
                "Async Capable": false,
                "Relation Name": "supplier",
                "Alias": "supplier",
                "Startup Cost": 0.0,
                "Total Cost": 54.0,
                "Plan Rows": 1000,
                "Plan Width": 72,
                "Actual Startup Time": 0.015,
                "Actual Total Time": 0.244,
                "Actual Rows": 1000,
                "Actual Loops": 1
              }
            ]
          },
          {
            "Node Type": "Aggregate",
            "Strategy": "Sorted",
            "Partial Mode": "Finalize",
            "Parent Relationship": "Inner",
            "Parallel Aware": false,
            "Async Capable": false,
            "Startup Cost": 16520.23,
            "Total Cost": 16783.58,
            "Plan Rows": 5,
            "Plan Width": 36,
            "Actual Startup Time": 107.996,
            "Actual Total Time": 109.924,
            "Actual Rows": 1,
            "Actual Loops": 1,
            "Group Key": [
              "lineitem.l_suppkey"
            ],
            "Filter": "(sum((lineitem.l_extendedprice * ('1'::numeric - lineitem.l_discount))) = (InitPlan 1).col1)",
            "Rows Removed by Filter": 999,
            "Plans": [
              {
                "Node Type": "Gather Merge",
                "Parent Relationship": "Outer",
                "Parallel Aware": false,
                "Async Capable": false,
                "Startup Cost": 16520.23,
                "Total Cost": 16753.58,
                "Plan Rows": 2000,
                "Plan Width": 36,
                "Actual Startup Time": 53.596,
                "Actual Total Time": 55.483,
                "Actual Rows": 2998,
                "Actual Loops": 1,
                "Workers Planned": 2,
                "Workers Launched": 2,
                "Plans": [
                  {
                    "Node Type": "Sort",
                    "Parent Relationship": "Outer",
                    "Parallel Aware": false,
                    "Async Capable": false,
                    "Startup Cost": 15520.2,
                    "Total Cost": 15522.7,
                    "Plan Rows": 1000,
                    "Plan Width": 36,
                    "Actual Startup Time": 49.591,
                    "Actual Total Time": 49.698,
                    "Actual Rows": 999,
                    "Actual Loops": 3,
                    "Sort Key": [
                      "lineitem.l_suppkey"
                    ],
                    "Sort Method": "quicksort",
                    "Sort Space Used": 110,
                    "Sort Space Type": "Memory",
                    "Workers": [
                      {
                        "Worker Number": 0,
                        "Sort Method": "quicksort",
                        "Sort Space Used": 110,
                        "Sort Space Type": "Memory"
                      },
                      {
                        "Worker Number": 1,
                        "Sort Method": "quicksort",
                        "Sort Space Used": 110,
                        "Sort Space Type": "Memory"
                      }
                    ],
                    "Plans": [
                      {
                        "Node Type": "Aggregate",
                        "Strategy": "Hashed",
                        "Partial Mode": "Partial",
                        "Parent Relationship": "Outer",
                        "Parallel Aware": false,
                        "Async Capable": false,
                        "Startup Cost": 15457.88,
                        "Total Cost": 15470.38,
                        "Plan Rows": 1000,
                        "Plan Width": 36,
                        "Actual Startup Time": 49.038,
                        "Actual Total Time": 49.385,
                        "Actual Rows": 999,
                        "Actual Loops": 3,
                        "Group Key": [
                          "lineitem.l_suppkey"
                        ],
                        "Planned Partitions": 0,
                        "HashAgg Batches": 1,
                        "Peak Memory Usage": 577,
                        "Disk Usage": 0,
                        "Workers": [
                          {
                            "Worker Number": 0,
                            "HashAgg Batches": 1,
                            "Peak Memory Usage": 577,
                            "Disk Usage": 0
                          },
                          {
                            "Worker Number": 1,
                            "HashAgg Batches": 1,
                            "Peak Memory Usage": 577,
                            "Disk Usage": 0
                          }
                        ],
                        "Plans": [
                          {
                            "Node Type": "Seq Scan",
                            "Parent Relationship": "Outer",
                            "Parallel Aware": true,
                            "Async Capable": false,
                            "Relation Name": "lineitem",
                            "Alias": "lineitem",
                            "Startup Cost": 0.0,
                            "Total Cost": 15361.58,
                            "Plan Rows": 9630,
                            "Plan Width": 16,
                            "Actual Startup Time": 0.022,
                            "Actual Total Time": 44.001,
                            "Actual Rows": 7634,
                            "Actual Loops": 3,
                            "Filter": "((l_shipdate >= '1995-12-01'::date) AND (l_shipdate < '1996-03-01 00:00:00'::timestamp without time zone))",
                            "Rows Removed by Filter": 192557,
                            "Workers": []
                          }
                        ]
                      }
                    ]
                  }
                ]
              }
            ]
          }
        ]
      },
      "Planning Time": 0.422,
      "Triggers": [],
      "Execution Time": 111.378
    }
  },
  {
    "query_id": "query15.55",
    "query": "select\n\ts_suppkey,\n\ts_name,\n\ts_address,\n\ts_phone,\n\ttotal_revenue\nfrom\n\tsupplier,\n\trevenue0\nwhere\n\ts_suppkey = supplier_no\n\tand total_revenue = (\n\t\tselect\n\t\t\tmax(total_revenue)\n\t\tfrom\n\t\t\trevenue0\n\t)\norder by\n\ts_suppkey;\n",
    "execution_time": 111.837,
    "plan": {
      "Plan": {
        "Node Type": "Merge Join",
        "Parallel Aware": false,
        "Async Capable": false,
        "Join Type": "Inner",
        "Startup Cost": 33404.18,
        "Total Cost": 33672.65,
        "Plan Rows": 5,
        "Plan Width": 104,
        "Actual Startup Time": 107.836,
        "Actual Total Time": 111.71,
        "Actual Rows": 1,
        "Actual Loops": 1,
        "Inner Unique": true,
        "Merge Cond": "(supplier.s_suppkey = lineitem.l_suppkey)",
        "Plans": [
          {
            "Node Type": "Aggregate",
            "Strategy": "Plain",
            "Partial Mode": "Simple",
            "Parent Relationship": "InitPlan",
            "Subplan Name": "InitPlan 1",
            "Parallel Aware": false,
            "Async Capable": false,
            "Startup Cost": 16786.85,
            "Total Cost": 16786.86,
            "Plan Rows": 1,
            "Plan Width": 32,
            "Actual Startup Time": 52.112,
            "Actual Total Time": 53.494,
            "Actual Rows": 1,
            "Actual Loops": 1,
            "Plans": [
              {
                "Node Type": "Aggregate",
                "Strategy": "Sorted",
                "Partial Mode": "Finalize",
                "Parent Relationship": "Outer",
                "Parallel Aware": false,
                "Async Capable": false,
                "Startup Cost": 16513.5,
                "Total Cost": 16774.35,
                "Plan Rows": 1000,
                "Plan Width": 36,
                "Actual Startup Time": 50.289,
                "Actual Total Time": 53.433,
                "Actual Rows": 1000,
                "Actual Loops": 1,
                "Group Key": [
                  "lineitem_1.l_suppkey"
                ],
                "Plans": [
                  {
                    "Node Type": "Gather Merge",
                    "Parent Relationship": "Outer",
                    "Parallel Aware": false,
                    "Async Capable": false,
                    "Startup Cost": 16513.5,
                    "Total Cost": 16746.85,
                    "Plan Rows": 2000,
                    "Plan Width": 36,
                    "Actual Startup Time": 50.272,
                    "Actual Total Time": 52.15,
                    "Actual Rows": 2997,
                    "Actual Loops": 1,
                    "Workers Planned": 2,
                    "Workers Launched": 2,
                    "Plans": [
                      {
                        "Node Type": "Sort",
                        "Parent Relationship": "Outer",
                        "Parallel Aware": false,
                        "Async Capable": false,
                        "Startup Cost": 15513.47,
                        "Total Cost": 15515.97,
                        "Plan Rows": 1000,
                        "Plan Width": 36,
                        "Actual Startup Time": 46.234,
                        "Actual Total Time": 46.288,
                        "Actual Rows": 999,
                        "Actual Loops": 3,
                        "Sort Key": [
                          "lineitem_1.l_suppkey"
                        ],
                        "Sort Method": "quicksort",
                        "Sort Space Used": 110,
                        "Sort Space Type": "Memory",
                        "Workers": [
                          {
                            "Worker Number": 0,
                            "Sort Method": "quicksort",
                            "Sort Space Used": 110,
                            "Sort Space Type": "Memory"
                          },
                          {
                            "Worker Number": 1,
                            "Sort Method": "quicksort",
                            "Sort Space Used": 110,
                            "Sort Space Type": "Memory"
                          }
                        ],
                        "Plans": [
                          {
                            "Node Type": "Aggregate",
                            "Strategy": "Hashed",
                            "Partial Mode": "Partial",
                            "Parent Relationship": "Outer",
                            "Parallel Aware": false,
                            "Async Capable": false,
                            "Startup Cost": 15451.15,
                            "Total Cost": 15463.65,
                            "Plan Rows": 1000,
                            "Plan Width": 36,
                            "Actual Startup Time": 45.577,
                            "Actual Total Time": 45.976,
                            "Actual Rows": 999,
                            "Actual Loops": 3,
                            "Group Key": [
                              "lineitem_1.l_suppkey"
                            ],
                            "Planned Partitions": 0,
                            "HashAgg Batches": 1,
                            "Peak Memory Usage": 577,
                            "Disk Usage": 0,
                            "Workers": [
                              {
                                "Worker Number": 0,
                                "HashAgg Batches": 1,
                                "Peak Memory Usage": 577,
                                "Disk Usage": 0
                              },
                              {
                                "Worker Number": 1,
                                "HashAgg Batches": 1,
                                "Peak Memory Usage": 577,
                                "Disk Usage": 0
                              }
                            ],
                            "Plans": [
                              {
                                "Node Type": "Seq Scan",
                                "Parent Relationship": "Outer",
                                "Parallel Aware": true,
                                "Async Capable": false,
                                "Relation Name": "lineitem",
                                "Alias": "lineitem_1",
                                "Startup Cost": 0.0,
                                "Total Cost": 15361.58,
                                "Plan Rows": 8957,
                                "Plan Width": 16,
                                "Actual Startup Time": 0.014,
                                "Actual Total Time": 40.13,
                                "Actual Rows": 7545,
                                "Actual Loops": 3,
                                "Filter": "((l_shipdate >= '1993-08-01'::date) AND (l_shipdate < '1993-11-01 00:00:00'::timestamp without time zone))",
                                "Rows Removed by Filter": 192646,
                                "Workers": []
                              }
                            ]
                          }
                        ]
                      }
                    ]
                  }
                ]
              }
            ]
          },
          {
            "Node Type": "Sort",
            "Parent Relationship": "Outer",
            "Parallel Aware": false,
            "Async Capable": false,
            "Startup Cost": 103.83,
            "Total Cost": 106.33,
            "Plan Rows": 1000,
            "Plan Width": 72,
            "Actual Startup Time": 0.39,
            "Actual Total Time": 0.437,
            "Actual Rows": 200,
            "Actual Loops": 1,
            "Sort Key": [
              "supplier.s_suppkey"
            ],
            "Sort Method": "quicksort",
            "Sort Space Used": 114,
            "Sort Space Type": "Memory",
            "Plans": [
              {
                "Node Type": "Seq Scan",
                "Parent Relationship": "Outer",
                "Parallel Aware": false,
                "Async Capable": false,
                "Relation Name": "supplier",
                "Alias": "supplier",
                "Startup Cost": 0.0,
                "Total Cost": 54.0,
                "Plan Rows": 1000,
                "Plan Width": 72,
                "Actual Startup Time": 0.009,
                "Actual Total Time": 0.233,
                "Actual Rows": 1000,
                "Actual Loops": 1
              }
            ]
          },
          {
            "Node Type": "Aggregate",
            "Strategy": "Sorted",
            "Partial Mode": "Finalize",
            "Parent Relationship": "Inner",
            "Parallel Aware": false,
            "Async Capable": false,
            "Startup Cost": 16513.5,
            "Total Cost": 16776.85,
            "Plan Rows": 5,
            "Plan Width": 36,
            "Actual Startup Time": 107.37,
            "Actual Total Time": 109.858,
            "Actual Rows": 1,
            "Actual Loops": 1,
            "Group Key": [
              "lineitem.l_suppkey"
            ],
            "Filter": "(sum((lineitem.l_extendedprice * ('1'::numeric - lineitem.l_discount))) = (InitPlan 1).col1)",
            "Rows Removed by Filter": 999,
            "Plans": [
              {
                "Node Type": "Gather Merge",
                "Parent Relationship": "Outer",
                "Parallel Aware": false,
                "Async Capable": false,
                "Startup Cost": 16513.5,
                "Total Cost": 16746.85,
                "Plan Rows": 2000,
                "Plan Width": 36,
                "Actual Startup Time": 54.806,
                "Actual Total Time": 56.509,
                "Actual Rows": 2996,
                "Actual Loops": 1,
                "Workers Planned": 2,
                "Workers Launched": 2,
                "Plans": [
                  {
                    "Node Type": "Sort",
                    "Parent Relationship": "Outer",
                    "Parallel Aware": false,
                    "Async Capable": false,
                    "Startup Cost": 15513.47,
                    "Total Cost": 15515.97,
                    "Plan Rows": 1000,
                    "Plan Width": 36,
                    "Actual Startup Time": 51.252,
                    "Actual Total Time": 51.381,
                    "Actual Rows": 999,
                    "Actual Loops": 3,
                    "Sort Key": [
                      "lineitem.l_suppkey"
                    ],
                    "Sort Method": "quicksort",
                    "Sort Space Used": 110,
                    "Sort Space Type": "Memory",
                    "Workers": [
                      {
                        "Worker Number": 0,
                        "Sort Method": "quicksort",
                        "Sort Space Used": 110,
                        "Sort Space Type": "Memory"
                      },
                      {
                        "Worker Number": 1,
                        "Sort Method": "quicksort",
                        "Sort Space Used": 110,
                        "Sort Space Type": "Memory"
                      }
                    ],
                    "Plans": [
                      {
                        "Node Type": "Aggregate",
                        "Strategy": "Hashed",
                        "Partial Mode": "Partial",
                        "Parent Relationship": "Outer",
                        "Parallel Aware": false,
                        "Async Capable": false,
                        "Startup Cost": 15451.15,
                        "Total Cost": 15463.65,
                        "Plan Rows": 1000,
                        "Plan Width": 36,
                        "Actual Startup Time": 50.258,
                        "Actual Total Time": 50.929,
                        "Actual Rows": 999,
                        "Actual Loops": 3,
                        "Group Key": [
                          "lineitem.l_suppkey"
                        ],
                        "Planned Partitions": 0,
                        "HashAgg Batches": 1,
                        "Peak Memory Usage": 577,
                        "Disk Usage": 0,
                        "Workers": [
                          {
                            "Worker Number": 0,
                            "HashAgg Batches": 1,
                            "Peak Memory Usage": 577,
                            "Disk Usage": 0
                          },
                          {
                            "Worker Number": 1,
                            "HashAgg Batches": 1,
                            "Peak Memory Usage": 577,
                            "Disk Usage": 0
                          }
                        ],
                        "Plans": [
                          {
                            "Node Type": "Seq Scan",
                            "Parent Relationship": "Outer",
                            "Parallel Aware": true,
                            "Async Capable": false,
                            "Relation Name": "lineitem",
                            "Alias": "lineitem",
                            "Startup Cost": 0.0,
                            "Total Cost": 15361.58,
                            "Plan Rows": 8957,
                            "Plan Width": 16,
                            "Actual Startup Time": 0.016,
                            "Actual Total Time": 45.41,
                            "Actual Rows": 7545,
                            "Actual Loops": 3,
                            "Filter": "((l_shipdate >= '1993-08-01'::date) AND (l_shipdate < '1993-11-01 00:00:00'::timestamp without time zone))",
                            "Rows Removed by Filter": 192646,
                            "Workers": []
                          }
                        ]
                      }
                    ]
                  }
                ]
              }
            ]
          }
        ]
      },
      "Planning Time": 0.435,
      "Triggers": [],
      "Execution Time": 111.837
    }
  },
  {
    "query_id": "query15.56",
    "query": "select\n\ts_suppkey,\n\ts_name,\n\ts_address,\n\ts_phone,\n\ttotal_revenue\nfrom\n\tsupplier,\n\trevenue0\nwhere\n\ts_suppkey = supplier_no\n\tand total_revenue = (\n\t\tselect\n\t\t\tmax(total_revenue)\n\t\tfrom\n\t\t\trevenue0\n\t)\norder by\n\ts_suppkey;\n",
    "execution_time": 105.441,
    "plan": {
      "Plan": {
        "Node Type": "Merge Join",
        "Parallel Aware": false,
        "Async Capable": false,
        "Join Type": "Inner",
        "Startup Cost": 33420.84,
        "Total Cost": 33689.31,
        "Plan Rows": 5,
        "Plan Width": 104,
        "Actual Startup Time": 102.916,
        "Actual Total Time": 105.294,
        "Actual Rows": 1,
        "Actual Loops": 1,
        "Inner Unique": true,
        "Merge Cond": "(supplier.s_suppkey = lineitem.l_suppkey)",
        "Plans": [
          {
            "Node Type": "Aggregate",
            "Strategy": "Plain",
            "Partial Mode": "Simple",
            "Parent Relationship": "InitPlan",
            "Subplan Name": "InitPlan 1",
            "Parallel Aware": false,
            "Async Capable": false,
            "Startup Cost": 16795.18,
            "Total Cost": 16795.19,
            "Plan Rows": 1,
            "Plan Width": 32,
            "Actual Startup Time": 46.888,
            "Actual Total Time": 47.737,
            "Actual Rows": 1,
            "Actual Loops": 1,
            "Plans": [
              {
                "Node Type": "Aggregate",
                "Strategy": "Sorted",
                "Partial Mode": "Finalize",
                "Parent Relationship": "Outer",
                "Parallel Aware": false,
                "Async Capable": false,
                "Startup Cost": 16521.83,
                "Total Cost": 16782.68,
                "Plan Rows": 1000,
                "Plan Width": 36,
                "Actual Startup Time": 45.123,
                "Actual Total Time": 47.654,
                "Actual Rows": 1000,
                "Actual Loops": 1,
                "Group Key": [
                  "lineitem_1.l_suppkey"
                ],
                "Plans": [
                  {
                    "Node Type": "Gather Merge",
                    "Parent Relationship": "Outer",
                    "Parallel Aware": false,
                    "Async Capable": false,
                    "Startup Cost": 16521.83,
                    "Total Cost": 16755.18,
                    "Plan Rows": 2000,
                    "Plan Width": 36,
                    "Actual Startup Time": 45.112,
                    "Actual Total Time": 46.437,
                    "Actual Rows": 2999,
                    "Actual Loops": 1,
                    "Workers Planned": 2,
                    "Workers Launched": 2,
                    "Plans": [
                      {
                        "Node Type": "Sort",
                        "Parent Relationship": "Outer",
                        "Parallel Aware": false,
                        "Async Capable": false,
                        "Startup Cost": 15521.8,
                        "Total Cost": 15524.3,
                        "Plan Rows": 1000,
                        "Plan Width": 36,
                        "Actual Startup Time": 39.03,
                        "Actual Total Time": 39.083,
                        "Actual Rows": 1000,
                        "Actual Loops": 3,
                        "Sort Key": [
                          "lineitem_1.l_suppkey"
                        ],
                        "Sort Method": "quicksort",
                        "Sort Space Used": 110,
                        "Sort Space Type": "Memory",
                        "Workers": [
                          {
                            "Worker Number": 0,
                            "Sort Method": "quicksort",
                            "Sort Space Used": 110,
                            "Sort Space Type": "Memory"
                          },
                          {
                            "Worker Number": 1,
                            "Sort Method": "quicksort",
                            "Sort Space Used": 110,
                            "Sort Space Type": "Memory"
                          }
                        ],
                        "Plans": [
                          {
                            "Node Type": "Aggregate",
                            "Strategy": "Hashed",
                            "Partial Mode": "Partial",
                            "Parent Relationship": "Outer",
                            "Parallel Aware": false,
                            "Async Capable": false,
                            "Startup Cost": 15459.48,
                            "Total Cost": 15471.98,
                            "Plan Rows": 1000,
                            "Plan Width": 36,
                            "Actual Startup Time": 38.435,
                            "Actual Total Time": 38.778,
                            "Actual Rows": 1000,
                            "Actual Loops": 3,
                            "Group Key": [
                              "lineitem_1.l_suppkey"
                            ],
                            "Planned Partitions": 0,
                            "HashAgg Batches": 1,
                            "Peak Memory Usage": 577,
                            "Disk Usage": 0,
                            "Workers": [
                              {
                                "Worker Number": 0,
                                "HashAgg Batches": 1,
                                "Peak Memory Usage": 577,
                                "Disk Usage": 0
                              },
                              {
                                "Worker Number": 1,
                                "HashAgg Batches": 1,
                                "Peak Memory Usage": 577,
                                "Disk Usage": 0
                              }
                            ],
                            "Plans": [
                              {
                                "Node Type": "Seq Scan",
                                "Parent Relationship": "Outer",
                                "Parallel Aware": true,
                                "Async Capable": false,
                                "Relation Name": "lineitem",
                                "Alias": "lineitem_1",
                                "Startup Cost": 0.0,
                                "Total Cost": 15361.58,
                                "Plan Rows": 9790,
                                "Plan Width": 16,
                                "Actual Startup Time": 0.045,
                                "Actual Total Time": 33.42,
                                "Actual Rows": 7587,
                                "Actual Loops": 3,
                                "Filter": "((l_shipdate >= '1996-03-01'::date) AND (l_shipdate < '1996-06-01 00:00:00'::timestamp without time zone))",
                                "Rows Removed by Filter": 192603,
                                "Workers": []
                              }
                            ]
                          }
                        ]
                      }
                    ]
                  }
                ]
              }
            ]
          },
          {
            "Node Type": "Sort",
            "Parent Relationship": "Outer",
            "Parallel Aware": false,
            "Async Capable": false,
            "Startup Cost": 103.83,
            "Total Cost": 106.33,
            "Plan Rows": 1000,
            "Plan Width": 72,
            "Actual Startup Time": 0.344,
            "Actual Total Time": 0.432,
            "Actual Rows": 457,
            "Actual Loops": 1,
            "Sort Key": [
              "supplier.s_suppkey"
            ],
            "Sort Method": "quicksort",
            "Sort Space Used": 114,
            "Sort Space Type": "Memory",
            "Plans": [
              {
                "Node Type": "Seq Scan",
                "Parent Relationship": "Outer",
                "Parallel Aware": false,
                "Async Capable": false,
                "Relation Name": "supplier",
                "Alias": "supplier",
                "Startup Cost": 0.0,
                "Total Cost": 54.0,
                "Plan Rows": 1000,
                "Plan Width": 72,
                "Actual Startup Time": 0.009,
                "Actual Total Time": 0.206,
                "Actual Rows": 1000,
                "Actual Loops": 1
              }
            ]
          },
          {
            "Node Type": "Aggregate",
            "Strategy": "Sorted",
            "Partial Mode": "Finalize",
            "Parent Relationship": "Inner",
            "Parallel Aware": false,
            "Async Capable": false,
            "Startup Cost": 16521.83,
            "Total Cost": 16785.18,
            "Plan Rows": 5,
            "Plan Width": 36,
            "Actual Startup Time": 102.419,
            "Actual Total Time": 103.945,
            "Actual Rows": 1,
            "Actual Loops": 1,
            "Group Key": [
              "lineitem.l_suppkey"
            ],
            "Filter": "(sum((lineitem.l_extendedprice * ('1'::numeric - lineitem.l_discount))) = (InitPlan 1).col1)",
            "Rows Removed by Filter": 999,
            "Plans": [
              {
                "Node Type": "Gather Merge",
                "Parent Relationship": "Outer",
                "Parallel Aware": false,
                "Async Capable": false,
                "Startup Cost": 16521.83,
                "Total Cost": 16755.18,
                "Plan Rows": 2000,
                "Plan Width": 36,
                "Actual Startup Time": 54.498,
                "Actual Total Time": 55.832,
                "Actual Rows": 2997,
                "Actual Loops": 1,
                "Workers Planned": 2,
                "Workers Launched": 2,
                "Plans": [
                  {
                    "Node Type": "Sort",
                    "Parent Relationship": "Outer",
                    "Parallel Aware": false,
                    "Async Capable": false,
                    "Startup Cost": 15521.8,
                    "Total Cost": 15524.3,
                    "Plan Rows": 1000,
                    "Plan Width": 36,
                    "Actual Startup Time": 51.201,
                    "Actual Total Time": 51.325,
                    "Actual Rows": 999,
                    "Actual Loops": 3,
                    "Sort Key": [
                      "lineitem.l_suppkey"
                    ],
                    "Sort Method": "quicksort",
                    "Sort Space Used": 110,
                    "Sort Space Type": "Memory",
                    "Workers": [
                      {
                        "Worker Number": 0,
                        "Sort Method": "quicksort",
                        "Sort Space Used": 110,
                        "Sort Space Type": "Memory"
                      },
                      {
                        "Worker Number": 1,
                        "Sort Method": "quicksort",
                        "Sort Space Used": 110,
                        "Sort Space Type": "Memory"
                      }
                    ],
                    "Plans": [
                      {
                        "Node Type": "Aggregate",
                        "Strategy": "Hashed",
                        "Partial Mode": "Partial",
                        "Parent Relationship": "Outer",
                        "Parallel Aware": false,
                        "Async Capable": false,
                        "Startup Cost": 15459.48,
                        "Total Cost": 15471.98,
                        "Plan Rows": 1000,
                        "Plan Width": 36,
                        "Actual Startup Time": 50.198,
                        "Actual Total Time": 50.859,
                        "Actual Rows": 999,
                        "Actual Loops": 3,
                        "Group Key": [
                          "lineitem.l_suppkey"
                        ],
                        "Planned Partitions": 0,
                        "HashAgg Batches": 1,
                        "Peak Memory Usage": 577,
                        "Disk Usage": 0,
                        "Workers": [
                          {
                            "Worker Number": 0,
                            "HashAgg Batches": 1,
                            "Peak Memory Usage": 577,
                            "Disk Usage": 0
                          },
                          {
                            "Worker Number": 1,
                            "HashAgg Batches": 1,
                            "Peak Memory Usage": 577,
                            "Disk Usage": 0
                          }
                        ],
                        "Plans": [
                          {
                            "Node Type": "Seq Scan",
                            "Parent Relationship": "Outer",
                            "Parallel Aware": true,
                            "Async Capable": false,
                            "Relation Name": "lineitem",
                            "Alias": "lineitem",
                            "Startup Cost": 0.0,
                            "Total Cost": 15361.58,
                            "Plan Rows": 9790,
                            "Plan Width": 16,
                            "Actual Startup Time": 0.016,
                            "Actual Total Time": 43.881,
                            "Actual Rows": 7587,
                            "Actual Loops": 3,
                            "Filter": "((l_shipdate >= '1996-03-01'::date) AND (l_shipdate < '1996-06-01 00:00:00'::timestamp without time zone))",
                            "Rows Removed by Filter": 192603,
                            "Workers": []
                          }
                        ]
                      }
                    ]
                  }
                ]
              }
            ]
          }
        ]
      },
      "Planning Time": 0.195,
      "Triggers": [],
      "Execution Time": 105.441
    }
  },
  {
    "query_id": "query15.57",
    "query": "select\n\ts_suppkey,\n\ts_name,\n\ts_address,\n\ts_phone,\n\ttotal_revenue\nfrom\n\tsupplier,\n\trevenue0\nwhere\n\ts_suppkey = supplier_no\n\tand total_revenue = (\n\t\tselect\n\t\t\tmax(total_revenue)\n\t\tfrom\n\t\t\trevenue0\n\t)\norder by\n\ts_suppkey;\n",
    "execution_time": 86.968,
    "plan": {
      "Plan": {
        "Node Type": "Merge Join",
        "Parallel Aware": false,
        "Async Capable": false,
        "Join Type": "Inner",
        "Startup Cost": 33410.12,
        "Total Cost": 33678.59,
        "Plan Rows": 5,
        "Plan Width": 104,
        "Actual Startup Time": 84.276,
        "Actual Total Time": 86.805,
        "Actual Rows": 1,
        "Actual Loops": 1,
        "Inner Unique": true,
        "Merge Cond": "(supplier.s_suppkey = lineitem.l_suppkey)",
        "Plans": [
          {
            "Node Type": "Aggregate",
            "Strategy": "Plain",
            "Partial Mode": "Simple",
            "Parent Relationship": "InitPlan",
            "Subplan Name": "InitPlan 1",
            "Parallel Aware": false,
            "Async Capable": false,
            "Startup Cost": 16789.82,
            "Total Cost": 16789.83,
            "Plan Rows": 1,
            "Plan Width": 32,
            "Actual Startup Time": 41.666,
            "Actual Total Time": 42.24,
            "Actual Rows": 1,
            "Actual Loops": 1,
            "Plans": [
              {
                "Node Type": "Aggregate",
                "Strategy": "Sorted",
                "Partial Mode": "Finalize",
                "Parent Relationship": "Outer",
                "Parallel Aware": false,
                "Async Capable": false,
                "Startup Cost": 16516.47,
                "Total Cost": 16777.32,
                "Plan Rows": 1000,
                "Plan Width": 36,
                "Actual Startup Time": 39.38,
                "Actual Total Time": 42.096,
                "Actual Rows": 1000,
                "Actual Loops": 1,
                "Group Key": [
                  "lineitem_1.l_suppkey"
                ],
                "Plans": [
                  {
                    "Node Type": "Gather Merge",
                    "Parent Relationship": "Outer",
                    "Parallel Aware": false,
                    "Async Capable": false,
                    "Startup Cost": 16516.47,
                    "Total Cost": 16749.82,
                    "Plan Rows": 2000,
                    "Plan Width": 36,
                    "Actual Startup Time": 39.365,
                    "Actual Total Time": 40.553,
                    "Actual Rows": 2996,
                    "Actual Loops": 1,
                    "Workers Planned": 2,
                    "Workers Launched": 2,
                    "Plans": [
                      {
                        "Node Type": "Sort",
                        "Parent Relationship": "Outer",
                        "Parallel Aware": false,
                        "Async Capable": false,
                        "Startup Cost": 15516.44,
                        "Total Cost": 15518.94,
                        "Plan Rows": 1000,
                        "Plan Width": 36,
                        "Actual Startup Time": 36.273,
                        "Actual Total Time": 36.329,
                        "Actual Rows": 999,
                        "Actual Loops": 3,
                        "Sort Key": [
                          "lineitem_1.l_suppkey"
                        ],
                        "Sort Method": "quicksort",
                        "Sort Space Used": 110,
                        "Sort Space Type": "Memory",
                        "Workers": [
                          {
                            "Worker Number": 0,
                            "Sort Method": "quicksort",
                            "Sort Space Used": 110,
                            "Sort Space Type": "Memory"
                          },
                          {
                            "Worker Number": 1,
                            "Sort Method": "quicksort",
                            "Sort Space Used": 110,
                            "Sort Space Type": "Memory"
                          }
                        ],
                        "Plans": [
                          {
                            "Node Type": "Aggregate",
                            "Strategy": "Hashed",
                            "Partial Mode": "Partial",
                            "Parent Relationship": "Outer",
                            "Parallel Aware": false,
                            "Async Capable": false,
                            "Startup Cost": 15454.12,
                            "Total Cost": 15466.62,
                            "Plan Rows": 1000,
                            "Plan Width": 36,
                            "Actual Startup Time": 35.585,
                            "Actual Total Time": 36.015,
                            "Actual Rows": 999,
                            "Actual Loops": 3,
                            "Group Key": [
                              "lineitem_1.l_suppkey"
                            ],
                            "Planned Partitions": 0,
                            "HashAgg Batches": 1,
                            "Peak Memory Usage": 577,
                            "Disk Usage": 0,
                            "Workers": [
                              {
                                "Worker Number": 0,
                                "HashAgg Batches": 1,
                                "Peak Memory Usage": 577,
                                "Disk Usage": 0
                              },
                              {
                                "Worker Number": 1,
                                "HashAgg Batches": 1,
                                "Peak Memory Usage": 577,
                                "Disk Usage": 0
                              }
                            ],
                            "Plans": [
                              {
                                "Node Type": "Seq Scan",
                                "Parent Relationship": "Outer",
                                "Parallel Aware": true,
                                "Async Capable": false,
                                "Relation Name": "lineitem",
                                "Alias": "lineitem_1",
                                "Startup Cost": 0.0,
                                "Total Cost": 15361.58,
                                "Plan Rows": 9254,
                                "Plan Width": 16,
                                "Actual Startup Time": 0.018,
                                "Actual Total Time": 31.713,
                                "Actual Rows": 7465,
                                "Actual Loops": 3,
                                "Filter": "((l_shipdate >= '1993-12-01'::date) AND (l_shipdate < '1994-03-01 00:00:00'::timestamp without time zone))",
                                "Rows Removed by Filter": 192726,
                                "Workers": []
                              }
                            ]
                          }
                        ]
                      }
                    ]
                  }
                ]
              }
            ]
          },
          {
            "Node Type": "Sort",
            "Parent Relationship": "Outer",
            "Parallel Aware": false,
            "Async Capable": false,
            "Startup Cost": 103.83,
            "Total Cost": 106.33,
            "Plan Rows": 1000,
            "Plan Width": 72,
            "Actual Startup Time": 0.562,
            "Actual Total Time": 0.698,
            "Actual Rows": 447,
            "Actual Loops": 1,
            "Sort Key": [
              "supplier.s_suppkey"
            ],
            "Sort Method": "quicksort",
            "Sort Space Used": 114,
            "Sort Space Type": "Memory",
            "Plans": [
              {
                "Node Type": "Seq Scan",
                "Parent Relationship": "Outer",
                "Parallel Aware": false,
                "Async Capable": false,
                "Relation Name": "supplier",
                "Alias": "supplier",
                "Startup Cost": 0.0,
                "Total Cost": 54.0,
                "Plan Rows": 1000,
                "Plan Width": 72,
                "Actual Startup Time": 0.011,
                "Actual Total Time": 0.323,
                "Actual Rows": 1000,
                "Actual Loops": 1
              }
            ]
          },
          {
            "Node Type": "Aggregate",
            "Strategy": "Sorted",
            "Partial Mode": "Finalize",
            "Parent Relationship": "Inner",
            "Parallel Aware": false,
            "Async Capable": false,
            "Startup Cost": 16516.47,
            "Total Cost": 16779.82,
            "Plan Rows": 5,
            "Plan Width": 36,
            "Actual Startup Time": 83.523,
            "Actual Total Time": 85.476,
            "Actual Rows": 1,
            "Actual Loops": 1,
            "Group Key": [
              "lineitem.l_suppkey"
            ],
            "Filter": "(sum((lineitem.l_extendedprice * ('1'::numeric - lineitem.l_discount))) = (InitPlan 1).col1)",
            "Rows Removed by Filter": 999,
            "Plans": [
              {
                "Node Type": "Gather Merge",
                "Parent Relationship": "Outer",
                "Parallel Aware": false,
                "Async Capable": false,
                "Startup Cost": 16516.47,
                "Total Cost": 16749.82,
                "Plan Rows": 2000,
                "Plan Width": 36,
                "Actual Startup Time": 40.765,
                "Actual Total Time": 42.575,
                "Actual Rows": 2996,
                "Actual Loops": 1,
                "Workers Planned": 2,
                "Workers Launched": 2,
                "Plans": [
                  {
                    "Node Type": "Sort",
                    "Parent Relationship": "Outer",
                    "Parallel Aware": false,
                    "Async Capable": false,
                    "Startup Cost": 15516.44,
                    "Total Cost": 15518.94,
                    "Plan Rows": 1000,
                    "Plan Width": 36,
                    "Actual Startup Time": 37.619,
                    "Actual Total Time": 37.752,
                    "Actual Rows": 999,
                    "Actual Loops": 3,
                    "Sort Key": [
                      "lineitem.l_suppkey"
                    ],
                    "Sort Method": "quicksort",
                    "Sort Space Used": 110,
                    "Sort Space Type": "Memory",
                    "Workers": [
                      {
                        "Worker Number": 0,
                        "Sort Method": "quicksort",
                        "Sort Space Used": 110,
                        "Sort Space Type": "Memory"
                      },
                      {
                        "Worker Number": 1,
                        "Sort Method": "quicksort",
                        "Sort Space Used": 110,
                        "Sort Space Type": "Memory"
                      }
                    ],
                    "Plans": [
                      {
                        "Node Type": "Aggregate",
                        "Strategy": "Hashed",
                        "Partial Mode": "Partial",
                        "Parent Relationship": "Outer",
                        "Parallel Aware": false,
                        "Async Capable": false,
                        "Startup Cost": 15454.12,
                        "Total Cost": 15466.62,
                        "Plan Rows": 1000,
                        "Plan Width": 36,
                        "Actual Startup Time": 36.988,
                        "Actual Total Time": 37.391,
                        "Actual Rows": 999,
                        "Actual Loops": 3,
                        "Group Key": [
                          "lineitem.l_suppkey"
                        ],
                        "Planned Partitions": 0,
                        "HashAgg Batches": 1,
                        "Peak Memory Usage": 577,
                        "Disk Usage": 0,
                        "Workers": [
                          {
                            "Worker Number": 0,
                            "HashAgg Batches": 1,
                            "Peak Memory Usage": 577,
                            "Disk Usage": 0
                          },
                          {
                            "Worker Number": 1,
                            "HashAgg Batches": 1,
                            "Peak Memory Usage": 577,
                            "Disk Usage": 0
                          }
                        ],
                        "Plans": [
                          {
                            "Node Type": "Seq Scan",
                            "Parent Relationship": "Outer",
                            "Parallel Aware": true,
                            "Async Capable": false,
                            "Relation Name": "lineitem",
                            "Alias": "lineitem",
                            "Startup Cost": 0.0,
                            "Total Cost": 15361.58,
                            "Plan Rows": 9254,
                            "Plan Width": 16,
                            "Actual Startup Time": 0.015,
                            "Actual Total Time": 32.978,
                            "Actual Rows": 7465,
                            "Actual Loops": 3,
                            "Filter": "((l_shipdate >= '1993-12-01'::date) AND (l_shipdate < '1994-03-01 00:00:00'::timestamp without time zone))",
                            "Rows Removed by Filter": 192726,
                            "Workers": []
                          }
                        ]
                      }
                    ]
                  }
                ]
              }
            ]
          }
        ]
      },
      "Planning Time": 0.216,
      "Triggers": [],
      "Execution Time": 86.968
    }
  },
  {
    "query_id": "query15.58",
    "query": "select\n\ts_suppkey,\n\ts_name,\n\ts_address,\n\ts_phone,\n\ttotal_revenue\nfrom\n\tsupplier,\n\trevenue0\nwhere\n\ts_suppkey = supplier_no\n\tand total_revenue = (\n\t\tselect\n\t\t\tmax(total_revenue)\n\t\tfrom\n\t\t\trevenue0\n\t)\norder by\n\ts_suppkey;\n",
    "execution_time": 81.653,
    "plan": {
      "Plan": {
        "Node Type": "Merge Join",
        "Parallel Aware": false,
        "Async Capable": false,
        "Join Type": "Inner",
        "Startup Cost": 33408.24,
        "Total Cost": 33676.71,
        "Plan Rows": 5,
        "Plan Width": 104,
        "Actual Startup Time": 80.024,
        "Actual Total Time": 81.478,
        "Actual Rows": 1,
        "Actual Loops": 1,
        "Inner Unique": true,
        "Merge Cond": "(supplier.s_suppkey = lineitem.l_suppkey)",
        "Plans": [
          {
            "Node Type": "Aggregate",
            "Strategy": "Plain",
            "Partial Mode": "Simple",
            "Parent Relationship": "InitPlan",
            "Subplan Name": "InitPlan 1",
            "Parallel Aware": false,
            "Async Capable": false,
            "Startup Cost": 16788.88,
            "Total Cost": 16788.89,
            "Plan Rows": 1,
            "Plan Width": 32,
            "Actual Startup Time": 39.727,
            "Actual Total Time": 40.121,
            "Actual Rows": 1,
            "Actual Loops": 1,
            "Plans": [
              {
                "Node Type": "Aggregate",
                "Strategy": "Sorted",
                "Partial Mode": "Finalize",
                "Parent Relationship": "Outer",
                "Parallel Aware": false,
                "Async Capable": false,
                "Startup Cost": 16515.53,
                "Total Cost": 16776.38,
                "Plan Rows": 1000,
                "Plan Width": 36,
                "Actual Startup Time": 37.255,
                "Actual Total Time": 40.042,
                "Actual Rows": 1000,
                "Actual Loops": 1,
                "Group Key": [
                  "lineitem_1.l_suppkey"
                ],
                "Plans": [
                  {
                    "Node Type": "Gather Merge",
                    "Parent Relationship": "Outer",
                    "Parallel Aware": false,
                    "Async Capable": false,
                    "Startup Cost": 16515.53,
                    "Total Cost": 16748.88,
                    "Plan Rows": 2000,
                    "Plan Width": 36,
                    "Actual Startup Time": 37.24,
                    "Actual Total Time": 38.299,
                    "Actual Rows": 2998,
                    "Actual Loops": 1,
                    "Workers Planned": 2,
                    "Workers Launched": 2,
                    "Plans": [
                      {
                        "Node Type": "Sort",
                        "Parent Relationship": "Outer",
                        "Parallel Aware": false,
                        "Async Capable": false,
                        "Startup Cost": 15515.5,
                        "Total Cost": 15518.0,
                        "Plan Rows": 1000,
                        "Plan Width": 36,
                        "Actual Startup Time": 33.859,
                        "Actual Total Time": 33.921,
                        "Actual Rows": 999,
                        "Actual Loops": 3,
                        "Sort Key": [
                          "lineitem_1.l_suppkey"
                        ],
                        "Sort Method": "quicksort",
                        "Sort Space Used": 110,
                        "Sort Space Type": "Memory",
                        "Workers": [
                          {
                            "Worker Number": 0,
                            "Sort Method": "quicksort",
                            "Sort Space Used": 110,
                            "Sort Space Type": "Memory"
                          },
                          {
                            "Worker Number": 1,
                            "Sort Method": "quicksort",
                            "Sort Space Used": 110,
                            "Sort Space Type": "Memory"
                          }
                        ],
                        "Plans": [
                          {
                            "Node Type": "Aggregate",
                            "Strategy": "Hashed",
                            "Partial Mode": "Partial",
                            "Parent Relationship": "Outer",
                            "Parallel Aware": false,
                            "Async Capable": false,
                            "Startup Cost": 15453.18,
                            "Total Cost": 15465.68,
                            "Plan Rows": 1000,
                            "Plan Width": 36,
                            "Actual Startup Time": 33.311,
                            "Actual Total Time": 33.642,
                            "Actual Rows": 999,
                            "Actual Loops": 3,
                            "Group Key": [
                              "lineitem_1.l_suppkey"
                            ],
                            "Planned Partitions": 0,
                            "HashAgg Batches": 1,
                            "Peak Memory Usage": 577,
                            "Disk Usage": 0,
                            "Workers": [
                              {
                                "Worker Number": 0,
                                "HashAgg Batches": 1,
                                "Peak Memory Usage": 577,
                                "Disk Usage": 0
                              },
                              {
                                "Worker Number": 1,
                                "HashAgg Batches": 1,
                                "Peak Memory Usage": 577,
                                "Disk Usage": 0
                              }
                            ],
                            "Plans": [
                              {
                                "Node Type": "Seq Scan",
                                "Parent Relationship": "Outer",
                                "Parallel Aware": true,
                                "Async Capable": false,
                                "Relation Name": "lineitem",
                                "Alias": "lineitem_1",
                                "Startup Cost": 0.0,
                                "Total Cost": 15361.58,
                                "Plan Rows": 9160,
                                "Plan Width": 16,
                                "Actual Startup Time": 0.023,
                                "Actual Total Time": 29.598,
                                "Actual Rows": 7535,
                                "Actual Loops": 3,
                                "Filter": "((l_shipdate >= '1996-06-01'::date) AND (l_shipdate < '1996-09-01 00:00:00'::timestamp without time zone))",
                                "Rows Removed by Filter": 192655,
                                "Workers": []
                              }
                            ]
                          }
                        ]
                      }
                    ]
                  }
                ]
              }
            ]
          },
          {
            "Node Type": "Sort",
            "Parent Relationship": "Outer",
            "Parallel Aware": false,
            "Async Capable": false,
            "Startup Cost": 103.83,
            "Total Cost": 106.33,
            "Plan Rows": 1000,
            "Plan Width": 72,
            "Actual Startup Time": 0.488,
            "Actual Total Time": 0.525,
            "Actual Rows": 997,
            "Actual Loops": 1,
            "Sort Key": [
              "supplier.s_suppkey"
            ],
            "Sort Method": "quicksort",
            "Sort Space Used": 114,
            "Sort Space Type": "Memory",
            "Plans": [
              {
                "Node Type": "Seq Scan",
                "Parent Relationship": "Outer",
                "Parallel Aware": false,
                "Async Capable": false,
                "Relation Name": "supplier",
                "Alias": "supplier",
                "Startup Cost": 0.0,
                "Total Cost": 54.0,
                "Plan Rows": 1000,
                "Plan Width": 72,
                "Actual Startup Time": 0.01,
                "Actual Total Time": 0.25,
                "Actual Rows": 1000,
                "Actual Loops": 1
              }
            ]
          },
          {
            "Node Type": "Aggregate",
            "Strategy": "Sorted",
            "Partial Mode": "Finalize",
            "Parent Relationship": "Inner",
            "Parallel Aware": false,
            "Async Capable": false,
            "Startup Cost": 16515.53,
            "Total Cost": 16778.88,
            "Plan Rows": 5,
            "Plan Width": 36,
            "Actual Startup Time": 79.438,
            "Actual Total Time": 80.496,
            "Actual Rows": 1,
            "Actual Loops": 1,
            "Group Key": [
              "lineitem.l_suppkey"
            ],
            "Filter": "(sum((lineitem.l_extendedprice * ('1'::numeric - lineitem.l_discount))) = (InitPlan 1).col1)",
            "Rows Removed by Filter": 999,
            "Plans": [
              {
                "Node Type": "Gather Merge",
                "Parent Relationship": "Outer",
                "Parallel Aware": false,
                "Async Capable": false,
                "Startup Cost": 16515.53,
                "Total Cost": 16748.88,
                "Plan Rows": 2000,
                "Plan Width": 36,
                "Actual Startup Time": 37.965,
                "Actual Total Time": 39.53,
                "Actual Rows": 2997,
                "Actual Loops": 1,
                "Workers Planned": 2,
                "Workers Launched": 2,
                "Plans": [
                  {
                    "Node Type": "Sort",
                    "Parent Relationship": "Outer",
                    "Parallel Aware": false,
                    "Async Capable": false,
                    "Startup Cost": 15515.5,
                    "Total Cost": 15518.0,
                    "Plan Rows": 1000,
                    "Plan Width": 36,
                    "Actual Startup Time": 34.618,
                    "Actual Total Time": 34.703,
                    "Actual Rows": 999,
                    "Actual Loops": 3,
                    "Sort Key": [
                      "lineitem.l_suppkey"
                    ],
                    "Sort Method": "quicksort",
                    "Sort Space Used": 110,
                    "Sort Space Type": "Memory",
                    "Workers": [
                      {
                        "Worker Number": 0,
                        "Sort Method": "quicksort",
                        "Sort Space Used": 110,
                        "Sort Space Type": "Memory"
                      },
                      {
                        "Worker Number": 1,
                        "Sort Method": "quicksort",
                        "Sort Space Used": 110,
                        "Sort Space Type": "Memory"
                      }
                    ],
                    "Plans": [
                      {
                        "Node Type": "Aggregate",
                        "Strategy": "Hashed",
                        "Partial Mode": "Partial",
                        "Parent Relationship": "Outer",
                        "Parallel Aware": false,
                        "Async Capable": false,
                        "Startup Cost": 15453.18,
                        "Total Cost": 15465.68,
                        "Plan Rows": 1000,
                        "Plan Width": 36,
                        "Actual Startup Time": 33.703,
                        "Actual Total Time": 34.326,
                        "Actual Rows": 999,
                        "Actual Loops": 3,
                        "Group Key": [
                          "lineitem.l_suppkey"
                        ],
                        "Planned Partitions": 0,
                        "HashAgg Batches": 1,
                        "Peak Memory Usage": 577,
                        "Disk Usage": 0,
                        "Workers": [
                          {
                            "Worker Number": 0,
                            "HashAgg Batches": 1,
                            "Peak Memory Usage": 577,
                            "Disk Usage": 0
                          },
                          {
                            "Worker Number": 1,
                            "HashAgg Batches": 1,
                            "Peak Memory Usage": 577,
                            "Disk Usage": 0
                          }
                        ],
                        "Plans": [
                          {
                            "Node Type": "Seq Scan",
                            "Parent Relationship": "Outer",
                            "Parallel Aware": true,
                            "Async Capable": false,
                            "Relation Name": "lineitem",
                            "Alias": "lineitem",
                            "Startup Cost": 0.0,
                            "Total Cost": 15361.58,
                            "Plan Rows": 9160,
                            "Plan Width": 16,
                            "Actual Startup Time": 0.016,
                            "Actual Total Time": 29.879,
                            "Actual Rows": 7535,
                            "Actual Loops": 3,
                            "Filter": "((l_shipdate >= '1996-06-01'::date) AND (l_shipdate < '1996-09-01 00:00:00'::timestamp without time zone))",
                            "Rows Removed by Filter": 192655,
                            "Workers": []
                          }
                        ]
                      }
                    ]
                  }
                ]
              }
            ]
          }
        ]
      },
      "Planning Time": 0.299,
      "Triggers": [],
      "Execution Time": 81.653
    }
  },
  {
    "query_id": "query15.59",
    "query": "select\n\ts_suppkey,\n\ts_name,\n\ts_address,\n\ts_phone,\n\ttotal_revenue\nfrom\n\tsupplier,\n\trevenue0\nwhere\n\ts_suppkey = supplier_no\n\tand total_revenue = (\n\t\tselect\n\t\t\tmax(total_revenue)\n\t\tfrom\n\t\t\trevenue0\n\t)\norder by\n\ts_suppkey;\n",
    "execution_time": 93.681,
    "plan": {
      "Plan": {
        "Node Type": "Merge Join",
        "Parallel Aware": false,
        "Async Capable": false,
        "Join Type": "Inner",
        "Startup Cost": 33415.84,
        "Total Cost": 33684.31,
        "Plan Rows": 5,
        "Plan Width": 104,
        "Actual Startup Time": 91.737,
        "Actual Total Time": 93.511,
        "Actual Rows": 1,
        "Actual Loops": 1,
        "Inner Unique": true,
        "Merge Cond": "(supplier.s_suppkey = lineitem.l_suppkey)",
        "Plans": [
          {
            "Node Type": "Aggregate",
            "Strategy": "Plain",
            "Partial Mode": "Simple",
            "Parent Relationship": "InitPlan",
            "Subplan Name": "InitPlan 1",
            "Parallel Aware": false,
            "Async Capable": false,
            "Startup Cost": 16792.68,
            "Total Cost": 16792.69,
            "Plan Rows": 1,
            "Plan Width": 32,
            "Actual Startup Time": 46.772,
            "Actual Total Time": 47.737,
            "Actual Rows": 1,
            "Actual Loops": 1,
            "Plans": [
              {
                "Node Type": "Aggregate",
                "Strategy": "Sorted",
                "Partial Mode": "Finalize",
                "Parent Relationship": "Outer",
                "Parallel Aware": false,
                "Async Capable": false,
                "Startup Cost": 16519.33,
                "Total Cost": 16780.18,
                "Plan Rows": 1000,
                "Plan Width": 36,
                "Actual Startup Time": 44.505,
                "Actual Total Time": 47.666,
                "Actual Rows": 1000,
                "Actual Loops": 1,
                "Group Key": [
                  "lineitem_1.l_suppkey"
                ],
                "Plans": [
                  {
                    "Node Type": "Gather Merge",
                    "Parent Relationship": "Outer",
                    "Parallel Aware": false,
                    "Async Capable": false,
                    "Startup Cost": 16519.33,
                    "Total Cost": 16752.68,
                    "Plan Rows": 2000,
                    "Plan Width": 36,
                    "Actual Startup Time": 44.488,
                    "Actual Total Time": 46.206,
                    "Actual Rows": 2993,
                    "Actual Loops": 1,
                    "Workers Planned": 2,
                    "Workers Launched": 2,
                    "Plans": [
                      {
                        "Node Type": "Sort",
                        "Parent Relationship": "Outer",
                        "Parallel Aware": false,
                        "Async Capable": false,
                        "Startup Cost": 15519.3,
                        "Total Cost": 15521.8,
                        "Plan Rows": 1000,
                        "Plan Width": 36,
                        "Actual Startup Time": 41.293,
                        "Actual Total Time": 41.36,
                        "Actual Rows": 998,
                        "Actual Loops": 3,
                        "Sort Key": [
                          "lineitem_1.l_suppkey"
                        ],
                        "Sort Method": "quicksort",
                        "Sort Space Used": 110,
                        "Sort Space Type": "Memory",
                        "Workers": [
                          {
                            "Worker Number": 0,
                            "Sort Method": "quicksort",
                            "Sort Space Used": 110,
                            "Sort Space Type": "Memory"
                          },
                          {
                            "Worker Number": 1,
                            "Sort Method": "quicksort",
                            "Sort Space Used": 110,
                            "Sort Space Type": "Memory"
                          }
                        ],
                        "Plans": [
                          {
                            "Node Type": "Aggregate",
                            "Strategy": "Hashed",
                            "Partial Mode": "Partial",
                            "Parent Relationship": "Outer",
                            "Parallel Aware": false,
                            "Async Capable": false,
                            "Startup Cost": 15456.98,
                            "Total Cost": 15469.48,
                            "Plan Rows": 1000,
                            "Plan Width": 36,
                            "Actual Startup Time": 40.726,
                            "Actual Total Time": 41.069,
                            "Actual Rows": 998,
                            "Actual Loops": 3,
                            "Group Key": [
                              "lineitem_1.l_suppkey"
                            ],
                            "Planned Partitions": 0,
                            "HashAgg Batches": 1,
                            "Peak Memory Usage": 577,
                            "Disk Usage": 0,
                            "Workers": [
                              {
                                "Worker Number": 0,
                                "HashAgg Batches": 1,
                                "Peak Memory Usage": 577,
                                "Disk Usage": 0
                              },
                              {
                                "Worker Number": 1,
                                "HashAgg Batches": 1,
                                "Peak Memory Usage": 577,
                                "Disk Usage": 0
                              }
                            ],
                            "Plans": [
                              {
                                "Node Type": "Seq Scan",
                                "Parent Relationship": "Outer",
                                "Parallel Aware": true,
                                "Async Capable": false,
                                "Relation Name": "lineitem",
                                "Alias": "lineitem_1",
                                "Startup Cost": 0.0,
                                "Total Cost": 15361.58,
                                "Plan Rows": 9540,
                                "Plan Width": 16,
                                "Actual Startup Time": 0.013,
                                "Actual Total Time": 36.485,
                                "Actual Rows": 7747,
                                "Actual Loops": 3,
                                "Filter": "((l_shipdate >= '1994-03-01'::date) AND (l_shipdate < '1994-06-01 00:00:00'::timestamp without time zone))",
                                "Rows Removed by Filter": 192443,
                                "Workers": []
                              }
                            ]
                          }
                        ]
                      }
                    ]
                  }
                ]
              }
            ]
          },
          {
            "Node Type": "Sort",
            "Parent Relationship": "Outer",
            "Parallel Aware": false,
            "Async Capable": false,
            "Startup Cost": 103.83,
            "Total Cost": 106.33,
            "Plan Rows": 1000,
            "Plan Width": 72,
            "Actual Startup Time": 0.368,
            "Actual Total Time": 0.611,
            "Actual Rows": 940,
            "Actual Loops": 1,
            "Sort Key": [
              "supplier.s_suppkey"
            ],
            "Sort Method": "quicksort",
            "Sort Space Used": 114,
            "Sort Space Type": "Memory",
            "Plans": [
              {
                "Node Type": "Seq Scan",
                "Parent Relationship": "Outer",
                "Parallel Aware": false,
                "Async Capable": false,
                "Relation Name": "supplier",
                "Alias": "supplier",
                "Startup Cost": 0.0,
                "Total Cost": 54.0,
                "Plan Rows": 1000,
                "Plan Width": 72,
                "Actual Startup Time": 0.011,
                "Actual Total Time": 0.221,
                "Actual Rows": 1000,
                "Actual Loops": 1
              }
            ]
          },
          {
            "Node Type": "Aggregate",
            "Strategy": "Sorted",
            "Partial Mode": "Finalize",
            "Parent Relationship": "Inner",
            "Parallel Aware": false,
            "Async Capable": false,
            "Startup Cost": 16519.33,
            "Total Cost": 16782.68,
            "Plan Rows": 5,
            "Plan Width": 36,
            "Actual Startup Time": 91.025,
            "Actual Total Time": 91.832,
            "Actual Rows": 1,
            "Actual Loops": 1,
            "Group Key": [
              "lineitem.l_suppkey"
            ],
            "Filter": "(sum((lineitem.l_extendedprice * ('1'::numeric - lineitem.l_discount))) = (InitPlan 1).col1)",
            "Rows Removed by Filter": 999,
            "Plans": [
              {
                "Node Type": "Gather Merge",
                "Parent Relationship": "Outer",
                "Parallel Aware": false,
                "Async Capable": false,
                "Startup Cost": 16519.33,
                "Total Cost": 16752.68,
                "Plan Rows": 2000,
                "Plan Width": 36,
                "Actual Startup Time": 42.044,
                "Actual Total Time": 43.723,
                "Actual Rows": 2996,
                "Actual Loops": 1,
                "Workers Planned": 2,
                "Workers Launched": 2,
                "Plans": [
                  {
                    "Node Type": "Sort",
                    "Parent Relationship": "Outer",
                    "Parallel Aware": false,
                    "Async Capable": false,
                    "Startup Cost": 15519.3,
                    "Total Cost": 15521.8,
                    "Plan Rows": 1000,
                    "Plan Width": 36,
                    "Actual Startup Time": 38.909,
                    "Actual Total Time": 39.052,
                    "Actual Rows": 999,
                    "Actual Loops": 3,
                    "Sort Key": [
                      "lineitem.l_suppkey"
                    ],
                    "Sort Method": "quicksort",
                    "Sort Space Used": 110,
                    "Sort Space Type": "Memory",
                    "Workers": [
                      {
                        "Worker Number": 0,
                        "Sort Method": "quicksort",
                        "Sort Space Used": 110,
                        "Sort Space Type": "Memory"
                      },
                      {
                        "Worker Number": 1,
                        "Sort Method": "quicksort",
                        "Sort Space Used": 110,
                        "Sort Space Type": "Memory"
                      }
                    ],
                    "Plans": [
                      {
                        "Node Type": "Aggregate",
                        "Strategy": "Hashed",
                        "Partial Mode": "Partial",
                        "Parent Relationship": "Outer",
                        "Parallel Aware": false,
                        "Async Capable": false,
                        "Startup Cost": 15456.98,
                        "Total Cost": 15469.48,
                        "Plan Rows": 1000,
                        "Plan Width": 36,
                        "Actual Startup Time": 38.25,
                        "Actual Total Time": 38.67,
                        "Actual Rows": 999,
                        "Actual Loops": 3,
                        "Group Key": [
                          "lineitem.l_suppkey"
                        ],
                        "Planned Partitions": 0,
                        "HashAgg Batches": 1,
                        "Peak Memory Usage": 577,
                        "Disk Usage": 0,
                        "Workers": [
                          {
                            "Worker Number": 0,
                            "HashAgg Batches": 1,
                            "Peak Memory Usage": 577,
                            "Disk Usage": 0
                          },
                          {
                            "Worker Number": 1,
                            "HashAgg Batches": 1,
                            "Peak Memory Usage": 577,
                            "Disk Usage": 0
                          }
                        ],
                        "Plans": [
                          {
                            "Node Type": "Seq Scan",
                            "Parent Relationship": "Outer",
                            "Parallel Aware": true,
                            "Async Capable": false,
                            "Relation Name": "lineitem",
                            "Alias": "lineitem",
                            "Startup Cost": 0.0,
                            "Total Cost": 15361.58,
                            "Plan Rows": 9540,
                            "Plan Width": 16,
                            "Actual Startup Time": 0.031,
                            "Actual Total Time": 34.241,
                            "Actual Rows": 7747,
                            "Actual Loops": 3,
                            "Filter": "((l_shipdate >= '1994-03-01'::date) AND (l_shipdate < '1994-06-01 00:00:00'::timestamp without time zone))",
                            "Rows Removed by Filter": 192443,
                            "Workers": []
                          }
                        ]
                      }
                    ]
                  }
                ]
              }
            ]
          }
        ]
      },
      "Planning Time": 0.313,
      "Triggers": [],
      "Execution Time": 93.681
    }
  },
  {
    "query_id": "query15.6",
    "query": "select\n\ts_suppkey,\n\ts_name,\n\ts_address,\n\ts_phone,\n\ttotal_revenue\nfrom\n\tsupplier,\n\trevenue0\nwhere\n\ts_suppkey = supplier_no\n\tand total_revenue = (\n\t\tselect\n\t\t\tmax(total_revenue)\n\t\tfrom\n\t\t\trevenue0\n\t)\norder by\n\ts_suppkey;\n",
    "execution_time": 109.303,
    "plan": {
      "Plan": {
        "Node Type": "Merge Join",
        "Parallel Aware": false,
        "Async Capable": false,
        "Join Type": "Inner",
        "Startup Cost": 33410.12,
        "Total Cost": 33678.59,
        "Plan Rows": 5,
        "Plan Width": 104,
        "Actual Startup Time": 106.807,
        "Actual Total Time": 109.169,
        "Actual Rows": 1,
        "Actual Loops": 1,
        "Inner Unique": true,
        "Merge Cond": "(supplier.s_suppkey = lineitem.l_suppkey)",
        "Plans": [
          {
            "Node Type": "Aggregate",
            "Strategy": "Plain",
            "Partial Mode": "Simple",
            "Parent Relationship": "InitPlan",
            "Subplan Name": "InitPlan 1",
            "Parallel Aware": false,
            "Async Capable": false,
            "Startup Cost": 16789.82,
            "Total Cost": 16789.83,
            "Plan Rows": 1,
            "Plan Width": 32,
            "Actual Startup Time": 56.09,
            "Actual Total Time": 57.644,
            "Actual Rows": 1,
            "Actual Loops": 1,
            "Plans": [
              {
                "Node Type": "Aggregate",
                "Strategy": "Sorted",
                "Partial Mode": "Finalize",
                "Parent Relationship": "Outer",
                "Parallel Aware": false,
                "Async Capable": false,
                "Startup Cost": 16516.47,
                "Total Cost": 16777.32,
                "Plan Rows": 1000,
                "Plan Width": 36,
                "Actual Startup Time": 54.101,
                "Actual Total Time": 57.577,
                "Actual Rows": 1000,
                "Actual Loops": 1,
                "Group Key": [
                  "lineitem_1.l_suppkey"
                ],
                "Plans": [
                  {
                    "Node Type": "Gather Merge",
                    "Parent Relationship": "Outer",
                    "Parallel Aware": false,
                    "Async Capable": false,
                    "Startup Cost": 16516.47,
                    "Total Cost": 16749.82,
                    "Plan Rows": 2000,
                    "Plan Width": 36,
                    "Actual Startup Time": 54.084,
                    "Actual Total Time": 56.188,
                    "Actual Rows": 2998,
                    "Actual Loops": 1,
                    "Workers Planned": 2,
                    "Workers Launched": 2,
                    "Plans": [
                      {
                        "Node Type": "Sort",
                        "Parent Relationship": "Outer",
                        "Parallel Aware": false,
                        "Async Capable": false,
                        "Startup Cost": 15516.44,
                        "Total Cost": 15518.94,
                        "Plan Rows": 1000,
                        "Plan Width": 36,
                        "Actual Startup Time": 50.53,
                        "Actual Total Time": 50.586,
                        "Actual Rows": 999,
                        "Actual Loops": 3,
                        "Sort Key": [
                          "lineitem_1.l_suppkey"
                        ],
                        "Sort Method": "quicksort",
                        "Sort Space Used": 110,
                        "Sort Space Type": "Memory",
                        "Workers": [
                          {
                            "Worker Number": 0,
                            "Sort Method": "quicksort",
                            "Sort Space Used": 110,
                            "Sort Space Type": "Memory"
                          },
                          {
                            "Worker Number": 1,
                            "Sort Method": "quicksort",
                            "Sort Space Used": 110,
                            "Sort Space Type": "Memory"
                          }
                        ],
                        "Plans": [
                          {
                            "Node Type": "Aggregate",
                            "Strategy": "Hashed",
                            "Partial Mode": "Partial",
                            "Parent Relationship": "Outer",
                            "Parallel Aware": false,
                            "Async Capable": false,
                            "Startup Cost": 15454.12,
                            "Total Cost": 15466.62,
                            "Plan Rows": 1000,
                            "Plan Width": 36,
                            "Actual Startup Time": 49.724,
                            "Actual Total Time": 50.251,
                            "Actual Rows": 999,
                            "Actual Loops": 3,
                            "Group Key": [
                              "lineitem_1.l_suppkey"
                            ],
                            "Planned Partitions": 0,
                            "HashAgg Batches": 1,
                            "Peak Memory Usage": 577,
                            "Disk Usage": 0,
                            "Workers": [
                              {
                                "Worker Number": 0,
                                "HashAgg Batches": 1,
                                "Peak Memory Usage": 577,
                                "Disk Usage": 0
                              },
                              {
                                "Worker Number": 1,
                                "HashAgg Batches": 1,
                                "Peak Memory Usage": 577,
                                "Disk Usage": 0
                              }
                            ],
                            "Plans": [
                              {
                                "Node Type": "Seq Scan",
                                "Parent Relationship": "Outer",
                                "Parallel Aware": true,
                                "Async Capable": false,
                                "Relation Name": "lineitem",
                                "Alias": "lineitem_1",
                                "Startup Cost": 0.0,
                                "Total Cost": 15361.58,
                                "Plan Rows": 9254,
                                "Plan Width": 16,
                                "Actual Startup Time": 0.016,
                                "Actual Total Time": 45.569,
                                "Actual Rows": 7493,
                                "Actual Loops": 3,
                                "Filter": "((l_shipdate >= '1993-11-01'::date) AND (l_shipdate < '1994-02-01 00:00:00'::timestamp without time zone))",
                                "Rows Removed by Filter": 192698,
                                "Workers": []
                              }
                            ]
                          }
                        ]
                      }
                    ]
                  }
                ]
              }
            ]
          },
          {
            "Node Type": "Sort",
            "Parent Relationship": "Outer",
            "Parallel Aware": false,
            "Async Capable": false,
            "Startup Cost": 103.83,
            "Total Cost": 106.33,
            "Plan Rows": 1000,
            "Plan Width": 72,
            "Actual Startup Time": 0.312,
            "Actual Total Time": 0.358,
            "Actual Rows": 952,
            "Actual Loops": 1,
            "Sort Key": [
              "supplier.s_suppkey"
            ],
            "Sort Method": "quicksort",
            "Sort Space Used": 114,
            "Sort Space Type": "Memory",
            "Plans": [
              {
                "Node Type": "Seq Scan",
                "Parent Relationship": "Outer",
                "Parallel Aware": false,
                "Async Capable": false,
                "Relation Name": "supplier",
                "Alias": "supplier",
                "Startup Cost": 0.0,
                "Total Cost": 54.0,
                "Plan Rows": 1000,
                "Plan Width": 72,
                "Actual Startup Time": 0.008,
                "Actual Total Time": 0.175,
                "Actual Rows": 1000,
                "Actual Loops": 1
              }
            ]
          },
          {
            "Node Type": "Aggregate",
            "Strategy": "Sorted",
            "Partial Mode": "Finalize",
            "Parent Relationship": "Inner",
            "Parallel Aware": false,
            "Async Capable": false,
            "Startup Cost": 16516.47,
            "Total Cost": 16779.82,
            "Plan Rows": 5,
            "Plan Width": 36,
            "Actual Startup Time": 106.361,
            "Actual Total Time": 107.166,
            "Actual Rows": 1,
            "Actual Loops": 1,
            "Group Key": [
              "lineitem.l_suppkey"
            ],
            "Filter": "(sum((lineitem.l_extendedprice * ('1'::numeric - lineitem.l_discount))) = (InitPlan 1).col1)",
            "Rows Removed by Filter": 999,
            "Plans": [
              {
                "Node Type": "Gather Merge",
                "Parent Relationship": "Outer",
                "Parallel Aware": false,
                "Async Capable": false,
                "Startup Cost": 16516.47,
                "Total Cost": 16749.82,
                "Plan Rows": 2000,
                "Plan Width": 36,
                "Actual Startup Time": 48.46,
                "Actual Total Time": 49.855,
                "Actual Rows": 2997,
                "Actual Loops": 1,
                "Workers Planned": 2,
                "Workers Launched": 2,
                "Plans": [
                  {
                    "Node Type": "Sort",
                    "Parent Relationship": "Outer",
                    "Parallel Aware": false,
                    "Async Capable": false,
                    "Startup Cost": 15516.44,
                    "Total Cost": 15518.94,
                    "Plan Rows": 1000,
                    "Plan Width": 36,
                    "Actual Startup Time": 45.454,
                    "Actual Total Time": 45.576,
                    "Actual Rows": 999,
                    "Actual Loops": 3,
                    "Sort Key": [
                      "lineitem.l_suppkey"
                    ],
                    "Sort Method": "quicksort",
                    "Sort Space Used": 110,
                    "Sort Space Type": "Memory",
                    "Workers": [
                      {
                        "Worker Number": 0,
                        "Sort Method": "quicksort",
                        "Sort Space Used": 110,
                        "Sort Space Type": "Memory"
                      },
                      {
                        "Worker Number": 1,
                        "Sort Method": "quicksort",
                        "Sort Space Used": 110,
                        "Sort Space Type": "Memory"
                      }
                    ],
                    "Plans": [
                      {
                        "Node Type": "Aggregate",
                        "Strategy": "Hashed",
                        "Partial Mode": "Partial",
                        "Parent Relationship": "Outer",
                        "Parallel Aware": false,
                        "Async Capable": false,
                        "Startup Cost": 15454.12,
                        "Total Cost": 15466.62,
                        "Plan Rows": 1000,
                        "Plan Width": 36,
                        "Actual Startup Time": 44.712,
                        "Actual Total Time": 45.144,
                        "Actual Rows": 999,
                        "Actual Loops": 3,
                        "Group Key": [
                          "lineitem.l_suppkey"
                        ],
                        "Planned Partitions": 0,
                        "HashAgg Batches": 1,
                        "Peak Memory Usage": 577,
                        "Disk Usage": 0,
                        "Workers": [
                          {
                            "Worker Number": 0,
                            "HashAgg Batches": 1,
                            "Peak Memory Usage": 577,
                            "Disk Usage": 0
                          },
                          {
                            "Worker Number": 1,
                            "HashAgg Batches": 1,
                            "Peak Memory Usage": 577,
                            "Disk Usage": 0
                          }
                        ],
                        "Plans": [
                          {
                            "Node Type": "Seq Scan",
                            "Parent Relationship": "Outer",
                            "Parallel Aware": true,
                            "Async Capable": false,
                            "Relation Name": "lineitem",
                            "Alias": "lineitem",
                            "Startup Cost": 0.0,
                            "Total Cost": 15361.58,
                            "Plan Rows": 9254,
                            "Plan Width": 16,
                            "Actual Startup Time": 0.032,
                            "Actual Total Time": 40.608,
                            "Actual Rows": 7493,
                            "Actual Loops": 3,
                            "Filter": "((l_shipdate >= '1993-11-01'::date) AND (l_shipdate < '1994-02-01 00:00:00'::timestamp without time zone))",
                            "Rows Removed by Filter": 192698,
                            "Workers": []
                          }
                        ]
                      }
                    ]
                  }
                ]
              }
            ]
          }
        ]
      },
      "Planning Time": 0.275,
      "Triggers": [],
      "Execution Time": 109.303
    }
  },
  {
    "query_id": "query15.60",
    "query": "select\n\ts_suppkey,\n\ts_name,\n\ts_address,\n\ts_phone,\n\ttotal_revenue\nfrom\n\tsupplier,\n\trevenue0\nwhere\n\ts_suppkey = supplier_no\n\tand total_revenue = (\n\t\tselect\n\t\t\tmax(total_revenue)\n\t\tfrom\n\t\t\trevenue0\n\t)\norder by\n\ts_suppkey;\n",
    "execution_time": 101.305,
    "plan": {
      "Plan": {
        "Node Type": "Merge Join",
        "Parallel Aware": false,
        "Async Capable": false,
        "Join Type": "Inner",
        "Startup Cost": 33414.78,
        "Total Cost": 33683.25,
        "Plan Rows": 5,
        "Plan Width": 104,
        "Actual Startup Time": 98.986,
        "Actual Total Time": 101.104,
        "Actual Rows": 1,
        "Actual Loops": 1,
        "Inner Unique": true,
        "Merge Cond": "(supplier.s_suppkey = lineitem.l_suppkey)",
        "Plans": [
          {
            "Node Type": "Aggregate",
            "Strategy": "Plain",
            "Partial Mode": "Simple",
            "Parent Relationship": "InitPlan",
            "Subplan Name": "InitPlan 1",
            "Parallel Aware": false,
            "Async Capable": false,
            "Startup Cost": 16792.15,
            "Total Cost": 16792.16,
            "Plan Rows": 1,
            "Plan Width": 32,
            "Actual Startup Time": 50.077,
            "Actual Total Time": 50.303,
            "Actual Rows": 1,
            "Actual Loops": 1,
            "Plans": [
              {
                "Node Type": "Aggregate",
                "Strategy": "Sorted",
                "Partial Mode": "Finalize",
                "Parent Relationship": "Outer",
                "Parallel Aware": false,
                "Async Capable": false,
                "Startup Cost": 16518.8,
                "Total Cost": 16779.65,
                "Plan Rows": 1000,
                "Plan Width": 36,
                "Actual Startup Time": 48.361,
                "Actual Total Time": 50.244,
                "Actual Rows": 1000,
                "Actual Loops": 1,
                "Group Key": [
                  "lineitem_1.l_suppkey"
                ],
                "Plans": [
                  {
                    "Node Type": "Gather Merge",
                    "Parent Relationship": "Outer",
                    "Parallel Aware": false,
                    "Async Capable": false,
                    "Startup Cost": 16518.8,
                    "Total Cost": 16752.15,
                    "Plan Rows": 2000,
                    "Plan Width": 36,
                    "Actual Startup Time": 48.35,
                    "Actual Total Time": 49.055,
                    "Actual Rows": 2989,
                    "Actual Loops": 1,
                    "Workers Planned": 2,
                    "Workers Launched": 2,
                    "Plans": [
                      {
                        "Node Type": "Sort",
                        "Parent Relationship": "Outer",
                        "Parallel Aware": false,
                        "Async Capable": false,
                        "Startup Cost": 15518.77,
                        "Total Cost": 15521.27,
                        "Plan Rows": 1000,
                        "Plan Width": 36,
                        "Actual Startup Time": 44.572,
                        "Actual Total Time": 44.635,
                        "Actual Rows": 996,
                        "Actual Loops": 3,
                        "Sort Key": [
                          "lineitem_1.l_suppkey"
                        ],
                        "Sort Method": "quicksort",
                        "Sort Space Used": 110,
                        "Sort Space Type": "Memory",
                        "Workers": [
                          {
                            "Worker Number": 0,
                            "Sort Method": "quicksort",
                            "Sort Space Used": 110,
                            "Sort Space Type": "Memory"
                          },
                          {
                            "Worker Number": 1,
                            "Sort Method": "quicksort",
                            "Sort Space Used": 110,
                            "Sort Space Type": "Memory"
                          }
                        ],
                        "Plans": [
                          {
                            "Node Type": "Aggregate",
                            "Strategy": "Hashed",
                            "Partial Mode": "Partial",
                            "Parent Relationship": "Outer",
                            "Parallel Aware": false,
                            "Async Capable": false,
                            "Startup Cost": 15456.45,
                            "Total Cost": 15468.95,
                            "Plan Rows": 1000,
                            "Plan Width": 36,
                            "Actual Startup Time": 43.574,
                            "Actual Total Time": 44.178,
                            "Actual Rows": 996,
                            "Actual Loops": 3,
                            "Group Key": [
                              "lineitem_1.l_suppkey"
                            ],
                            "Planned Partitions": 0,
                            "HashAgg Batches": 1,
                            "Peak Memory Usage": 577,
                            "Disk Usage": 0,
                            "Workers": [
                              {
                                "Worker Number": 0,
                                "HashAgg Batches": 1,
                                "Peak Memory Usage": 577,
                                "Disk Usage": 0
                              },
                              {
                                "Worker Number": 1,
                                "HashAgg Batches": 1,
                                "Peak Memory Usage": 577,
                                "Disk Usage": 0
                              }
                            ],
                            "Plans": [
                              {
                                "Node Type": "Seq Scan",
                                "Parent Relationship": "Outer",
                                "Parallel Aware": true,
                                "Async Capable": false,
                                "Relation Name": "lineitem",
                                "Alias": "lineitem_1",
                                "Startup Cost": 0.0,
                                "Total Cost": 15361.58,
                                "Plan Rows": 9487,
                                "Plan Width": 16,
                                "Actual Startup Time": 0.016,
                                "Actual Total Time": 39.168,
                                "Actual Rows": 7669,
                                "Actual Loops": 3,
                                "Filter": "((l_shipdate >= '1996-10-01'::date) AND (l_shipdate < '1997-01-01 00:00:00'::timestamp without time zone))",
                                "Rows Removed by Filter": 192522,
                                "Workers": []
                              }
                            ]
                          }
                        ]
                      }
                    ]
                  }
                ]
              }
            ]
          },
          {
            "Node Type": "Sort",
            "Parent Relationship": "Outer",
            "Parallel Aware": false,
            "Async Capable": false,
            "Startup Cost": 103.83,
            "Total Cost": 106.33,
            "Plan Rows": 1000,
            "Plan Width": 72,
            "Actual Startup Time": 0.565,
            "Actual Total Time": 0.604,
            "Actual Rows": 757,
            "Actual Loops": 1,
            "Sort Key": [
              "supplier.s_suppkey"
            ],
            "Sort Method": "quicksort",
            "Sort Space Used": 114,
            "Sort Space Type": "Memory",
            "Plans": [
              {
                "Node Type": "Seq Scan",
                "Parent Relationship": "Outer",
                "Parallel Aware": false,
                "Async Capable": false,
                "Relation Name": "supplier",
                "Alias": "supplier",
                "Startup Cost": 0.0,
                "Total Cost": 54.0,
                "Plan Rows": 1000,
                "Plan Width": 72,
                "Actual Startup Time": 0.015,
                "Actual Total Time": 0.324,
                "Actual Rows": 1000,
                "Actual Loops": 1
              }
            ]
          },
          {
            "Node Type": "Aggregate",
            "Strategy": "Sorted",
            "Partial Mode": "Finalize",
            "Parent Relationship": "Inner",
            "Parallel Aware": false,
            "Async Capable": false,
            "Startup Cost": 16518.8,
            "Total Cost": 16782.15,
            "Plan Rows": 5,
            "Plan Width": 36,
            "Actual Startup Time": 98.327,
            "Actual Total Time": 100.217,
            "Actual Rows": 1,
            "Actual Loops": 1,
            "Group Key": [
              "lineitem.l_suppkey"
            ],
            "Filter": "(sum((lineitem.l_extendedprice * ('1'::numeric - lineitem.l_discount))) = (InitPlan 1).col1)",
            "Rows Removed by Filter": 999,
            "Plans": [
              {
                "Node Type": "Gather Merge",
                "Parent Relationship": "Outer",
                "Parallel Aware": false,
                "Async Capable": false,
                "Startup Cost": 16518.8,
                "Total Cost": 16752.15,
                "Plan Rows": 2000,
                "Plan Width": 36,
                "Actual Startup Time": 46.774,
                "Actual Total Time": 48.782,
                "Actual Rows": 2994,
                "Actual Loops": 1,
                "Workers Planned": 2,
                "Workers Launched": 2,
                "Plans": [
                  {
                    "Node Type": "Sort",
                    "Parent Relationship": "Outer",
                    "Parallel Aware": false,
                    "Async Capable": false,
                    "Startup Cost": 15518.77,
                    "Total Cost": 15521.27,
                    "Plan Rows": 1000,
                    "Plan Width": 36,
                    "Actual Startup Time": 43.23,
                    "Actual Total Time": 43.317,
                    "Actual Rows": 998,
                    "Actual Loops": 3,
                    "Sort Key": [
                      "lineitem.l_suppkey"
                    ],
                    "Sort Method": "quicksort",
                    "Sort Space Used": 110,
                    "Sort Space Type": "Memory",
                    "Workers": [
                      {
                        "Worker Number": 0,
                        "Sort Method": "quicksort",
                        "Sort Space Used": 110,
                        "Sort Space Type": "Memory"
                      },
                      {
                        "Worker Number": 1,
                        "Sort Method": "quicksort",
                        "Sort Space Used": 110,
                        "Sort Space Type": "Memory"
                      }
                    ],
                    "Plans": [
                      {
                        "Node Type": "Aggregate",
                        "Strategy": "Hashed",
                        "Partial Mode": "Partial",
                        "Parent Relationship": "Outer",
                        "Parallel Aware": false,
                        "Async Capable": false,
                        "Startup Cost": 15456.45,
                        "Total Cost": 15468.95,
                        "Plan Rows": 1000,
                        "Plan Width": 36,
                        "Actual Startup Time": 42.692,
                        "Actual Total Time": 43.028,
                        "Actual Rows": 998,
                        "Actual Loops": 3,
                        "Group Key": [
                          "lineitem.l_suppkey"
                        ],
                        "Planned Partitions": 0,
                        "HashAgg Batches": 1,
                        "Peak Memory Usage": 577,
                        "Disk Usage": 0,
                        "Workers": [
                          {
                            "Worker Number": 0,
                            "HashAgg Batches": 1,
                            "Peak Memory Usage": 577,
                            "Disk Usage": 0
                          },
                          {
                            "Worker Number": 1,
                            "HashAgg Batches": 1,
                            "Peak Memory Usage": 577,
                            "Disk Usage": 0
                          }
                        ],
                        "Plans": [
                          {
                            "Node Type": "Seq Scan",
                            "Parent Relationship": "Outer",
                            "Parallel Aware": true,
                            "Async Capable": false,
                            "Relation Name": "lineitem",
                            "Alias": "lineitem",
                            "Startup Cost": 0.0,
                            "Total Cost": 15361.58,
                            "Plan Rows": 9487,
                            "Plan Width": 16,
                            "Actual Startup Time": 0.019,
                            "Actual Total Time": 38.389,
                            "Actual Rows": 7669,
                            "Actual Loops": 3,
                            "Filter": "((l_shipdate >= '1996-10-01'::date) AND (l_shipdate < '1997-01-01 00:00:00'::timestamp without time zone))",
                            "Rows Removed by Filter": 192522,
                            "Workers": []
                          }
                        ]
                      }
                    ]
                  }
                ]
              }
            ]
          }
        ]
      },
      "Planning Time": 0.433,
      "Triggers": [],
      "Execution Time": 101.305
    }
  },
  {
    "query_id": "query15.61",
    "query": "select\n\ts_suppkey,\n\ts_name,\n\ts_address,\n\ts_phone,\n\ttotal_revenue\nfrom\n\tsupplier,\n\trevenue0\nwhere\n\ts_suppkey = supplier_no\n\tand total_revenue = (\n\t\tselect\n\t\t\tmax(total_revenue)\n\t\tfrom\n\t\t\trevenue0\n\t)\norder by\n\ts_suppkey;\n",
    "execution_time": 112.692,
    "plan": {
      "Plan": {
        "Node Type": "Merge Join",
        "Parallel Aware": false,
        "Async Capable": false,
        "Join Type": "Inner",
        "Startup Cost": 33424.44,
        "Total Cost": 33692.91,
        "Plan Rows": 5,
        "Plan Width": 104,
        "Actual Startup Time": 108.143,
        "Actual Total Time": 112.49,
        "Actual Rows": 1,
        "Actual Loops": 1,
        "Inner Unique": true,
        "Merge Cond": "(supplier.s_suppkey = lineitem.l_suppkey)",
        "Plans": [
          {
            "Node Type": "Aggregate",
            "Strategy": "Plain",
            "Partial Mode": "Simple",
            "Parent Relationship": "InitPlan",
            "Subplan Name": "InitPlan 1",
            "Parallel Aware": false,
            "Async Capable": false,
            "Startup Cost": 16796.98,
            "Total Cost": 16796.99,
            "Plan Rows": 1,
            "Plan Width": 32,
            "Actual Startup Time": 51.069,
            "Actual Total Time": 52.427,
            "Actual Rows": 1,
            "Actual Loops": 1,
            "Plans": [
              {
                "Node Type": "Aggregate",
                "Strategy": "Sorted",
                "Partial Mode": "Finalize",
                "Parent Relationship": "Outer",
                "Parallel Aware": false,
                "Async Capable": false,
                "Startup Cost": 16523.63,
                "Total Cost": 16784.48,
                "Plan Rows": 1000,
                "Plan Width": 36,
                "Actual Startup Time": 49.355,
                "Actual Total Time": 52.37,
                "Actual Rows": 1000,
                "Actual Loops": 1,
                "Group Key": [
                  "lineitem_1.l_suppkey"
                ],
                "Plans": [
                  {
                    "Node Type": "Gather Merge",
                    "Parent Relationship": "Outer",
                    "Parallel Aware": false,
                    "Async Capable": false,
                    "Startup Cost": 16523.63,
                    "Total Cost": 16756.98,
                    "Plan Rows": 2000,
                    "Plan Width": 36,
                    "Actual Startup Time": 49.344,
                    "Actual Total Time": 51.181,
                    "Actual Rows": 2998,
                    "Actual Loops": 1,
                    "Workers Planned": 2,
                    "Workers Launched": 2,
                    "Plans": [
                      {
                        "Node Type": "Sort",
                        "Parent Relationship": "Outer",
                        "Parallel Aware": false,
                        "Async Capable": false,
                        "Startup Cost": 15523.6,
                        "Total Cost": 15526.1,
                        "Plan Rows": 1000,
                        "Plan Width": 36,
                        "Actual Startup Time": 45.445,
                        "Actual Total Time": 45.503,
                        "Actual Rows": 999,
                        "Actual Loops": 3,
                        "Sort Key": [
                          "lineitem_1.l_suppkey"
                        ],
                        "Sort Method": "quicksort",
                        "Sort Space Used": 110,
                        "Sort Space Type": "Memory",
                        "Workers": [
                          {
                            "Worker Number": 0,
                            "Sort Method": "quicksort",
                            "Sort Space Used": 110,
                            "Sort Space Type": "Memory"
                          },
                          {
                            "Worker Number": 1,
                            "Sort Method": "quicksort",
                            "Sort Space Used": 110,
                            "Sort Space Type": "Memory"
                          }
                        ],
                        "Plans": [
                          {
                            "Node Type": "Aggregate",
                            "Strategy": "Hashed",
                            "Partial Mode": "Partial",
                            "Parent Relationship": "Outer",
                            "Parallel Aware": false,
                            "Async Capable": false,
                            "Startup Cost": 15461.27,
                            "Total Cost": 15473.77,
                            "Plan Rows": 1000,
                            "Plan Width": 36,
                            "Actual Startup Time": 44.727,
                            "Actual Total Time": 45.169,
                            "Actual Rows": 999,
                            "Actual Loops": 3,
                            "Group Key": [
                              "lineitem_1.l_suppkey"
                            ],
                            "Planned Partitions": 0,
                            "HashAgg Batches": 1,
                            "Peak Memory Usage": 577,
                            "Disk Usage": 0,
                            "Workers": [
                              {
                                "Worker Number": 0,
                                "HashAgg Batches": 1,
                                "Peak Memory Usage": 577,
                                "Disk Usage": 0
                              },
                              {
                                "Worker Number": 1,
                                "HashAgg Batches": 1,
                                "Peak Memory Usage": 577,
                                "Disk Usage": 0
                              }
                            ],
                            "Plans": [
                              {
                                "Node Type": "Seq Scan",
                                "Parent Relationship": "Outer",
                                "Parallel Aware": true,
                                "Async Capable": false,
                                "Relation Name": "lineitem",
                                "Alias": "lineitem_1",
                                "Startup Cost": 0.0,
                                "Total Cost": 15361.58,
                                "Plan Rows": 9970,
                                "Plan Width": 16,
                                "Actual Startup Time": 0.032,
                                "Actual Total Time": 40.075,
                                "Actual Rows": 7814,
                                "Actual Loops": 3,
                                "Filter": "((l_shipdate >= '1994-07-01'::date) AND (l_shipdate < '1994-10-01 00:00:00'::timestamp without time zone))",
                                "Rows Removed by Filter": 192377,
                                "Workers": []
                              }
                            ]
                          }
                        ]
                      }
                    ]
                  }
                ]
              }
            ]
          },
          {
            "Node Type": "Sort",
            "Parent Relationship": "Outer",
            "Parallel Aware": false,
            "Async Capable": false,
            "Startup Cost": 103.83,
            "Total Cost": 106.33,
            "Plan Rows": 1000,
            "Plan Width": 72,
            "Actual Startup Time": 0.874,
            "Actual Total Time": 0.88,
            "Actual Rows": 90,
            "Actual Loops": 1,
            "Sort Key": [
              "supplier.s_suppkey"
            ],
            "Sort Method": "quicksort",
            "Sort Space Used": 114,
            "Sort Space Type": "Memory",
            "Plans": [
              {
                "Node Type": "Seq Scan",
                "Parent Relationship": "Outer",
                "Parallel Aware": false,
                "Async Capable": false,
                "Relation Name": "supplier",
                "Alias": "supplier",
                "Startup Cost": 0.0,
                "Total Cost": 54.0,
                "Plan Rows": 1000,
                "Plan Width": 72,
                "Actual Startup Time": 0.014,
                "Actual Total Time": 0.508,
                "Actual Rows": 1000,
                "Actual Loops": 1
              }
            ]
          },
          {
            "Node Type": "Aggregate",
            "Strategy": "Sorted",
            "Partial Mode": "Finalize",
            "Parent Relationship": "Inner",
            "Parallel Aware": false,
            "Async Capable": false,
            "Startup Cost": 16523.63,
            "Total Cost": 16786.98,
            "Plan Rows": 5,
            "Plan Width": 36,
            "Actual Startup Time": 107.253,
            "Actual Total Time": 110.238,
            "Actual Rows": 1,
            "Actual Loops": 1,
            "Group Key": [
              "lineitem.l_suppkey"
            ],
            "Filter": "(sum((lineitem.l_extendedprice * ('1'::numeric - lineitem.l_discount))) = (InitPlan 1).col1)",
            "Rows Removed by Filter": 999,
            "Plans": [
              {
                "Node Type": "Gather Merge",
                "Parent Relationship": "Outer",
                "Parallel Aware": false,
                "Async Capable": false,
                "Startup Cost": 16523.63,
                "Total Cost": 16756.98,
                "Plan Rows": 2000,
                "Plan Width": 36,
                "Actual Startup Time": 55.995,
                "Actual Total Time": 57.793,
                "Actual Rows": 2998,
                "Actual Loops": 1,
                "Workers Planned": 2,
                "Workers Launched": 2,
                "Plans": [
                  {
                    "Node Type": "Sort",
                    "Parent Relationship": "Outer",
                    "Parallel Aware": false,
                    "Async Capable": false,
                    "Startup Cost": 15523.6,
                    "Total Cost": 15526.1,
                    "Plan Rows": 1000,
                    "Plan Width": 36,
                    "Actual Startup Time": 51.885,
                    "Actual Total Time": 52.021,
                    "Actual Rows": 999,
                    "Actual Loops": 3,
                    "Sort Key": [
                      "lineitem.l_suppkey"
                    ],
                    "Sort Method": "quicksort",
                    "Sort Space Used": 110,
                    "Sort Space Type": "Memory",
                    "Workers": [
                      {
                        "Worker Number": 0,
                        "Sort Method": "quicksort",
                        "Sort Space Used": 110,
                        "Sort Space Type": "Memory"
                      },
                      {
                        "Worker Number": 1,
                        "Sort Method": "quicksort",
                        "Sort Space Used": 110,
                        "Sort Space Type": "Memory"
                      }
                    ],
                    "Plans": [
                      {
                        "Node Type": "Aggregate",
                        "Strategy": "Hashed",
                        "Partial Mode": "Partial",
                        "Parent Relationship": "Outer",
                        "Parallel Aware": false,
                        "Async Capable": false,
                        "Startup Cost": 15461.27,
                        "Total Cost": 15473.77,
                        "Plan Rows": 1000,
                        "Plan Width": 36,
                        "Actual Startup Time": 51.344,
                        "Actual Total Time": 51.678,
                        "Actual Rows": 999,
                        "Actual Loops": 3,
                        "Group Key": [
                          "lineitem.l_suppkey"
                        ],
                        "Planned Partitions": 0,
                        "HashAgg Batches": 1,
                        "Peak Memory Usage": 577,
                        "Disk Usage": 0,
                        "Workers": [
                          {
                            "Worker Number": 0,
                            "HashAgg Batches": 1,
                            "Peak Memory Usage": 577,
                            "Disk Usage": 0
                          },
                          {
                            "Worker Number": 1,
                            "HashAgg Batches": 1,
                            "Peak Memory Usage": 577,
                            "Disk Usage": 0
                          }
                        ],
                        "Plans": [
                          {
                            "Node Type": "Seq Scan",
                            "Parent Relationship": "Outer",
                            "Parallel Aware": true,
                            "Async Capable": false,
                            "Relation Name": "lineitem",
                            "Alias": "lineitem",
                            "Startup Cost": 0.0,
                            "Total Cost": 15361.58,
                            "Plan Rows": 9970,
                            "Plan Width": 16,
                            "Actual Startup Time": 0.028,
                            "Actual Total Time": 46.055,
                            "Actual Rows": 7814,
                            "Actual Loops": 3,
                            "Filter": "((l_shipdate >= '1994-07-01'::date) AND (l_shipdate < '1994-10-01 00:00:00'::timestamp without time zone))",
                            "Rows Removed by Filter": 192377,
                            "Workers": []
                          }
                        ]
                      }
                    ]
                  }
                ]
              }
            ]
          }
        ]
      },
      "Planning Time": 0.515,
      "Triggers": [],
      "Execution Time": 112.692
    }
  },
  {
    "query_id": "query15.62",
    "query": "select\n\ts_suppkey,\n\ts_name,\n\ts_address,\n\ts_phone,\n\ttotal_revenue\nfrom\n\tsupplier,\n\trevenue0\nwhere\n\ts_suppkey = supplier_no\n\tand total_revenue = (\n\t\tselect\n\t\t\tmax(total_revenue)\n\t\tfrom\n\t\t\trevenue0\n\t)\norder by\n\ts_suppkey;\n",
    "execution_time": 119.993,
    "plan": {
      "Plan": {
        "Node Type": "Merge Join",
        "Parallel Aware": false,
        "Async Capable": false,
        "Join Type": "Inner",
        "Startup Cost": 33403.34,
        "Total Cost": 33671.81,
        "Plan Rows": 5,
        "Plan Width": 104,
        "Actual Startup Time": 116.178,
        "Actual Total Time": 119.813,
        "Actual Rows": 1,
        "Actual Loops": 1,
        "Inner Unique": true,
        "Merge Cond": "(supplier.s_suppkey = lineitem.l_suppkey)",
        "Plans": [
          {
            "Node Type": "Aggregate",
            "Strategy": "Plain",
            "Partial Mode": "Simple",
            "Parent Relationship": "InitPlan",
            "Subplan Name": "InitPlan 1",
            "Parallel Aware": false,
            "Async Capable": false,
            "Startup Cost": 16786.43,
            "Total Cost": 16786.44,
            "Plan Rows": 1,
            "Plan Width": 32,
            "Actual Startup Time": 56.765,
            "Actual Total Time": 57.618,
            "Actual Rows": 1,
            "Actual Loops": 1,
            "Plans": [
              {
                "Node Type": "Aggregate",
                "Strategy": "Sorted",
                "Partial Mode": "Finalize",
                "Parent Relationship": "Outer",
                "Parallel Aware": false,
                "Async Capable": false,
                "Startup Cost": 16513.08,
                "Total Cost": 16773.93,
                "Plan Rows": 1000,
                "Plan Width": 36,
                "Actual Startup Time": 54.019,
                "Actual Total Time": 57.513,
                "Actual Rows": 1000,
                "Actual Loops": 1,
                "Group Key": [
                  "lineitem_1.l_suppkey"
                ],
                "Plans": [
                  {
                    "Node Type": "Gather Merge",
                    "Parent Relationship": "Outer",
                    "Parallel Aware": false,
                    "Async Capable": false,
                    "Startup Cost": 16513.08,
                    "Total Cost": 16746.43,
                    "Plan Rows": 2000,
                    "Plan Width": 36,
                    "Actual Startup Time": 54.001,
                    "Actual Total Time": 55.617,
                    "Actual Rows": 2997,
                    "Actual Loops": 1,
                    "Workers Planned": 2,
                    "Workers Launched": 2,
                    "Plans": [
                      {
                        "Node Type": "Sort",
                        "Parent Relationship": "Outer",
                        "Parallel Aware": false,
                        "Async Capable": false,
                        "Startup Cost": 15513.05,
                        "Total Cost": 15515.55,
                        "Plan Rows": 1000,
                        "Plan Width": 36,
                        "Actual Startup Time": 50.035,
                        "Actual Total Time": 50.104,
                        "Actual Rows": 999,
                        "Actual Loops": 3,
                        "Sort Key": [
                          "lineitem_1.l_suppkey"
                        ],
                        "Sort Method": "quicksort",
                        "Sort Space Used": 110,
                        "Sort Space Type": "Memory",
                        "Workers": [
                          {
                            "Worker Number": 0,
                            "Sort Method": "quicksort",
                            "Sort Space Used": 110,
                            "Sort Space Type": "Memory"
                          },
                          {
                            "Worker Number": 1,
                            "Sort Method": "quicksort",
                            "Sort Space Used": 110,
                            "Sort Space Type": "Memory"
                          }
                        ],
                        "Plans": [
                          {
                            "Node Type": "Aggregate",
                            "Strategy": "Hashed",
                            "Partial Mode": "Partial",
                            "Parent Relationship": "Outer",
                            "Parallel Aware": false,
                            "Async Capable": false,
                            "Startup Cost": 15450.73,
                            "Total Cost": 15463.23,
                            "Plan Rows": 1000,
                            "Plan Width": 36,
                            "Actual Startup Time": 49.324,
                            "Actual Total Time": 49.772,
                            "Actual Rows": 999,
                            "Actual Loops": 3,
                            "Group Key": [
                              "lineitem_1.l_suppkey"
                            ],
                            "Planned Partitions": 0,
                            "HashAgg Batches": 1,
                            "Peak Memory Usage": 577,
                            "Disk Usage": 0,
                            "Workers": [
                              {
                                "Worker Number": 0,
                                "HashAgg Batches": 1,
                                "Peak Memory Usage": 577,
                                "Disk Usage": 0
                              },
                              {
                                "Worker Number": 1,
                                "HashAgg Batches": 1,
                                "Peak Memory Usage": 577,
                                "Disk Usage": 0
                              }
                            ],
                            "Plans": [
                              {
                                "Node Type": "Seq Scan",
                                "Parent Relationship": "Outer",
                                "Parallel Aware": true,
                                "Async Capable": false,
                                "Relation Name": "lineitem",
                                "Alias": "lineitem_1",
                                "Startup Cost": 0.0,
                                "Total Cost": 15361.58,
                                "Plan Rows": 8915,
                                "Plan Width": 16,
                                "Actual Startup Time": 0.012,
                                "Actual Total Time": 44.877,
                                "Actual Rows": 7431,
                                "Actual Loops": 3,
                                "Filter": "((l_shipdate >= '1997-01-01'::date) AND (l_shipdate < '1997-04-01 00:00:00'::timestamp without time zone))",
                                "Rows Removed by Filter": 192760,
                                "Workers": []
                              }
                            ]
                          }
                        ]
                      }
                    ]
                  }
                ]
              }
            ]
          },
          {
            "Node Type": "Sort",
            "Parent Relationship": "Outer",
            "Parallel Aware": false,
            "Async Capable": false,
            "Startup Cost": 103.83,
            "Total Cost": 106.33,
            "Plan Rows": 1000,
            "Plan Width": 72,
            "Actual Startup Time": 0.494,
            "Actual Total Time": 0.552,
            "Actual Rows": 266,
            "Actual Loops": 1,
            "Sort Key": [
              "supplier.s_suppkey"
            ],
            "Sort Method": "quicksort",
            "Sort Space Used": 114,
            "Sort Space Type": "Memory",
            "Plans": [
              {
                "Node Type": "Seq Scan",
                "Parent Relationship": "Outer",
                "Parallel Aware": false,
                "Async Capable": false,
                "Relation Name": "supplier",
                "Alias": "supplier",
                "Startup Cost": 0.0,
                "Total Cost": 54.0,
                "Plan Rows": 1000,
                "Plan Width": 72,
                "Actual Startup Time": 0.015,
                "Actual Total Time": 0.284,
                "Actual Rows": 1000,
                "Actual Loops": 1
              }
            ]
          },
          {
            "Node Type": "Aggregate",
            "Strategy": "Sorted",
            "Partial Mode": "Finalize",
            "Parent Relationship": "Inner",
            "Parallel Aware": false,
            "Async Capable": false,
            "Startup Cost": 16513.08,
            "Total Cost": 16776.43,
            "Plan Rows": 5,
            "Plan Width": 36,
            "Actual Startup Time": 115.589,
            "Actual Total Time": 118.369,
            "Actual Rows": 1,
            "Actual Loops": 1,
            "Group Key": [
              "lineitem.l_suppkey"
            ],
            "Filter": "(sum((lineitem.l_extendedprice * ('1'::numeric - lineitem.l_discount))) = (InitPlan 1).col1)",
            "Rows Removed by Filter": 999,
            "Plans": [
              {
                "Node Type": "Gather Merge",
                "Parent Relationship": "Outer",
                "Parallel Aware": false,
                "Async Capable": false,
                "Startup Cost": 16513.08,
                "Total Cost": 16746.43,
                "Plan Rows": 2000,
                "Plan Width": 36,
                "Actual Startup Time": 58.087,
                "Actual Total Time": 60.258,
                "Actual Rows": 2995,
                "Actual Loops": 1,
                "Workers Planned": 2,
                "Workers Launched": 2,
                "Plans": [
                  {
                    "Node Type": "Sort",
                    "Parent Relationship": "Outer",
                    "Parallel Aware": false,
                    "Async Capable": false,
                    "Startup Cost": 15513.05,
                    "Total Cost": 15515.55,
                    "Plan Rows": 1000,
                    "Plan Width": 36,
                    "Actual Startup Time": 54.391,
                    "Actual Total Time": 54.536,
                    "Actual Rows": 998,
                    "Actual Loops": 3,
                    "Sort Key": [
                      "lineitem.l_suppkey"
                    ],
                    "Sort Method": "quicksort",
                    "Sort Space Used": 110,
                    "Sort Space Type": "Memory",
                    "Workers": [
                      {
                        "Worker Number": 0,
                        "Sort Method": "quicksort",
                        "Sort Space Used": 110,
                        "Sort Space Type": "Memory"
                      },
                      {
                        "Worker Number": 1,
                        "Sort Method": "quicksort",
                        "Sort Space Used": 110,
                        "Sort Space Type": "Memory"
                      }
                    ],
                    "Plans": [
                      {
                        "Node Type": "Aggregate",
                        "Strategy": "Hashed",
                        "Partial Mode": "Partial",
                        "Parent Relationship": "Outer",
                        "Parallel Aware": false,
                        "Async Capable": false,
                        "Startup Cost": 15450.73,
                        "Total Cost": 15463.23,
                        "Plan Rows": 1000,
                        "Plan Width": 36,
                        "Actual Startup Time": 53.217,
                        "Actual Total Time": 53.916,
                        "Actual Rows": 998,
                        "Actual Loops": 3,
                        "Group Key": [
                          "lineitem.l_suppkey"
                        ],
                        "Planned Partitions": 0,
                        "HashAgg Batches": 1,
                        "Peak Memory Usage": 577,
                        "Disk Usage": 0,
                        "Workers": [
                          {
                            "Worker Number": 0,
                            "HashAgg Batches": 1,
                            "Peak Memory Usage": 577,
                            "Disk Usage": 0
                          },
                          {
                            "Worker Number": 1,
                            "HashAgg Batches": 1,
                            "Peak Memory Usage": 577,
                            "Disk Usage": 0
                          }
                        ],
                        "Plans": [
                          {
                            "Node Type": "Seq Scan",
                            "Parent Relationship": "Outer",
                            "Parallel Aware": true,
                            "Async Capable": false,
                            "Relation Name": "lineitem",
                            "Alias": "lineitem",
                            "Startup Cost": 0.0,
                            "Total Cost": 15361.58,
                            "Plan Rows": 8915,
                            "Plan Width": 16,
                            "Actual Startup Time": 0.037,
                            "Actual Total Time": 48.438,
                            "Actual Rows": 7431,
                            "Actual Loops": 3,
                            "Filter": "((l_shipdate >= '1997-01-01'::date) AND (l_shipdate < '1997-04-01 00:00:00'::timestamp without time zone))",
                            "Rows Removed by Filter": 192760,
                            "Workers": []
                          }
                        ]
                      }
                    ]
                  }
                ]
              }
            ]
          }
        ]
      },
      "Planning Time": 0.44,
      "Triggers": [],
      "Execution Time": 119.993
    }
  },
  {
    "query_id": "query15.63",
    "query": "select\n\ts_suppkey,\n\ts_name,\n\ts_address,\n\ts_phone,\n\ttotal_revenue\nfrom\n\tsupplier,\n\trevenue0\nwhere\n\ts_suppkey = supplier_no\n\tand total_revenue = (\n\t\tselect\n\t\t\tmax(total_revenue)\n\t\tfrom\n\t\t\trevenue0\n\t)\norder by\n\ts_suppkey;\n",
    "execution_time": 99.276,
    "plan": {
      "Plan": {
        "Node Type": "Merge Join",
        "Parallel Aware": false,
        "Async Capable": false,
        "Join Type": "Inner",
        "Startup Cost": 33415.28,
        "Total Cost": 33683.75,
        "Plan Rows": 5,
        "Plan Width": 104,
        "Actual Startup Time": 97.174,
        "Actual Total Time": 99.103,
        "Actual Rows": 1,
        "Actual Loops": 1,
        "Inner Unique": true,
        "Merge Cond": "(supplier.s_suppkey = lineitem.l_suppkey)",
        "Plans": [
          {
            "Node Type": "Aggregate",
            "Strategy": "Plain",
            "Partial Mode": "Simple",
            "Parent Relationship": "InitPlan",
            "Subplan Name": "InitPlan 1",
            "Parallel Aware": false,
            "Async Capable": false,
            "Startup Cost": 16792.4,
            "Total Cost": 16792.41,
            "Plan Rows": 1,
            "Plan Width": 32,
            "Actual Startup Time": 42.364,
            "Actual Total Time": 43.243,
            "Actual Rows": 1,
            "Actual Loops": 1,
            "Plans": [
              {
                "Node Type": "Aggregate",
                "Strategy": "Sorted",
                "Partial Mode": "Finalize",
                "Parent Relationship": "Outer",
                "Parallel Aware": false,
                "Async Capable": false,
                "Startup Cost": 16519.05,
                "Total Cost": 16779.9,
                "Plan Rows": 1000,
                "Plan Width": 36,
                "Actual Startup Time": 40.293,
                "Actual Total Time": 43.174,
                "Actual Rows": 1000,
                "Actual Loops": 1,
                "Group Key": [
                  "lineitem_1.l_suppkey"
                ],
                "Plans": [
                  {
                    "Node Type": "Gather Merge",
                    "Parent Relationship": "Outer",
                    "Parallel Aware": false,
                    "Async Capable": false,
                    "Startup Cost": 16519.05,
                    "Total Cost": 16752.4,
                    "Plan Rows": 2000,
                    "Plan Width": 36,
                    "Actual Startup Time": 40.278,
                    "Actual Total Time": 41.735,
                    "Actual Rows": 2997,
                    "Actual Loops": 1,
                    "Workers Planned": 2,
                    "Workers Launched": 2,
                    "Plans": [
                      {
                        "Node Type": "Sort",
                        "Parent Relationship": "Outer",
                        "Parallel Aware": false,
                        "Async Capable": false,
                        "Startup Cost": 15519.02,
                        "Total Cost": 15521.52,
                        "Plan Rows": 1000,
                        "Plan Width": 36,
                        "Actual Startup Time": 37.138,
                        "Actual Total Time": 37.189,
                        "Actual Rows": 999,
                        "Actual Loops": 3,
                        "Sort Key": [
                          "lineitem_1.l_suppkey"
                        ],
                        "Sort Method": "quicksort",
                        "Sort Space Used": 110,
                        "Sort Space Type": "Memory",
                        "Workers": [
                          {
                            "Worker Number": 0,
                            "Sort Method": "quicksort",
                            "Sort Space Used": 110,
                            "Sort Space Type": "Memory"
                          },
                          {
                            "Worker Number": 1,
                            "Sort Method": "quicksort",
                            "Sort Space Used": 110,
                            "Sort Space Type": "Memory"
                          }
                        ],
                        "Plans": [
                          {
                            "Node Type": "Aggregate",
                            "Strategy": "Hashed",
                            "Partial Mode": "Partial",
                            "Parent Relationship": "Outer",
                            "Parallel Aware": false,
                            "Async Capable": false,
                            "Startup Cost": 15456.7,
                            "Total Cost": 15469.2,
                            "Plan Rows": 1000,
                            "Plan Width": 36,
                            "Actual Startup Time": 36.585,
                            "Actual Total Time": 36.923,
                            "Actual Rows": 999,
                            "Actual Loops": 3,
                            "Group Key": [
                              "lineitem_1.l_suppkey"
                            ],
                            "Planned Partitions": 0,
                            "HashAgg Batches": 1,
                            "Peak Memory Usage": 577,
                            "Disk Usage": 0,
                            "Workers": [
                              {
                                "Worker Number": 0,
                                "HashAgg Batches": 1,
                                "Peak Memory Usage": 577,
                                "Disk Usage": 0
                              },
                              {
                                "Worker Number": 1,
                                "HashAgg Batches": 1,
                                "Peak Memory Usage": 577,
                                "Disk Usage": 0
                              }
                            ],
                            "Plans": [
                              {
                                "Node Type": "Seq Scan",
                                "Parent Relationship": "Outer",
                                "Parallel Aware": true,
                                "Async Capable": false,
                                "Relation Name": "lineitem",
                                "Alias": "lineitem_1",
                                "Startup Cost": 0.0,
                                "Total Cost": 15361.58,
                                "Plan Rows": 9512,
                                "Plan Width": 16,
                                "Actual Startup Time": 0.016,
                                "Actual Total Time": 32.785,
                                "Actual Rows": 7705,
                                "Actual Loops": 3,
                                "Filter": "((l_shipdate >= '1994-10-01'::date) AND (l_shipdate < '1995-01-01 00:00:00'::timestamp without time zone))",
                                "Rows Removed by Filter": 192486,
                                "Workers": []
                              }
                            ]
                          }
                        ]
                      }
                    ]
                  }
                ]
              }
            ]
          },
          {
            "Node Type": "Sort",
            "Parent Relationship": "Outer",
            "Parallel Aware": false,
            "Async Capable": false,
            "Startup Cost": 103.83,
            "Total Cost": 106.33,
            "Plan Rows": 1000,
            "Plan Width": 72,
            "Actual Startup Time": 0.726,
            "Actual Total Time": 1.011,
            "Actual Rows": 984,
            "Actual Loops": 1,
            "Sort Key": [
              "supplier.s_suppkey"
            ],
            "Sort Method": "quicksort",
            "Sort Space Used": 114,
            "Sort Space Type": "Memory",
            "Plans": [
              {
                "Node Type": "Seq Scan",
                "Parent Relationship": "Outer",
                "Parallel Aware": false,
                "Async Capable": false,
                "Relation Name": "supplier",
                "Alias": "supplier",
                "Startup Cost": 0.0,
                "Total Cost": 54.0,
                "Plan Rows": 1000,
                "Plan Width": 72,
                "Actual Startup Time": 0.013,
                "Actual Total Time": 0.425,
                "Actual Rows": 1000,
                "Actual Loops": 1
              }
            ]
          },
          {
            "Node Type": "Aggregate",
            "Strategy": "Sorted",
            "Partial Mode": "Finalize",
            "Parent Relationship": "Inner",
            "Parallel Aware": false,
            "Async Capable": false,
            "Startup Cost": 16519.05,
            "Total Cost": 16782.4,
            "Plan Rows": 5,
            "Plan Width": 36,
            "Actual Startup Time": 96.057,
            "Actual Total Time": 97.103,
            "Actual Rows": 1,
            "Actual Loops": 1,
            "Group Key": [
              "lineitem.l_suppkey"
            ],
            "Filter": "(sum((lineitem.l_extendedprice * ('1'::numeric - lineitem.l_discount))) = (InitPlan 1).col1)",
            "Rows Removed by Filter": 999,
            "Plans": [
              {
                "Node Type": "Gather Merge",
                "Parent Relationship": "Outer",
                "Parallel Aware": false,
                "Async Capable": false,
                "Startup Cost": 16519.05,
                "Total Cost": 16752.4,
                "Plan Rows": 2000,
                "Plan Width": 36,
                "Actual Startup Time": 51.564,
                "Actual Total Time": 53.447,
                "Actual Rows": 2997,
                "Actual Loops": 1,
                "Workers Planned": 2,
                "Workers Launched": 2,
                "Plans": [
                  {
                    "Node Type": "Sort",
                    "Parent Relationship": "Outer",
                    "Parallel Aware": false,
                    "Async Capable": false,
                    "Startup Cost": 15519.02,
                    "Total Cost": 15521.52,
                    "Plan Rows": 1000,
                    "Plan Width": 36,
                    "Actual Startup Time": 48.352,
                    "Actual Total Time": 48.491,
                    "Actual Rows": 999,
                    "Actual Loops": 3,
                    "Sort Key": [
                      "lineitem.l_suppkey"
                    ],
                    "Sort Method": "quicksort",
                    "Sort Space Used": 110,
                    "Sort Space Type": "Memory",
                    "Workers": [
                      {
                        "Worker Number": 0,
                        "Sort Method": "quicksort",
                        "Sort Space Used": 110,
                        "Sort Space Type": "Memory"
                      },
                      {
                        "Worker Number": 1,
                        "Sort Method": "quicksort",
                        "Sort Space Used": 110,
                        "Sort Space Type": "Memory"
                      }
                    ],
                    "Plans": [
                      {
                        "Node Type": "Aggregate",
                        "Strategy": "Hashed",
                        "Partial Mode": "Partial",
                        "Parent Relationship": "Outer",
                        "Parallel Aware": false,
                        "Async Capable": false,
                        "Startup Cost": 15456.7,
                        "Total Cost": 15469.2,
                        "Plan Rows": 1000,
                        "Plan Width": 36,
                        "Actual Startup Time": 47.811,
                        "Actual Total Time": 48.155,
                        "Actual Rows": 999,
                        "Actual Loops": 3,
                        "Group Key": [
                          "lineitem.l_suppkey"
                        ],
                        "Planned Partitions": 0,
                        "HashAgg Batches": 1,
                        "Peak Memory Usage": 577,
                        "Disk Usage": 0,
                        "Workers": [
                          {
                            "Worker Number": 0,
                            "HashAgg Batches": 1,
                            "Peak Memory Usage": 577,
                            "Disk Usage": 0
                          },
                          {
                            "Worker Number": 1,
                            "HashAgg Batches": 1,
                            "Peak Memory Usage": 577,
                            "Disk Usage": 0
                          }
                        ],
                        "Plans": [
                          {
                            "Node Type": "Seq Scan",
                            "Parent Relationship": "Outer",
                            "Parallel Aware": true,
                            "Async Capable": false,
                            "Relation Name": "lineitem",
                            "Alias": "lineitem",
                            "Startup Cost": 0.0,
                            "Total Cost": 15361.58,
                            "Plan Rows": 9512,
                            "Plan Width": 16,
                            "Actual Startup Time": 0.019,
                            "Actual Total Time": 42.778,
                            "Actual Rows": 7705,
                            "Actual Loops": 3,
                            "Filter": "((l_shipdate >= '1994-10-01'::date) AND (l_shipdate < '1995-01-01 00:00:00'::timestamp without time zone))",
                            "Rows Removed by Filter": 192486,
                            "Workers": []
                          }
                        ]
                      }
                    ]
                  }
                ]
              }
            ]
          }
        ]
      },
      "Planning Time": 0.395,
      "Triggers": [],
      "Execution Time": 99.276
    }
  },
  {
    "query_id": "query15.64",
    "query": "select\n\ts_suppkey,\n\ts_name,\n\ts_address,\n\ts_phone,\n\ttotal_revenue\nfrom\n\tsupplier,\n\trevenue0\nwhere\n\ts_suppkey = supplier_no\n\tand total_revenue = (\n\t\tselect\n\t\t\tmax(total_revenue)\n\t\tfrom\n\t\t\trevenue0\n\t)\norder by\n\ts_suppkey;\n",
    "execution_time": 85.443,
    "plan": {
      "Plan": {
        "Node Type": "Merge Join",
        "Parallel Aware": false,
        "Async Capable": false,
        "Join Type": "Inner",
        "Startup Cost": 33421.56,
        "Total Cost": 33690.03,
        "Plan Rows": 5,
        "Plan Width": 104,
        "Actual Startup Time": 83.803,
        "Actual Total Time": 85.27,
        "Actual Rows": 1,
        "Actual Loops": 1,
        "Inner Unique": true,
        "Merge Cond": "(supplier.s_suppkey = lineitem.l_suppkey)",
        "Plans": [
          {
            "Node Type": "Aggregate",
            "Strategy": "Plain",
            "Partial Mode": "Simple",
            "Parent Relationship": "InitPlan",
            "Subplan Name": "InitPlan 1",
            "Parallel Aware": false,
            "Async Capable": false,
            "Startup Cost": 16795.54,
            "Total Cost": 16795.55,
            "Plan Rows": 1,
            "Plan Width": 32,
            "Actual Startup Time": 39.79,
            "Actual Total Time": 39.902,
            "Actual Rows": 1,
            "Actual Loops": 1,
            "Plans": [
              {
                "Node Type": "Aggregate",
                "Strategy": "Sorted",
                "Partial Mode": "Finalize",
                "Parent Relationship": "Outer",
                "Parallel Aware": false,
                "Async Capable": false,
                "Startup Cost": 16522.19,
                "Total Cost": 16783.04,
                "Plan Rows": 1000,
                "Plan Width": 36,
                "Actual Startup Time": 38.039,
                "Actual Total Time": 39.846,
                "Actual Rows": 1000,
                "Actual Loops": 1,
                "Group Key": [
                  "lineitem_1.l_suppkey"
                ],
                "Plans": [
                  {
                    "Node Type": "Gather Merge",
                    "Parent Relationship": "Outer",
                    "Parallel Aware": false,
                    "Async Capable": false,
                    "Startup Cost": 16522.19,
                    "Total Cost": 16755.54,
                    "Plan Rows": 2000,
                    "Plan Width": 36,
                    "Actual Startup Time": 38.03,
                    "Actual Total Time": 38.655,
                    "Actual Rows": 2993,
                    "Actual Loops": 1,
                    "Workers Planned": 2,
                    "Workers Launched": 2,
                    "Plans": [
                      {
                        "Node Type": "Sort",
                        "Parent Relationship": "Outer",
                        "Parallel Aware": false,
                        "Async Capable": false,
                        "Startup Cost": 15522.16,
                        "Total Cost": 15524.66,
                        "Plan Rows": 1000,
                        "Plan Width": 36,
                        "Actual Startup Time": 35.039,
                        "Actual Total Time": 35.088,
                        "Actual Rows": 998,
                        "Actual Loops": 3,
                        "Sort Key": [
                          "lineitem_1.l_suppkey"
                        ],
                        "Sort Method": "quicksort",
                        "Sort Space Used": 110,
                        "Sort Space Type": "Memory",
                        "Workers": [
                          {
                            "Worker Number": 0,
                            "Sort Method": "quicksort",
                            "Sort Space Used": 110,
                            "Sort Space Type": "Memory"
                          },
                          {
                            "Worker Number": 1,
                            "Sort Method": "quicksort",
                            "Sort Space Used": 110,
                            "Sort Space Type": "Memory"
                          }
                        ],
                        "Plans": [
                          {
                            "Node Type": "Aggregate",
                            "Strategy": "Hashed",
                            "Partial Mode": "Partial",
                            "Parent Relationship": "Outer",
                            "Parallel Aware": false,
                            "Async Capable": false,
                            "Startup Cost": 15459.84,
                            "Total Cost": 15472.34,
                            "Plan Rows": 1000,
                            "Plan Width": 36,
                            "Actual Startup Time": 34.485,
                            "Actual Total Time": 34.822,
                            "Actual Rows": 998,
                            "Actual Loops": 3,
                            "Group Key": [
                              "lineitem_1.l_suppkey"
                            ],
                            "Planned Partitions": 0,
                            "HashAgg Batches": 1,
                            "Peak Memory Usage": 577,
                            "Disk Usage": 0,
                            "Workers": [
                              {
                                "Worker Number": 0,
                                "HashAgg Batches": 1,
                                "Peak Memory Usage": 577,
                                "Disk Usage": 0
                              },
                              {
                                "Worker Number": 1,
                                "HashAgg Batches": 1,
                                "Peak Memory Usage": 577,
                                "Disk Usage": 0
                              }
                            ],
                            "Plans": [
                              {
                                "Node Type": "Seq Scan",
                                "Parent Relationship": "Outer",
                                "Parallel Aware": true,
                                "Async Capable": false,
                                "Relation Name": "lineitem",
                                "Alias": "lineitem_1",
                                "Startup Cost": 0.0,
                                "Total Cost": 15361.58,
                                "Plan Rows": 9826,
                                "Plan Width": 16,
                                "Actual Startup Time": 0.017,
                                "Actual Total Time": 30.592,
                                "Actual Rows": 7686,
                                "Actual Loops": 3,
                                "Filter": "((l_shipdate >= '1997-05-01'::date) AND (l_shipdate < '1997-08-01 00:00:00'::timestamp without time zone))",
                                "Rows Removed by Filter": 192504,
                                "Workers": []
                              }
                            ]
                          }
                        ]
                      }
                    ]
                  }
                ]
              }
            ]
          },
          {
            "Node Type": "Sort",
            "Parent Relationship": "Outer",
            "Parallel Aware": false,
            "Async Capable": false,
            "Startup Cost": 103.83,
            "Total Cost": 106.33,
            "Plan Rows": 1000,
            "Plan Width": 72,
            "Actual Startup Time": 0.438,
            "Actual Total Time": 0.488,
            "Actual Rows": 981,
            "Actual Loops": 1,
            "Sort Key": [
              "supplier.s_suppkey"
            ],
            "Sort Method": "quicksort",
            "Sort Space Used": 114,
            "Sort Space Type": "Memory",
            "Plans": [
              {
                "Node Type": "Seq Scan",
                "Parent Relationship": "Outer",
                "Parallel Aware": false,
                "Async Capable": false,
                "Relation Name": "supplier",
                "Alias": "supplier",
                "Startup Cost": 0.0,
                "Total Cost": 54.0,
                "Plan Rows": 1000,
                "Plan Width": 72,
                "Actual Startup Time": 0.011,
                "Actual Total Time": 0.251,
                "Actual Rows": 1000,
                "Actual Loops": 1
              }
            ]
          },
          {
            "Node Type": "Aggregate",
            "Strategy": "Sorted",
            "Partial Mode": "Finalize",
            "Parent Relationship": "Inner",
            "Parallel Aware": false,
            "Async Capable": false,
            "Startup Cost": 16522.19,
            "Total Cost": 16785.54,
            "Plan Rows": 5,
            "Plan Width": 36,
            "Actual Startup Time": 83.245,
            "Actual Total Time": 84.596,
            "Actual Rows": 1,
            "Actual Loops": 1,
            "Group Key": [
              "lineitem.l_suppkey"
            ],
            "Filter": "(sum((lineitem.l_extendedprice * ('1'::numeric - lineitem.l_discount))) = (InitPlan 1).col1)",
            "Rows Removed by Filter": 999,
            "Plans": [
              {
                "Node Type": "Gather Merge",
                "Parent Relationship": "Outer",
                "Parallel Aware": false,
                "Async Capable": false,
                "Startup Cost": 16522.19,
                "Total Cost": 16755.54,
                "Plan Rows": 2000,
                "Plan Width": 36,
                "Actual Startup Time": 41.521,
                "Actual Total Time": 43.437,
                "Actual Rows": 2995,
                "Actual Loops": 1,
                "Workers Planned": 2,
                "Workers Launched": 2,
                "Plans": [
                  {
                    "Node Type": "Sort",
                    "Parent Relationship": "Outer",
                    "Parallel Aware": false,
                    "Async Capable": false,
                    "Startup Cost": 15522.16,
                    "Total Cost": 15524.66,
                    "Plan Rows": 1000,
                    "Plan Width": 36,
                    "Actual Startup Time": 38.199,
                    "Actual Total Time": 38.294,
                    "Actual Rows": 998,
                    "Actual Loops": 3,
                    "Sort Key": [
                      "lineitem.l_suppkey"
                    ],
                    "Sort Method": "quicksort",
                    "Sort Space Used": 110,
                    "Sort Space Type": "Memory",
                    "Workers": [
                      {
                        "Worker Number": 0,
                        "Sort Method": "quicksort",
                        "Sort Space Used": 110,
                        "Sort Space Type": "Memory"
                      },
                      {
                        "Worker Number": 1,
                        "Sort Method": "quicksort",
                        "Sort Space Used": 110,
                        "Sort Space Type": "Memory"
                      }
                    ],
                    "Plans": [
                      {
                        "Node Type": "Aggregate",
                        "Strategy": "Hashed",
                        "Partial Mode": "Partial",
                        "Parent Relationship": "Outer",
                        "Parallel Aware": false,
                        "Async Capable": false,
                        "Startup Cost": 15459.84,
                        "Total Cost": 15472.34,
                        "Plan Rows": 1000,
                        "Plan Width": 36,
                        "Actual Startup Time": 37.559,
                        "Actual Total Time": 37.99,
                        "Actual Rows": 998,
                        "Actual Loops": 3,
                        "Group Key": [
                          "lineitem.l_suppkey"
                        ],
                        "Planned Partitions": 0,
                        "HashAgg Batches": 1,
                        "Peak Memory Usage": 577,
                        "Disk Usage": 0,
                        "Workers": [
                          {
                            "Worker Number": 0,
                            "HashAgg Batches": 1,
                            "Peak Memory Usage": 577,
                            "Disk Usage": 0
                          },
                          {
                            "Worker Number": 1,
                            "HashAgg Batches": 1,
                            "Peak Memory Usage": 577,
                            "Disk Usage": 0
                          }
                        ],
                        "Plans": [
                          {
                            "Node Type": "Seq Scan",
                            "Parent Relationship": "Outer",
                            "Parallel Aware": true,
                            "Async Capable": false,
                            "Relation Name": "lineitem",
                            "Alias": "lineitem",
                            "Startup Cost": 0.0,
                            "Total Cost": 15361.58,
                            "Plan Rows": 9826,
                            "Plan Width": 16,
                            "Actual Startup Time": 0.018,
                            "Actual Total Time": 33.646,
                            "Actual Rows": 7686,
                            "Actual Loops": 3,
                            "Filter": "((l_shipdate >= '1997-05-01'::date) AND (l_shipdate < '1997-08-01 00:00:00'::timestamp without time zone))",
                            "Rows Removed by Filter": 192504,
                            "Workers": []
                          }
                        ]
                      }
                    ]
                  }
                ]
              }
            ]
          }
        ]
      },
      "Planning Time": 0.468,
      "Triggers": [],
      "Execution Time": 85.443
    }
  },
  {
    "query_id": "query15.65",
    "query": "select\n\ts_suppkey,\n\ts_name,\n\ts_address,\n\ts_phone,\n\ttotal_revenue\nfrom\n\tsupplier,\n\trevenue0\nwhere\n\ts_suppkey = supplier_no\n\tand total_revenue = (\n\t\tselect\n\t\t\tmax(total_revenue)\n\t\tfrom\n\t\t\trevenue0\n\t)\norder by\n\ts_suppkey;\n",
    "execution_time": 122.456,
    "plan": {
      "Plan": {
        "Node Type": "Merge Join",
        "Parallel Aware": false,
        "Async Capable": false,
        "Join Type": "Inner",
        "Startup Cost": 33411.72,
        "Total Cost": 33680.19,
        "Plan Rows": 5,
        "Plan Width": 104,
        "Actual Startup Time": 120.308,
        "Actual Total Time": 122.301,
        "Actual Rows": 1,
        "Actual Loops": 1,
        "Inner Unique": true,
        "Merge Cond": "(supplier.s_suppkey = lineitem.l_suppkey)",
        "Plans": [
          {
            "Node Type": "Aggregate",
            "Strategy": "Plain",
            "Partial Mode": "Simple",
            "Parent Relationship": "InitPlan",
            "Subplan Name": "InitPlan 1",
            "Parallel Aware": false,
            "Async Capable": false,
            "Startup Cost": 16790.62,
            "Total Cost": 16790.63,
            "Plan Rows": 1,
            "Plan Width": 32,
            "Actual Startup Time": 64.426,
            "Actual Total Time": 65.349,
            "Actual Rows": 1,
            "Actual Loops": 1,
            "Plans": [
              {
                "Node Type": "Aggregate",
                "Strategy": "Sorted",
                "Partial Mode": "Finalize",
                "Parent Relationship": "Outer",
                "Parallel Aware": false,
                "Async Capable": false,
                "Startup Cost": 16517.27,
                "Total Cost": 16778.12,
                "Plan Rows": 1000,
                "Plan Width": 36,
                "Actual Startup Time": 62.697,
                "Actual Total Time": 65.292,
                "Actual Rows": 1000,
                "Actual Loops": 1,
                "Group Key": [
                  "lineitem_1.l_suppkey"
                ],
                "Plans": [
                  {
                    "Node Type": "Gather Merge",
                    "Parent Relationship": "Outer",
                    "Parallel Aware": false,
                    "Async Capable": false,
                    "Startup Cost": 16517.27,
                    "Total Cost": 16750.62,
                    "Plan Rows": 2000,
                    "Plan Width": 36,
                    "Actual Startup Time": 62.686,
                    "Actual Total Time": 64.08,
                    "Actual Rows": 2996,
                    "Actual Loops": 1,
                    "Workers Planned": 2,
                    "Workers Launched": 2,
                    "Plans": [
                      {
                        "Node Type": "Sort",
                        "Parent Relationship": "Outer",
                        "Parallel Aware": false,
                        "Async Capable": false,
                        "Startup Cost": 15517.24,
                        "Total Cost": 15519.74,
                        "Plan Rows": 1000,
                        "Plan Width": 36,
                        "Actual Startup Time": 59.397,
                        "Actual Total Time": 59.446,
                        "Actual Rows": 999,
                        "Actual Loops": 3,
                        "Sort Key": [
                          "lineitem_1.l_suppkey"
                        ],
                        "Sort Method": "quicksort",
                        "Sort Space Used": 110,
                        "Sort Space Type": "Memory",
                        "Workers": [
                          {
                            "Worker Number": 0,
                            "Sort Method": "quicksort",
                            "Sort Space Used": 110,
                            "Sort Space Type": "Memory"
                          },
                          {
                            "Worker Number": 1,
                            "Sort Method": "quicksort",
                            "Sort Space Used": 110,
                            "Sort Space Type": "Memory"
                          }
                        ],
                        "Plans": [
                          {
                            "Node Type": "Aggregate",
                            "Strategy": "Hashed",
                            "Partial Mode": "Partial",
                            "Parent Relationship": "Outer",
                            "Parallel Aware": false,
                            "Async Capable": false,
                            "Startup Cost": 15454.91,
                            "Total Cost": 15467.41,
                            "Plan Rows": 1000,
                            "Plan Width": 36,
                            "Actual Startup Time": 58.711,
                            "Actual Total Time": 59.122,
                            "Actual Rows": 999,
                            "Actual Loops": 3,
                            "Group Key": [
                              "lineitem_1.l_suppkey"
                            ],
                            "Planned Partitions": 0,
                            "HashAgg Batches": 1,
                            "Peak Memory Usage": 577,
                            "Disk Usage": 0,
                            "Workers": [
                              {
                                "Worker Number": 0,
                                "HashAgg Batches": 1,
                                "Peak Memory Usage": 577,
                                "Disk Usage": 0
                              },
                              {
                                "Worker Number": 1,
                                "HashAgg Batches": 1,
                                "Peak Memory Usage": 577,
                                "Disk Usage": 0
                              }
                            ],
                            "Plans": [
                              {
                                "Node Type": "Seq Scan",
                                "Parent Relationship": "Outer",
                                "Parallel Aware": true,
                                "Async Capable": false,
                                "Relation Name": "lineitem",
                                "Alias": "lineitem_1",
                                "Startup Cost": 0.0,
                                "Total Cost": 15361.58,
                                "Plan Rows": 9334,
                                "Plan Width": 16,
                                "Actual Startup Time": 0.059,
                                "Actual Total Time": 54.05,
                                "Actual Rows": 7525,
                                "Actual Loops": 3,
                                "Filter": "((l_shipdate >= '1995-01-01'::date) AND (l_shipdate < '1995-04-01 00:00:00'::timestamp without time zone))",
                                "Rows Removed by Filter": 192665,
                                "Workers": []
                              }
                            ]
                          }
                        ]
                      }
                    ]
                  }
                ]
              }
            ]
          },
          {
            "Node Type": "Sort",
            "Parent Relationship": "Outer",
            "Parallel Aware": false,
            "Async Capable": false,
            "Startup Cost": 103.83,
            "Total Cost": 106.33,
            "Plan Rows": 1000,
            "Plan Width": 72,
            "Actual Startup Time": 0.321,
            "Actual Total Time": 0.528,
            "Actual Rows": 945,
            "Actual Loops": 1,
            "Sort Key": [
              "supplier.s_suppkey"
            ],
            "Sort Method": "quicksort",
            "Sort Space Used": 114,
            "Sort Space Type": "Memory",
            "Plans": [
              {
                "Node Type": "Seq Scan",
                "Parent Relationship": "Outer",
                "Parallel Aware": false,
                "Async Capable": false,
                "Relation Name": "supplier",
                "Alias": "supplier",
                "Startup Cost": 0.0,
                "Total Cost": 54.0,
                "Plan Rows": 1000,
                "Plan Width": 72,
                "Actual Startup Time": 0.011,
                "Actual Total Time": 0.184,
                "Actual Rows": 1000,
                "Actual Loops": 1
              }
            ]
          },
          {
            "Node Type": "Aggregate",
            "Strategy": "Sorted",
            "Partial Mode": "Finalize",
            "Parent Relationship": "Inner",
            "Parallel Aware": false,
            "Async Capable": false,
            "Startup Cost": 16517.27,
            "Total Cost": 16780.62,
            "Plan Rows": 5,
            "Plan Width": 36,
            "Actual Startup Time": 119.676,
            "Actual Total Time": 120.742,
            "Actual Rows": 1,
            "Actual Loops": 1,
            "Group Key": [
              "lineitem.l_suppkey"
            ],
            "Filter": "(sum((lineitem.l_extendedprice * ('1'::numeric - lineitem.l_discount))) = (InitPlan 1).col1)",
            "Rows Removed by Filter": 999,
            "Plans": [
              {
                "Node Type": "Gather Merge",
                "Parent Relationship": "Outer",
                "Parallel Aware": false,
                "Async Capable": false,
                "Startup Cost": 16517.27,
                "Total Cost": 16750.62,
                "Plan Rows": 2000,
                "Plan Width": 36,
                "Actual Startup Time": 52.935,
                "Actual Total Time": 54.861,
                "Actual Rows": 2998,
                "Actual Loops": 1,
                "Workers Planned": 2,
                "Workers Launched": 2,
                "Plans": [
                  {
                    "Node Type": "Sort",
                    "Parent Relationship": "Outer",
                    "Parallel Aware": false,
                    "Async Capable": false,
                    "Startup Cost": 15517.24,
                    "Total Cost": 15519.74,
                    "Plan Rows": 1000,
                    "Plan Width": 36,
                    "Actual Startup Time": 49.573,
                    "Actual Total Time": 49.725,
                    "Actual Rows": 999,
                    "Actual Loops": 3,
                    "Sort Key": [
                      "lineitem.l_suppkey"
                    ],
                    "Sort Method": "quicksort",
                    "Sort Space Used": 110,
                    "Sort Space Type": "Memory",
                    "Workers": [
                      {
                        "Worker Number": 0,
                        "Sort Method": "quicksort",
                        "Sort Space Used": 110,
                        "Sort Space Type": "Memory"
                      },
                      {
                        "Worker Number": 1,
                        "Sort Method": "quicksort",
                        "Sort Space Used": 110,
                        "Sort Space Type": "Memory"
                      }
                    ],
                    "Plans": [
                      {
                        "Node Type": "Aggregate",
                        "Strategy": "Hashed",
                        "Partial Mode": "Partial",
                        "Parent Relationship": "Outer",
                        "Parallel Aware": false,
                        "Async Capable": false,
                        "Startup Cost": 15454.91,
                        "Total Cost": 15467.41,
                        "Plan Rows": 1000,
                        "Plan Width": 36,
                        "Actual Startup Time": 48.903,
                        "Actual Total Time": 49.335,
                        "Actual Rows": 999,
                        "Actual Loops": 3,
                        "Group Key": [
                          "lineitem.l_suppkey"
                        ],
                        "Planned Partitions": 0,
                        "HashAgg Batches": 1,
                        "Peak Memory Usage": 577,
                        "Disk Usage": 0,
                        "Workers": [
                          {
                            "Worker Number": 0,
                            "HashAgg Batches": 1,
                            "Peak Memory Usage": 577,
                            "Disk Usage": 0
                          },
                          {
                            "Worker Number": 1,
                            "HashAgg Batches": 1,
                            "Peak Memory Usage": 577,
                            "Disk Usage": 0
                          }
                        ],
                        "Plans": [
                          {
                            "Node Type": "Seq Scan",
                            "Parent Relationship": "Outer",
                            "Parallel Aware": true,
                            "Async Capable": false,
                            "Relation Name": "lineitem",
                            "Alias": "lineitem",
                            "Startup Cost": 0.0,
                            "Total Cost": 15361.58,
                            "Plan Rows": 9334,
                            "Plan Width": 16,
                            "Actual Startup Time": 0.046,
                            "Actual Total Time": 44.188,
                            "Actual Rows": 7525,
                            "Actual Loops": 3,
                            "Filter": "((l_shipdate >= '1995-01-01'::date) AND (l_shipdate < '1995-04-01 00:00:00'::timestamp without time zone))",
                            "Rows Removed by Filter": 192665,
                            "Workers": []
                          }
                        ]
                      }
                    ]
                  }
                ]
              }
            ]
          }
        ]
      },
      "Planning Time": 0.19,
      "Triggers": [],
      "Execution Time": 122.456
    }
  },
  {
    "query_id": "query15.66",
    "query": "select\n\ts_suppkey,\n\ts_name,\n\ts_address,\n\ts_phone,\n\ttotal_revenue\nfrom\n\tsupplier,\n\trevenue0\nwhere\n\ts_suppkey = supplier_no\n\tand total_revenue = (\n\t\tselect\n\t\t\tmax(total_revenue)\n\t\tfrom\n\t\t\trevenue0\n\t)\norder by\n\ts_suppkey;\n",
    "execution_time": 112.992,
    "plan": {
      "Plan": {
        "Node Type": "Merge Join",
        "Parallel Aware": false,
        "Async Capable": false,
        "Join Type": "Inner",
        "Startup Cost": 33426.24,
        "Total Cost": 33694.71,
        "Plan Rows": 5,
        "Plan Width": 104,
        "Actual Startup Time": 111.055,
        "Actual Total Time": 112.787,
        "Actual Rows": 1,
        "Actual Loops": 1,
        "Inner Unique": true,
        "Merge Cond": "(supplier.s_suppkey = lineitem.l_suppkey)",
        "Plans": [
          {
            "Node Type": "Aggregate",
            "Strategy": "Plain",
            "Partial Mode": "Simple",
            "Parent Relationship": "InitPlan",
            "Subplan Name": "InitPlan 1",
            "Parallel Aware": false,
            "Async Capable": false,
            "Startup Cost": 16797.88,
            "Total Cost": 16797.89,
            "Plan Rows": 1,
            "Plan Width": 32,
            "Actual Startup Time": 54.541,
            "Actual Total Time": 54.673,
            "Actual Rows": 1,
            "Actual Loops": 1,
            "Plans": [
              {
                "Node Type": "Aggregate",
                "Strategy": "Sorted",
                "Partial Mode": "Finalize",
                "Parent Relationship": "Outer",
                "Parallel Aware": false,
                "Async Capable": false,
                "Startup Cost": 16524.53,
                "Total Cost": 16785.38,
                "Plan Rows": 1000,
                "Plan Width": 36,
                "Actual Startup Time": 51.83,
                "Actual Total Time": 54.579,
                "Actual Rows": 1000,
                "Actual Loops": 1,
                "Group Key": [
                  "lineitem_1.l_suppkey"
                ],
                "Plans": [
                  {
                    "Node Type": "Gather Merge",
                    "Parent Relationship": "Outer",
                    "Parallel Aware": false,
                    "Async Capable": false,
                    "Startup Cost": 16524.53,
                    "Total Cost": 16757.88,
                    "Plan Rows": 2000,
                    "Plan Width": 36,
                    "Actual Startup Time": 51.819,
                    "Actual Total Time": 52.752,
                    "Actual Rows": 2996,
                    "Actual Loops": 1,
                    "Workers Planned": 2,
                    "Workers Launched": 2,
                    "Plans": [
                      {
                        "Node Type": "Sort",
                        "Parent Relationship": "Outer",
                        "Parallel Aware": false,
                        "Async Capable": false,
                        "Startup Cost": 15524.5,
                        "Total Cost": 15527.0,
                        "Plan Rows": 1000,
                        "Plan Width": 36,
                        "Actual Startup Time": 48.043,
                        "Actual Total Time": 48.104,
                        "Actual Rows": 999,
                        "Actual Loops": 3,
                        "Sort Key": [
                          "lineitem_1.l_suppkey"
                        ],
                        "Sort Method": "quicksort",
                        "Sort Space Used": 110,
                        "Sort Space Type": "Memory",
                        "Workers": [
                          {
                            "Worker Number": 0,
                            "Sort Method": "quicksort",
                            "Sort Space Used": 110,
                            "Sort Space Type": "Memory"
                          },
                          {
                            "Worker Number": 1,
                            "Sort Method": "quicksort",
                            "Sort Space Used": 110,
                            "Sort Space Type": "Memory"
                          }
                        ],
                        "Plans": [
                          {
                            "Node Type": "Aggregate",
                            "Strategy": "Hashed",
                            "Partial Mode": "Partial",
                            "Parent Relationship": "Outer",
                            "Parallel Aware": false,
                            "Async Capable": false,
                            "Startup Cost": 15462.18,
                            "Total Cost": 15474.68,
                            "Plan Rows": 1000,
                            "Plan Width": 36,
                            "Actual Startup Time": 47.487,
                            "Actual Total Time": 47.822,
                            "Actual Rows": 999,
                            "Actual Loops": 3,
                            "Group Key": [
                              "lineitem_1.l_suppkey"
                            ],
                            "Planned Partitions": 0,
                            "HashAgg Batches": 1,
                            "Peak Memory Usage": 577,
                            "Disk Usage": 0,
                            "Workers": [
                              {
                                "Worker Number": 0,
                                "HashAgg Batches": 1,
                                "Peak Memory Usage": 577,
                                "Disk Usage": 0
                              },
                              {
                                "Worker Number": 1,
                                "HashAgg Batches": 1,
                                "Peak Memory Usage": 577,
                                "Disk Usage": 0
                              }
                            ],
                            "Plans": [
                              {
                                "Node Type": "Seq Scan",
                                "Parent Relationship": "Outer",
                                "Parallel Aware": true,
                                "Async Capable": false,
                                "Relation Name": "lineitem",
                                "Alias": "lineitem_1",
                                "Startup Cost": 0.0,
                                "Total Cost": 15361.58,
                                "Plan Rows": 10060,
                                "Plan Width": 16,
                                "Actual Startup Time": 0.064,
                                "Actual Total Time": 43.144,
                                "Actual Rows": 7669,
                                "Actual Loops": 3,
                                "Filter": "((l_shipdate >= '1997-08-01'::date) AND (l_shipdate < '1997-11-01 00:00:00'::timestamp without time zone))",
                                "Rows Removed by Filter": 192521,
                                "Workers": []
                              }
                            ]
                          }
                        ]
                      }
                    ]
                  }
                ]
              }
            ]
          },
          {
            "Node Type": "Sort",
            "Parent Relationship": "Outer",
            "Parallel Aware": false,
            "Async Capable": false,
            "Startup Cost": 103.83,
            "Total Cost": 106.33,
            "Plan Rows": 1000,
            "Plan Width": 72,
            "Actual Startup Time": 0.751,
            "Actual Total Time": 0.787,
            "Actual Rows": 920,
            "Actual Loops": 1,
            "Sort Key": [
              "supplier.s_suppkey"
            ],
            "Sort Method": "quicksort",
            "Sort Space Used": 114,
            "Sort Space Type": "Memory",
            "Plans": [
              {
                "Node Type": "Seq Scan",
                "Parent Relationship": "Outer",
                "Parallel Aware": false,
                "Async Capable": false,
                "Relation Name": "supplier",
                "Alias": "supplier",
                "Startup Cost": 0.0,
                "Total Cost": 54.0,
                "Plan Rows": 1000,
                "Plan Width": 72,
                "Actual Startup Time": 0.015,
                "Actual Total Time": 0.441,
                "Actual Rows": 1000,
                "Actual Loops": 1
              }
            ]
          },
          {
            "Node Type": "Aggregate",
            "Strategy": "Sorted",
            "Partial Mode": "Finalize",
            "Parent Relationship": "Inner",
            "Parallel Aware": false,
            "Async Capable": false,
            "Startup Cost": 16524.53,
            "Total Cost": 16787.88,
            "Plan Rows": 5,
            "Plan Width": 36,
            "Actual Startup Time": 110.215,
            "Actual Total Time": 111.813,
            "Actual Rows": 1,
            "Actual Loops": 1,
            "Group Key": [
              "lineitem.l_suppkey"
            ],
            "Filter": "(sum((lineitem.l_extendedprice * ('1'::numeric - lineitem.l_discount))) = (InitPlan 1).col1)",
            "Rows Removed by Filter": 999,
            "Plans": [
              {
                "Node Type": "Gather Merge",
                "Parent Relationship": "Outer",
                "Parallel Aware": false,
                "Async Capable": false,
                "Startup Cost": 16524.53,
                "Total Cost": 16757.88,
                "Plan Rows": 2000,
                "Plan Width": 36,
                "Actual Startup Time": 53.686,
                "Actual Total Time": 55.766,
                "Actual Rows": 2993,
                "Actual Loops": 1,
                "Workers Planned": 2,
                "Workers Launched": 2,
                "Plans": [
                  {
                    "Node Type": "Sort",
                    "Parent Relationship": "Outer",
                    "Parallel Aware": false,
                    "Async Capable": false,
                    "Startup Cost": 15524.5,
                    "Total Cost": 15527.0,
                    "Plan Rows": 1000,
                    "Plan Width": 36,
                    "Actual Startup Time": 49.535,
                    "Actual Total Time": 49.623,
                    "Actual Rows": 998,
                    "Actual Loops": 3,
                    "Sort Key": [
                      "lineitem.l_suppkey"
                    ],
                    "Sort Method": "quicksort",
                    "Sort Space Used": 110,
                    "Sort Space Type": "Memory",
                    "Workers": [
                      {
                        "Worker Number": 0,
                        "Sort Method": "quicksort",
                        "Sort Space Used": 110,
                        "Sort Space Type": "Memory"
                      },
                      {
                        "Worker Number": 1,
                        "Sort Method": "quicksort",
                        "Sort Space Used": 110,
                        "Sort Space Type": "Memory"
                      }
                    ],
                    "Plans": [
                      {
                        "Node Type": "Aggregate",
                        "Strategy": "Hashed",
                        "Partial Mode": "Partial",
                        "Parent Relationship": "Outer",
                        "Parallel Aware": false,
                        "Async Capable": false,
                        "Startup Cost": 15462.18,
                        "Total Cost": 15474.68,
                        "Plan Rows": 1000,
                        "Plan Width": 36,
                        "Actual Startup Time": 48.999,
                        "Actual Total Time": 49.331,
                        "Actual Rows": 998,
                        "Actual Loops": 3,
                        "Group Key": [
                          "lineitem.l_suppkey"
                        ],
                        "Planned Partitions": 0,
                        "HashAgg Batches": 1,
                        "Peak Memory Usage": 577,
                        "Disk Usage": 0,
                        "Workers": [
                          {
                            "Worker Number": 0,
                            "HashAgg Batches": 1,
                            "Peak Memory Usage": 577,
                            "Disk Usage": 0
                          },
                          {
                            "Worker Number": 1,
                            "HashAgg Batches": 1,
                            "Peak Memory Usage": 577,
                            "Disk Usage": 0
                          }
                        ],
                        "Plans": [
                          {
                            "Node Type": "Seq Scan",
                            "Parent Relationship": "Outer",
                            "Parallel Aware": true,
                            "Async Capable": false,
                            "Relation Name": "lineitem",
                            "Alias": "lineitem",
                            "Startup Cost": 0.0,
                            "Total Cost": 15361.58,
                            "Plan Rows": 10060,
                            "Plan Width": 16,
                            "Actual Startup Time": 0.039,
                            "Actual Total Time": 44.154,
                            "Actual Rows": 7669,
                            "Actual Loops": 3,
                            "Filter": "((l_shipdate >= '1997-08-01'::date) AND (l_shipdate < '1997-11-01 00:00:00'::timestamp without time zone))",
                            "Rows Removed by Filter": 192521,
                            "Workers": []
                          }
                        ]
                      }
                    ]
                  }
                ]
              }
            ]
          }
        ]
      },
      "Planning Time": 0.393,
      "Triggers": [],
      "Execution Time": 112.992
    }
  },
  {
    "query_id": "query15.67",
    "query": "select\n\ts_suppkey,\n\ts_name,\n\ts_address,\n\ts_phone,\n\ttotal_revenue\nfrom\n\tsupplier,\n\trevenue0\nwhere\n\ts_suppkey = supplier_no\n\tand total_revenue = (\n\t\tselect\n\t\t\tmax(total_revenue)\n\t\tfrom\n\t\t\trevenue0\n\t)\norder by\n\ts_suppkey;\n",
    "execution_time": 117.793,
    "plan": {
      "Plan": {
        "Node Type": "Merge Join",
        "Parallel Aware": false,
        "Async Capable": false,
        "Join Type": "Inner",
        "Startup Cost": 33424.04,
        "Total Cost": 33692.51,
        "Plan Rows": 5,
        "Plan Width": 104,
        "Actual Startup Time": 115.282,
        "Actual Total Time": 117.625,
        "Actual Rows": 1,
        "Actual Loops": 1,
        "Inner Unique": true,
        "Merge Cond": "(supplier.s_suppkey = lineitem.l_suppkey)",
        "Plans": [
          {
            "Node Type": "Aggregate",
            "Strategy": "Plain",
            "Partial Mode": "Simple",
            "Parent Relationship": "InitPlan",
            "Subplan Name": "InitPlan 1",
            "Parallel Aware": false,
            "Async Capable": false,
            "Startup Cost": 16796.78,
            "Total Cost": 16796.79,
            "Plan Rows": 1,
            "Plan Width": 32,
            "Actual Startup Time": 52.353,
            "Actual Total Time": 52.792,
            "Actual Rows": 1,
            "Actual Loops": 1,
            "Plans": [
              {
                "Node Type": "Aggregate",
                "Strategy": "Sorted",
                "Partial Mode": "Finalize",
                "Parent Relationship": "Outer",
                "Parallel Aware": false,
                "Async Capable": false,
                "Startup Cost": 16523.43,
                "Total Cost": 16784.28,
                "Plan Rows": 1000,
                "Plan Width": 36,
                "Actual Startup Time": 50.6,
                "Actual Total Time": 52.732,
                "Actual Rows": 1000,
                "Actual Loops": 1,
                "Group Key": [
                  "lineitem_1.l_suppkey"
                ],
                "Plans": [
                  {
                    "Node Type": "Gather Merge",
                    "Parent Relationship": "Outer",
                    "Parallel Aware": false,
                    "Async Capable": false,
                    "Startup Cost": 16523.43,
                    "Total Cost": 16756.78,
                    "Plan Rows": 2000,
                    "Plan Width": 36,
                    "Actual Startup Time": 50.587,
                    "Actual Total Time": 51.532,
                    "Actual Rows": 2998,
                    "Actual Loops": 1,
                    "Workers Planned": 2,
                    "Workers Launched": 2,
                    "Plans": [
                      {
                        "Node Type": "Sort",
                        "Parent Relationship": "Outer",
                        "Parallel Aware": false,
                        "Async Capable": false,
                        "Startup Cost": 15523.4,
                        "Total Cost": 15525.9,
                        "Plan Rows": 1000,
                        "Plan Width": 36,
                        "Actual Startup Time": 46.505,
                        "Actual Total Time": 46.562,
                        "Actual Rows": 999,
                        "Actual Loops": 3,
                        "Sort Key": [
                          "lineitem_1.l_suppkey"
                        ],
                        "Sort Method": "quicksort",
                        "Sort Space Used": 110,
                        "Sort Space Type": "Memory",
                        "Workers": [
                          {
                            "Worker Number": 0,
                            "Sort Method": "quicksort",
                            "Sort Space Used": 110,
                            "Sort Space Type": "Memory"
                          },
                          {
                            "Worker Number": 1,
                            "Sort Method": "quicksort",
                            "Sort Space Used": 110,
                            "Sort Space Type": "Memory"
                          }
                        ],
                        "Plans": [
                          {
                            "Node Type": "Aggregate",
                            "Strategy": "Hashed",
                            "Partial Mode": "Partial",
                            "Parent Relationship": "Outer",
                            "Parallel Aware": false,
                            "Async Capable": false,
                            "Startup Cost": 15461.08,
                            "Total Cost": 15473.58,
                            "Plan Rows": 1000,
                            "Plan Width": 36,
                            "Actual Startup Time": 45.916,
                            "Actual Total Time": 46.284,
                            "Actual Rows": 999,
                            "Actual Loops": 3,
                            "Group Key": [
                              "lineitem_1.l_suppkey"
                            ],
                            "Planned Partitions": 0,
                            "HashAgg Batches": 1,
                            "Peak Memory Usage": 577,
                            "Disk Usage": 0,
                            "Workers": [
                              {
                                "Worker Number": 0,
                                "HashAgg Batches": 1,
                                "Peak Memory Usage": 577,
                                "Disk Usage": 0
                              },
                              {
                                "Worker Number": 1,
                                "HashAgg Batches": 1,
                                "Peak Memory Usage": 577,
                                "Disk Usage": 0
                              }
                            ],
                            "Plans": [
                              {
                                "Node Type": "Seq Scan",
                                "Parent Relationship": "Outer",
                                "Parallel Aware": true,
                                "Async Capable": false,
                                "Relation Name": "lineitem",
                                "Alias": "lineitem_1",
                                "Startup Cost": 0.0,
                                "Total Cost": 15361.58,
                                "Plan Rows": 9950,
                                "Plan Width": 16,
                                "Actual Startup Time": 0.019,
                                "Actual Total Time": 41.483,
                                "Actual Rows": 7710,
                                "Actual Loops": 3,
                                "Filter": "((l_shipdate >= '1995-05-01'::date) AND (l_shipdate < '1995-08-01 00:00:00'::timestamp without time zone))",
                                "Rows Removed by Filter": 192481,
                                "Workers": []
                              }
                            ]
                          }
                        ]
                      }
                    ]
                  }
                ]
              }
            ]
          },
          {
            "Node Type": "Sort",
            "Parent Relationship": "Outer",
            "Parallel Aware": false,
            "Async Capable": false,
            "Startup Cost": 103.83,
            "Total Cost": 106.33,
            "Plan Rows": 1000,
            "Plan Width": 72,
            "Actual Startup Time": 0.73,
            "Actual Total Time": 0.765,
            "Actual Rows": 640,
            "Actual Loops": 1,
            "Sort Key": [
              "supplier.s_suppkey"
            ],
            "Sort Method": "quicksort",
            "Sort Space Used": 114,
            "Sort Space Type": "Memory",
            "Plans": [
              {
                "Node Type": "Seq Scan",
                "Parent Relationship": "Outer",
                "Parallel Aware": false,
                "Async Capable": false,
                "Relation Name": "supplier",
                "Alias": "supplier",
                "Startup Cost": 0.0,
                "Total Cost": 54.0,
                "Plan Rows": 1000,
                "Plan Width": 72,
                "Actual Startup Time": 0.013,
                "Actual Total Time": 0.435,
                "Actual Rows": 1000,
                "Actual Loops": 1
              }
            ]
          },
          {
            "Node Type": "Aggregate",
            "Strategy": "Sorted",
            "Partial Mode": "Finalize",
            "Parent Relationship": "Inner",
            "Parallel Aware": false,
            "Async Capable": false,
            "Startup Cost": 16523.43,
            "Total Cost": 16786.78,
            "Plan Rows": 5,
            "Plan Width": 36,
            "Actual Startup Time": 114.467,
            "Actual Total Time": 116.368,
            "Actual Rows": 1,
            "Actual Loops": 1,
            "Group Key": [
              "lineitem.l_suppkey"
            ],
            "Filter": "(sum((lineitem.l_extendedprice * ('1'::numeric - lineitem.l_discount))) = (InitPlan 1).col1)",
            "Rows Removed by Filter": 999,
            "Plans": [
              {
                "Node Type": "Gather Merge",
                "Parent Relationship": "Outer",
                "Parallel Aware": false,
                "Async Capable": false,
                "Startup Cost": 16523.43,
                "Total Cost": 16756.78,
                "Plan Rows": 2000,
                "Plan Width": 36,
                "Actual Startup Time": 60.816,
                "Actual Total Time": 62.636,
                "Actual Rows": 2995,
                "Actual Loops": 1,
                "Workers Planned": 2,
                "Workers Launched": 2,
                "Plans": [
                  {
                    "Node Type": "Sort",
                    "Parent Relationship": "Outer",
                    "Parallel Aware": false,
                    "Async Capable": false,
                    "Startup Cost": 15523.4,
                    "Total Cost": 15525.9,
                    "Plan Rows": 1000,
                    "Plan Width": 36,
                    "Actual Startup Time": 56.88,
                    "Actual Total Time": 56.977,
                    "Actual Rows": 998,
                    "Actual Loops": 3,
                    "Sort Key": [
                      "lineitem.l_suppkey"
                    ],
                    "Sort Method": "quicksort",
                    "Sort Space Used": 110,
                    "Sort Space Type": "Memory",
                    "Workers": [
                      {
                        "Worker Number": 0,
                        "Sort Method": "quicksort",
                        "Sort Space Used": 110,
                        "Sort Space Type": "Memory"
                      },
                      {
                        "Worker Number": 1,
                        "Sort Method": "quicksort",
                        "Sort Space Used": 110,
                        "Sort Space Type": "Memory"
                      }
                    ],
                    "Plans": [
                      {
                        "Node Type": "Aggregate",
                        "Strategy": "Hashed",
                        "Partial Mode": "Partial",
                        "Parent Relationship": "Outer",
                        "Parallel Aware": false,
                        "Async Capable": false,
                        "Startup Cost": 15461.08,
                        "Total Cost": 15473.58,
                        "Plan Rows": 1000,
                        "Plan Width": 36,
                        "Actual Startup Time": 56.248,
                        "Actual Total Time": 56.657,
                        "Actual Rows": 998,
                        "Actual Loops": 3,
                        "Group Key": [
                          "lineitem.l_suppkey"
                        ],
                        "Planned Partitions": 0,
                        "HashAgg Batches": 1,
                        "Peak Memory Usage": 577,
                        "Disk Usage": 0,
                        "Workers": [
                          {
                            "Worker Number": 0,
                            "HashAgg Batches": 1,
                            "Peak Memory Usage": 577,
                            "Disk Usage": 0
                          },
                          {
                            "Worker Number": 1,
                            "HashAgg Batches": 1,
                            "Peak Memory Usage": 577,
                            "Disk Usage": 0
                          }
                        ],
                        "Plans": [
                          {
                            "Node Type": "Seq Scan",
                            "Parent Relationship": "Outer",
                            "Parallel Aware": true,
                            "Async Capable": false,
                            "Relation Name": "lineitem",
                            "Alias": "lineitem",
                            "Startup Cost": 0.0,
                            "Total Cost": 15361.58,
                            "Plan Rows": 9950,
                            "Plan Width": 16,
                            "Actual Startup Time": 0.032,
                            "Actual Total Time": 51.34,
                            "Actual Rows": 7710,
                            "Actual Loops": 3,
                            "Filter": "((l_shipdate >= '1995-05-01'::date) AND (l_shipdate < '1995-08-01 00:00:00'::timestamp without time zone))",
                            "Rows Removed by Filter": 192481,
                            "Workers": []
                          }
                        ]
                      }
                    ]
                  }
                ]
              }
            ]
          }
        ]
      },
      "Planning Time": 0.321,
      "Triggers": [],
      "Execution Time": 117.793
    }
  },
  {
    "query_id": "query15.68",
    "query": "select\n\ts_suppkey,\n\ts_name,\n\ts_address,\n\ts_phone,\n\ttotal_revenue\nfrom\n\tsupplier,\n\trevenue0\nwhere\n\ts_suppkey = supplier_no\n\tand total_revenue = (\n\t\tselect\n\t\t\tmax(total_revenue)\n\t\tfrom\n\t\t\trevenue0\n\t)\norder by\n\ts_suppkey;\n",
    "execution_time": 130.313,
    "plan": {
      "Plan": {
        "Node Type": "Merge Join",
        "Parallel Aware": false,
        "Async Capable": false,
        "Join Type": "Inner",
        "Startup Cost": 33406.66,
        "Total Cost": 33675.13,
        "Plan Rows": 5,
        "Plan Width": 104,
        "Actual Startup Time": 127.574,
        "Actual Total Time": 130.182,
        "Actual Rows": 1,
        "Actual Loops": 1,
        "Inner Unique": true,
        "Merge Cond": "(supplier.s_suppkey = lineitem.l_suppkey)",
        "Plans": [
          {
            "Node Type": "Aggregate",
            "Strategy": "Plain",
            "Partial Mode": "Simple",
            "Parent Relationship": "InitPlan",
            "Subplan Name": "InitPlan 1",
            "Parallel Aware": false,
            "Async Capable": false,
            "Startup Cost": 16788.09,
            "Total Cost": 16788.1,
            "Plan Rows": 1,
            "Plan Width": 32,
            "Actual Startup Time": 68.157,
            "Actual Total Time": 68.312,
            "Actual Rows": 1,
            "Actual Loops": 1,
            "Plans": [
              {
                "Node Type": "Aggregate",
                "Strategy": "Sorted",
                "Partial Mode": "Finalize",
                "Parent Relationship": "Outer",
                "Parallel Aware": false,
                "Async Capable": false,
                "Startup Cost": 16514.74,
                "Total Cost": 16775.59,
                "Plan Rows": 1000,
                "Plan Width": 36,
                "Actual Startup Time": 66.101,
                "Actual Total Time": 68.228,
                "Actual Rows": 1000,
                "Actual Loops": 1,
                "Group Key": [
                  "lineitem_1.l_suppkey"
                ],
                "Plans": [
                  {
                    "Node Type": "Gather Merge",
                    "Parent Relationship": "Outer",
                    "Parallel Aware": false,
                    "Async Capable": false,
                    "Startup Cost": 16514.74,
                    "Total Cost": 16748.09,
                    "Plan Rows": 2000,
                    "Plan Width": 36,
                    "Actual Startup Time": 66.082,
                    "Actual Total Time": 66.884,
                    "Actual Rows": 2996,
                    "Actual Loops": 1,
                    "Workers Planned": 2,
                    "Workers Launched": 2,
                    "Plans": [
                      {
                        "Node Type": "Sort",
                        "Parent Relationship": "Outer",
                        "Parallel Aware": false,
                        "Async Capable": false,
                        "Startup Cost": 15514.71,
                        "Total Cost": 15517.21,
                        "Plan Rows": 1000,
                        "Plan Width": 36,
                        "Actual Startup Time": 61.922,
                        "Actual Total Time": 62.0,
                        "Actual Rows": 999,
                        "Actual Loops": 3,
                        "Sort Key": [
                          "lineitem_1.l_suppkey"
                        ],
                        "Sort Method": "quicksort",
                        "Sort Space Used": 110,
                        "Sort Space Type": "Memory",
                        "Workers": [
                          {
                            "Worker Number": 0,
                            "Sort Method": "quicksort",
                            "Sort Space Used": 110,
                            "Sort Space Type": "Memory"
                          },
                          {
                            "Worker Number": 1,
                            "Sort Method": "quicksort",
                            "Sort Space Used": 110,
                            "Sort Space Type": "Memory"
                          }
                        ],
                        "Plans": [
                          {
                            "Node Type": "Aggregate",
                            "Strategy": "Hashed",
                            "Partial Mode": "Partial",
                            "Parent Relationship": "Outer",
                            "Parallel Aware": false,
                            "Async Capable": false,
                            "Startup Cost": 15452.39,
                            "Total Cost": 15464.89,
                            "Plan Rows": 1000,
                            "Plan Width": 36,
                            "Actual Startup Time": 61.023,
                            "Actual Total Time": 61.616,
                            "Actual Rows": 999,
                            "Actual Loops": 3,
                            "Group Key": [
                              "lineitem_1.l_suppkey"
                            ],
                            "Planned Partitions": 0,
                            "HashAgg Batches": 1,
                            "Peak Memory Usage": 577,
                            "Disk Usage": 0,
                            "Workers": [
                              {
                                "Worker Number": 0,
                                "HashAgg Batches": 1,
                                "Peak Memory Usage": 577,
                                "Disk Usage": 0
                              },
                              {
                                "Worker Number": 1,
                                "HashAgg Batches": 1,
                                "Peak Memory Usage": 577,
                                "Disk Usage": 0
                              }
                            ],
                            "Plans": [
                              {
                                "Node Type": "Seq Scan",
                                "Parent Relationship": "Outer",
                                "Parallel Aware": true,
                                "Async Capable": false,
                                "Relation Name": "lineitem",
                                "Alias": "lineitem_1",
                                "Startup Cost": 0.0,
                                "Total Cost": 15361.58,
                                "Plan Rows": 9081,
                                "Plan Width": 16,
                                "Actual Startup Time": 0.06,
                                "Actual Total Time": 55.642,
                                "Actual Rows": 7263,
                                "Actual Loops": 3,
                                "Filter": "((l_shipdate >= '1993-02-01'::date) AND (l_shipdate < '1993-05-01 00:00:00'::timestamp without time zone))",
                                "Rows Removed by Filter": 192928,
                                "Workers": []
                              }
                            ]
                          }
                        ]
                      }
                    ]
                  }
                ]
              }
            ]
          },
          {
            "Node Type": "Sort",
            "Parent Relationship": "Outer",
            "Parallel Aware": false,
            "Async Capable": false,
            "Startup Cost": 103.83,
            "Total Cost": 106.33,
            "Plan Rows": 1000,
            "Plan Width": 72,
            "Actual Startup Time": 0.514,
            "Actual Total Time": 0.733,
            "Actual Rows": 477,
            "Actual Loops": 1,
            "Sort Key": [
              "supplier.s_suppkey"
            ],
            "Sort Method": "quicksort",
            "Sort Space Used": 114,
            "Sort Space Type": "Memory",
            "Plans": [
              {
                "Node Type": "Seq Scan",
                "Parent Relationship": "Outer",
                "Parallel Aware": false,
                "Async Capable": false,
                "Relation Name": "supplier",
                "Alias": "supplier",
                "Startup Cost": 0.0,
                "Total Cost": 54.0,
                "Plan Rows": 1000,
                "Plan Width": 72,
                "Actual Startup Time": 0.01,
                "Actual Total Time": 0.278,
                "Actual Rows": 1000,
                "Actual Loops": 1
              }
            ]
          },
          {
            "Node Type": "Aggregate",
            "Strategy": "Sorted",
            "Partial Mode": "Finalize",
            "Parent Relationship": "Inner",
            "Parallel Aware": false,
            "Async Capable": false,
            "Startup Cost": 16514.74,
            "Total Cost": 16778.09,
            "Plan Rows": 5,
            "Plan Width": 36,
            "Actual Startup Time": 126.757,
            "Actual Total Time": 129.208,
            "Actual Rows": 1,
            "Actual Loops": 1,
            "Group Key": [
              "lineitem.l_suppkey"
            ],
            "Filter": "(sum((lineitem.l_extendedprice * ('1'::numeric - lineitem.l_discount))) = (InitPlan 1).col1)",
            "Rows Removed by Filter": 999,
            "Plans": [
              {
                "Node Type": "Gather Merge",
                "Parent Relationship": "Outer",
                "Parallel Aware": false,
                "Async Capable": false,
                "Startup Cost": 16514.74,
                "Total Cost": 16748.09,
                "Plan Rows": 2000,
                "Plan Width": 36,
                "Actual Startup Time": 56.586,
                "Actual Total Time": 58.72,
                "Actual Rows": 2996,
                "Actual Loops": 1,
                "Workers Planned": 2,
                "Workers Launched": 2,
                "Plans": [
                  {
                    "Node Type": "Sort",
                    "Parent Relationship": "Outer",
                    "Parallel Aware": false,
                    "Async Capable": false,
                    "Startup Cost": 15514.71,
                    "Total Cost": 15517.21,
                    "Plan Rows": 1000,
                    "Plan Width": 36,
                    "Actual Startup Time": 53.289,
                    "Actual Total Time": 53.485,
                    "Actual Rows": 999,
                    "Actual Loops": 3,
                    "Sort Key": [
                      "lineitem.l_suppkey"
                    ],
                    "Sort Method": "quicksort",
                    "Sort Space Used": 110,
                    "Sort Space Type": "Memory",
                    "Workers": [
                      {
                        "Worker Number": 0,
                        "Sort Method": "quicksort",
                        "Sort Space Used": 110,
                        "Sort Space Type": "Memory"
                      },
                      {
                        "Worker Number": 1,
                        "Sort Method": "quicksort",
                        "Sort Space Used": 110,
                        "Sort Space Type": "Memory"
                      }
                    ],
                    "Plans": [
                      {
                        "Node Type": "Aggregate",
                        "Strategy": "Hashed",
                        "Partial Mode": "Partial",
                        "Parent Relationship": "Outer",
                        "Parallel Aware": false,
                        "Async Capable": false,
                        "Startup Cost": 15452.39,
                        "Total Cost": 15464.89,
                        "Plan Rows": 1000,
                        "Plan Width": 36,
                        "Actual Startup Time": 52.605,
                        "Actual Total Time": 53.047,
                        "Actual Rows": 999,
                        "Actual Loops": 3,
                        "Group Key": [
                          "lineitem.l_suppkey"
                        ],
                        "Planned Partitions": 0,
                        "HashAgg Batches": 1,
                        "Peak Memory Usage": 577,
                        "Disk Usage": 0,
                        "Workers": [
                          {
                            "Worker Number": 0,
                            "HashAgg Batches": 1,
                            "Peak Memory Usage": 577,
                            "Disk Usage": 0
                          },
                          {
                            "Worker Number": 1,
                            "HashAgg Batches": 1,
                            "Peak Memory Usage": 577,
                            "Disk Usage": 0
                          }
                        ],
                        "Plans": [
                          {
                            "Node Type": "Seq Scan",
                            "Parent Relationship": "Outer",
                            "Parallel Aware": true,
                            "Async Capable": false,
                            "Relation Name": "lineitem",
                            "Alias": "lineitem",
                            "Startup Cost": 0.0,
                            "Total Cost": 15361.58,
                            "Plan Rows": 9081,
                            "Plan Width": 16,
                            "Actual Startup Time": 0.025,
                            "Actual Total Time": 47.905,
                            "Actual Rows": 7263,
                            "Actual Loops": 3,
                            "Filter": "((l_shipdate >= '1993-02-01'::date) AND (l_shipdate < '1993-05-01 00:00:00'::timestamp without time zone))",
                            "Rows Removed by Filter": 192928,
                            "Workers": []
                          }
                        ]
                      }
                    ]
                  }
                ]
              }
            ]
          }
        ]
      },
      "Planning Time": 0.192,
      "Triggers": [],
      "Execution Time": 130.313
    }
  },
  {
    "query_id": "query15.69",
    "query": "select\n\ts_suppkey,\n\ts_name,\n\ts_address,\n\ts_phone,\n\ttotal_revenue\nfrom\n\tsupplier,\n\trevenue0\nwhere\n\ts_suppkey = supplier_no\n\tand total_revenue = (\n\t\tselect\n\t\t\tmax(total_revenue)\n\t\tfrom\n\t\t\trevenue0\n\t)\norder by\n\ts_suppkey;\n",
    "execution_time": 102.639,
    "plan": {
      "Plan": {
        "Node Type": "Merge Join",
        "Parallel Aware": false,
        "Async Capable": false,
        "Join Type": "Inner",
        "Startup Cost": 33419.4,
        "Total Cost": 33687.87,
        "Plan Rows": 5,
        "Plan Width": 104,
        "Actual Startup Time": 100.345,
        "Actual Total Time": 102.419,
        "Actual Rows": 1,
        "Actual Loops": 1,
        "Inner Unique": true,
        "Merge Cond": "(supplier.s_suppkey = lineitem.l_suppkey)",
        "Plans": [
          {
            "Node Type": "Aggregate",
            "Strategy": "Plain",
            "Partial Mode": "Simple",
            "Parent Relationship": "InitPlan",
            "Subplan Name": "InitPlan 1",
            "Parallel Aware": false,
            "Async Capable": false,
            "Startup Cost": 16794.46,
            "Total Cost": 16794.47,
            "Plan Rows": 1,
            "Plan Width": 32,
            "Actual Startup Time": 46.32,
            "Actual Total Time": 46.822,
            "Actual Rows": 1,
            "Actual Loops": 1,
            "Plans": [
              {
                "Node Type": "Aggregate",
                "Strategy": "Sorted",
                "Partial Mode": "Finalize",
                "Parent Relationship": "Outer",
                "Parallel Aware": false,
                "Async Capable": false,
                "Startup Cost": 16521.11,
                "Total Cost": 16781.96,
                "Plan Rows": 1000,
                "Plan Width": 36,
                "Actual Startup Time": 44.35,
                "Actual Total Time": 46.745,
                "Actual Rows": 1000,
                "Actual Loops": 1,
                "Group Key": [
                  "lineitem_1.l_suppkey"
                ],
                "Plans": [
                  {
                    "Node Type": "Gather Merge",
                    "Parent Relationship": "Outer",
                    "Parallel Aware": false,
                    "Async Capable": false,
                    "Startup Cost": 16521.11,
                    "Total Cost": 16754.46,
                    "Plan Rows": 2000,
                    "Plan Width": 36,
                    "Actual Startup Time": 44.334,
                    "Actual Total Time": 45.391,
                    "Actual Rows": 2998,
                    "Actual Loops": 1,
                    "Workers Planned": 2,
                    "Workers Launched": 2,
                    "Plans": [
                      {
                        "Node Type": "Sort",
                        "Parent Relationship": "Outer",
                        "Parallel Aware": false,
                        "Async Capable": false,
                        "Startup Cost": 15521.08,
                        "Total Cost": 15523.58,
                        "Plan Rows": 1000,
                        "Plan Width": 36,
                        "Actual Startup Time": 40.507,
                        "Actual Total Time": 40.57,
                        "Actual Rows": 999,
                        "Actual Loops": 3,
                        "Sort Key": [
                          "lineitem_1.l_suppkey"
                        ],
                        "Sort Method": "quicksort",
                        "Sort Space Used": 110,
                        "Sort Space Type": "Memory",
                        "Workers": [
                          {
                            "Worker Number": 0,
                            "Sort Method": "quicksort",
                            "Sort Space Used": 110,
                            "Sort Space Type": "Memory"
                          },
                          {
                            "Worker Number": 1,
                            "Sort Method": "quicksort",
                            "Sort Space Used": 110,
                            "Sort Space Type": "Memory"
                          }
                        ],
                        "Plans": [
                          {
                            "Node Type": "Aggregate",
                            "Strategy": "Hashed",
                            "Partial Mode": "Partial",
                            "Parent Relationship": "Outer",
                            "Parallel Aware": false,
                            "Async Capable": false,
                            "Startup Cost": 15458.76,
                            "Total Cost": 15471.26,
                            "Plan Rows": 1000,
                            "Plan Width": 36,
                            "Actual Startup Time": 39.92,
                            "Actual Total Time": 40.269,
                            "Actual Rows": 999,
                            "Actual Loops": 3,
                            "Group Key": [
                              "lineitem_1.l_suppkey"
                            ],
                            "Planned Partitions": 0,
                            "HashAgg Batches": 1,
                            "Peak Memory Usage": 577,
                            "Disk Usage": 0,
                            "Workers": [
                              {
                                "Worker Number": 0,
                                "HashAgg Batches": 1,
                                "Peak Memory Usage": 577,
                                "Disk Usage": 0
                              },
                              {
                                "Worker Number": 1,
                                "HashAgg Batches": 1,
                                "Peak Memory Usage": 577,
                                "Disk Usage": 0
                              }
                            ],
                            "Plans": [
                              {
                                "Node Type": "Seq Scan",
                                "Parent Relationship": "Outer",
                                "Parallel Aware": true,
                                "Async Capable": false,
                                "Relation Name": "lineitem",
                                "Alias": "lineitem_1",
                                "Startup Cost": 0.0,
                                "Total Cost": 15361.58,
                                "Plan Rows": 9718,
                                "Plan Width": 16,
                                "Actual Startup Time": 0.014,
                                "Actual Total Time": 34.829,
                                "Actual Rows": 7725,
                                "Actual Loops": 3,
                                "Filter": "((l_shipdate >= '1995-08-01'::date) AND (l_shipdate < '1995-11-01 00:00:00'::timestamp without time zone))",
                                "Rows Removed by Filter": 192466,
                                "Workers": []
                              }
                            ]
                          }
                        ]
                      }
                    ]
                  }
                ]
              }
            ]
          },
          {
            "Node Type": "Sort",
            "Parent Relationship": "Outer",
            "Parallel Aware": false,
            "Async Capable": false,
            "Startup Cost": 103.83,
            "Total Cost": 106.33,
            "Plan Rows": 1000,
            "Plan Width": 72,
            "Actual Startup Time": 0.531,
            "Actual Total Time": 0.574,
            "Actual Rows": 861,
            "Actual Loops": 1,
            "Sort Key": [
              "supplier.s_suppkey"
            ],
            "Sort Method": "quicksort",
            "Sort Space Used": 114,
            "Sort Space Type": "Memory",
            "Plans": [
              {
                "Node Type": "Seq Scan",
                "Parent Relationship": "Outer",
                "Parallel Aware": false,
                "Async Capable": false,
                "Relation Name": "supplier",
                "Alias": "supplier",
                "Startup Cost": 0.0,
                "Total Cost": 54.0,
                "Plan Rows": 1000,
                "Plan Width": 72,
                "Actual Startup Time": 0.013,
                "Actual Total Time": 0.318,
                "Actual Rows": 1000,
                "Actual Loops": 1
              }
            ]
          },
          {
            "Node Type": "Aggregate",
            "Strategy": "Sorted",
            "Partial Mode": "Finalize",
            "Parent Relationship": "Inner",
            "Parallel Aware": false,
            "Async Capable": false,
            "Startup Cost": 16521.11,
            "Total Cost": 16784.46,
            "Plan Rows": 5,
            "Plan Width": 36,
            "Actual Startup Time": 99.709,
            "Actual Total Time": 101.278,
            "Actual Rows": 1,
            "Actual Loops": 1,
            "Group Key": [
              "lineitem.l_suppkey"
            ],
            "Filter": "(sum((lineitem.l_extendedprice * ('1'::numeric - lineitem.l_discount))) = (InitPlan 1).col1)",
            "Rows Removed by Filter": 999,
            "Plans": [
              {
                "Node Type": "Gather Merge",
                "Parent Relationship": "Outer",
                "Parallel Aware": false,
                "Async Capable": false,
                "Startup Cost": 16521.11,
                "Total Cost": 16754.46,
                "Plan Rows": 2000,
                "Plan Width": 36,
                "Actual Startup Time": 51.427,
                "Actual Total Time": 53.531,
                "Actual Rows": 2996,
                "Actual Loops": 1,
                "Workers Planned": 2,
                "Workers Launched": 2,
                "Plans": [
                  {
                    "Node Type": "Sort",
                    "Parent Relationship": "Outer",
                    "Parallel Aware": false,
                    "Async Capable": false,
                    "Startup Cost": 15521.08,
                    "Total Cost": 15523.58,
                    "Plan Rows": 1000,
                    "Plan Width": 36,
                    "Actual Startup Time": 47.244,
                    "Actual Total Time": 47.396,
                    "Actual Rows": 999,
                    "Actual Loops": 3,
                    "Sort Key": [
                      "lineitem.l_suppkey"
                    ],
                    "Sort Method": "quicksort",
                    "Sort Space Used": 110,
                    "Sort Space Type": "Memory",
                    "Workers": [
                      {
                        "Worker Number": 0,
                        "Sort Method": "quicksort",
                        "Sort Space Used": 110,
                        "Sort Space Type": "Memory"
                      },
                      {
                        "Worker Number": 1,
                        "Sort Method": "quicksort",
                        "Sort Space Used": 110,
                        "Sort Space Type": "Memory"
                      }
                    ],
                    "Plans": [
                      {
                        "Node Type": "Aggregate",
                        "Strategy": "Hashed",
                        "Partial Mode": "Partial",
                        "Parent Relationship": "Outer",
                        "Parallel Aware": false,
                        "Async Capable": false,
                        "Startup Cost": 15458.76,
                        "Total Cost": 15471.26,
                        "Plan Rows": 1000,
                        "Plan Width": 36,
                        "Actual Startup Time": 46.487,
                        "Actual Total Time": 46.963,
                        "Actual Rows": 999,
                        "Actual Loops": 3,
                        "Group Key": [
                          "lineitem.l_suppkey"
                        ],
                        "Planned Partitions": 0,
                        "HashAgg Batches": 1,
                        "Peak Memory Usage": 577,
                        "Disk Usage": 0,
                        "Workers": [
                          {
                            "Worker Number": 0,
                            "HashAgg Batches": 1,
                            "Peak Memory Usage": 577,
                            "Disk Usage": 0
                          },
                          {
                            "Worker Number": 1,
                            "HashAgg Batches": 1,
                            "Peak Memory Usage": 577,
                            "Disk Usage": 0
                          }
                        ],
                        "Plans": [
                          {
                            "Node Type": "Seq Scan",
                            "Parent Relationship": "Outer",
                            "Parallel Aware": true,
                            "Async Capable": false,
                            "Relation Name": "lineitem",
                            "Alias": "lineitem",
                            "Startup Cost": 0.0,
                            "Total Cost": 15361.58,
                            "Plan Rows": 9718,
                            "Plan Width": 16,
                            "Actual Startup Time": 0.036,
                            "Actual Total Time": 39.914,
                            "Actual Rows": 7725,
                            "Actual Loops": 3,
                            "Filter": "((l_shipdate >= '1995-08-01'::date) AND (l_shipdate < '1995-11-01 00:00:00'::timestamp without time zone))",
                            "Rows Removed by Filter": 192466,
                            "Workers": []
                          }
                        ]
                      }
                    ]
                  }
                ]
              }
            ]
          }
        ]
      },
      "Planning Time": 0.341,
      "Triggers": [],
      "Execution Time": 102.639
    }
  },
  {
    "query_id": "query15.7",
    "query": "select\n\ts_suppkey,\n\ts_name,\n\ts_address,\n\ts_phone,\n\ttotal_revenue\nfrom\n\tsupplier,\n\trevenue0\nwhere\n\ts_suppkey = supplier_no\n\tand total_revenue = (\n\t\tselect\n\t\t\tmax(total_revenue)\n\t\tfrom\n\t\t\trevenue0\n\t)\norder by\n\ts_suppkey;\n",
    "execution_time": 101.229,
    "plan": {
      "Plan": {
        "Node Type": "Merge Join",
        "Parallel Aware": false,
        "Async Capable": false,
        "Join Type": "Inner",
        "Startup Cost": 33408.24,
        "Total Cost": 33676.71,
        "Plan Rows": 5,
        "Plan Width": 104,
        "Actual Startup Time": 99.258,
        "Actual Total Time": 101.03,
        "Actual Rows": 1,
        "Actual Loops": 1,
        "Inner Unique": true,
        "Merge Cond": "(supplier.s_suppkey = lineitem.l_suppkey)",
        "Plans": [
          {
            "Node Type": "Aggregate",
            "Strategy": "Plain",
            "Partial Mode": "Simple",
            "Parent Relationship": "InitPlan",
            "Subplan Name": "InitPlan 1",
            "Parallel Aware": false,
            "Async Capable": false,
            "Startup Cost": 16788.88,
            "Total Cost": 16788.89,
            "Plan Rows": 1,
            "Plan Width": 32,
            "Actual Startup Time": 47.439,
            "Actual Total Time": 47.805,
            "Actual Rows": 1,
            "Actual Loops": 1,
            "Plans": [
              {
                "Node Type": "Aggregate",
                "Strategy": "Sorted",
                "Partial Mode": "Finalize",
                "Parent Relationship": "Outer",
                "Parallel Aware": false,
                "Async Capable": false,
                "Startup Cost": 16515.53,
                "Total Cost": 16776.38,
                "Plan Rows": 1000,
                "Plan Width": 36,
                "Actual Startup Time": 45.227,
                "Actual Total Time": 47.696,
                "Actual Rows": 1000,
                "Actual Loops": 1,
                "Group Key": [
                  "lineitem_1.l_suppkey"
                ],
                "Plans": [
                  {
                    "Node Type": "Gather Merge",
                    "Parent Relationship": "Outer",
                    "Parallel Aware": false,
                    "Async Capable": false,
                    "Startup Cost": 16515.53,
                    "Total Cost": 16748.88,
                    "Plan Rows": 2000,
                    "Plan Width": 36,
                    "Actual Startup Time": 45.214,
                    "Actual Total Time": 46.243,
                    "Actual Rows": 2993,
                    "Actual Loops": 1,
                    "Workers Planned": 2,
                    "Workers Launched": 2,
                    "Plans": [
                      {
                        "Node Type": "Sort",
                        "Parent Relationship": "Outer",
                        "Parallel Aware": false,
                        "Async Capable": false,
                        "Startup Cost": 15515.5,
                        "Total Cost": 15518.0,
                        "Plan Rows": 1000,
                        "Plan Width": 36,
                        "Actual Startup Time": 41.61,
                        "Actual Total Time": 41.709,
                        "Actual Rows": 998,
                        "Actual Loops": 3,
                        "Sort Key": [
                          "lineitem_1.l_suppkey"
                        ],
                        "Sort Method": "quicksort",
                        "Sort Space Used": 110,
                        "Sort Space Type": "Memory",
                        "Workers": [
                          {
                            "Worker Number": 0,
                            "Sort Method": "quicksort",
                            "Sort Space Used": 110,
                            "Sort Space Type": "Memory"
                          },
                          {
                            "Worker Number": 1,
                            "Sort Method": "quicksort",
                            "Sort Space Used": 110,
                            "Sort Space Type": "Memory"
                          }
                        ],
                        "Plans": [
                          {
                            "Node Type": "Aggregate",
                            "Strategy": "Hashed",
                            "Partial Mode": "Partial",
                            "Parent Relationship": "Outer",
                            "Parallel Aware": false,
                            "Async Capable": false,
                            "Startup Cost": 15453.18,
                            "Total Cost": 15465.68,
                            "Plan Rows": 1000,
                            "Plan Width": 36,
                            "Actual Startup Time": 40.949,
                            "Actual Total Time": 41.352,
                            "Actual Rows": 998,
                            "Actual Loops": 3,
                            "Group Key": [
                              "lineitem_1.l_suppkey"
                            ],
                            "Planned Partitions": 0,
                            "HashAgg Batches": 1,
                            "Peak Memory Usage": 577,
                            "Disk Usage": 0,
                            "Workers": [
                              {
                                "Worker Number": 0,
                                "HashAgg Batches": 1,
                                "Peak Memory Usage": 577,
                                "Disk Usage": 0
                              },
                              {
                                "Worker Number": 1,
                                "HashAgg Batches": 1,
                                "Peak Memory Usage": 577,
                                "Disk Usage": 0
                              }
                            ],
                            "Plans": [
                              {
                                "Node Type": "Seq Scan",
                                "Parent Relationship": "Outer",
                                "Parallel Aware": true,
                                "Async Capable": false,
                                "Relation Name": "lineitem",
                                "Alias": "lineitem_1",
                                "Startup Cost": 0.0,
                                "Total Cost": 15361.58,
                                "Plan Rows": 9160,
                                "Plan Width": 16,
                                "Actual Startup Time": 0.036,
                                "Actual Total Time": 35.954,
                                "Actual Rows": 7535,
                                "Actual Loops": 3,
                                "Filter": "((l_shipdate >= '1996-06-01'::date) AND (l_shipdate < '1996-09-01 00:00:00'::timestamp without time zone))",
                                "Rows Removed by Filter": 192655,
                                "Workers": []
                              }
                            ]
                          }
                        ]
                      }
                    ]
                  }
                ]
              }
            ]
          },
          {
            "Node Type": "Sort",
            "Parent Relationship": "Outer",
            "Parallel Aware": false,
            "Async Capable": false,
            "Startup Cost": 103.83,
            "Total Cost": 106.33,
            "Plan Rows": 1000,
            "Plan Width": 72,
            "Actual Startup Time": 0.514,
            "Actual Total Time": 0.551,
            "Actual Rows": 997,
            "Actual Loops": 1,
            "Sort Key": [
              "supplier.s_suppkey"
            ],
            "Sort Method": "quicksort",
            "Sort Space Used": 114,
            "Sort Space Type": "Memory",
            "Plans": [
              {
                "Node Type": "Seq Scan",
                "Parent Relationship": "Outer",
                "Parallel Aware": false,
                "Async Capable": false,
                "Relation Name": "supplier",
                "Alias": "supplier",
                "Startup Cost": 0.0,
                "Total Cost": 54.0,
                "Plan Rows": 1000,
                "Plan Width": 72,
                "Actual Startup Time": 0.016,
                "Actual Total Time": 0.258,
                "Actual Rows": 1000,
                "Actual Loops": 1
              }
            ]
          },
          {
            "Node Type": "Aggregate",
            "Strategy": "Sorted",
            "Partial Mode": "Finalize",
            "Parent Relationship": "Inner",
            "Parallel Aware": false,
            "Async Capable": false,
            "Startup Cost": 16515.53,
            "Total Cost": 16778.88,
            "Plan Rows": 5,
            "Plan Width": 36,
            "Actual Startup Time": 98.65,
            "Actual Total Time": 100.054,
            "Actual Rows": 1,
            "Actual Loops": 1,
            "Group Key": [
              "lineitem.l_suppkey"
            ],
            "Filter": "(sum((lineitem.l_extendedprice * ('1'::numeric - lineitem.l_discount))) = (InitPlan 1).col1)",
            "Rows Removed by Filter": 999,
            "Plans": [
              {
                "Node Type": "Gather Merge",
                "Parent Relationship": "Outer",
                "Parallel Aware": false,
                "Async Capable": false,
                "Startup Cost": 16515.53,
                "Total Cost": 16748.88,
                "Plan Rows": 2000,
                "Plan Width": 36,
                "Actual Startup Time": 49.139,
                "Actual Total Time": 51.226,
                "Actual Rows": 2995,
                "Actual Loops": 1,
                "Workers Planned": 2,
                "Workers Launched": 2,
                "Plans": [
                  {
                    "Node Type": "Sort",
                    "Parent Relationship": "Outer",
                    "Parallel Aware": false,
                    "Async Capable": false,
                    "Startup Cost": 15515.5,
                    "Total Cost": 15518.0,
                    "Plan Rows": 1000,
                    "Plan Width": 36,
                    "Actual Startup Time": 44.651,
                    "Actual Total Time": 44.762,
                    "Actual Rows": 998,
                    "Actual Loops": 3,
                    "Sort Key": [
                      "lineitem.l_suppkey"
                    ],
                    "Sort Method": "quicksort",
                    "Sort Space Used": 110,
                    "Sort Space Type": "Memory",
                    "Workers": [
                      {
                        "Worker Number": 0,
                        "Sort Method": "quicksort",
                        "Sort Space Used": 110,
                        "Sort Space Type": "Memory"
                      },
                      {
                        "Worker Number": 1,
                        "Sort Method": "quicksort",
                        "Sort Space Used": 110,
                        "Sort Space Type": "Memory"
                      }
                    ],
                    "Plans": [
                      {
                        "Node Type": "Aggregate",
                        "Strategy": "Hashed",
                        "Partial Mode": "Partial",
                        "Parent Relationship": "Outer",
                        "Parallel Aware": false,
                        "Async Capable": false,
                        "Startup Cost": 15453.18,
                        "Total Cost": 15465.68,
                        "Plan Rows": 1000,
                        "Plan Width": 36,
                        "Actual Startup Time": 43.61,
                        "Actual Total Time": 44.221,
                        "Actual Rows": 998,
                        "Actual Loops": 3,
                        "Group Key": [
                          "lineitem.l_suppkey"
                        ],
                        "Planned Partitions": 0,
                        "HashAgg Batches": 1,
                        "Peak Memory Usage": 577,
                        "Disk Usage": 0,
                        "Workers": [
                          {
                            "Worker Number": 0,
                            "HashAgg Batches": 1,
                            "Peak Memory Usage": 577,
                            "Disk Usage": 0
                          },
                          {
                            "Worker Number": 1,
                            "HashAgg Batches": 1,
                            "Peak Memory Usage": 577,
                            "Disk Usage": 0
                          }
                        ],
                        "Plans": [
                          {
                            "Node Type": "Seq Scan",
                            "Parent Relationship": "Outer",
                            "Parallel Aware": true,
                            "Async Capable": false,
                            "Relation Name": "lineitem",
                            "Alias": "lineitem",
                            "Startup Cost": 0.0,
                            "Total Cost": 15361.58,
                            "Plan Rows": 9160,
                            "Plan Width": 16,
                            "Actual Startup Time": 0.024,
                            "Actual Total Time": 38.559,
                            "Actual Rows": 7535,
                            "Actual Loops": 3,
                            "Filter": "((l_shipdate >= '1996-06-01'::date) AND (l_shipdate < '1996-09-01 00:00:00'::timestamp without time zone))",
                            "Rows Removed by Filter": 192655,
                            "Workers": []
                          }
                        ]
                      }
                    ]
                  }
                ]
              }
            ]
          }
        ]
      },
      "Planning Time": 0.288,
      "Triggers": [],
      "Execution Time": 101.229
    }
  },
  {
    "query_id": "query15.70",
    "query": "select\n\ts_suppkey,\n\ts_name,\n\ts_address,\n\ts_phone,\n\ttotal_revenue\nfrom\n\tsupplier,\n\trevenue0\nwhere\n\ts_suppkey = supplier_no\n\tand total_revenue = (\n\t\tselect\n\t\t\tmax(total_revenue)\n\t\tfrom\n\t\t\trevenue0\n\t)\norder by\n\ts_suppkey;\n",
    "execution_time": 103.333,
    "plan": {
      "Plan": {
        "Node Type": "Merge Join",
        "Parallel Aware": false,
        "Async Capable": false,
        "Join Type": "Inner",
        "Startup Cost": 33419.2,
        "Total Cost": 33687.67,
        "Plan Rows": 5,
        "Plan Width": 104,
        "Actual Startup Time": 101.036,
        "Actual Total Time": 103.163,
        "Actual Rows": 1,
        "Actual Loops": 1,
        "Inner Unique": true,
        "Merge Cond": "(supplier.s_suppkey = lineitem.l_suppkey)",
        "Plans": [
          {
            "Node Type": "Aggregate",
            "Strategy": "Plain",
            "Partial Mode": "Simple",
            "Parent Relationship": "InitPlan",
            "Subplan Name": "InitPlan 1",
            "Parallel Aware": false,
            "Async Capable": false,
            "Startup Cost": 16794.36,
            "Total Cost": 16794.37,
            "Plan Rows": 1,
            "Plan Width": 32,
            "Actual Startup Time": 43.344,
            "Actual Total Time": 43.776,
            "Actual Rows": 1,
            "Actual Loops": 1,
            "Plans": [
              {
                "Node Type": "Aggregate",
                "Strategy": "Sorted",
                "Partial Mode": "Finalize",
                "Parent Relationship": "Outer",
                "Parallel Aware": false,
                "Async Capable": false,
                "Startup Cost": 16521.01,
                "Total Cost": 16781.86,
                "Plan Rows": 1000,
                "Plan Width": 36,
                "Actual Startup Time": 40.634,
                "Actual Total Time": 43.689,
                "Actual Rows": 1000,
                "Actual Loops": 1,
                "Group Key": [
                  "lineitem_1.l_suppkey"
                ],
                "Plans": [
                  {
                    "Node Type": "Gather Merge",
                    "Parent Relationship": "Outer",
                    "Parallel Aware": false,
                    "Async Capable": false,
                    "Startup Cost": 16521.01,
                    "Total Cost": 16754.36,
                    "Plan Rows": 2000,
                    "Plan Width": 36,
                    "Actual Startup Time": 40.617,
                    "Actual Total Time": 41.884,
                    "Actual Rows": 2996,
                    "Actual Loops": 1,
                    "Workers Planned": 2,
                    "Workers Launched": 2,
                    "Plans": [
                      {
                        "Node Type": "Sort",
                        "Parent Relationship": "Outer",
                        "Parallel Aware": false,
                        "Async Capable": false,
                        "Startup Cost": 15520.98,
                        "Total Cost": 15523.48,
                        "Plan Rows": 1000,
                        "Plan Width": 36,
                        "Actual Startup Time": 37.496,
                        "Actual Total Time": 37.609,
                        "Actual Rows": 999,
                        "Actual Loops": 3,
                        "Sort Key": [
                          "lineitem_1.l_suppkey"
                        ],
                        "Sort Method": "quicksort",
                        "Sort Space Used": 110,
                        "Sort Space Type": "Memory",
                        "Workers": [
                          {
                            "Worker Number": 0,
                            "Sort Method": "quicksort",
                            "Sort Space Used": 110,
                            "Sort Space Type": "Memory"
                          },
                          {
                            "Worker Number": 1,
                            "Sort Method": "quicksort",
                            "Sort Space Used": 110,
                            "Sort Space Type": "Memory"
                          }
                        ],
                        "Plans": [
                          {
                            "Node Type": "Aggregate",
                            "Strategy": "Hashed",
                            "Partial Mode": "Partial",
                            "Parent Relationship": "Outer",
                            "Parallel Aware": false,
                            "Async Capable": false,
                            "Startup Cost": 15458.66,
                            "Total Cost": 15471.16,
                            "Plan Rows": 1000,
                            "Plan Width": 36,
                            "Actual Startup Time": 36.932,
                            "Actual Total Time": 37.27,
                            "Actual Rows": 999,
                            "Actual Loops": 3,
                            "Group Key": [
                              "lineitem_1.l_suppkey"
                            ],
                            "Planned Partitions": 0,
                            "HashAgg Batches": 1,
                            "Peak Memory Usage": 577,
                            "Disk Usage": 0,
                            "Workers": [
                              {
                                "Worker Number": 0,
                                "HashAgg Batches": 1,
                                "Peak Memory Usage": 577,
                                "Disk Usage": 0
                              },
                              {
                                "Worker Number": 1,
                                "HashAgg Batches": 1,
                                "Peak Memory Usage": 577,
                                "Disk Usage": 0
                              }
                            ],
                            "Plans": [
                              {
                                "Node Type": "Seq Scan",
                                "Parent Relationship": "Outer",
                                "Parallel Aware": true,
                                "Async Capable": false,
                                "Relation Name": "lineitem",
                                "Alias": "lineitem_1",
                                "Startup Cost": 0.0,
                                "Total Cost": 15361.58,
                                "Plan Rows": 9708,
                                "Plan Width": 16,
                                "Actual Startup Time": 0.041,
                                "Actual Total Time": 32.953,
                                "Actual Rows": 7540,
                                "Actual Loops": 3,
                                "Filter": "((l_shipdate >= '1993-05-01'::date) AND (l_shipdate < '1993-08-01 00:00:00'::timestamp without time zone))",
                                "Rows Removed by Filter": 192651,
                                "Workers": []
                              }
                            ]
                          }
                        ]
                      }
                    ]
                  }
                ]
              }
            ]
          },
          {
            "Node Type": "Sort",
            "Parent Relationship": "Outer",
            "Parallel Aware": false,
            "Async Capable": false,
            "Startup Cost": 103.83,
            "Total Cost": 106.33,
            "Plan Rows": 1000,
            "Plan Width": 72,
            "Actual Startup Time": 0.394,
            "Actual Total Time": 0.444,
            "Actual Rows": 983,
            "Actual Loops": 1,
            "Sort Key": [
              "supplier.s_suppkey"
            ],
            "Sort Method": "quicksort",
            "Sort Space Used": 114,
            "Sort Space Type": "Memory",
            "Plans": [
              {
                "Node Type": "Seq Scan",
                "Parent Relationship": "Outer",
                "Parallel Aware": false,
                "Async Capable": false,
                "Relation Name": "supplier",
                "Alias": "supplier",
                "Startup Cost": 0.0,
                "Total Cost": 54.0,
                "Plan Rows": 1000,
                "Plan Width": 72,
                "Actual Startup Time": 0.009,
                "Actual Total Time": 0.204,
                "Actual Rows": 1000,
                "Actual Loops": 1
              }
            ]
          },
          {
            "Node Type": "Aggregate",
            "Strategy": "Sorted",
            "Partial Mode": "Finalize",
            "Parent Relationship": "Inner",
            "Parallel Aware": false,
            "Async Capable": false,
            "Startup Cost": 16521.01,
            "Total Cost": 16784.36,
            "Plan Rows": 5,
            "Plan Width": 36,
            "Actual Startup Time": 100.524,
            "Actual Total Time": 102.214,
            "Actual Rows": 1,
            "Actual Loops": 1,
            "Group Key": [
              "lineitem.l_suppkey"
            ],
            "Filter": "(sum((lineitem.l_extendedprice * ('1'::numeric - lineitem.l_discount))) = (InitPlan 1).col1)",
            "Rows Removed by Filter": 999,
            "Plans": [
              {
                "Node Type": "Gather Merge",
                "Parent Relationship": "Outer",
                "Parallel Aware": false,
                "Async Capable": false,
                "Startup Cost": 16521.01,
                "Total Cost": 16754.36,
                "Plan Rows": 2000,
                "Plan Width": 36,
                "Actual Startup Time": 54.91,
                "Actual Total Time": 57.405,
                "Actual Rows": 2998,
                "Actual Loops": 1,
                "Workers Planned": 2,
                "Workers Launched": 2,
                "Plans": [
                  {
                    "Node Type": "Sort",
                    "Parent Relationship": "Outer",
                    "Parallel Aware": false,
                    "Async Capable": false,
                    "Startup Cost": 15520.98,
                    "Total Cost": 15523.48,
                    "Plan Rows": 1000,
                    "Plan Width": 36,
                    "Actual Startup Time": 51.566,
                    "Actual Total Time": 51.677,
                    "Actual Rows": 999,
                    "Actual Loops": 3,
                    "Sort Key": [
                      "lineitem.l_suppkey"
                    ],
                    "Sort Method": "quicksort",
                    "Sort Space Used": 110,
                    "Sort Space Type": "Memory",
                    "Workers": [
                      {
                        "Worker Number": 0,
                        "Sort Method": "quicksort",
                        "Sort Space Used": 110,
                        "Sort Space Type": "Memory"
                      },
                      {
                        "Worker Number": 1,
                        "Sort Method": "quicksort",
                        "Sort Space Used": 110,
                        "Sort Space Type": "Memory"
                      }
                    ],
                    "Plans": [
                      {
                        "Node Type": "Aggregate",
                        "Strategy": "Hashed",
                        "Partial Mode": "Partial",
                        "Parent Relationship": "Outer",
                        "Parallel Aware": false,
                        "Async Capable": false,
                        "Startup Cost": 15458.66,
                        "Total Cost": 15471.16,
                        "Plan Rows": 1000,
                        "Plan Width": 36,
                        "Actual Startup Time": 50.941,
                        "Actual Total Time": 51.337,
                        "Actual Rows": 999,
                        "Actual Loops": 3,
                        "Group Key": [
                          "lineitem.l_suppkey"
                        ],
                        "Planned Partitions": 0,
                        "HashAgg Batches": 1,
                        "Peak Memory Usage": 577,
                        "Disk Usage": 0,
                        "Workers": [
                          {
                            "Worker Number": 0,
                            "HashAgg Batches": 1,
                            "Peak Memory Usage": 577,
                            "Disk Usage": 0
                          },
                          {
                            "Worker Number": 1,
                            "HashAgg Batches": 1,
                            "Peak Memory Usage": 577,
                            "Disk Usage": 0
                          }
                        ],
                        "Plans": [
                          {
                            "Node Type": "Seq Scan",
                            "Parent Relationship": "Outer",
                            "Parallel Aware": true,
                            "Async Capable": false,
                            "Relation Name": "lineitem",
                            "Alias": "lineitem",
                            "Startup Cost": 0.0,
                            "Total Cost": 15361.58,
                            "Plan Rows": 9708,
                            "Plan Width": 16,
                            "Actual Startup Time": 0.029,
                            "Actual Total Time": 45.447,
                            "Actual Rows": 7540,
                            "Actual Loops": 3,
                            "Filter": "((l_shipdate >= '1993-05-01'::date) AND (l_shipdate < '1993-08-01 00:00:00'::timestamp without time zone))",
                            "Rows Removed by Filter": 192651,
                            "Workers": []
                          }
                        ]
                      }
                    ]
                  }
                ]
              }
            ]
          }
        ]
      },
      "Planning Time": 0.196,
      "Triggers": [],
      "Execution Time": 103.333
    }
  },
  {
    "query_id": "query15.71",
    "query": "select\n\ts_suppkey,\n\ts_name,\n\ts_address,\n\ts_phone,\n\ttotal_revenue\nfrom\n\tsupplier,\n\trevenue0\nwhere\n\ts_suppkey = supplier_no\n\tand total_revenue = (\n\t\tselect\n\t\t\tmax(total_revenue)\n\t\tfrom\n\t\t\trevenue0\n\t)\norder by\n\ts_suppkey;\n",
    "execution_time": 93.665,
    "plan": {
      "Plan": {
        "Node Type": "Merge Join",
        "Parallel Aware": false,
        "Async Capable": false,
        "Join Type": "Inner",
        "Startup Cost": 33417.64,
        "Total Cost": 33686.11,
        "Plan Rows": 5,
        "Plan Width": 104,
        "Actual Startup Time": 90.655,
        "Actual Total Time": 93.459,
        "Actual Rows": 1,
        "Actual Loops": 1,
        "Inner Unique": true,
        "Merge Cond": "(supplier.s_suppkey = lineitem.l_suppkey)",
        "Plans": [
          {
            "Node Type": "Aggregate",
            "Strategy": "Plain",
            "Partial Mode": "Simple",
            "Parent Relationship": "InitPlan",
            "Subplan Name": "InitPlan 1",
            "Parallel Aware": false,
            "Async Capable": false,
            "Startup Cost": 16793.58,
            "Total Cost": 16793.59,
            "Plan Rows": 1,
            "Plan Width": 32,
            "Actual Startup Time": 44.911,
            "Actual Total Time": 46.571,
            "Actual Rows": 1,
            "Actual Loops": 1,
            "Plans": [
              {
                "Node Type": "Aggregate",
                "Strategy": "Sorted",
                "Partial Mode": "Finalize",
                "Parent Relationship": "Outer",
                "Parallel Aware": false,
                "Async Capable": false,
                "Startup Cost": 16520.23,
                "Total Cost": 16781.08,
                "Plan Rows": 1000,
                "Plan Width": 36,
                "Actual Startup Time": 43.195,
                "Actual Total Time": 46.514,
                "Actual Rows": 1000,
                "Actual Loops": 1,
                "Group Key": [
                  "lineitem_1.l_suppkey"
                ],
                "Plans": [
                  {
                    "Node Type": "Gather Merge",
                    "Parent Relationship": "Outer",
                    "Parallel Aware": false,
                    "Async Capable": false,
                    "Startup Cost": 16520.23,
                    "Total Cost": 16753.58,
                    "Plan Rows": 2000,
                    "Plan Width": 36,
                    "Actual Startup Time": 43.185,
                    "Actual Total Time": 45.318,
                    "Actual Rows": 2994,
                    "Actual Loops": 1,
                    "Workers Planned": 2,
                    "Workers Launched": 2,
                    "Plans": [
                      {
                        "Node Type": "Sort",
                        "Parent Relationship": "Outer",
                        "Parallel Aware": false,
                        "Async Capable": false,
                        "Startup Cost": 15520.2,
                        "Total Cost": 15522.7,
                        "Plan Rows": 1000,
                        "Plan Width": 36,
                        "Actual Startup Time": 40.041,
                        "Actual Total Time": 40.102,
                        "Actual Rows": 998,
                        "Actual Loops": 3,
                        "Sort Key": [
                          "lineitem_1.l_suppkey"
                        ],
                        "Sort Method": "quicksort",
                        "Sort Space Used": 110,
                        "Sort Space Type": "Memory",
                        "Workers": [
                          {
                            "Worker Number": 0,
                            "Sort Method": "quicksort",
                            "Sort Space Used": 110,
                            "Sort Space Type": "Memory"
                          },
                          {
                            "Worker Number": 1,
                            "Sort Method": "quicksort",
                            "Sort Space Used": 110,
                            "Sort Space Type": "Memory"
                          }
                        ],
                        "Plans": [
                          {
                            "Node Type": "Aggregate",
                            "Strategy": "Hashed",
                            "Partial Mode": "Partial",
                            "Parent Relationship": "Outer",
                            "Parallel Aware": false,
                            "Async Capable": false,
                            "Startup Cost": 15457.88,
                            "Total Cost": 15470.38,
                            "Plan Rows": 1000,
                            "Plan Width": 36,
                            "Actual Startup Time": 39.481,
                            "Actual Total Time": 39.819,
                            "Actual Rows": 998,
                            "Actual Loops": 3,
                            "Group Key": [
                              "lineitem_1.l_suppkey"
                            ],
                            "Planned Partitions": 0,
                            "HashAgg Batches": 1,
                            "Peak Memory Usage": 577,
                            "Disk Usage": 0,
                            "Workers": [
                              {
                                "Worker Number": 0,
                                "HashAgg Batches": 1,
                                "Peak Memory Usage": 577,
                                "Disk Usage": 0
                              },
                              {
                                "Worker Number": 1,
                                "HashAgg Batches": 1,
                                "Peak Memory Usage": 577,
                                "Disk Usage": 0
                              }
                            ],
                            "Plans": [
                              {
                                "Node Type": "Seq Scan",
                                "Parent Relationship": "Outer",
                                "Parallel Aware": true,
                                "Async Capable": false,
                                "Relation Name": "lineitem",
                                "Alias": "lineitem_1",
                                "Startup Cost": 0.0,
                                "Total Cost": 15361.58,
                                "Plan Rows": 9630,
                                "Plan Width": 16,
                                "Actual Startup Time": 0.014,
                                "Actual Total Time": 35.337,
                                "Actual Rows": 7634,
                                "Actual Loops": 3,
                                "Filter": "((l_shipdate >= '1995-12-01'::date) AND (l_shipdate < '1996-03-01 00:00:00'::timestamp without time zone))",
                                "Rows Removed by Filter": 192557,
                                "Workers": []
                              }
                            ]
                          }
                        ]
                      }
                    ]
                  }
                ]
              }
            ]
          },
          {
            "Node Type": "Sort",
            "Parent Relationship": "Outer",
            "Parallel Aware": false,
            "Async Capable": false,
            "Startup Cost": 103.83,
            "Total Cost": 106.33,
            "Plan Rows": 1000,
            "Plan Width": 72,
            "Actual Startup Time": 0.367,
            "Actual Total Time": 0.393,
            "Actual Rows": 658,
            "Actual Loops": 1,
            "Sort Key": [
              "supplier.s_suppkey"
            ],
            "Sort Method": "quicksort",
            "Sort Space Used": 114,
            "Sort Space Type": "Memory",
            "Plans": [
              {
                "Node Type": "Seq Scan",
                "Parent Relationship": "Outer",
                "Parallel Aware": false,
                "Async Capable": false,
                "Relation Name": "supplier",
                "Alias": "supplier",
                "Startup Cost": 0.0,
                "Total Cost": 54.0,
                "Plan Rows": 1000,
                "Plan Width": 72,
                "Actual Startup Time": 0.013,
                "Actual Total Time": 0.222,
                "Actual Rows": 1000,
                "Actual Loops": 1
              }
            ]
          },
          {
            "Node Type": "Aggregate",
            "Strategy": "Sorted",
            "Partial Mode": "Finalize",
            "Parent Relationship": "Inner",
            "Parallel Aware": false,
            "Async Capable": false,
            "Startup Cost": 16520.23,
            "Total Cost": 16783.58,
            "Plan Rows": 5,
            "Plan Width": 36,
            "Actual Startup Time": 90.224,
            "Actual Total Time": 91.364,
            "Actual Rows": 1,
            "Actual Loops": 1,
            "Group Key": [
              "lineitem.l_suppkey"
            ],
            "Filter": "(sum((lineitem.l_extendedprice * ('1'::numeric - lineitem.l_discount))) = (InitPlan 1).col1)",
            "Rows Removed by Filter": 999,
            "Plans": [
              {
                "Node Type": "Gather Merge",
                "Parent Relationship": "Outer",
                "Parallel Aware": false,
                "Async Capable": false,
                "Startup Cost": 16520.23,
                "Total Cost": 16753.58,
                "Plan Rows": 2000,
                "Plan Width": 36,
                "Actual Startup Time": 44.132,
                "Actual Total Time": 45.235,
                "Actual Rows": 2996,
                "Actual Loops": 1,
                "Workers Planned": 2,
                "Workers Launched": 2,
                "Plans": [
                  {
                    "Node Type": "Sort",
                    "Parent Relationship": "Outer",
                    "Parallel Aware": false,
                    "Async Capable": false,
                    "Startup Cost": 15520.2,
                    "Total Cost": 15522.7,
                    "Plan Rows": 1000,
                    "Plan Width": 36,
                    "Actual Startup Time": 40.447,
                    "Actual Total Time": 40.541,
                    "Actual Rows": 999,
                    "Actual Loops": 3,
                    "Sort Key": [
                      "lineitem.l_suppkey"
                    ],
                    "Sort Method": "quicksort",
                    "Sort Space Used": 110,
                    "Sort Space Type": "Memory",
                    "Workers": [
                      {
                        "Worker Number": 0,
                        "Sort Method": "quicksort",
                        "Sort Space Used": 110,
                        "Sort Space Type": "Memory"
                      },
                      {
                        "Worker Number": 1,
                        "Sort Method": "quicksort",
                        "Sort Space Used": 110,
                        "Sort Space Type": "Memory"
                      }
                    ],
                    "Plans": [
                      {
                        "Node Type": "Aggregate",
                        "Strategy": "Hashed",
                        "Partial Mode": "Partial",
                        "Parent Relationship": "Outer",
                        "Parallel Aware": false,
                        "Async Capable": false,
                        "Startup Cost": 15457.88,
                        "Total Cost": 15470.38,
                        "Plan Rows": 1000,
                        "Plan Width": 36,
                        "Actual Startup Time": 39.778,
                        "Actual Total Time": 40.207,
                        "Actual Rows": 999,
                        "Actual Loops": 3,
                        "Group Key": [
                          "lineitem.l_suppkey"
                        ],
                        "Planned Partitions": 0,
                        "HashAgg Batches": 1,
                        "Peak Memory Usage": 577,
                        "Disk Usage": 0,
                        "Workers": [
                          {
                            "Worker Number": 0,
                            "HashAgg Batches": 1,
                            "Peak Memory Usage": 577,
                            "Disk Usage": 0
                          },
                          {
                            "Worker Number": 1,
                            "HashAgg Batches": 1,
                            "Peak Memory Usage": 577,
                            "Disk Usage": 0
                          }
                        ],
                        "Plans": [
                          {
                            "Node Type": "Seq Scan",
                            "Parent Relationship": "Outer",
                            "Parallel Aware": true,
                            "Async Capable": false,
                            "Relation Name": "lineitem",
                            "Alias": "lineitem",
                            "Startup Cost": 0.0,
                            "Total Cost": 15361.58,
                            "Plan Rows": 9630,
                            "Plan Width": 16,
                            "Actual Startup Time": 0.019,
                            "Actual Total Time": 35.599,
                            "Actual Rows": 7634,
                            "Actual Loops": 3,
                            "Filter": "((l_shipdate >= '1995-12-01'::date) AND (l_shipdate < '1996-03-01 00:00:00'::timestamp without time zone))",
                            "Rows Removed by Filter": 192557,
                            "Workers": []
                          }
                        ]
                      }
                    ]
                  }
                ]
              }
            ]
          }
        ]
      },
      "Planning Time": 0.342,
      "Triggers": [],
      "Execution Time": 93.665
    }
  },
  {
    "query_id": "query15.72",
    "query": "select\n\ts_suppkey,\n\ts_name,\n\ts_address,\n\ts_phone,\n\ttotal_revenue\nfrom\n\tsupplier,\n\trevenue0\nwhere\n\ts_suppkey = supplier_no\n\tand total_revenue = (\n\t\tselect\n\t\t\tmax(total_revenue)\n\t\tfrom\n\t\t\trevenue0\n\t)\norder by\n\ts_suppkey;\n",
    "execution_time": 99.381,
    "plan": {
      "Plan": {
        "Node Type": "Merge Join",
        "Parallel Aware": false,
        "Async Capable": false,
        "Join Type": "Inner",
        "Startup Cost": 33400.5,
        "Total Cost": 33668.97,
        "Plan Rows": 5,
        "Plan Width": 104,
        "Actual Startup Time": 96.923,
        "Actual Total Time": 99.184,
        "Actual Rows": 1,
        "Actual Loops": 1,
        "Inner Unique": true,
        "Merge Cond": "(supplier.s_suppkey = lineitem.l_suppkey)",
        "Plans": [
          {
            "Node Type": "Aggregate",
            "Strategy": "Plain",
            "Partial Mode": "Simple",
            "Parent Relationship": "InitPlan",
            "Subplan Name": "InitPlan 1",
            "Parallel Aware": false,
            "Async Capable": false,
            "Startup Cost": 16785.01,
            "Total Cost": 16785.02,
            "Plan Rows": 1,
            "Plan Width": 32,
            "Actual Startup Time": 49.014,
            "Actual Total Time": 49.905,
            "Actual Rows": 1,
            "Actual Loops": 1,
            "Plans": [
              {
                "Node Type": "Aggregate",
                "Strategy": "Sorted",
                "Partial Mode": "Finalize",
                "Parent Relationship": "Outer",
                "Parallel Aware": false,
                "Async Capable": false,
                "Startup Cost": 16511.66,
                "Total Cost": 16772.51,
                "Plan Rows": 1000,
                "Plan Width": 36,
                "Actual Startup Time": 46.849,
                "Actual Total Time": 49.833,
                "Actual Rows": 1000,
                "Actual Loops": 1,
                "Group Key": [
                  "lineitem_1.l_suppkey"
                ],
                "Plans": [
                  {
                    "Node Type": "Gather Merge",
                    "Parent Relationship": "Outer",
                    "Parallel Aware": false,
                    "Async Capable": false,
                    "Startup Cost": 16511.66,
                    "Total Cost": 16745.01,
                    "Plan Rows": 2000,
                    "Plan Width": 36,
                    "Actual Startup Time": 46.833,
                    "Actual Total Time": 48.337,
                    "Actual Rows": 2997,
                    "Actual Loops": 1,
                    "Workers Planned": 2,
                    "Workers Launched": 2,
                    "Plans": [
                      {
                        "Node Type": "Sort",
                        "Parent Relationship": "Outer",
                        "Parallel Aware": false,
                        "Async Capable": false,
                        "Startup Cost": 15511.63,
                        "Total Cost": 15514.13,
                        "Plan Rows": 1000,
                        "Plan Width": 36,
                        "Actual Startup Time": 43.346,
                        "Actual Total Time": 43.408,
                        "Actual Rows": 999,
                        "Actual Loops": 3,
                        "Sort Key": [
                          "lineitem_1.l_suppkey"
                        ],
                        "Sort Method": "quicksort",
                        "Sort Space Used": 110,
                        "Sort Space Type": "Memory",
                        "Workers": [
                          {
                            "Worker Number": 0,
                            "Sort Method": "quicksort",
                            "Sort Space Used": 110,
                            "Sort Space Type": "Memory"
                          },
                          {
                            "Worker Number": 1,
                            "Sort Method": "quicksort",
                            "Sort Space Used": 110,
                            "Sort Space Type": "Memory"
                          }
                        ],
                        "Plans": [
                          {
                            "Node Type": "Aggregate",
                            "Strategy": "Hashed",
                            "Partial Mode": "Partial",
                            "Parent Relationship": "Outer",
                            "Parallel Aware": false,
                            "Async Capable": false,
                            "Startup Cost": 15449.31,
                            "Total Cost": 15461.81,
                            "Plan Rows": 1000,
                            "Plan Width": 36,
                            "Actual Startup Time": 42.659,
                            "Actual Total Time": 43.085,
                            "Actual Rows": 999,
                            "Actual Loops": 3,
                            "Group Key": [
                              "lineitem_1.l_suppkey"
                            ],
                            "Planned Partitions": 0,
                            "HashAgg Batches": 1,
                            "Peak Memory Usage": 577,
                            "Disk Usage": 0,
                            "Workers": [
                              {
                                "Worker Number": 0,
                                "HashAgg Batches": 1,
                                "Peak Memory Usage": 577,
                                "Disk Usage": 0
                              },
                              {
                                "Worker Number": 1,
                                "HashAgg Batches": 1,
                                "Peak Memory Usage": 577,
                                "Disk Usage": 0
                              }
                            ],
                            "Plans": [
                              {
                                "Node Type": "Seq Scan",
                                "Parent Relationship": "Outer",
                                "Parallel Aware": true,
                                "Async Capable": false,
                                "Relation Name": "lineitem",
                                "Alias": "lineitem_1",
                                "Startup Cost": 0.0,
                                "Total Cost": 15361.58,
                                "Plan Rows": 8773,
                                "Plan Width": 16,
                                "Actual Startup Time": 0.017,
                                "Actual Total Time": 38.549,
                                "Actual Rows": 7364,
                                "Actual Loops": 3,
                                "Filter": "((l_shipdate >= '1993-09-01'::date) AND (l_shipdate < '1993-12-01 00:00:00'::timestamp without time zone))",
                                "Rows Removed by Filter": 192826,
                                "Workers": []
                              }
                            ]
                          }
                        ]
                      }
                    ]
                  }
                ]
              }
            ]
          },
          {
            "Node Type": "Sort",
            "Parent Relationship": "Outer",
            "Parallel Aware": false,
            "Async Capable": false,
            "Startup Cost": 103.83,
            "Total Cost": 106.33,
            "Plan Rows": 1000,
            "Plan Width": 72,
            "Actual Startup Time": 0.636,
            "Actual Total Time": 0.672,
            "Actual Rows": 744,
            "Actual Loops": 1,
            "Sort Key": [
              "supplier.s_suppkey"
            ],
            "Sort Method": "quicksort",
            "Sort Space Used": 114,
            "Sort Space Type": "Memory",
            "Plans": [
              {
                "Node Type": "Seq Scan",
                "Parent Relationship": "Outer",
                "Parallel Aware": false,
                "Async Capable": false,
                "Relation Name": "supplier",
                "Alias": "supplier",
                "Startup Cost": 0.0,
                "Total Cost": 54.0,
                "Plan Rows": 1000,
                "Plan Width": 72,
                "Actual Startup Time": 0.019,
                "Actual Total Time": 0.36,
                "Actual Rows": 1000,
                "Actual Loops": 1
              }
            ]
          },
          {
            "Node Type": "Aggregate",
            "Strategy": "Sorted",
            "Partial Mode": "Finalize",
            "Parent Relationship": "Inner",
            "Parallel Aware": false,
            "Async Capable": false,
            "Startup Cost": 16511.66,
            "Total Cost": 16775.01,
            "Plan Rows": 5,
            "Plan Width": 36,
            "Actual Startup Time": 96.201,
            "Actual Total Time": 97.568,
            "Actual Rows": 1,
            "Actual Loops": 1,
            "Group Key": [
              "lineitem.l_suppkey"
            ],
            "Filter": "(sum((lineitem.l_extendedprice * ('1'::numeric - lineitem.l_discount))) = (InitPlan 1).col1)",
            "Rows Removed by Filter": 999,
            "Plans": [
              {
                "Node Type": "Gather Merge",
                "Parent Relationship": "Outer",
                "Parallel Aware": false,
                "Async Capable": false,
                "Startup Cost": 16511.66,
                "Total Cost": 16745.01,
                "Plan Rows": 2000,
                "Plan Width": 36,
                "Actual Startup Time": 45.733,
                "Actual Total Time": 47.335,
                "Actual Rows": 2994,
                "Actual Loops": 1,
                "Workers Planned": 2,
                "Workers Launched": 2,
                "Plans": [
                  {
                    "Node Type": "Sort",
                    "Parent Relationship": "Outer",
                    "Parallel Aware": false,
                    "Async Capable": false,
                    "Startup Cost": 15511.63,
                    "Total Cost": 15514.13,
                    "Plan Rows": 1000,
                    "Plan Width": 36,
                    "Actual Startup Time": 42.185,
                    "Actual Total Time": 42.304,
                    "Actual Rows": 998,
                    "Actual Loops": 3,
                    "Sort Key": [
                      "lineitem.l_suppkey"
                    ],
                    "Sort Method": "quicksort",
                    "Sort Space Used": 110,
                    "Sort Space Type": "Memory",
                    "Workers": [
                      {
                        "Worker Number": 0,
                        "Sort Method": "quicksort",
                        "Sort Space Used": 110,
                        "Sort Space Type": "Memory"
                      },
                      {
                        "Worker Number": 1,
                        "Sort Method": "quicksort",
                        "Sort Space Used": 110,
                        "Sort Space Type": "Memory"
                      }
                    ],
                    "Plans": [
                      {
                        "Node Type": "Aggregate",
                        "Strategy": "Hashed",
                        "Partial Mode": "Partial",
                        "Parent Relationship": "Outer",
                        "Parallel Aware": false,
                        "Async Capable": false,
                        "Startup Cost": 15449.31,
                        "Total Cost": 15461.81,
                        "Plan Rows": 1000,
                        "Plan Width": 36,
                        "Actual Startup Time": 41.631,
                        "Actual Total Time": 41.987,
                        "Actual Rows": 998,
                        "Actual Loops": 3,
                        "Group Key": [
                          "lineitem.l_suppkey"
                        ],
                        "Planned Partitions": 0,
                        "HashAgg Batches": 1,
                        "Peak Memory Usage": 577,
                        "Disk Usage": 0,
                        "Workers": [
                          {
                            "Worker Number": 0,
                            "HashAgg Batches": 1,
                            "Peak Memory Usage": 577,
                            "Disk Usage": 0
                          },
                          {
                            "Worker Number": 1,
                            "HashAgg Batches": 1,
                            "Peak Memory Usage": 577,
                            "Disk Usage": 0
                          }
                        ],
                        "Plans": [
                          {
                            "Node Type": "Seq Scan",
                            "Parent Relationship": "Outer",
                            "Parallel Aware": true,
                            "Async Capable": false,
                            "Relation Name": "lineitem",
                            "Alias": "lineitem",
                            "Startup Cost": 0.0,
                            "Total Cost": 15361.58,
                            "Plan Rows": 8773,
                            "Plan Width": 16,
                            "Actual Startup Time": 0.018,
                            "Actual Total Time": 37.457,
                            "Actual Rows": 7364,
                            "Actual Loops": 3,
                            "Filter": "((l_shipdate >= '1993-09-01'::date) AND (l_shipdate < '1993-12-01 00:00:00'::timestamp without time zone))",
                            "Rows Removed by Filter": 192826,
                            "Workers": []
                          }
                        ]
                      }
                    ]
                  }
                ]
              }
            ]
          }
        ]
      },
      "Planning Time": 0.389,
      "Triggers": [],
      "Execution Time": 99.381
    }
  },
  {
    "query_id": "query15.73",
    "query": "select\n\ts_suppkey,\n\ts_name,\n\ts_address,\n\ts_phone,\n\ttotal_revenue\nfrom\n\tsupplier,\n\trevenue0\nwhere\n\ts_suppkey = supplier_no\n\tand total_revenue = (\n\t\tselect\n\t\t\tmax(total_revenue)\n\t\tfrom\n\t\t\trevenue0\n\t)\norder by\n\ts_suppkey;\n",
    "execution_time": 97.619,
    "plan": {
      "Plan": {
        "Node Type": "Merge Join",
        "Parallel Aware": false,
        "Async Capable": false,
        "Join Type": "Inner",
        "Startup Cost": 33420.84,
        "Total Cost": 33689.31,
        "Plan Rows": 5,
        "Plan Width": 104,
        "Actual Startup Time": 94.4,
        "Actual Total Time": 97.41,
        "Actual Rows": 1,
        "Actual Loops": 1,
        "Inner Unique": true,
        "Merge Cond": "(supplier.s_suppkey = lineitem.l_suppkey)",
        "Plans": [
          {
            "Node Type": "Aggregate",
            "Strategy": "Plain",
            "Partial Mode": "Simple",
            "Parent Relationship": "InitPlan",
            "Subplan Name": "InitPlan 1",
            "Parallel Aware": false,
            "Async Capable": false,
            "Startup Cost": 16795.18,
            "Total Cost": 16795.19,
            "Plan Rows": 1,
            "Plan Width": 32,
            "Actual Startup Time": 45.562,
            "Actual Total Time": 45.873,
            "Actual Rows": 1,
            "Actual Loops": 1,
            "Plans": [
              {
                "Node Type": "Aggregate",
                "Strategy": "Sorted",
                "Partial Mode": "Finalize",
                "Parent Relationship": "Outer",
                "Parallel Aware": false,
                "Async Capable": false,
                "Startup Cost": 16521.83,
                "Total Cost": 16782.68,
                "Plan Rows": 1000,
                "Plan Width": 36,
                "Actual Startup Time": 43.835,
                "Actual Total Time": 45.816,
                "Actual Rows": 1000,
                "Actual Loops": 1,
                "Group Key": [
                  "lineitem_1.l_suppkey"
                ],
                "Plans": [
                  {
                    "Node Type": "Gather Merge",
                    "Parent Relationship": "Outer",
                    "Parallel Aware": false,
                    "Async Capable": false,
                    "Startup Cost": 16521.83,
                    "Total Cost": 16755.18,
                    "Plan Rows": 2000,
                    "Plan Width": 36,
                    "Actual Startup Time": 43.819,
                    "Actual Total Time": 44.608,
                    "Actual Rows": 2996,
                    "Actual Loops": 1,
                    "Workers Planned": 2,
                    "Workers Launched": 2,
                    "Plans": [
                      {
                        "Node Type": "Sort",
                        "Parent Relationship": "Outer",
                        "Parallel Aware": false,
                        "Async Capable": false,
                        "Startup Cost": 15521.8,
                        "Total Cost": 15524.3,
                        "Plan Rows": 1000,
                        "Plan Width": 36,
                        "Actual Startup Time": 40.526,
                        "Actual Total Time": 40.574,
                        "Actual Rows": 999,
                        "Actual Loops": 3,
                        "Sort Key": [
                          "lineitem_1.l_suppkey"
                        ],
                        "Sort Method": "quicksort",
                        "Sort Space Used": 110,
                        "Sort Space Type": "Memory",
                        "Workers": [
                          {
                            "Worker Number": 0,
                            "Sort Method": "quicksort",
                            "Sort Space Used": 110,
                            "Sort Space Type": "Memory"
                          },
                          {
                            "Worker Number": 1,
                            "Sort Method": "quicksort",
                            "Sort Space Used": 110,
                            "Sort Space Type": "Memory"
                          }
                        ],
                        "Plans": [
                          {
                            "Node Type": "Aggregate",
                            "Strategy": "Hashed",
                            "Partial Mode": "Partial",
                            "Parent Relationship": "Outer",
                            "Parallel Aware": false,
                            "Async Capable": false,
                            "Startup Cost": 15459.48,
                            "Total Cost": 15471.98,
                            "Plan Rows": 1000,
                            "Plan Width": 36,
                            "Actual Startup Time": 39.964,
                            "Actual Total Time": 40.302,
                            "Actual Rows": 999,
                            "Actual Loops": 3,
                            "Group Key": [
                              "lineitem_1.l_suppkey"
                            ],
                            "Planned Partitions": 0,
                            "HashAgg Batches": 1,
                            "Peak Memory Usage": 577,
                            "Disk Usage": 0,
                            "Workers": [
                              {
                                "Worker Number": 0,
                                "HashAgg Batches": 1,
                                "Peak Memory Usage": 577,
                                "Disk Usage": 0
                              },
                              {
                                "Worker Number": 1,
                                "HashAgg Batches": 1,
                                "Peak Memory Usage": 577,
                                "Disk Usage": 0
                              }
                            ],
                            "Plans": [
                              {
                                "Node Type": "Seq Scan",
                                "Parent Relationship": "Outer",
                                "Parallel Aware": true,
                                "Async Capable": false,
                                "Relation Name": "lineitem",
                                "Alias": "lineitem_1",
                                "Startup Cost": 0.0,
                                "Total Cost": 15361.58,
                                "Plan Rows": 9790,
                                "Plan Width": 16,
                                "Actual Startup Time": 0.037,
                                "Actual Total Time": 36.004,
                                "Actual Rows": 7587,
                                "Actual Loops": 3,
                                "Filter": "((l_shipdate >= '1996-03-01'::date) AND (l_shipdate < '1996-06-01 00:00:00'::timestamp without time zone))",
                                "Rows Removed by Filter": 192603,
                                "Workers": []
                              }
                            ]
                          }
                        ]
                      }
                    ]
                  }
                ]
              }
            ]
          },
          {
            "Node Type": "Sort",
            "Parent Relationship": "Outer",
            "Parallel Aware": false,
            "Async Capable": false,
            "Startup Cost": 103.83,
            "Total Cost": 106.33,
            "Plan Rows": 1000,
            "Plan Width": 72,
            "Actual Startup Time": 0.619,
            "Actual Total Time": 0.653,
            "Actual Rows": 457,
            "Actual Loops": 1,
            "Sort Key": [
              "supplier.s_suppkey"
            ],
            "Sort Method": "quicksort",
            "Sort Space Used": 114,
            "Sort Space Type": "Memory",
            "Plans": [
              {
                "Node Type": "Seq Scan",
                "Parent Relationship": "Outer",
                "Parallel Aware": false,
                "Async Capable": false,
                "Relation Name": "supplier",
                "Alias": "supplier",
                "Startup Cost": 0.0,
                "Total Cost": 54.0,
                "Plan Rows": 1000,
                "Plan Width": 72,
                "Actual Startup Time": 0.013,
                "Actual Total Time": 0.37,
                "Actual Rows": 1000,
                "Actual Loops": 1
              }
            ]
          },
          {
            "Node Type": "Aggregate",
            "Strategy": "Sorted",
            "Partial Mode": "Finalize",
            "Parent Relationship": "Inner",
            "Parallel Aware": false,
            "Async Capable": false,
            "Startup Cost": 16521.83,
            "Total Cost": 16785.18,
            "Plan Rows": 5,
            "Plan Width": 36,
            "Actual Startup Time": 93.713,
            "Actual Total Time": 96.405,
            "Actual Rows": 1,
            "Actual Loops": 1,
            "Group Key": [
              "lineitem.l_suppkey"
            ],
            "Filter": "(sum((lineitem.l_extendedprice * ('1'::numeric - lineitem.l_discount))) = (InitPlan 1).col1)",
            "Rows Removed by Filter": 999,
            "Plans": [
              {
                "Node Type": "Gather Merge",
                "Parent Relationship": "Outer",
                "Parallel Aware": false,
                "Async Capable": false,
                "Startup Cost": 16521.83,
                "Total Cost": 16755.18,
                "Plan Rows": 2000,
                "Plan Width": 36,
                "Actual Startup Time": 47.269,
                "Actual Total Time": 49.59,
                "Actual Rows": 2998,
                "Actual Loops": 1,
                "Workers Planned": 2,
                "Workers Launched": 2,
                "Plans": [
                  {
                    "Node Type": "Sort",
                    "Parent Relationship": "Outer",
                    "Parallel Aware": false,
                    "Async Capable": false,
                    "Startup Cost": 15521.8,
                    "Total Cost": 15524.3,
                    "Plan Rows": 1000,
                    "Plan Width": 36,
                    "Actual Startup Time": 43.369,
                    "Actual Total Time": 43.471,
                    "Actual Rows": 999,
                    "Actual Loops": 3,
                    "Sort Key": [
                      "lineitem.l_suppkey"
                    ],
                    "Sort Method": "quicksort",
                    "Sort Space Used": 110,
                    "Sort Space Type": "Memory",
                    "Workers": [
                      {
                        "Worker Number": 0,
                        "Sort Method": "quicksort",
                        "Sort Space Used": 110,
                        "Sort Space Type": "Memory"
                      },
                      {
                        "Worker Number": 1,
                        "Sort Method": "quicksort",
                        "Sort Space Used": 110,
                        "Sort Space Type": "Memory"
                      }
                    ],
                    "Plans": [
                      {
                        "Node Type": "Aggregate",
                        "Strategy": "Hashed",
                        "Partial Mode": "Partial",
                        "Parent Relationship": "Outer",
                        "Parallel Aware": false,
                        "Async Capable": false,
                        "Startup Cost": 15459.48,
                        "Total Cost": 15471.98,
                        "Plan Rows": 1000,
                        "Plan Width": 36,
                        "Actual Startup Time": 42.82,
                        "Actual Total Time": 43.167,
                        "Actual Rows": 999,
                        "Actual Loops": 3,
                        "Group Key": [
                          "lineitem.l_suppkey"
                        ],
                        "Planned Partitions": 0,
                        "HashAgg Batches": 1,
                        "Peak Memory Usage": 577,
                        "Disk Usage": 0,
                        "Workers": [
                          {
                            "Worker Number": 0,
                            "HashAgg Batches": 1,
                            "Peak Memory Usage": 577,
                            "Disk Usage": 0
                          },
                          {
                            "Worker Number": 1,
                            "HashAgg Batches": 1,
                            "Peak Memory Usage": 577,
                            "Disk Usage": 0
                          }
                        ],
                        "Plans": [
                          {
                            "Node Type": "Seq Scan",
                            "Parent Relationship": "Outer",
                            "Parallel Aware": true,
                            "Async Capable": false,
                            "Relation Name": "lineitem",
                            "Alias": "lineitem",
                            "Startup Cost": 0.0,
                            "Total Cost": 15361.58,
                            "Plan Rows": 9790,
                            "Plan Width": 16,
                            "Actual Startup Time": 0.026,
                            "Actual Total Time": 38.611,
                            "Actual Rows": 7587,
                            "Actual Loops": 3,
                            "Filter": "((l_shipdate >= '1996-03-01'::date) AND (l_shipdate < '1996-06-01 00:00:00'::timestamp without time zone))",
                            "Rows Removed by Filter": 192603,
                            "Workers": []
                          }
                        ]
                      }
                    ]
                  }
                ]
              }
            ]
          }
        ]
      },
      "Planning Time": 0.368,
      "Triggers": [],
      "Execution Time": 97.619
    }
  },
  {
    "query_id": "query15.74",
    "query": "select\n\ts_suppkey,\n\ts_name,\n\ts_address,\n\ts_phone,\n\ttotal_revenue\nfrom\n\tsupplier,\n\trevenue0\nwhere\n\ts_suppkey = supplier_no\n\tand total_revenue = (\n\t\tselect\n\t\t\tmax(total_revenue)\n\t\tfrom\n\t\t\trevenue0\n\t)\norder by\n\ts_suppkey;\n",
    "execution_time": 102.681,
    "plan": {
      "Plan": {
        "Node Type": "Merge Join",
        "Parallel Aware": false,
        "Async Capable": false,
        "Join Type": "Inner",
        "Startup Cost": 33410.12,
        "Total Cost": 33678.59,
        "Plan Rows": 5,
        "Plan Width": 104,
        "Actual Startup Time": 99.179,
        "Actual Total Time": 102.475,
        "Actual Rows": 1,
        "Actual Loops": 1,
        "Inner Unique": true,
        "Merge Cond": "(supplier.s_suppkey = lineitem.l_suppkey)",
        "Plans": [
          {
            "Node Type": "Aggregate",
            "Strategy": "Plain",
            "Partial Mode": "Simple",
            "Parent Relationship": "InitPlan",
            "Subplan Name": "InitPlan 1",
            "Parallel Aware": false,
            "Async Capable": false,
            "Startup Cost": 16789.82,
            "Total Cost": 16789.83,
            "Plan Rows": 1,
            "Plan Width": 32,
            "Actual Startup Time": 49.866,
            "Actual Total Time": 51.131,
            "Actual Rows": 1,
            "Actual Loops": 1,
            "Plans": [
              {
                "Node Type": "Aggregate",
                "Strategy": "Sorted",
                "Partial Mode": "Finalize",
                "Parent Relationship": "Outer",
                "Parallel Aware": false,
                "Async Capable": false,
                "Startup Cost": 16516.47,
                "Total Cost": 16777.32,
                "Plan Rows": 1000,
                "Plan Width": 36,
                "Actual Startup Time": 48.127,
                "Actual Total Time": 51.073,
                "Actual Rows": 1000,
                "Actual Loops": 1,
                "Group Key": [
                  "lineitem_1.l_suppkey"
                ],
                "Plans": [
                  {
                    "Node Type": "Gather Merge",
                    "Parent Relationship": "Outer",
                    "Parallel Aware": false,
                    "Async Capable": false,
                    "Startup Cost": 16516.47,
                    "Total Cost": 16749.82,
                    "Plan Rows": 2000,
                    "Plan Width": 36,
                    "Actual Startup Time": 48.114,
                    "Actual Total Time": 49.863,
                    "Actual Rows": 2995,
                    "Actual Loops": 1,
                    "Workers Planned": 2,
                    "Workers Launched": 2,
                    "Plans": [
                      {
                        "Node Type": "Sort",
                        "Parent Relationship": "Outer",
                        "Parallel Aware": false,
                        "Async Capable": false,
                        "Startup Cost": 15516.44,
                        "Total Cost": 15518.94,
                        "Plan Rows": 1000,
                        "Plan Width": 36,
                        "Actual Startup Time": 44.607,
                        "Actual Total Time": 44.654,
                        "Actual Rows": 998,
                        "Actual Loops": 3,
                        "Sort Key": [
                          "lineitem_1.l_suppkey"
                        ],
                        "Sort Method": "quicksort",
                        "Sort Space Used": 110,
                        "Sort Space Type": "Memory",
                        "Workers": [
                          {
                            "Worker Number": 0,
                            "Sort Method": "quicksort",
                            "Sort Space Used": 110,
                            "Sort Space Type": "Memory"
                          },
                          {
                            "Worker Number": 1,
                            "Sort Method": "quicksort",
                            "Sort Space Used": 110,
                            "Sort Space Type": "Memory"
                          }
                        ],
                        "Plans": [
                          {
                            "Node Type": "Aggregate",
                            "Strategy": "Hashed",
                            "Partial Mode": "Partial",
                            "Parent Relationship": "Outer",
                            "Parallel Aware": false,
                            "Async Capable": false,
                            "Startup Cost": 15454.12,
                            "Total Cost": 15466.62,
                            "Plan Rows": 1000,
                            "Plan Width": 36,
                            "Actual Startup Time": 44.04,
                            "Actual Total Time": 44.382,
                            "Actual Rows": 998,
                            "Actual Loops": 3,
                            "Group Key": [
                              "lineitem_1.l_suppkey"
                            ],
                            "Planned Partitions": 0,
                            "HashAgg Batches": 1,
                            "Peak Memory Usage": 577,
                            "Disk Usage": 0,
                            "Workers": [
                              {
                                "Worker Number": 0,
                                "HashAgg Batches": 1,
                                "Peak Memory Usage": 577,
                                "Disk Usage": 0
                              },
                              {
                                "Worker Number": 1,
                                "HashAgg Batches": 1,
                                "Peak Memory Usage": 577,
                                "Disk Usage": 0
                              }
                            ],
                            "Plans": [
                              {
                                "Node Type": "Seq Scan",
                                "Parent Relationship": "Outer",
                                "Parallel Aware": true,
                                "Async Capable": false,
                                "Relation Name": "lineitem",
                                "Alias": "lineitem_1",
                                "Startup Cost": 0.0,
                                "Total Cost": 15361.58,
                                "Plan Rows": 9254,
                                "Plan Width": 16,
                                "Actual Startup Time": 0.072,
                                "Actual Total Time": 39.957,
                                "Actual Rows": 7465,
                                "Actual Loops": 3,
                                "Filter": "((l_shipdate >= '1993-12-01'::date) AND (l_shipdate < '1994-03-01 00:00:00'::timestamp without time zone))",
                                "Rows Removed by Filter": 192726,
                                "Workers": []
                              }
                            ]
                          }
                        ]
                      }
                    ]
                  }
                ]
              }
            ]
          },
          {
            "Node Type": "Sort",
            "Parent Relationship": "Outer",
            "Parallel Aware": false,
            "Async Capable": false,
            "Startup Cost": 103.83,
            "Total Cost": 106.33,
            "Plan Rows": 1000,
            "Plan Width": 72,
            "Actual Startup Time": 0.301,
            "Actual Total Time": 0.424,
            "Actual Rows": 447,
            "Actual Loops": 1,
            "Sort Key": [
              "supplier.s_suppkey"
            ],
            "Sort Method": "quicksort",
            "Sort Space Used": 114,
            "Sort Space Type": "Memory",
            "Plans": [
              {
                "Node Type": "Seq Scan",
                "Parent Relationship": "Outer",
                "Parallel Aware": false,
                "Async Capable": false,
                "Relation Name": "supplier",
                "Alias": "supplier",
                "Startup Cost": 0.0,
                "Total Cost": 54.0,
                "Plan Rows": 1000,
                "Plan Width": 72,
                "Actual Startup Time": 0.008,
                "Actual Total Time": 0.164,
                "Actual Rows": 1000,
                "Actual Loops": 1
              }
            ]
          },
          {
            "Node Type": "Aggregate",
            "Strategy": "Sorted",
            "Partial Mode": "Finalize",
            "Parent Relationship": "Inner",
            "Parallel Aware": false,
            "Async Capable": false,
            "Startup Cost": 16516.47,
            "Total Cost": 16779.82,
            "Plan Rows": 5,
            "Plan Width": 36,
            "Actual Startup Time": 98.693,
            "Actual Total Time": 100.72,
            "Actual Rows": 1,
            "Actual Loops": 1,
            "Group Key": [
              "lineitem.l_suppkey"
            ],
            "Filter": "(sum((lineitem.l_extendedprice * ('1'::numeric - lineitem.l_discount))) = (InitPlan 1).col1)",
            "Rows Removed by Filter": 999,
            "Plans": [
              {
                "Node Type": "Gather Merge",
                "Parent Relationship": "Outer",
                "Parallel Aware": false,
                "Async Capable": false,
                "Startup Cost": 16516.47,
                "Total Cost": 16749.82,
                "Plan Rows": 2000,
                "Plan Width": 36,
                "Actual Startup Time": 47.79,
                "Actual Total Time": 49.619,
                "Actual Rows": 2992,
                "Actual Loops": 1,
                "Workers Planned": 2,
                "Workers Launched": 2,
                "Plans": [
                  {
                    "Node Type": "Sort",
                    "Parent Relationship": "Outer",
                    "Parallel Aware": false,
                    "Async Capable": false,
                    "Startup Cost": 15516.44,
                    "Total Cost": 15518.94,
                    "Plan Rows": 1000,
                    "Plan Width": 36,
                    "Actual Startup Time": 44.859,
                    "Actual Total Time": 44.988,
                    "Actual Rows": 997,
                    "Actual Loops": 3,
                    "Sort Key": [
                      "lineitem.l_suppkey"
                    ],
                    "Sort Method": "quicksort",
                    "Sort Space Used": 110,
                    "Sort Space Type": "Memory",
                    "Workers": [
                      {
                        "Worker Number": 0,
                        "Sort Method": "quicksort",
                        "Sort Space Used": 110,
                        "Sort Space Type": "Memory"
                      },
                      {
                        "Worker Number": 1,
                        "Sort Method": "quicksort",
                        "Sort Space Used": 110,
                        "Sort Space Type": "Memory"
                      }
                    ],
                    "Plans": [
                      {
                        "Node Type": "Aggregate",
                        "Strategy": "Hashed",
                        "Partial Mode": "Partial",
                        "Parent Relationship": "Outer",
                        "Parallel Aware": false,
                        "Async Capable": false,
                        "Startup Cost": 15454.12,
                        "Total Cost": 15466.62,
                        "Plan Rows": 1000,
                        "Plan Width": 36,
                        "Actual Startup Time": 44.206,
                        "Actual Total Time": 44.621,
                        "Actual Rows": 997,
                        "Actual Loops": 3,
                        "Group Key": [
                          "lineitem.l_suppkey"
                        ],
                        "Planned Partitions": 0,
                        "HashAgg Batches": 1,
                        "Peak Memory Usage": 577,
                        "Disk Usage": 0,
                        "Workers": [
                          {
                            "Worker Number": 0,
                            "HashAgg Batches": 1,
                            "Peak Memory Usage": 577,
                            "Disk Usage": 0
                          },
                          {
                            "Worker Number": 1,
                            "HashAgg Batches": 1,
                            "Peak Memory Usage": 577,
                            "Disk Usage": 0
                          }
                        ],
                        "Plans": [
                          {
                            "Node Type": "Seq Scan",
                            "Parent Relationship": "Outer",
                            "Parallel Aware": true,
                            "Async Capable": false,
                            "Relation Name": "lineitem",
                            "Alias": "lineitem",
                            "Startup Cost": 0.0,
                            "Total Cost": 15361.58,
                            "Plan Rows": 9254,
                            "Plan Width": 16,
                            "Actual Startup Time": 0.019,
                            "Actual Total Time": 40.008,
                            "Actual Rows": 7465,
                            "Actual Loops": 3,
                            "Filter": "((l_shipdate >= '1993-12-01'::date) AND (l_shipdate < '1994-03-01 00:00:00'::timestamp without time zone))",
                            "Rows Removed by Filter": 192726,
                            "Workers": []
                          }
                        ]
                      }
                    ]
                  }
                ]
              }
            ]
          }
        ]
      },
      "Planning Time": 0.285,
      "Triggers": [],
      "Execution Time": 102.681
    }
  },
  {
    "query_id": "query15.75",
    "query": "select\n\ts_suppkey,\n\ts_name,\n\ts_address,\n\ts_phone,\n\ttotal_revenue\nfrom\n\tsupplier,\n\trevenue0\nwhere\n\ts_suppkey = supplier_no\n\tand total_revenue = (\n\t\tselect\n\t\t\tmax(total_revenue)\n\t\tfrom\n\t\t\trevenue0\n\t)\norder by\n\ts_suppkey;\n",
    "execution_time": 108.055,
    "plan": {
      "Plan": {
        "Node Type": "Merge Join",
        "Parallel Aware": false,
        "Async Capable": false,
        "Join Type": "Inner",
        "Startup Cost": 33417.54,
        "Total Cost": 33686.01,
        "Plan Rows": 5,
        "Plan Width": 104,
        "Actual Startup Time": 105.38,
        "Actual Total Time": 107.886,
        "Actual Rows": 1,
        "Actual Loops": 1,
        "Inner Unique": true,
        "Merge Cond": "(supplier.s_suppkey = lineitem.l_suppkey)",
        "Plans": [
          {
            "Node Type": "Aggregate",
            "Strategy": "Plain",
            "Partial Mode": "Simple",
            "Parent Relationship": "InitPlan",
            "Subplan Name": "InitPlan 1",
            "Parallel Aware": false,
            "Async Capable": false,
            "Startup Cost": 16793.53,
            "Total Cost": 16793.54,
            "Plan Rows": 1,
            "Plan Width": 32,
            "Actual Startup Time": 52.43,
            "Actual Total Time": 53.443,
            "Actual Rows": 1,
            "Actual Loops": 1,
            "Plans": [
              {
                "Node Type": "Aggregate",
                "Strategy": "Sorted",
                "Partial Mode": "Finalize",
                "Parent Relationship": "Outer",
                "Parallel Aware": false,
                "Async Capable": false,
                "Startup Cost": 16520.18,
                "Total Cost": 16781.03,
                "Plan Rows": 1000,
                "Plan Width": 36,
                "Actual Startup Time": 50.384,
                "Actual Total Time": 53.375,
                "Actual Rows": 1000,
                "Actual Loops": 1,
                "Group Key": [
                  "lineitem_1.l_suppkey"
                ],
                "Plans": [
                  {
                    "Node Type": "Gather Merge",
                    "Parent Relationship": "Outer",
                    "Parallel Aware": false,
                    "Async Capable": false,
                    "Startup Cost": 16520.18,
                    "Total Cost": 16753.53,
                    "Plan Rows": 2000,
                    "Plan Width": 36,
                    "Actual Startup Time": 50.368,
                    "Actual Total Time": 51.952,
                    "Actual Rows": 2997,
                    "Actual Loops": 1,
                    "Workers Planned": 2,
                    "Workers Launched": 2,
                    "Plans": [
                      {
                        "Node Type": "Sort",
                        "Parent Relationship": "Outer",
                        "Parallel Aware": false,
                        "Async Capable": false,
                        "Startup Cost": 15520.15,
                        "Total Cost": 15522.65,
                        "Plan Rows": 1000,
                        "Plan Width": 36,
                        "Actual Startup Time": 46.603,
                        "Actual Total Time": 46.66,
                        "Actual Rows": 999,
                        "Actual Loops": 3,
                        "Sort Key": [
                          "lineitem_1.l_suppkey"
                        ],
                        "Sort Method": "quicksort",
                        "Sort Space Used": 110,
                        "Sort Space Type": "Memory",
                        "Workers": [
                          {
                            "Worker Number": 0,
                            "Sort Method": "quicksort",
                            "Sort Space Used": 110,
                            "Sort Space Type": "Memory"
                          },
                          {
                            "Worker Number": 1,
                            "Sort Method": "quicksort",
                            "Sort Space Used": 110,
                            "Sort Space Type": "Memory"
                          }
                        ],
                        "Plans": [
                          {
                            "Node Type": "Aggregate",
                            "Strategy": "Hashed",
                            "Partial Mode": "Partial",
                            "Parent Relationship": "Outer",
                            "Parallel Aware": false,
                            "Async Capable": false,
                            "Startup Cost": 15457.83,
                            "Total Cost": 15470.33,
                            "Plan Rows": 1000,
                            "Plan Width": 36,
                            "Actual Startup Time": 46.003,
                            "Actual Total Time": 46.372,
                            "Actual Rows": 999,
                            "Actual Loops": 3,
                            "Group Key": [
                              "lineitem_1.l_suppkey"
                            ],
                            "Planned Partitions": 0,
                            "HashAgg Batches": 1,
                            "Peak Memory Usage": 577,
                            "Disk Usage": 0,
                            "Workers": [
                              {
                                "Worker Number": 0,
                                "HashAgg Batches": 1,
                                "Peak Memory Usage": 577,
                                "Disk Usage": 0
                              },
                              {
                                "Worker Number": 1,
                                "HashAgg Batches": 1,
                                "Peak Memory Usage": 577,
                                "Disk Usage": 0
                              }
                            ],
                            "Plans": [
                              {
                                "Node Type": "Seq Scan",
                                "Parent Relationship": "Outer",
                                "Parallel Aware": true,
                                "Async Capable": false,
                                "Relation Name": "lineitem",
                                "Alias": "lineitem_1",
                                "Startup Cost": 0.0,
                                "Total Cost": 15361.58,
                                "Plan Rows": 9625,
                                "Plan Width": 16,
                                "Actual Startup Time": 0.03,
                                "Actual Total Time": 41.711,
                                "Actual Rows": 7594,
                                "Actual Loops": 3,
                                "Filter": "((l_shipdate >= '1996-07-01'::date) AND (l_shipdate < '1996-10-01 00:00:00'::timestamp without time zone))",
                                "Rows Removed by Filter": 192596,
                                "Workers": []
                              }
                            ]
                          }
                        ]
                      }
                    ]
                  }
                ]
              }
            ]
          },
          {
            "Node Type": "Sort",
            "Parent Relationship": "Outer",
            "Parallel Aware": false,
            "Async Capable": false,
            "Startup Cost": 103.83,
            "Total Cost": 106.33,
            "Plan Rows": 1000,
            "Plan Width": 72,
            "Actual Startup Time": 0.337,
            "Actual Total Time": 0.371,
            "Actual Rows": 907,
            "Actual Loops": 1,
            "Sort Key": [
              "supplier.s_suppkey"
            ],
            "Sort Method": "quicksort",
            "Sort Space Used": 114,
            "Sort Space Type": "Memory",
            "Plans": [
              {
                "Node Type": "Seq Scan",
                "Parent Relationship": "Outer",
                "Parallel Aware": false,
                "Async Capable": false,
                "Relation Name": "supplier",
                "Alias": "supplier",
                "Startup Cost": 0.0,
                "Total Cost": 54.0,
                "Plan Rows": 1000,
                "Plan Width": 72,
                "Actual Startup Time": 0.008,
                "Actual Total Time": 0.171,
                "Actual Rows": 1000,
                "Actual Loops": 1
              }
            ]
          },
          {
            "Node Type": "Aggregate",
            "Strategy": "Sorted",
            "Partial Mode": "Finalize",
            "Parent Relationship": "Inner",
            "Parallel Aware": false,
            "Async Capable": false,
            "Startup Cost": 16520.18,
            "Total Cost": 16783.53,
            "Plan Rows": 5,
            "Plan Width": 36,
            "Actual Startup Time": 104.958,
            "Actual Total Time": 106.448,
            "Actual Rows": 1,
            "Actual Loops": 1,
            "Group Key": [
              "lineitem.l_suppkey"
            ],
            "Filter": "(sum((lineitem.l_extendedprice * ('1'::numeric - lineitem.l_discount))) = (InitPlan 1).col1)",
            "Rows Removed by Filter": 999,
            "Plans": [
              {
                "Node Type": "Gather Merge",
                "Parent Relationship": "Outer",
                "Parallel Aware": false,
                "Async Capable": false,
                "Startup Cost": 16520.18,
                "Total Cost": 16753.53,
                "Plan Rows": 2000,
                "Plan Width": 36,
                "Actual Startup Time": 50.704,
                "Actual Total Time": 52.79,
                "Actual Rows": 2995,
                "Actual Loops": 1,
                "Workers Planned": 2,
                "Workers Launched": 2,
                "Plans": [
                  {
                    "Node Type": "Sort",
                    "Parent Relationship": "Outer",
                    "Parallel Aware": false,
                    "Async Capable": false,
                    "Startup Cost": 15520.15,
                    "Total Cost": 15522.65,
                    "Plan Rows": 1000,
                    "Plan Width": 36,
                    "Actual Startup Time": 47.861,
                    "Actual Total Time": 48.004,
                    "Actual Rows": 998,
                    "Actual Loops": 3,
                    "Sort Key": [
                      "lineitem.l_suppkey"
                    ],
                    "Sort Method": "quicksort",
                    "Sort Space Used": 110,
                    "Sort Space Type": "Memory",
                    "Workers": [
                      {
                        "Worker Number": 0,
                        "Sort Method": "quicksort",
                        "Sort Space Used": 110,
                        "Sort Space Type": "Memory"
                      },
                      {
                        "Worker Number": 1,
                        "Sort Method": "quicksort",
                        "Sort Space Used": 110,
                        "Sort Space Type": "Memory"
                      }
                    ],
                    "Plans": [
                      {
                        "Node Type": "Aggregate",
                        "Strategy": "Hashed",
                        "Partial Mode": "Partial",
                        "Parent Relationship": "Outer",
                        "Parallel Aware": false,
                        "Async Capable": false,
                        "Startup Cost": 15457.83,
                        "Total Cost": 15470.33,
                        "Plan Rows": 1000,
                        "Plan Width": 36,
                        "Actual Startup Time": 47.167,
                        "Actual Total Time": 47.617,
                        "Actual Rows": 998,
                        "Actual Loops": 3,
                        "Group Key": [
                          "lineitem.l_suppkey"
                        ],
                        "Planned Partitions": 0,
                        "HashAgg Batches": 1,
                        "Peak Memory Usage": 577,
                        "Disk Usage": 0,
                        "Workers": [
                          {
                            "Worker Number": 0,
                            "HashAgg Batches": 1,
                            "Peak Memory Usage": 577,
                            "Disk Usage": 0
                          },
                          {
                            "Worker Number": 1,
                            "HashAgg Batches": 1,
                            "Peak Memory Usage": 577,
                            "Disk Usage": 0
                          }
                        ],
                        "Plans": [
                          {
                            "Node Type": "Seq Scan",
                            "Parent Relationship": "Outer",
                            "Parallel Aware": true,
                            "Async Capable": false,
                            "Relation Name": "lineitem",
                            "Alias": "lineitem",
                            "Startup Cost": 0.0,
                            "Total Cost": 15361.58,
                            "Plan Rows": 9625,
                            "Plan Width": 16,
                            "Actual Startup Time": 0.018,
                            "Actual Total Time": 42.308,
                            "Actual Rows": 7594,
                            "Actual Loops": 3,
                            "Filter": "((l_shipdate >= '1996-07-01'::date) AND (l_shipdate < '1996-10-01 00:00:00'::timestamp without time zone))",
                            "Rows Removed by Filter": 192596,
                            "Workers": []
                          }
                        ]
                      }
                    ]
                  }
                ]
              }
            ]
          }
        ]
      },
      "Planning Time": 0.192,
      "Triggers": [],
      "Execution Time": 108.055
    }
  },
  {
    "query_id": "query15.76",
    "query": "select\n\ts_suppkey,\n\ts_name,\n\ts_address,\n\ts_phone,\n\ttotal_revenue\nfrom\n\tsupplier,\n\trevenue0\nwhere\n\ts_suppkey = supplier_no\n\tand total_revenue = (\n\t\tselect\n\t\t\tmax(total_revenue)\n\t\tfrom\n\t\t\trevenue0\n\t)\norder by\n\ts_suppkey;\n",
    "execution_time": 121.958,
    "plan": {
      "Plan": {
        "Node Type": "Merge Join",
        "Parallel Aware": false,
        "Async Capable": false,
        "Join Type": "Inner",
        "Startup Cost": 33415.84,
        "Total Cost": 33684.31,
        "Plan Rows": 5,
        "Plan Width": 104,
        "Actual Startup Time": 119.723,
        "Actual Total Time": 121.806,
        "Actual Rows": 1,
        "Actual Loops": 1,
        "Inner Unique": true,
        "Merge Cond": "(supplier.s_suppkey = lineitem.l_suppkey)",
        "Plans": [
          {
            "Node Type": "Aggregate",
            "Strategy": "Plain",
            "Partial Mode": "Simple",
            "Parent Relationship": "InitPlan",
            "Subplan Name": "InitPlan 1",
            "Parallel Aware": false,
            "Async Capable": false,
            "Startup Cost": 16792.68,
            "Total Cost": 16792.69,
            "Plan Rows": 1,
            "Plan Width": 32,
            "Actual Startup Time": 59.431,
            "Actual Total Time": 59.702,
            "Actual Rows": 1,
            "Actual Loops": 1,
            "Plans": [
              {
                "Node Type": "Aggregate",
                "Strategy": "Sorted",
                "Partial Mode": "Finalize",
                "Parent Relationship": "Outer",
                "Parallel Aware": false,
                "Async Capable": false,
                "Startup Cost": 16519.33,
                "Total Cost": 16780.18,
                "Plan Rows": 1000,
                "Plan Width": 36,
                "Actual Startup Time": 57.437,
                "Actual Total Time": 59.635,
                "Actual Rows": 1000,
                "Actual Loops": 1,
                "Group Key": [
                  "lineitem_1.l_suppkey"
                ],
                "Plans": [
                  {
                    "Node Type": "Gather Merge",
                    "Parent Relationship": "Outer",
                    "Parallel Aware": false,
                    "Async Capable": false,
                    "Startup Cost": 16519.33,
                    "Total Cost": 16752.68,
                    "Plan Rows": 2000,
                    "Plan Width": 36,
                    "Actual Startup Time": 57.426,
                    "Actual Total Time": 58.236,
                    "Actual Rows": 2998,
                    "Actual Loops": 1,
                    "Workers Planned": 2,
                    "Workers Launched": 2,
                    "Plans": [
                      {
                        "Node Type": "Sort",
                        "Parent Relationship": "Outer",
                        "Parallel Aware": false,
                        "Async Capable": false,
                        "Startup Cost": 15519.3,
                        "Total Cost": 15521.8,
                        "Plan Rows": 1000,
                        "Plan Width": 36,
                        "Actual Startup Time": 53.94,
                        "Actual Total Time": 54.005,
                        "Actual Rows": 999,
                        "Actual Loops": 3,
                        "Sort Key": [
                          "lineitem_1.l_suppkey"
                        ],
                        "Sort Method": "quicksort",
                        "Sort Space Used": 110,
                        "Sort Space Type": "Memory",
                        "Workers": [
                          {
                            "Worker Number": 0,
                            "Sort Method": "quicksort",
                            "Sort Space Used": 110,
                            "Sort Space Type": "Memory"
                          },
                          {
                            "Worker Number": 1,
                            "Sort Method": "quicksort",
                            "Sort Space Used": 110,
                            "Sort Space Type": "Memory"
                          }
                        ],
                        "Plans": [
                          {
                            "Node Type": "Aggregate",
                            "Strategy": "Hashed",
                            "Partial Mode": "Partial",
                            "Parent Relationship": "Outer",
                            "Parallel Aware": false,
                            "Async Capable": false,
                            "Startup Cost": 15456.98,
                            "Total Cost": 15469.48,
                            "Plan Rows": 1000,
                            "Plan Width": 36,
                            "Actual Startup Time": 53.1,
                            "Actual Total Time": 53.644,
                            "Actual Rows": 999,
                            "Actual Loops": 3,
                            "Group Key": [
                              "lineitem_1.l_suppkey"
                            ],
                            "Planned Partitions": 0,
                            "HashAgg Batches": 1,
                            "Peak Memory Usage": 577,
                            "Disk Usage": 0,
                            "Workers": [
                              {
                                "Worker Number": 0,
                                "HashAgg Batches": 1,
                                "Peak Memory Usage": 577,
                                "Disk Usage": 0
                              },
                              {
                                "Worker Number": 1,
                                "HashAgg Batches": 1,
                                "Peak Memory Usage": 577,
                                "Disk Usage": 0
                              }
                            ],
                            "Plans": [
                              {
                                "Node Type": "Seq Scan",
                                "Parent Relationship": "Outer",
                                "Parallel Aware": true,
                                "Async Capable": false,
                                "Relation Name": "lineitem",
                                "Alias": "lineitem_1",
                                "Startup Cost": 0.0,
                                "Total Cost": 15361.58,
                                "Plan Rows": 9540,
                                "Plan Width": 16,
                                "Actual Startup Time": 0.042,
                                "Actual Total Time": 48.33,
                                "Actual Rows": 7747,
                                "Actual Loops": 3,
                                "Filter": "((l_shipdate >= '1994-03-01'::date) AND (l_shipdate < '1994-06-01 00:00:00'::timestamp without time zone))",
                                "Rows Removed by Filter": 192443,
                                "Workers": []
                              }
                            ]
                          }
                        ]
                      }
                    ]
                  }
                ]
              }
            ]
          },
          {
            "Node Type": "Sort",
            "Parent Relationship": "Outer",
            "Parallel Aware": false,
            "Async Capable": false,
            "Startup Cost": 103.83,
            "Total Cost": 106.33,
            "Plan Rows": 1000,
            "Plan Width": 72,
            "Actual Startup Time": 0.483,
            "Actual Total Time": 0.683,
            "Actual Rows": 940,
            "Actual Loops": 1,
            "Sort Key": [
              "supplier.s_suppkey"
            ],
            "Sort Method": "quicksort",
            "Sort Space Used": 114,
            "Sort Space Type": "Memory",
            "Plans": [
              {
                "Node Type": "Seq Scan",
                "Parent Relationship": "Outer",
                "Parallel Aware": false,
                "Async Capable": false,
                "Relation Name": "supplier",
                "Alias": "supplier",
                "Startup Cost": 0.0,
                "Total Cost": 54.0,
                "Plan Rows": 1000,
                "Plan Width": 72,
                "Actual Startup Time": 0.01,
                "Actual Total Time": 0.291,
                "Actual Rows": 1000,
                "Actual Loops": 1
              }
            ]
          },
          {
            "Node Type": "Aggregate",
            "Strategy": "Sorted",
            "Partial Mode": "Finalize",
            "Parent Relationship": "Inner",
            "Parallel Aware": false,
            "Async Capable": false,
            "Startup Cost": 16519.33,
            "Total Cost": 16782.68,
            "Plan Rows": 5,
            "Plan Width": 36,
            "Actual Startup Time": 118.935,
            "Actual Total Time": 120.744,
            "Actual Rows": 1,
            "Actual Loops": 1,
            "Group Key": [
              "lineitem.l_suppkey"
            ],
            "Filter": "(sum((lineitem.l_extendedprice * ('1'::numeric - lineitem.l_discount))) = (InitPlan 1).col1)",
            "Rows Removed by Filter": 999,
            "Plans": [
              {
                "Node Type": "Gather Merge",
                "Parent Relationship": "Outer",
                "Parallel Aware": false,
                "Async Capable": false,
                "Startup Cost": 16519.33,
                "Total Cost": 16752.68,
                "Plan Rows": 2000,
                "Plan Width": 36,
                "Actual Startup Time": 57.601,
                "Actual Total Time": 59.955,
                "Actual Rows": 3000,
                "Actual Loops": 1,
                "Workers Planned": 2,
                "Workers Launched": 2,
                "Plans": [
                  {
                    "Node Type": "Sort",
                    "Parent Relationship": "Outer",
                    "Parallel Aware": false,
                    "Async Capable": false,
                    "Startup Cost": 15519.3,
                    "Total Cost": 15521.8,
                    "Plan Rows": 1000,
                    "Plan Width": 36,
                    "Actual Startup Time": 54.31,
                    "Actual Total Time": 54.409,
                    "Actual Rows": 1000,
                    "Actual Loops": 3,
                    "Sort Key": [
                      "lineitem.l_suppkey"
                    ],
                    "Sort Method": "quicksort",
                    "Sort Space Used": 110,
                    "Sort Space Type": "Memory",
                    "Workers": [
                      {
                        "Worker Number": 0,
                        "Sort Method": "quicksort",
                        "Sort Space Used": 110,
                        "Sort Space Type": "Memory"
                      },
                      {
                        "Worker Number": 1,
                        "Sort Method": "quicksort",
                        "Sort Space Used": 110,
                        "Sort Space Type": "Memory"
                      }
                    ],
                    "Plans": [
                      {
                        "Node Type": "Aggregate",
                        "Strategy": "Hashed",
                        "Partial Mode": "Partial",
                        "Parent Relationship": "Outer",
                        "Parallel Aware": false,
                        "Async Capable": false,
                        "Startup Cost": 15456.98,
                        "Total Cost": 15469.48,
                        "Plan Rows": 1000,
                        "Plan Width": 36,
                        "Actual Startup Time": 53.759,
                        "Actual Total Time": 54.108,
                        "Actual Rows": 1000,
                        "Actual Loops": 3,
                        "Group Key": [
                          "lineitem.l_suppkey"
                        ],
                        "Planned Partitions": 0,
                        "HashAgg Batches": 1,
                        "Peak Memory Usage": 577,
                        "Disk Usage": 0,
                        "Workers": [
                          {
                            "Worker Number": 0,
                            "HashAgg Batches": 1,
                            "Peak Memory Usage": 577,
                            "Disk Usage": 0
                          },
                          {
                            "Worker Number": 1,
                            "HashAgg Batches": 1,
                            "Peak Memory Usage": 577,
                            "Disk Usage": 0
                          }
                        ],
                        "Plans": [
                          {
                            "Node Type": "Seq Scan",
                            "Parent Relationship": "Outer",
                            "Parallel Aware": true,
                            "Async Capable": false,
                            "Relation Name": "lineitem",
                            "Alias": "lineitem",
                            "Startup Cost": 0.0,
                            "Total Cost": 15361.58,
                            "Plan Rows": 9540,
                            "Plan Width": 16,
                            "Actual Startup Time": 0.031,
                            "Actual Total Time": 49.07,
                            "Actual Rows": 7747,
                            "Actual Loops": 3,
                            "Filter": "((l_shipdate >= '1994-03-01'::date) AND (l_shipdate < '1994-06-01 00:00:00'::timestamp without time zone))",
                            "Rows Removed by Filter": 192443,
                            "Workers": []
                          }
                        ]
                      }
                    ]
                  }
                ]
              }
            ]
          }
        ]
      },
      "Planning Time": 0.374,
      "Triggers": [],
      "Execution Time": 121.958
    }
  },
  {
    "query_id": "query15.77",
    "query": "select\n\ts_suppkey,\n\ts_name,\n\ts_address,\n\ts_phone,\n\ttotal_revenue\nfrom\n\tsupplier,\n\trevenue0\nwhere\n\ts_suppkey = supplier_no\n\tand total_revenue = (\n\t\tselect\n\t\t\tmax(total_revenue)\n\t\tfrom\n\t\t\trevenue0\n\t)\norder by\n\ts_suppkey;\n",
    "execution_time": 104.347,
    "plan": {
      "Plan": {
        "Node Type": "Merge Join",
        "Parallel Aware": false,
        "Async Capable": false,
        "Join Type": "Inner",
        "Startup Cost": 33414.78,
        "Total Cost": 33683.25,
        "Plan Rows": 5,
        "Plan Width": 104,
        "Actual Startup Time": 101.889,
        "Actual Total Time": 104.115,
        "Actual Rows": 1,
        "Actual Loops": 1,
        "Inner Unique": true,
        "Merge Cond": "(supplier.s_suppkey = lineitem.l_suppkey)",
        "Plans": [
          {
            "Node Type": "Aggregate",
            "Strategy": "Plain",
            "Partial Mode": "Simple",
            "Parent Relationship": "InitPlan",
            "Subplan Name": "InitPlan 1",
            "Parallel Aware": false,
            "Async Capable": false,
            "Startup Cost": 16792.15,
            "Total Cost": 16792.16,
            "Plan Rows": 1,
            "Plan Width": 32,
            "Actual Startup Time": 48.996,
            "Actual Total Time": 49.108,
            "Actual Rows": 1,
            "Actual Loops": 1,
            "Plans": [
              {
                "Node Type": "Aggregate",
                "Strategy": "Sorted",
                "Partial Mode": "Finalize",
                "Parent Relationship": "Outer",
                "Parallel Aware": false,
                "Async Capable": false,
                "Startup Cost": 16518.8,
                "Total Cost": 16779.65,
                "Plan Rows": 1000,
                "Plan Width": 36,
                "Actual Startup Time": 46.492,
                "Actual Total Time": 49.028,
                "Actual Rows": 1000,
                "Actual Loops": 1,
                "Group Key": [
                  "lineitem_1.l_suppkey"
                ],
                "Plans": [
                  {
                    "Node Type": "Gather Merge",
                    "Parent Relationship": "Outer",
                    "Parallel Aware": false,
                    "Async Capable": false,
                    "Startup Cost": 16518.8,
                    "Total Cost": 16752.15,
                    "Plan Rows": 2000,
                    "Plan Width": 36,
                    "Actual Startup Time": 46.475,
                    "Actual Total Time": 47.322,
                    "Actual Rows": 2999,
                    "Actual Loops": 1,
                    "Workers Planned": 2,
                    "Workers Launched": 2,
                    "Plans": [
                      {
                        "Node Type": "Sort",
                        "Parent Relationship": "Outer",
                        "Parallel Aware": false,
                        "Async Capable": false,
                        "Startup Cost": 15518.77,
                        "Total Cost": 15521.27,
                        "Plan Rows": 1000,
                        "Plan Width": 36,
                        "Actual Startup Time": 43.487,
                        "Actual Total Time": 43.553,
                        "Actual Rows": 1000,
                        "Actual Loops": 3,
                        "Sort Key": [
                          "lineitem_1.l_suppkey"
                        ],
                        "Sort Method": "quicksort",
                        "Sort Space Used": 110,
                        "Sort Space Type": "Memory",
                        "Workers": [
                          {
                            "Worker Number": 0,
                            "Sort Method": "quicksort",
                            "Sort Space Used": 110,
                            "Sort Space Type": "Memory"
                          },
                          {
                            "Worker Number": 1,
                            "Sort Method": "quicksort",
                            "Sort Space Used": 110,
                            "Sort Space Type": "Memory"
                          }
                        ],
                        "Plans": [
                          {
                            "Node Type": "Aggregate",
                            "Strategy": "Hashed",
                            "Partial Mode": "Partial",
                            "Parent Relationship": "Outer",
                            "Parallel Aware": false,
                            "Async Capable": false,
                            "Startup Cost": 15456.45,
                            "Total Cost": 15468.95,
                            "Plan Rows": 1000,
                            "Plan Width": 36,
                            "Actual Startup Time": 42.945,
                            "Actual Total Time": 43.274,
                            "Actual Rows": 1000,
                            "Actual Loops": 3,
                            "Group Key": [
                              "lineitem_1.l_suppkey"
                            ],
                            "Planned Partitions": 0,
                            "HashAgg Batches": 1,
                            "Peak Memory Usage": 577,
                            "Disk Usage": 0,
                            "Workers": [
                              {
                                "Worker Number": 0,
                                "HashAgg Batches": 1,
                                "Peak Memory Usage": 577,
                                "Disk Usage": 0
                              },
                              {
                                "Worker Number": 1,
                                "HashAgg Batches": 1,
                                "Peak Memory Usage": 577,
                                "Disk Usage": 0
                              }
                            ],
                            "Plans": [
                              {
                                "Node Type": "Seq Scan",
                                "Parent Relationship": "Outer",
                                "Parallel Aware": true,
                                "Async Capable": false,
                                "Relation Name": "lineitem",
                                "Alias": "lineitem_1",
                                "Startup Cost": 0.0,
                                "Total Cost": 15361.58,
                                "Plan Rows": 9487,
                                "Plan Width": 16,
                                "Actual Startup Time": 0.018,
                                "Actual Total Time": 38.795,
                                "Actual Rows": 7669,
                                "Actual Loops": 3,
                                "Filter": "((l_shipdate >= '1996-10-01'::date) AND (l_shipdate < '1997-01-01 00:00:00'::timestamp without time zone))",
                                "Rows Removed by Filter": 192522,
                                "Workers": []
                              }
                            ]
                          }
                        ]
                      }
                    ]
                  }
                ]
              }
            ]
          },
          {
            "Node Type": "Sort",
            "Parent Relationship": "Outer",
            "Parallel Aware": false,
            "Async Capable": false,
            "Startup Cost": 103.83,
            "Total Cost": 106.33,
            "Plan Rows": 1000,
            "Plan Width": 72,
            "Actual Startup Time": 0.496,
            "Actual Total Time": 0.535,
            "Actual Rows": 757,
            "Actual Loops": 1,
            "Sort Key": [
              "supplier.s_suppkey"
            ],
            "Sort Method": "quicksort",
            "Sort Space Used": 114,
            "Sort Space Type": "Memory",
            "Plans": [
              {
                "Node Type": "Seq Scan",
                "Parent Relationship": "Outer",
                "Parallel Aware": false,
                "Async Capable": false,
                "Relation Name": "supplier",
                "Alias": "supplier",
                "Startup Cost": 0.0,
                "Total Cost": 54.0,
                "Plan Rows": 1000,
                "Plan Width": 72,
                "Actual Startup Time": 0.012,
                "Actual Total Time": 0.287,
                "Actual Rows": 1000,
                "Actual Loops": 1
              }
            ]
          },
          {
            "Node Type": "Aggregate",
            "Strategy": "Sorted",
            "Partial Mode": "Finalize",
            "Parent Relationship": "Inner",
            "Parallel Aware": false,
            "Async Capable": false,
            "Startup Cost": 16518.8,
            "Total Cost": 16782.15,
            "Plan Rows": 5,
            "Plan Width": 36,
            "Actual Startup Time": 101.299,
            "Actual Total Time": 103.411,
            "Actual Rows": 1,
            "Actual Loops": 1,
            "Group Key": [
              "lineitem.l_suppkey"
            ],
            "Filter": "(sum((lineitem.l_extendedprice * ('1'::numeric - lineitem.l_discount))) = (InitPlan 1).col1)",
            "Rows Removed by Filter": 999,
            "Plans": [
              {
                "Node Type": "Gather Merge",
                "Parent Relationship": "Outer",
                "Parallel Aware": false,
                "Async Capable": false,
                "Startup Cost": 16518.8,
                "Total Cost": 16752.15,
                "Plan Rows": 2000,
                "Plan Width": 36,
                "Actual Startup Time": 50.497,
                "Actual Total Time": 52.671,
                "Actual Rows": 2995,
                "Actual Loops": 1,
                "Workers Planned": 2,
                "Workers Launched": 2,
                "Plans": [
                  {
                    "Node Type": "Sort",
                    "Parent Relationship": "Outer",
                    "Parallel Aware": false,
                    "Async Capable": false,
                    "Startup Cost": 15518.77,
                    "Total Cost": 15521.27,
                    "Plan Rows": 1000,
                    "Plan Width": 36,
                    "Actual Startup Time": 46.801,
                    "Actual Total Time": 46.911,
                    "Actual Rows": 998,
                    "Actual Loops": 3,
                    "Sort Key": [
                      "lineitem.l_suppkey"
                    ],
                    "Sort Method": "quicksort",
                    "Sort Space Used": 110,
                    "Sort Space Type": "Memory",
                    "Workers": [
                      {
                        "Worker Number": 0,
                        "Sort Method": "quicksort",
                        "Sort Space Used": 110,
                        "Sort Space Type": "Memory"
                      },
                      {
                        "Worker Number": 1,
                        "Sort Method": "quicksort",
                        "Sort Space Used": 110,
                        "Sort Space Type": "Memory"
                      }
                    ],
                    "Plans": [
                      {
                        "Node Type": "Aggregate",
                        "Strategy": "Hashed",
                        "Partial Mode": "Partial",
                        "Parent Relationship": "Outer",
                        "Parallel Aware": false,
                        "Async Capable": false,
                        "Startup Cost": 15456.45,
                        "Total Cost": 15468.95,
                        "Plan Rows": 1000,
                        "Plan Width": 36,
                        "Actual Startup Time": 45.932,
                        "Actual Total Time": 46.527,
                        "Actual Rows": 998,
                        "Actual Loops": 3,
                        "Group Key": [
                          "lineitem.l_suppkey"
                        ],
                        "Planned Partitions": 0,
                        "HashAgg Batches": 1,
                        "Peak Memory Usage": 577,
                        "Disk Usage": 0,
                        "Workers": [
                          {
                            "Worker Number": 0,
                            "HashAgg Batches": 1,
                            "Peak Memory Usage": 577,
                            "Disk Usage": 0
                          },
                          {
                            "Worker Number": 1,
                            "HashAgg Batches": 1,
                            "Peak Memory Usage": 577,
                            "Disk Usage": 0
                          }
                        ],
                        "Plans": [
                          {
                            "Node Type": "Seq Scan",
                            "Parent Relationship": "Outer",
                            "Parallel Aware": true,
                            "Async Capable": false,
                            "Relation Name": "lineitem",
                            "Alias": "lineitem",
                            "Startup Cost": 0.0,
                            "Total Cost": 15361.58,
                            "Plan Rows": 9487,
                            "Plan Width": 16,
                            "Actual Startup Time": 0.043,
                            "Actual Total Time": 41.201,
                            "Actual Rows": 7669,
                            "Actual Loops": 3,
                            "Filter": "((l_shipdate >= '1996-10-01'::date) AND (l_shipdate < '1997-01-01 00:00:00'::timestamp without time zone))",
                            "Rows Removed by Filter": 192522,
                            "Workers": []
                          }
                        ]
                      }
                    ]
                  }
                ]
              }
            ]
          }
        ]
      },
      "Planning Time": 0.407,
      "Triggers": [],
      "Execution Time": 104.347
    }
  },
  {
    "query_id": "query15.78",
    "query": "select\n\ts_suppkey,\n\ts_name,\n\ts_address,\n\ts_phone,\n\ttotal_revenue\nfrom\n\tsupplier,\n\trevenue0\nwhere\n\ts_suppkey = supplier_no\n\tand total_revenue = (\n\t\tselect\n\t\t\tmax(total_revenue)\n\t\tfrom\n\t\t\trevenue0\n\t)\norder by\n\ts_suppkey;\n",
    "execution_time": 107.004,
    "plan": {
      "Plan": {
        "Node Type": "Merge Join",
        "Parallel Aware": false,
        "Async Capable": false,
        "Join Type": "Inner",
        "Startup Cost": 33424.44,
        "Total Cost": 33692.91,
        "Plan Rows": 5,
        "Plan Width": 104,
        "Actual Startup Time": 102.118,
        "Actual Total Time": 106.768,
        "Actual Rows": 1,
        "Actual Loops": 1,
        "Inner Unique": true,
        "Merge Cond": "(supplier.s_suppkey = lineitem.l_suppkey)",
        "Plans": [
          {
            "Node Type": "Aggregate",
            "Strategy": "Plain",
            "Partial Mode": "Simple",
            "Parent Relationship": "InitPlan",
            "Subplan Name": "InitPlan 1",
            "Parallel Aware": false,
            "Async Capable": false,
            "Startup Cost": 16796.98,
            "Total Cost": 16796.99,
            "Plan Rows": 1,
            "Plan Width": 32,
            "Actual Startup Time": 51.578,
            "Actual Total Time": 51.806,
            "Actual Rows": 1,
            "Actual Loops": 1,
            "Plans": [
              {
                "Node Type": "Aggregate",
                "Strategy": "Sorted",
                "Partial Mode": "Finalize",
                "Parent Relationship": "Outer",
                "Parallel Aware": false,
                "Async Capable": false,
                "Startup Cost": 16523.63,
                "Total Cost": 16784.48,
                "Plan Rows": 1000,
                "Plan Width": 36,
                "Actual Startup Time": 49.474,
                "Actual Total Time": 51.737,
                "Actual Rows": 1000,
                "Actual Loops": 1,
                "Group Key": [
                  "lineitem_1.l_suppkey"
                ],
                "Plans": [
                  {
                    "Node Type": "Gather Merge",
                    "Parent Relationship": "Outer",
                    "Parallel Aware": false,
                    "Async Capable": false,
                    "Startup Cost": 16523.63,
                    "Total Cost": 16756.98,
                    "Plan Rows": 2000,
                    "Plan Width": 36,
                    "Actual Startup Time": 49.464,
                    "Actual Total Time": 50.216,
                    "Actual Rows": 2999,
                    "Actual Loops": 1,
                    "Workers Planned": 2,
                    "Workers Launched": 2,
                    "Plans": [
                      {
                        "Node Type": "Sort",
                        "Parent Relationship": "Outer",
                        "Parallel Aware": false,
                        "Async Capable": false,
                        "Startup Cost": 15523.6,
                        "Total Cost": 15526.1,
                        "Plan Rows": 1000,
                        "Plan Width": 36,
                        "Actual Startup Time": 45.3,
                        "Actual Total Time": 45.359,
                        "Actual Rows": 1000,
                        "Actual Loops": 3,
                        "Sort Key": [
                          "lineitem_1.l_suppkey"
                        ],
                        "Sort Method": "quicksort",
                        "Sort Space Used": 110,
                        "Sort Space Type": "Memory",
                        "Workers": [
                          {
                            "Worker Number": 0,
                            "Sort Method": "quicksort",
                            "Sort Space Used": 110,
                            "Sort Space Type": "Memory"
                          },
                          {
                            "Worker Number": 1,
                            "Sort Method": "quicksort",
                            "Sort Space Used": 110,
                            "Sort Space Type": "Memory"
                          }
                        ],
                        "Plans": [
                          {
                            "Node Type": "Aggregate",
                            "Strategy": "Hashed",
                            "Partial Mode": "Partial",
                            "Parent Relationship": "Outer",
                            "Parallel Aware": false,
                            "Async Capable": false,
                            "Startup Cost": 15461.27,
                            "Total Cost": 15473.77,
                            "Plan Rows": 1000,
                            "Plan Width": 36,
                            "Actual Startup Time": 44.753,
                            "Actual Total Time": 45.084,
                            "Actual Rows": 1000,
                            "Actual Loops": 3,
                            "Group Key": [
                              "lineitem_1.l_suppkey"
                            ],
                            "Planned Partitions": 0,
                            "HashAgg Batches": 1,
                            "Peak Memory Usage": 577,
                            "Disk Usage": 0,
                            "Workers": [
                              {
                                "Worker Number": 0,
                                "HashAgg Batches": 1,
                                "Peak Memory Usage": 577,
                                "Disk Usage": 0
                              },
                              {
                                "Worker Number": 1,
                                "HashAgg Batches": 1,
                                "Peak Memory Usage": 577,
                                "Disk Usage": 0
                              }
                            ],
                            "Plans": [
                              {
                                "Node Type": "Seq Scan",
                                "Parent Relationship": "Outer",
                                "Parallel Aware": true,
                                "Async Capable": false,
                                "Relation Name": "lineitem",
                                "Alias": "lineitem_1",
                                "Startup Cost": 0.0,
                                "Total Cost": 15361.58,
                                "Plan Rows": 9970,
                                "Plan Width": 16,
                                "Actual Startup Time": 0.017,
                                "Actual Total Time": 40.605,
                                "Actual Rows": 7814,
                                "Actual Loops": 3,
                                "Filter": "((l_shipdate >= '1994-07-01'::date) AND (l_shipdate < '1994-10-01 00:00:00'::timestamp without time zone))",
                                "Rows Removed by Filter": 192377,
                                "Workers": []
                              }
                            ]
                          }
                        ]
                      }
                    ]
                  }
                ]
              }
            ]
          },
          {
            "Node Type": "Sort",
            "Parent Relationship": "Outer",
            "Parallel Aware": false,
            "Async Capable": false,
            "Startup Cost": 103.83,
            "Total Cost": 106.33,
            "Plan Rows": 1000,
            "Plan Width": 72,
            "Actual Startup Time": 0.402,
            "Actual Total Time": 0.41,
            "Actual Rows": 90,
            "Actual Loops": 1,
            "Sort Key": [
              "supplier.s_suppkey"
            ],
            "Sort Method": "quicksort",
            "Sort Space Used": 114,
            "Sort Space Type": "Memory",
            "Plans": [
              {
                "Node Type": "Seq Scan",
                "Parent Relationship": "Outer",
                "Parallel Aware": false,
                "Async Capable": false,
                "Relation Name": "supplier",
                "Alias": "supplier",
                "Startup Cost": 0.0,
                "Total Cost": 54.0,
                "Plan Rows": 1000,
                "Plan Width": 72,
                "Actual Startup Time": 0.011,
                "Actual Total Time": 0.245,
                "Actual Rows": 1000,
                "Actual Loops": 1
              }
            ]
          },
          {
            "Node Type": "Aggregate",
            "Strategy": "Sorted",
            "Partial Mode": "Finalize",
            "Parent Relationship": "Inner",
            "Parallel Aware": false,
            "Async Capable": false,
            "Startup Cost": 16523.63,
            "Total Cost": 16786.98,
            "Plan Rows": 5,
            "Plan Width": 36,
            "Actual Startup Time": 101.7,
            "Actual Total Time": 106.118,
            "Actual Rows": 1,
            "Actual Loops": 1,
            "Group Key": [
              "lineitem.l_suppkey"
            ],
            "Filter": "(sum((lineitem.l_extendedprice * ('1'::numeric - lineitem.l_discount))) = (InitPlan 1).col1)",
            "Rows Removed by Filter": 999,
            "Plans": [
              {
                "Node Type": "Gather Merge",
                "Parent Relationship": "Outer",
                "Parallel Aware": false,
                "Async Capable": false,
                "Startup Cost": 16523.63,
                "Total Cost": 16756.98,
                "Plan Rows": 2000,
                "Plan Width": 36,
                "Actual Startup Time": 49.916,
                "Actual Total Time": 52.872,
                "Actual Rows": 3000,
                "Actual Loops": 1,
                "Workers Planned": 2,
                "Workers Launched": 2,
                "Plans": [
                  {
                    "Node Type": "Sort",
                    "Parent Relationship": "Outer",
                    "Parallel Aware": false,
                    "Async Capable": false,
                    "Startup Cost": 15523.6,
                    "Total Cost": 15526.1,
                    "Plan Rows": 1000,
                    "Plan Width": 36,
                    "Actual Startup Time": 46.365,
                    "Actual Total Time": 46.471,
                    "Actual Rows": 1000,
                    "Actual Loops": 3,
                    "Sort Key": [
                      "lineitem.l_suppkey"
                    ],
                    "Sort Method": "quicksort",
                    "Sort Space Used": 110,
                    "Sort Space Type": "Memory",
                    "Workers": [
                      {
                        "Worker Number": 0,
                        "Sort Method": "quicksort",
                        "Sort Space Used": 110,
                        "Sort Space Type": "Memory"
                      },
                      {
                        "Worker Number": 1,
                        "Sort Method": "quicksort",
                        "Sort Space Used": 110,
                        "Sort Space Type": "Memory"
                      }
                    ],
                    "Plans": [
                      {
                        "Node Type": "Aggregate",
                        "Strategy": "Hashed",
                        "Partial Mode": "Partial",
                        "Parent Relationship": "Outer",
                        "Parallel Aware": false,
                        "Async Capable": false,
                        "Startup Cost": 15461.27,
                        "Total Cost": 15473.77,
                        "Plan Rows": 1000,
                        "Plan Width": 36,
                        "Actual Startup Time": 45.82,
                        "Actual Total Time": 46.161,
                        "Actual Rows": 1000,
                        "Actual Loops": 3,
                        "Group Key": [
                          "lineitem.l_suppkey"
                        ],
                        "Planned Partitions": 0,
                        "HashAgg Batches": 1,
                        "Peak Memory Usage": 577,
                        "Disk Usage": 0,
                        "Workers": [
                          {
                            "Worker Number": 0,
                            "HashAgg Batches": 1,
                            "Peak Memory Usage": 577,
                            "Disk Usage": 0
                          },
                          {
                            "Worker Number": 1,
                            "HashAgg Batches": 1,
                            "Peak Memory Usage": 577,
                            "Disk Usage": 0
                          }
                        ],
                        "Plans": [
                          {
                            "Node Type": "Seq Scan",
                            "Parent Relationship": "Outer",
                            "Parallel Aware": true,
                            "Async Capable": false,
                            "Relation Name": "lineitem",
                            "Alias": "lineitem",
                            "Startup Cost": 0.0,
                            "Total Cost": 15361.58,
                            "Plan Rows": 9970,
                            "Plan Width": 16,
                            "Actual Startup Time": 0.028,
                            "Actual Total Time": 41.507,
                            "Actual Rows": 7814,
                            "Actual Loops": 3,
                            "Filter": "((l_shipdate >= '1994-07-01'::date) AND (l_shipdate < '1994-10-01 00:00:00'::timestamp without time zone))",
                            "Rows Removed by Filter": 192377,
                            "Workers": []
                          }
                        ]
                      }
                    ]
                  }
                ]
              }
            ]
          }
        ]
      },
      "Planning Time": 0.302,
      "Triggers": [],
      "Execution Time": 107.004
    }
  },
  {
    "query_id": "query15.79",
    "query": "select\n\ts_suppkey,\n\ts_name,\n\ts_address,\n\ts_phone,\n\ttotal_revenue\nfrom\n\tsupplier,\n\trevenue0\nwhere\n\ts_suppkey = supplier_no\n\tand total_revenue = (\n\t\tselect\n\t\t\tmax(total_revenue)\n\t\tfrom\n\t\t\trevenue0\n\t)\norder by\n\ts_suppkey;\n",
    "execution_time": 93.79,
    "plan": {
      "Plan": {
        "Node Type": "Merge Join",
        "Parallel Aware": false,
        "Async Capable": false,
        "Join Type": "Inner",
        "Startup Cost": 33406.4,
        "Total Cost": 33674.87,
        "Plan Rows": 5,
        "Plan Width": 104,
        "Actual Startup Time": 91.076,
        "Actual Total Time": 93.574,
        "Actual Rows": 1,
        "Actual Loops": 1,
        "Inner Unique": true,
        "Merge Cond": "(supplier.s_suppkey = lineitem.l_suppkey)",
        "Plans": [
          {
            "Node Type": "Aggregate",
            "Strategy": "Plain",
            "Partial Mode": "Simple",
            "Parent Relationship": "InitPlan",
            "Subplan Name": "InitPlan 1",
            "Parallel Aware": false,
            "Async Capable": false,
            "Startup Cost": 16787.96,
            "Total Cost": 16787.97,
            "Plan Rows": 1,
            "Plan Width": 32,
            "Actual Startup Time": 45.181,
            "Actual Total Time": 45.998,
            "Actual Rows": 1,
            "Actual Loops": 1,
            "Plans": [
              {
                "Node Type": "Aggregate",
                "Strategy": "Sorted",
                "Partial Mode": "Finalize",
                "Parent Relationship": "Outer",
                "Parallel Aware": false,
                "Async Capable": false,
                "Startup Cost": 16514.61,
                "Total Cost": 16775.46,
                "Plan Rows": 1000,
                "Plan Width": 36,
                "Actual Startup Time": 42.226,
                "Actual Total Time": 45.783,
                "Actual Rows": 1000,
                "Actual Loops": 1,
                "Group Key": [
                  "lineitem_1.l_suppkey"
                ],
                "Plans": [
                  {
                    "Node Type": "Gather Merge",
                    "Parent Relationship": "Outer",
                    "Parallel Aware": false,
                    "Async Capable": false,
                    "Startup Cost": 16514.61,
                    "Total Cost": 16747.96,
                    "Plan Rows": 2000,
                    "Plan Width": 36,
                    "Actual Startup Time": 42.205,
                    "Actual Total Time": 43.794,
                    "Actual Rows": 2997,
                    "Actual Loops": 1,
                    "Workers Planned": 2,
                    "Workers Launched": 2,
                    "Plans": [
                      {
                        "Node Type": "Sort",
                        "Parent Relationship": "Outer",
                        "Parallel Aware": false,
                        "Async Capable": false,
                        "Startup Cost": 15514.58,
                        "Total Cost": 15517.08,
                        "Plan Rows": 1000,
                        "Plan Width": 36,
                        "Actual Startup Time": 38.747,
                        "Actual Total Time": 38.815,
                        "Actual Rows": 999,
                        "Actual Loops": 3,
                        "Sort Key": [
                          "lineitem_1.l_suppkey"
                        ],
                        "Sort Method": "quicksort",
                        "Sort Space Used": 110,
                        "Sort Space Type": "Memory",
                        "Workers": [
                          {
                            "Worker Number": 0,
                            "Sort Method": "quicksort",
                            "Sort Space Used": 110,
                            "Sort Space Type": "Memory"
                          },
                          {
                            "Worker Number": 1,
                            "Sort Method": "quicksort",
                            "Sort Space Used": 110,
                            "Sort Space Type": "Memory"
                          }
                        ],
                        "Plans": [
                          {
                            "Node Type": "Aggregate",
                            "Strategy": "Hashed",
                            "Partial Mode": "Partial",
                            "Parent Relationship": "Outer",
                            "Parallel Aware": false,
                            "Async Capable": false,
                            "Startup Cost": 15452.26,
                            "Total Cost": 15464.76,
                            "Plan Rows": 1000,
                            "Plan Width": 36,
                            "Actual Startup Time": 38.191,
                            "Actual Total Time": 38.524,
                            "Actual Rows": 999,
                            "Actual Loops": 3,
                            "Group Key": [
                              "lineitem_1.l_suppkey"
                            ],
                            "Planned Partitions": 0,
                            "HashAgg Batches": 1,
                            "Peak Memory Usage": 577,
                            "Disk Usage": 0,
                            "Workers": [
                              {
                                "Worker Number": 0,
                                "HashAgg Batches": 1,
                                "Peak Memory Usage": 577,
                                "Disk Usage": 0
                              },
                              {
                                "Worker Number": 1,
                                "HashAgg Batches": 1,
                                "Peak Memory Usage": 577,
                                "Disk Usage": 0
                              }
                            ],
                            "Plans": [
                              {
                                "Node Type": "Seq Scan",
                                "Parent Relationship": "Outer",
                                "Parallel Aware": true,
                                "Async Capable": false,
                                "Relation Name": "lineitem",
                                "Alias": "lineitem_1",
                                "Startup Cost": 0.0,
                                "Total Cost": 15361.58,
                                "Plan Rows": 9068,
                                "Plan Width": 16,
                                "Actual Startup Time": 0.031,
                                "Actual Total Time": 34.324,
                                "Actual Rows": 7292,
                                "Actual Loops": 3,
                                "Filter": "((l_shipdate >= '1997-02-01'::date) AND (l_shipdate < '1997-05-01 00:00:00'::timestamp without time zone))",
                                "Rows Removed by Filter": 192899,
                                "Workers": []
                              }
                            ]
                          }
                        ]
                      }
                    ]
                  }
                ]
              }
            ]
          },
          {
            "Node Type": "Sort",
            "Parent Relationship": "Outer",
            "Parallel Aware": false,
            "Async Capable": false,
            "Startup Cost": 103.83,
            "Total Cost": 106.33,
            "Plan Rows": 1000,
            "Plan Width": 72,
            "Actual Startup Time": 0.428,
            "Actual Total Time": 0.605,
            "Actual Rows": 623,
            "Actual Loops": 1,
            "Sort Key": [
              "supplier.s_suppkey"
            ],
            "Sort Method": "quicksort",
            "Sort Space Used": 114,
            "Sort Space Type": "Memory",
            "Plans": [
              {
                "Node Type": "Seq Scan",
                "Parent Relationship": "Outer",
                "Parallel Aware": false,
                "Async Capable": false,
                "Relation Name": "supplier",
                "Alias": "supplier",
                "Startup Cost": 0.0,
                "Total Cost": 54.0,
                "Plan Rows": 1000,
                "Plan Width": 72,
                "Actual Startup Time": 0.012,
                "Actual Total Time": 0.25,
                "Actual Rows": 1000,
                "Actual Loops": 1
              }
            ]
          },
          {
            "Node Type": "Aggregate",
            "Strategy": "Sorted",
            "Partial Mode": "Finalize",
            "Parent Relationship": "Inner",
            "Parallel Aware": false,
            "Async Capable": false,
            "Startup Cost": 16514.61,
            "Total Cost": 16777.96,
            "Plan Rows": 5,
            "Plan Width": 36,
            "Actual Startup Time": 90.413,
            "Actual Total Time": 92.082,
            "Actual Rows": 1,
            "Actual Loops": 1,
            "Group Key": [
              "lineitem.l_suppkey"
            ],
            "Filter": "(sum((lineitem.l_extendedprice * ('1'::numeric - lineitem.l_discount))) = (InitPlan 1).col1)",
            "Rows Removed by Filter": 999,
            "Plans": [
              {
                "Node Type": "Gather Merge",
                "Parent Relationship": "Outer",
                "Parallel Aware": false,
                "Async Capable": false,
                "Startup Cost": 16514.61,
                "Total Cost": 16747.96,
                "Plan Rows": 2000,
                "Plan Width": 36,
                "Actual Startup Time": 43.943,
                "Actual Total Time": 45.555,
                "Actual Rows": 2994,
                "Actual Loops": 1,
                "Workers Planned": 2,
                "Workers Launched": 2,
                "Plans": [
                  {
                    "Node Type": "Sort",
                    "Parent Relationship": "Outer",
                    "Parallel Aware": false,
                    "Async Capable": false,
                    "Startup Cost": 15514.58,
                    "Total Cost": 15517.08,
                    "Plan Rows": 1000,
                    "Plan Width": 36,
                    "Actual Startup Time": 40.585,
                    "Actual Total Time": 40.7,
                    "Actual Rows": 998,
                    "Actual Loops": 3,
                    "Sort Key": [
                      "lineitem.l_suppkey"
                    ],
                    "Sort Method": "quicksort",
                    "Sort Space Used": 110,
                    "Sort Space Type": "Memory",
                    "Workers": [
                      {
                        "Worker Number": 0,
                        "Sort Method": "quicksort",
                        "Sort Space Used": 110,
                        "Sort Space Type": "Memory"
                      },
                      {
                        "Worker Number": 1,
                        "Sort Method": "quicksort",
                        "Sort Space Used": 110,
                        "Sort Space Type": "Memory"
                      }
                    ],
                    "Plans": [
                      {
                        "Node Type": "Aggregate",
                        "Strategy": "Hashed",
                        "Partial Mode": "Partial",
                        "Parent Relationship": "Outer",
                        "Parallel Aware": false,
                        "Async Capable": false,
                        "Startup Cost": 15452.26,
                        "Total Cost": 15464.76,
                        "Plan Rows": 1000,
                        "Plan Width": 36,
                        "Actual Startup Time": 40.037,
                        "Actual Total Time": 40.389,
                        "Actual Rows": 998,
                        "Actual Loops": 3,
                        "Group Key": [
                          "lineitem.l_suppkey"
                        ],
                        "Planned Partitions": 0,
                        "HashAgg Batches": 1,
                        "Peak Memory Usage": 577,
                        "Disk Usage": 0,
                        "Workers": [
                          {
                            "Worker Number": 0,
                            "HashAgg Batches": 1,
                            "Peak Memory Usage": 577,
                            "Disk Usage": 0
                          },
                          {
                            "Worker Number": 1,
                            "HashAgg Batches": 1,
                            "Peak Memory Usage": 577,
                            "Disk Usage": 0
                          }
                        ],
                        "Plans": [
                          {
                            "Node Type": "Seq Scan",
                            "Parent Relationship": "Outer",
                            "Parallel Aware": true,
                            "Async Capable": false,
                            "Relation Name": "lineitem",
                            "Alias": "lineitem",
                            "Startup Cost": 0.0,
                            "Total Cost": 15361.58,
                            "Plan Rows": 9068,
                            "Plan Width": 16,
                            "Actual Startup Time": 0.024,
                            "Actual Total Time": 35.888,
                            "Actual Rows": 7292,
                            "Actual Loops": 3,
                            "Filter": "((l_shipdate >= '1997-02-01'::date) AND (l_shipdate < '1997-05-01 00:00:00'::timestamp without time zone))",
                            "Rows Removed by Filter": 192899,
                            "Workers": []
                          }
                        ]
                      }
                    ]
                  }
                ]
              }
            ]
          }
        ]
      },
      "Planning Time": 0.437,
      "Triggers": [],
      "Execution Time": 93.79
    }
  },
  {
    "query_id": "query15.8",
    "query": "select\n\ts_suppkey,\n\ts_name,\n\ts_address,\n\ts_phone,\n\ttotal_revenue\nfrom\n\tsupplier,\n\trevenue0\nwhere\n\ts_suppkey = supplier_no\n\tand total_revenue = (\n\t\tselect\n\t\t\tmax(total_revenue)\n\t\tfrom\n\t\t\trevenue0\n\t)\norder by\n\ts_suppkey;\n",
    "execution_time": 113.805,
    "plan": {
      "Plan": {
        "Node Type": "Merge Join",
        "Parallel Aware": false,
        "Async Capable": false,
        "Join Type": "Inner",
        "Startup Cost": 33413.8,
        "Total Cost": 33682.27,
        "Plan Rows": 5,
        "Plan Width": 104,
        "Actual Startup Time": 112.168,
        "Actual Total Time": 113.637,
        "Actual Rows": 1,
        "Actual Loops": 1,
        "Inner Unique": true,
        "Merge Cond": "(supplier.s_suppkey = lineitem.l_suppkey)",
        "Plans": [
          {
            "Node Type": "Aggregate",
            "Strategy": "Plain",
            "Partial Mode": "Simple",
            "Parent Relationship": "InitPlan",
            "Subplan Name": "InitPlan 1",
            "Parallel Aware": false,
            "Async Capable": false,
            "Startup Cost": 16791.66,
            "Total Cost": 16791.67,
            "Plan Rows": 1,
            "Plan Width": 32,
            "Actual Startup Time": 54.314,
            "Actual Total Time": 54.673,
            "Actual Rows": 1,
            "Actual Loops": 1,
            "Plans": [
              {
                "Node Type": "Aggregate",
                "Strategy": "Sorted",
                "Partial Mode": "Finalize",
                "Parent Relationship": "Outer",
                "Parallel Aware": false,
                "Async Capable": false,
                "Startup Cost": 16518.31,
                "Total Cost": 16779.16,
                "Plan Rows": 1000,
                "Plan Width": 36,
                "Actual Startup Time": 52.635,
                "Actual Total Time": 54.617,
                "Actual Rows": 1000,
                "Actual Loops": 1,
                "Group Key": [
                  "lineitem_1.l_suppkey"
                ],
                "Plans": [
                  {
                    "Node Type": "Gather Merge",
                    "Parent Relationship": "Outer",
                    "Parallel Aware": false,
                    "Async Capable": false,
                    "Startup Cost": 16518.31,
                    "Total Cost": 16751.66,
                    "Plan Rows": 2000,
                    "Plan Width": 36,
                    "Actual Startup Time": 52.624,
                    "Actual Total Time": 53.432,
                    "Actual Rows": 2995,
                    "Actual Loops": 1,
                    "Workers Planned": 2,
                    "Workers Launched": 2,
                    "Plans": [
                      {
                        "Node Type": "Sort",
                        "Parent Relationship": "Outer",
                        "Parallel Aware": false,
                        "Async Capable": false,
                        "Startup Cost": 15518.28,
                        "Total Cost": 15520.78,
                        "Plan Rows": 1000,
                        "Plan Width": 36,
                        "Actual Startup Time": 48.504,
                        "Actual Total Time": 48.554,
                        "Actual Rows": 998,
                        "Actual Loops": 3,
                        "Sort Key": [
                          "lineitem_1.l_suppkey"
                        ],
                        "Sort Method": "quicksort",
                        "Sort Space Used": 110,
                        "Sort Space Type": "Memory",
                        "Workers": [
                          {
                            "Worker Number": 0,
                            "Sort Method": "quicksort",
                            "Sort Space Used": 110,
                            "Sort Space Type": "Memory"
                          },
                          {
                            "Worker Number": 1,
                            "Sort Method": "quicksort",
                            "Sort Space Used": 110,
                            "Sort Space Type": "Memory"
                          }
                        ],
                        "Plans": [
                          {
                            "Node Type": "Aggregate",
                            "Strategy": "Hashed",
                            "Partial Mode": "Partial",
                            "Parent Relationship": "Outer",
                            "Parallel Aware": false,
                            "Async Capable": false,
                            "Startup Cost": 15455.95,
                            "Total Cost": 15468.45,
                            "Plan Rows": 1000,
                            "Plan Width": 36,
                            "Actual Startup Time": 47.847,
                            "Actual Total Time": 48.248,
                            "Actual Rows": 998,
                            "Actual Loops": 3,
                            "Group Key": [
                              "lineitem_1.l_suppkey"
                            ],
                            "Planned Partitions": 0,
                            "HashAgg Batches": 1,
                            "Peak Memory Usage": 577,
                            "Disk Usage": 0,
                            "Workers": [
                              {
                                "Worker Number": 0,
                                "HashAgg Batches": 1,
                                "Peak Memory Usage": 577,
                                "Disk Usage": 0
                              },
                              {
                                "Worker Number": 1,
                                "HashAgg Batches": 1,
                                "Peak Memory Usage": 577,
                                "Disk Usage": 0
                              }
                            ],
                            "Plans": [
                              {
                                "Node Type": "Seq Scan",
                                "Parent Relationship": "Outer",
                                "Parallel Aware": true,
                                "Async Capable": false,
                                "Relation Name": "lineitem",
                                "Alias": "lineitem_1",
                                "Startup Cost": 0.0,
                                "Total Cost": 15361.58,
                                "Plan Rows": 9438,
                                "Plan Width": 16,
                                "Actual Startup Time": 0.034,
                                "Actual Total Time": 43.693,
                                "Actual Rows": 7465,
                                "Actual Loops": 3,
                                "Filter": "((l_shipdate >= '1994-02-01'::date) AND (l_shipdate < '1994-05-01 00:00:00'::timestamp without time zone))",
                                "Rows Removed by Filter": 192726,
                                "Workers": []
                              }
                            ]
                          }
                        ]
                      }
                    ]
                  }
                ]
              }
            ]
          },
          {
            "Node Type": "Sort",
            "Parent Relationship": "Outer",
            "Parallel Aware": false,
            "Async Capable": false,
            "Startup Cost": 103.83,
            "Total Cost": 106.33,
            "Plan Rows": 1000,
            "Plan Width": 72,
            "Actual Startup Time": 0.365,
            "Actual Total Time": 0.415,
            "Actual Rows": 994,
            "Actual Loops": 1,
            "Sort Key": [
              "supplier.s_suppkey"
            ],
            "Sort Method": "quicksort",
            "Sort Space Used": 114,
            "Sort Space Type": "Memory",
            "Plans": [
              {
                "Node Type": "Seq Scan",
                "Parent Relationship": "Outer",
                "Parallel Aware": false,
                "Async Capable": false,
                "Relation Name": "supplier",
                "Alias": "supplier",
                "Startup Cost": 0.0,
                "Total Cost": 54.0,
                "Plan Rows": 1000,
                "Plan Width": 72,
                "Actual Startup Time": 0.011,
                "Actual Total Time": 0.222,
                "Actual Rows": 1000,
                "Actual Loops": 1
              }
            ]
          },
          {
            "Node Type": "Aggregate",
            "Strategy": "Sorted",
            "Partial Mode": "Finalize",
            "Parent Relationship": "Inner",
            "Parallel Aware": false,
            "Async Capable": false,
            "Startup Cost": 16518.31,
            "Total Cost": 16781.66,
            "Plan Rows": 5,
            "Plan Width": 36,
            "Actual Startup Time": 111.681,
            "Actual Total Time": 112.789,
            "Actual Rows": 1,
            "Actual Loops": 1,
            "Group Key": [
              "lineitem.l_suppkey"
            ],
            "Filter": "(sum((lineitem.l_extendedprice * ('1'::numeric - lineitem.l_discount))) = (InitPlan 1).col1)",
            "Rows Removed by Filter": 999,
            "Plans": [
              {
                "Node Type": "Gather Merge",
                "Parent Relationship": "Outer",
                "Parallel Aware": false,
                "Async Capable": false,
                "Startup Cost": 16518.31,
                "Total Cost": 16751.66,
                "Plan Rows": 2000,
                "Plan Width": 36,
                "Actual Startup Time": 55.225,
                "Actual Total Time": 56.939,
                "Actual Rows": 2996,
                "Actual Loops": 1,
                "Workers Planned": 2,
                "Workers Launched": 2,
                "Plans": [
                  {
                    "Node Type": "Sort",
                    "Parent Relationship": "Outer",
                    "Parallel Aware": false,
                    "Async Capable": false,
                    "Startup Cost": 15518.28,
                    "Total Cost": 15520.78,
                    "Plan Rows": 1000,
                    "Plan Width": 36,
                    "Actual Startup Time": 51.624,
                    "Actual Total Time": 51.717,
                    "Actual Rows": 999,
                    "Actual Loops": 3,
                    "Sort Key": [
                      "lineitem.l_suppkey"
                    ],
                    "Sort Method": "quicksort",
                    "Sort Space Used": 110,
                    "Sort Space Type": "Memory",
                    "Workers": [
                      {
                        "Worker Number": 0,
                        "Sort Method": "quicksort",
                        "Sort Space Used": 110,
                        "Sort Space Type": "Memory"
                      },
                      {
                        "Worker Number": 1,
                        "Sort Method": "quicksort",
                        "Sort Space Used": 110,
                        "Sort Space Type": "Memory"
                      }
                    ],
                    "Plans": [
                      {
                        "Node Type": "Aggregate",
                        "Strategy": "Hashed",
                        "Partial Mode": "Partial",
                        "Parent Relationship": "Outer",
                        "Parallel Aware": false,
                        "Async Capable": false,
                        "Startup Cost": 15455.95,
                        "Total Cost": 15468.45,
                        "Plan Rows": 1000,
                        "Plan Width": 36,
                        "Actual Startup Time": 50.984,
                        "Actual Total Time": 51.387,
                        "Actual Rows": 999,
                        "Actual Loops": 3,
                        "Group Key": [
                          "lineitem.l_suppkey"
                        ],
                        "Planned Partitions": 0,
                        "HashAgg Batches": 1,
                        "Peak Memory Usage": 577,
                        "Disk Usage": 0,
                        "Workers": [
                          {
                            "Worker Number": 0,
                            "HashAgg Batches": 1,
                            "Peak Memory Usage": 577,
                            "Disk Usage": 0
                          },
                          {
                            "Worker Number": 1,
                            "HashAgg Batches": 1,
                            "Peak Memory Usage": 577,
                            "Disk Usage": 0
                          }
                        ],
                        "Plans": [
                          {
                            "Node Type": "Seq Scan",
                            "Parent Relationship": "Outer",
                            "Parallel Aware": true,
                            "Async Capable": false,
                            "Relation Name": "lineitem",
                            "Alias": "lineitem",
                            "Startup Cost": 0.0,
                            "Total Cost": 15361.58,
                            "Plan Rows": 9438,
                            "Plan Width": 16,
                            "Actual Startup Time": 0.032,
                            "Actual Total Time": 45.573,
                            "Actual Rows": 7465,
                            "Actual Loops": 3,
                            "Filter": "((l_shipdate >= '1994-02-01'::date) AND (l_shipdate < '1994-05-01 00:00:00'::timestamp without time zone))",
                            "Rows Removed by Filter": 192726,
                            "Workers": []
                          }
                        ]
                      }
                    ]
                  }
                ]
              }
            ]
          }
        ]
      },
      "Planning Time": 0.316,
      "Triggers": [],
      "Execution Time": 113.805
    }
  },
  {
    "query_id": "query15.80",
    "query": "select\n\ts_suppkey,\n\ts_name,\n\ts_address,\n\ts_phone,\n\ttotal_revenue\nfrom\n\tsupplier,\n\trevenue0\nwhere\n\ts_suppkey = supplier_no\n\tand total_revenue = (\n\t\tselect\n\t\t\tmax(total_revenue)\n\t\tfrom\n\t\t\trevenue0\n\t)\norder by\n\ts_suppkey;\n",
    "execution_time": 115.65,
    "plan": {
      "Plan": {
        "Node Type": "Merge Join",
        "Parallel Aware": false,
        "Async Capable": false,
        "Join Type": "Inner",
        "Startup Cost": 33415.28,
        "Total Cost": 33683.75,
        "Plan Rows": 5,
        "Plan Width": 104,
        "Actual Startup Time": 113.302,
        "Actual Total Time": 115.471,
        "Actual Rows": 1,
        "Actual Loops": 1,
        "Inner Unique": true,
        "Merge Cond": "(supplier.s_suppkey = lineitem.l_suppkey)",
        "Plans": [
          {
            "Node Type": "Aggregate",
            "Strategy": "Plain",
            "Partial Mode": "Simple",
            "Parent Relationship": "InitPlan",
            "Subplan Name": "InitPlan 1",
            "Parallel Aware": false,
            "Async Capable": false,
            "Startup Cost": 16792.4,
            "Total Cost": 16792.41,
            "Plan Rows": 1,
            "Plan Width": 32,
            "Actual Startup Time": 52.562,
            "Actual Total Time": 52.808,
            "Actual Rows": 1,
            "Actual Loops": 1,
            "Plans": [
              {
                "Node Type": "Aggregate",
                "Strategy": "Sorted",
                "Partial Mode": "Finalize",
                "Parent Relationship": "Outer",
                "Parallel Aware": false,
                "Async Capable": false,
                "Startup Cost": 16519.05,
                "Total Cost": 16779.9,
                "Plan Rows": 1000,
                "Plan Width": 36,
                "Actual Startup Time": 50.287,
                "Actual Total Time": 52.733,
                "Actual Rows": 1000,
                "Actual Loops": 1,
                "Group Key": [
                  "lineitem_1.l_suppkey"
                ],
                "Plans": [
                  {
                    "Node Type": "Gather Merge",
                    "Parent Relationship": "Outer",
                    "Parallel Aware": false,
                    "Async Capable": false,
                    "Startup Cost": 16519.05,
                    "Total Cost": 16752.4,
                    "Plan Rows": 2000,
                    "Plan Width": 36,
                    "Actual Startup Time": 50.27,
                    "Actual Total Time": 51.15,
                    "Actual Rows": 2995,
                    "Actual Loops": 1,
                    "Workers Planned": 2,
                    "Workers Launched": 2,
                    "Plans": [
                      {
                        "Node Type": "Sort",
                        "Parent Relationship": "Outer",
                        "Parallel Aware": false,
                        "Async Capable": false,
                        "Startup Cost": 15519.02,
                        "Total Cost": 15521.52,
                        "Plan Rows": 1000,
                        "Plan Width": 36,
                        "Actual Startup Time": 46.854,
                        "Actual Total Time": 46.911,
                        "Actual Rows": 998,
                        "Actual Loops": 3,
                        "Sort Key": [
                          "lineitem_1.l_suppkey"
                        ],
                        "Sort Method": "quicksort",
                        "Sort Space Used": 110,
                        "Sort Space Type": "Memory",
                        "Workers": [
                          {
                            "Worker Number": 0,
                            "Sort Method": "quicksort",
                            "Sort Space Used": 110,
                            "Sort Space Type": "Memory"
                          },
                          {
                            "Worker Number": 1,
                            "Sort Method": "quicksort",
                            "Sort Space Used": 110,
                            "Sort Space Type": "Memory"
                          }
                        ],
                        "Plans": [
                          {
                            "Node Type": "Aggregate",
                            "Strategy": "Hashed",
                            "Partial Mode": "Partial",
                            "Parent Relationship": "Outer",
                            "Parallel Aware": false,
                            "Async Capable": false,
                            "Startup Cost": 15456.7,
                            "Total Cost": 15469.2,
                            "Plan Rows": 1000,
                            "Plan Width": 36,
                            "Actual Startup Time": 46.206,
                            "Actual Total Time": 46.6,
                            "Actual Rows": 998,
                            "Actual Loops": 3,
                            "Group Key": [
                              "lineitem_1.l_suppkey"
                            ],
                            "Planned Partitions": 0,
                            "HashAgg Batches": 1,
                            "Peak Memory Usage": 577,
                            "Disk Usage": 0,
                            "Workers": [
                              {
                                "Worker Number": 0,
                                "HashAgg Batches": 1,
                                "Peak Memory Usage": 577,
                                "Disk Usage": 0
                              },
                              {
                                "Worker Number": 1,
                                "HashAgg Batches": 1,
                                "Peak Memory Usage": 577,
                                "Disk Usage": 0
                              }
                            ],
                            "Plans": [
                              {
                                "Node Type": "Seq Scan",
                                "Parent Relationship": "Outer",
                                "Parallel Aware": true,
                                "Async Capable": false,
                                "Relation Name": "lineitem",
                                "Alias": "lineitem_1",
                                "Startup Cost": 0.0,
                                "Total Cost": 15361.58,
                                "Plan Rows": 9512,
                                "Plan Width": 16,
                                "Actual Startup Time": 0.043,
                                "Actual Total Time": 42.024,
                                "Actual Rows": 7705,
                                "Actual Loops": 3,
                                "Filter": "((l_shipdate >= '1994-10-01'::date) AND (l_shipdate < '1995-01-01 00:00:00'::timestamp without time zone))",
                                "Rows Removed by Filter": 192486,
                                "Workers": []
                              }
                            ]
                          }
                        ]
                      }
                    ]
                  }
                ]
              }
            ]
          },
          {
            "Node Type": "Sort",
            "Parent Relationship": "Outer",
            "Parallel Aware": false,
            "Async Capable": false,
            "Startup Cost": 103.83,
            "Total Cost": 106.33,
            "Plan Rows": 1000,
            "Plan Width": 72,
            "Actual Startup Time": 0.397,
            "Actual Total Time": 0.435,
            "Actual Rows": 984,
            "Actual Loops": 1,
            "Sort Key": [
              "supplier.s_suppkey"
            ],
            "Sort Method": "quicksort",
            "Sort Space Used": 114,
            "Sort Space Type": "Memory",
            "Plans": [
              {
                "Node Type": "Seq Scan",
                "Parent Relationship": "Outer",
                "Parallel Aware": false,
                "Async Capable": false,
                "Relation Name": "supplier",
                "Alias": "supplier",
                "Startup Cost": 0.0,
                "Total Cost": 54.0,
                "Plan Rows": 1000,
                "Plan Width": 72,
                "Actual Startup Time": 0.011,
                "Actual Total Time": 0.237,
                "Actual Rows": 1000,
                "Actual Loops": 1
              }
            ]
          },
          {
            "Node Type": "Aggregate",
            "Strategy": "Sorted",
            "Partial Mode": "Finalize",
            "Parent Relationship": "Inner",
            "Parallel Aware": false,
            "Async Capable": false,
            "Startup Cost": 16519.05,
            "Total Cost": 16782.4,
            "Plan Rows": 5,
            "Plan Width": 36,
            "Actual Startup Time": 112.813,
            "Actual Total Time": 114.734,
            "Actual Rows": 1,
            "Actual Loops": 1,
            "Group Key": [
              "lineitem.l_suppkey"
            ],
            "Filter": "(sum((lineitem.l_extendedprice * ('1'::numeric - lineitem.l_discount))) = (InitPlan 1).col1)",
            "Rows Removed by Filter": 999,
            "Plans": [
              {
                "Node Type": "Gather Merge",
                "Parent Relationship": "Outer",
                "Parallel Aware": false,
                "Async Capable": false,
                "Startup Cost": 16519.05,
                "Total Cost": 16752.4,
                "Plan Rows": 2000,
                "Plan Width": 36,
                "Actual Startup Time": 58.413,
                "Actual Total Time": 60.955,
                "Actual Rows": 2998,
                "Actual Loops": 1,
                "Workers Planned": 2,
                "Workers Launched": 2,
                "Plans": [
                  {
                    "Node Type": "Sort",
                    "Parent Relationship": "Outer",
                    "Parallel Aware": false,
                    "Async Capable": false,
                    "Startup Cost": 15519.02,
                    "Total Cost": 15521.52,
                    "Plan Rows": 1000,
                    "Plan Width": 36,
                    "Actual Startup Time": 54.395,
                    "Actual Total Time": 54.53,
                    "Actual Rows": 999,
                    "Actual Loops": 3,
                    "Sort Key": [
                      "lineitem.l_suppkey"
                    ],
                    "Sort Method": "quicksort",
                    "Sort Space Used": 110,
                    "Sort Space Type": "Memory",
                    "Workers": [
                      {
                        "Worker Number": 0,
                        "Sort Method": "quicksort",
                        "Sort Space Used": 110,
                        "Sort Space Type": "Memory"
                      },
                      {
                        "Worker Number": 1,
                        "Sort Method": "quicksort",
                        "Sort Space Used": 110,
                        "Sort Space Type": "Memory"
                      }
                    ],
                    "Plans": [
                      {
                        "Node Type": "Aggregate",
                        "Strategy": "Hashed",
                        "Partial Mode": "Partial",
                        "Parent Relationship": "Outer",
                        "Parallel Aware": false,
                        "Async Capable": false,
                        "Startup Cost": 15456.7,
                        "Total Cost": 15469.2,
                        "Plan Rows": 1000,
                        "Plan Width": 36,
                        "Actual Startup Time": 53.842,
                        "Actual Total Time": 54.194,
                        "Actual Rows": 999,
                        "Actual Loops": 3,
                        "Group Key": [
                          "lineitem.l_suppkey"
                        ],
                        "Planned Partitions": 0,
                        "HashAgg Batches": 1,
                        "Peak Memory Usage": 577,
                        "Disk Usage": 0,
                        "Workers": [
                          {
                            "Worker Number": 0,
                            "HashAgg Batches": 1,
                            "Peak Memory Usage": 577,
                            "Disk Usage": 0
                          },
                          {
                            "Worker Number": 1,
                            "HashAgg Batches": 1,
                            "Peak Memory Usage": 577,
                            "Disk Usage": 0
                          }
                        ],
                        "Plans": [
                          {
                            "Node Type": "Seq Scan",
                            "Parent Relationship": "Outer",
                            "Parallel Aware": true,
                            "Async Capable": false,
                            "Relation Name": "lineitem",
                            "Alias": "lineitem",
                            "Startup Cost": 0.0,
                            "Total Cost": 15361.58,
                            "Plan Rows": 9512,
                            "Plan Width": 16,
                            "Actual Startup Time": 0.025,
                            "Actual Total Time": 48.571,
                            "Actual Rows": 7705,
                            "Actual Loops": 3,
                            "Filter": "((l_shipdate >= '1994-10-01'::date) AND (l_shipdate < '1995-01-01 00:00:00'::timestamp without time zone))",
                            "Rows Removed by Filter": 192486,
                            "Workers": []
                          }
                        ]
                      }
                    ]
                  }
                ]
              }
            ]
          }
        ]
      },
      "Planning Time": 0.309,
      "Triggers": [],
      "Execution Time": 115.65
    }
  },
  {
    "query_id": "query15.81",
    "query": "select\n\ts_suppkey,\n\ts_name,\n\ts_address,\n\ts_phone,\n\ttotal_revenue\nfrom\n\tsupplier,\n\trevenue0\nwhere\n\ts_suppkey = supplier_no\n\tand total_revenue = (\n\t\tselect\n\t\t\tmax(total_revenue)\n\t\tfrom\n\t\t\trevenue0\n\t)\norder by\n\ts_suppkey;\n",
    "execution_time": 100.914,
    "plan": {
      "Plan": {
        "Node Type": "Merge Join",
        "Parallel Aware": false,
        "Async Capable": false,
        "Join Type": "Inner",
        "Startup Cost": 33421.56,
        "Total Cost": 33690.03,
        "Plan Rows": 5,
        "Plan Width": 104,
        "Actual Startup Time": 98.539,
        "Actual Total Time": 100.679,
        "Actual Rows": 1,
        "Actual Loops": 1,
        "Inner Unique": true,
        "Merge Cond": "(supplier.s_suppkey = lineitem.l_suppkey)",
        "Plans": [
          {
            "Node Type": "Aggregate",
            "Strategy": "Plain",
            "Partial Mode": "Simple",
            "Parent Relationship": "InitPlan",
            "Subplan Name": "InitPlan 1",
            "Parallel Aware": false,
            "Async Capable": false,
            "Startup Cost": 16795.54,
            "Total Cost": 16795.55,
            "Plan Rows": 1,
            "Plan Width": 32,
            "Actual Startup Time": 46.602,
            "Actual Total Time": 46.762,
            "Actual Rows": 1,
            "Actual Loops": 1,
            "Plans": [
              {
                "Node Type": "Aggregate",
                "Strategy": "Sorted",
                "Partial Mode": "Finalize",
                "Parent Relationship": "Outer",
                "Parallel Aware": false,
                "Async Capable": false,
                "Startup Cost": 16522.19,
                "Total Cost": 16783.04,
                "Plan Rows": 1000,
                "Plan Width": 36,
                "Actual Startup Time": 44.17,
                "Actual Total Time": 46.673,
                "Actual Rows": 1000,
                "Actual Loops": 1,
                "Group Key": [
                  "lineitem_1.l_suppkey"
                ],
                "Plans": [
                  {
                    "Node Type": "Gather Merge",
                    "Parent Relationship": "Outer",
                    "Parallel Aware": false,
                    "Async Capable": false,
                    "Startup Cost": 16522.19,
                    "Total Cost": 16755.54,
                    "Plan Rows": 2000,
                    "Plan Width": 36,
                    "Actual Startup Time": 44.157,
                    "Actual Total Time": 44.992,
                    "Actual Rows": 2999,
                    "Actual Loops": 1,
                    "Workers Planned": 2,
                    "Workers Launched": 2,
                    "Plans": [
                      {
                        "Node Type": "Sort",
                        "Parent Relationship": "Outer",
                        "Parallel Aware": false,
                        "Async Capable": false,
                        "Startup Cost": 15522.16,
                        "Total Cost": 15524.66,
                        "Plan Rows": 1000,
                        "Plan Width": 36,
                        "Actual Startup Time": 41.174,
                        "Actual Total Time": 41.259,
                        "Actual Rows": 1000,
                        "Actual Loops": 3,
                        "Sort Key": [
                          "lineitem_1.l_suppkey"
                        ],
                        "Sort Method": "quicksort",
                        "Sort Space Used": 110,
                        "Sort Space Type": "Memory",
                        "Workers": [
                          {
                            "Worker Number": 0,
                            "Sort Method": "quicksort",
                            "Sort Space Used": 110,
                            "Sort Space Type": "Memory"
                          },
                          {
                            "Worker Number": 1,
                            "Sort Method": "quicksort",
                            "Sort Space Used": 110,
                            "Sort Space Type": "Memory"
                          }
                        ],
                        "Plans": [
                          {
                            "Node Type": "Aggregate",
                            "Strategy": "Hashed",
                            "Partial Mode": "Partial",
                            "Parent Relationship": "Outer",
                            "Parallel Aware": false,
                            "Async Capable": false,
                            "Startup Cost": 15459.84,
                            "Total Cost": 15472.34,
                            "Plan Rows": 1000,
                            "Plan Width": 36,
                            "Actual Startup Time": 40.52,
                            "Actual Total Time": 40.895,
                            "Actual Rows": 1000,
                            "Actual Loops": 3,
                            "Group Key": [
                              "lineitem_1.l_suppkey"
                            ],
                            "Planned Partitions": 0,
                            "HashAgg Batches": 1,
                            "Peak Memory Usage": 577,
                            "Disk Usage": 0,
                            "Workers": [
                              {
                                "Worker Number": 0,
                                "HashAgg Batches": 1,
                                "Peak Memory Usage": 577,
                                "Disk Usage": 0
                              },
                              {
                                "Worker Number": 1,
                                "HashAgg Batches": 1,
                                "Peak Memory Usage": 577,
                                "Disk Usage": 0
                              }
                            ],
                            "Plans": [
                              {
                                "Node Type": "Seq Scan",
                                "Parent Relationship": "Outer",
                                "Parallel Aware": true,
                                "Async Capable": false,
                                "Relation Name": "lineitem",
                                "Alias": "lineitem_1",
                                "Startup Cost": 0.0,
                                "Total Cost": 15361.58,
                                "Plan Rows": 9826,
                                "Plan Width": 16,
                                "Actual Startup Time": 0.019,
                                "Actual Total Time": 36.387,
                                "Actual Rows": 7686,
                                "Actual Loops": 3,
                                "Filter": "((l_shipdate >= '1997-05-01'::date) AND (l_shipdate < '1997-08-01 00:00:00'::timestamp without time zone))",
                                "Rows Removed by Filter": 192504,
                                "Workers": []
                              }
                            ]
                          }
                        ]
                      }
                    ]
                  }
                ]
              }
            ]
          },
          {
            "Node Type": "Sort",
            "Parent Relationship": "Outer",
            "Parallel Aware": false,
            "Async Capable": false,
            "Startup Cost": 103.83,
            "Total Cost": 106.33,
            "Plan Rows": 1000,
            "Plan Width": 72,
            "Actual Startup Time": 0.467,
            "Actual Total Time": 0.704,
            "Actual Rows": 981,
            "Actual Loops": 1,
            "Sort Key": [
              "supplier.s_suppkey"
            ],
            "Sort Method": "quicksort",
            "Sort Space Used": 114,
            "Sort Space Type": "Memory",
            "Plans": [
              {
                "Node Type": "Seq Scan",
                "Parent Relationship": "Outer",
                "Parallel Aware": false,
                "Async Capable": false,
                "Relation Name": "supplier",
                "Alias": "supplier",
                "Startup Cost": 0.0,
                "Total Cost": 54.0,
                "Plan Rows": 1000,
                "Plan Width": 72,
                "Actual Startup Time": 0.013,
                "Actual Total Time": 0.281,
                "Actual Rows": 1000,
                "Actual Loops": 1
              }
            ]
          },
          {
            "Node Type": "Aggregate",
            "Strategy": "Sorted",
            "Partial Mode": "Finalize",
            "Parent Relationship": "Inner",
            "Parallel Aware": false,
            "Async Capable": false,
            "Startup Cost": 16522.19,
            "Total Cost": 16785.54,
            "Plan Rows": 5,
            "Plan Width": 36,
            "Actual Startup Time": 97.725,
            "Actual Total Time": 99.702,
            "Actual Rows": 1,
            "Actual Loops": 1,
            "Group Key": [
              "lineitem.l_suppkey"
            ],
            "Filter": "(sum((lineitem.l_extendedprice * ('1'::numeric - lineitem.l_discount))) = (InitPlan 1).col1)",
            "Rows Removed by Filter": 999,
            "Plans": [
              {
                "Node Type": "Gather Merge",
                "Parent Relationship": "Outer",
                "Parallel Aware": false,
                "Async Capable": false,
                "Startup Cost": 16522.19,
                "Total Cost": 16755.54,
                "Plan Rows": 2000,
                "Plan Width": 36,
                "Actual Startup Time": 48.845,
                "Actual Total Time": 51.675,
                "Actual Rows": 2996,
                "Actual Loops": 1,
                "Workers Planned": 2,
                "Workers Launched": 2,
                "Plans": [
                  {
                    "Node Type": "Sort",
                    "Parent Relationship": "Outer",
                    "Parallel Aware": false,
                    "Async Capable": false,
                    "Startup Cost": 15522.16,
                    "Total Cost": 15524.66,
                    "Plan Rows": 1000,
                    "Plan Width": 36,
                    "Actual Startup Time": 45.163,
                    "Actual Total Time": 45.298,
                    "Actual Rows": 999,
                    "Actual Loops": 3,
                    "Sort Key": [
                      "lineitem.l_suppkey"
                    ],
                    "Sort Method": "quicksort",
                    "Sort Space Used": 110,
                    "Sort Space Type": "Memory",
                    "Workers": [
                      {
                        "Worker Number": 0,
                        "Sort Method": "quicksort",
                        "Sort Space Used": 110,
                        "Sort Space Type": "Memory"
                      },
                      {
                        "Worker Number": 1,
                        "Sort Method": "quicksort",
                        "Sort Space Used": 110,
                        "Sort Space Type": "Memory"
                      }
                    ],
                    "Plans": [
                      {
                        "Node Type": "Aggregate",
                        "Strategy": "Hashed",
                        "Partial Mode": "Partial",
                        "Parent Relationship": "Outer",
                        "Parallel Aware": false,
                        "Async Capable": false,
                        "Startup Cost": 15459.84,
                        "Total Cost": 15472.34,
                        "Plan Rows": 1000,
                        "Plan Width": 36,
                        "Actual Startup Time": 44.619,
                        "Actual Total Time": 44.959,
                        "Actual Rows": 999,
                        "Actual Loops": 3,
                        "Group Key": [
                          "lineitem.l_suppkey"
                        ],
                        "Planned Partitions": 0,
                        "HashAgg Batches": 1,
                        "Peak Memory Usage": 577,
                        "Disk Usage": 0,
                        "Workers": [
                          {
                            "Worker Number": 0,
                            "HashAgg Batches": 1,
                            "Peak Memory Usage": 577,
                            "Disk Usage": 0
                          },
                          {
                            "Worker Number": 1,
                            "HashAgg Batches": 1,
                            "Peak Memory Usage": 577,
                            "Disk Usage": 0
                          }
                        ],
                        "Plans": [
                          {
                            "Node Type": "Seq Scan",
                            "Parent Relationship": "Outer",
                            "Parallel Aware": true,
                            "Async Capable": false,
                            "Relation Name": "lineitem",
                            "Alias": "lineitem",
                            "Startup Cost": 0.0,
                            "Total Cost": 15361.58,
                            "Plan Rows": 9826,
                            "Plan Width": 16,
                            "Actual Startup Time": 0.052,
                            "Actual Total Time": 39.919,
                            "Actual Rows": 7686,
                            "Actual Loops": 3,
                            "Filter": "((l_shipdate >= '1997-05-01'::date) AND (l_shipdate < '1997-08-01 00:00:00'::timestamp without time zone))",
                            "Rows Removed by Filter": 192504,
                            "Workers": []
                          }
                        ]
                      }
                    ]
                  }
                ]
              }
            ]
          }
        ]
      },
      "Planning Time": 0.331,
      "Triggers": [],
      "Execution Time": 100.914
    }
  },
  {
    "query_id": "query15.82",
    "query": "select\n\ts_suppkey,\n\ts_name,\n\ts_address,\n\ts_phone,\n\ttotal_revenue\nfrom\n\tsupplier,\n\trevenue0\nwhere\n\ts_suppkey = supplier_no\n\tand total_revenue = (\n\t\tselect\n\t\t\tmax(total_revenue)\n\t\tfrom\n\t\t\trevenue0\n\t)\norder by\n\ts_suppkey;\n",
    "execution_time": 116.174,
    "plan": {
      "Plan": {
        "Node Type": "Merge Join",
        "Parallel Aware": false,
        "Async Capable": false,
        "Join Type": "Inner",
        "Startup Cost": 33412.5,
        "Total Cost": 33680.97,
        "Plan Rows": 5,
        "Plan Width": 104,
        "Actual Startup Time": 114.52,
        "Actual Total Time": 116.002,
        "Actual Rows": 1,
        "Actual Loops": 1,
        "Inner Unique": true,
        "Merge Cond": "(supplier.s_suppkey = lineitem.l_suppkey)",
        "Plans": [
          {
            "Node Type": "Aggregate",
            "Strategy": "Plain",
            "Partial Mode": "Simple",
            "Parent Relationship": "InitPlan",
            "Subplan Name": "InitPlan 1",
            "Parallel Aware": false,
            "Async Capable": false,
            "Startup Cost": 16791.01,
            "Total Cost": 16791.02,
            "Plan Rows": 1,
            "Plan Width": 32,
            "Actual Startup Time": 53.537,
            "Actual Total Time": 53.828,
            "Actual Rows": 1,
            "Actual Loops": 1,
            "Plans": [
              {
                "Node Type": "Aggregate",
                "Strategy": "Sorted",
                "Partial Mode": "Finalize",
                "Parent Relationship": "Outer",
                "Parallel Aware": false,
                "Async Capable": false,
                "Startup Cost": 16517.66,
                "Total Cost": 16778.51,
                "Plan Rows": 1000,
                "Plan Width": 36,
                "Actual Startup Time": 51.761,
                "Actual Total Time": 53.767,
                "Actual Rows": 1000,
                "Actual Loops": 1,
                "Group Key": [
                  "lineitem_1.l_suppkey"
                ],
                "Plans": [
                  {
                    "Node Type": "Gather Merge",
                    "Parent Relationship": "Outer",
                    "Parallel Aware": false,
                    "Async Capable": false,
                    "Startup Cost": 16517.66,
                    "Total Cost": 16751.01,
                    "Plan Rows": 2000,
                    "Plan Width": 36,
                    "Actual Startup Time": 51.75,
                    "Actual Total Time": 52.514,
                    "Actual Rows": 2997,
                    "Actual Loops": 1,
                    "Workers Planned": 2,
                    "Workers Launched": 2,
                    "Plans": [
                      {
                        "Node Type": "Sort",
                        "Parent Relationship": "Outer",
                        "Parallel Aware": false,
                        "Async Capable": false,
                        "Startup Cost": 15517.63,
                        "Total Cost": 15520.13,
                        "Plan Rows": 1000,
                        "Plan Width": 36,
                        "Actual Startup Time": 47.549,
                        "Actual Total Time": 47.607,
                        "Actual Rows": 999,
                        "Actual Loops": 3,
                        "Sort Key": [
                          "lineitem_1.l_suppkey"
                        ],
                        "Sort Method": "quicksort",
                        "Sort Space Used": 110,
                        "Sort Space Type": "Memory",
                        "Workers": [
                          {
                            "Worker Number": 0,
                            "Sort Method": "quicksort",
                            "Sort Space Used": 110,
                            "Sort Space Type": "Memory"
                          },
                          {
                            "Worker Number": 1,
                            "Sort Method": "quicksort",
                            "Sort Space Used": 110,
                            "Sort Space Type": "Memory"
                          }
                        ],
                        "Plans": [
                          {
                            "Node Type": "Aggregate",
                            "Strategy": "Hashed",
                            "Partial Mode": "Partial",
                            "Parent Relationship": "Outer",
                            "Parallel Aware": false,
                            "Async Capable": false,
                            "Startup Cost": 15455.31,
                            "Total Cost": 15467.81,
                            "Plan Rows": 1000,
                            "Plan Width": 36,
                            "Actual Startup Time": 46.875,
                            "Actual Total Time": 47.274,
                            "Actual Rows": 999,
                            "Actual Loops": 3,
                            "Group Key": [
                              "lineitem_1.l_suppkey"
                            ],
                            "Planned Partitions": 0,
                            "HashAgg Batches": 1,
                            "Peak Memory Usage": 577,
                            "Disk Usage": 0,
                            "Workers": [
                              {
                                "Worker Number": 0,
                                "HashAgg Batches": 1,
                                "Peak Memory Usage": 577,
                                "Disk Usage": 0
                              },
                              {
                                "Worker Number": 1,
                                "HashAgg Batches": 1,
                                "Peak Memory Usage": 577,
                                "Disk Usage": 0
                              }
                            ],
                            "Plans": [
                              {
                                "Node Type": "Seq Scan",
                                "Parent Relationship": "Outer",
                                "Parallel Aware": true,
                                "Async Capable": false,
                                "Relation Name": "lineitem",
                                "Alias": "lineitem_1",
                                "Startup Cost": 0.0,
                                "Total Cost": 15361.58,
                                "Plan Rows": 9373,
                                "Plan Width": 16,
                                "Actual Startup Time": 0.066,
                                "Actual Total Time": 42.521,
                                "Actual Rows": 7402,
                                "Actual Loops": 3,
                                "Filter": "((l_shipdate >= '1995-02-01'::date) AND (l_shipdate < '1995-05-01 00:00:00'::timestamp without time zone))",
                                "Rows Removed by Filter": 192789,
                                "Workers": []
                              }
                            ]
                          }
                        ]
                      }
                    ]
                  }
                ]
              }
            ]
          },
          {
            "Node Type": "Sort",
            "Parent Relationship": "Outer",
            "Parallel Aware": false,
            "Async Capable": false,
            "Startup Cost": 103.83,
            "Total Cost": 106.33,
            "Plan Rows": 1000,
            "Plan Width": 72,
            "Actual Startup Time": 0.709,
            "Actual Total Time": 0.758,
            "Actual Rows": 997,
            "Actual Loops": 1,
            "Sort Key": [
              "supplier.s_suppkey"
            ],
            "Sort Method": "quicksort",
            "Sort Space Used": 114,
            "Sort Space Type": "Memory",
            "Plans": [
              {
                "Node Type": "Seq Scan",
                "Parent Relationship": "Outer",
                "Parallel Aware": false,
                "Async Capable": false,
                "Relation Name": "supplier",
                "Alias": "supplier",
                "Startup Cost": 0.0,
                "Total Cost": 54.0,
                "Plan Rows": 1000,
                "Plan Width": 72,
                "Actual Startup Time": 0.012,
                "Actual Total Time": 0.407,
                "Actual Rows": 1000,
                "Actual Loops": 1
              }
            ]
          },
          {
            "Node Type": "Aggregate",
            "Strategy": "Sorted",
            "Partial Mode": "Finalize",
            "Parent Relationship": "Inner",
            "Parallel Aware": false,
            "Async Capable": false,
            "Startup Cost": 16517.66,
            "Total Cost": 16781.01,
            "Plan Rows": 5,
            "Plan Width": 36,
            "Actual Startup Time": 113.691,
            "Actual Total Time": 114.879,
            "Actual Rows": 1,
            "Actual Loops": 1,
            "Group Key": [
              "lineitem.l_suppkey"
            ],
            "Filter": "(sum((lineitem.l_extendedprice * ('1'::numeric - lineitem.l_discount))) = (InitPlan 1).col1)",
            "Rows Removed by Filter": 999,
            "Plans": [
              {
                "Node Type": "Gather Merge",
                "Parent Relationship": "Outer",
                "Parallel Aware": false,
                "Async Capable": false,
                "Startup Cost": 16517.66,
                "Total Cost": 16751.01,
                "Plan Rows": 2000,
                "Plan Width": 36,
                "Actual Startup Time": 58.156,
                "Actual Total Time": 59.975,
                "Actual Rows": 2996,
                "Actual Loops": 1,
                "Workers Planned": 2,
                "Workers Launched": 2,
                "Plans": [
                  {
                    "Node Type": "Sort",
                    "Parent Relationship": "Outer",
                    "Parallel Aware": false,
                    "Async Capable": false,
                    "Startup Cost": 15517.63,
                    "Total Cost": 15520.13,
                    "Plan Rows": 1000,
                    "Plan Width": 36,
                    "Actual Startup Time": 54.302,
                    "Actual Total Time": 54.393,
                    "Actual Rows": 999,
                    "Actual Loops": 3,
                    "Sort Key": [
                      "lineitem.l_suppkey"
                    ],
                    "Sort Method": "quicksort",
                    "Sort Space Used": 110,
                    "Sort Space Type": "Memory",
                    "Workers": [
                      {
                        "Worker Number": 0,
                        "Sort Method": "quicksort",
                        "Sort Space Used": 110,
                        "Sort Space Type": "Memory"
                      },
                      {
                        "Worker Number": 1,
                        "Sort Method": "quicksort",
                        "Sort Space Used": 110,
                        "Sort Space Type": "Memory"
                      }
                    ],
                    "Plans": [
                      {
                        "Node Type": "Aggregate",
                        "Strategy": "Hashed",
                        "Partial Mode": "Partial",
                        "Parent Relationship": "Outer",
                        "Parallel Aware": false,
                        "Async Capable": false,
                        "Startup Cost": 15455.31,
                        "Total Cost": 15467.81,
                        "Plan Rows": 1000,
                        "Plan Width": 36,
                        "Actual Startup Time": 53.436,
                        "Actual Total Time": 54.015,
                        "Actual Rows": 999,
                        "Actual Loops": 3,
                        "Group Key": [
                          "lineitem.l_suppkey"
                        ],
                        "Planned Partitions": 0,
                        "HashAgg Batches": 1,
                        "Peak Memory Usage": 577,
                        "Disk Usage": 0,
                        "Workers": [
                          {
                            "Worker Number": 0,
                            "HashAgg Batches": 1,
                            "Peak Memory Usage": 577,
                            "Disk Usage": 0
                          },
                          {
                            "Worker Number": 1,
                            "HashAgg Batches": 1,
                            "Peak Memory Usage": 577,
                            "Disk Usage": 0
                          }
                        ],
                        "Plans": [
                          {
                            "Node Type": "Seq Scan",
                            "Parent Relationship": "Outer",
                            "Parallel Aware": true,
                            "Async Capable": false,
                            "Relation Name": "lineitem",
                            "Alias": "lineitem",
                            "Startup Cost": 0.0,
                            "Total Cost": 15361.58,
                            "Plan Rows": 9373,
                            "Plan Width": 16,
                            "Actual Startup Time": 0.07,
                            "Actual Total Time": 48.722,
                            "Actual Rows": 7402,
                            "Actual Loops": 3,
                            "Filter": "((l_shipdate >= '1995-02-01'::date) AND (l_shipdate < '1995-05-01 00:00:00'::timestamp without time zone))",
                            "Rows Removed by Filter": 192789,
                            "Workers": []
                          }
                        ]
                      }
                    ]
                  }
                ]
              }
            ]
          }
        ]
      },
      "Planning Time": 0.314,
      "Triggers": [],
      "Execution Time": 116.174
    }
  },
  {
    "query_id": "query15.83",
    "query": "select\n\ts_suppkey,\n\ts_name,\n\ts_address,\n\ts_phone,\n\ttotal_revenue\nfrom\n\tsupplier,\n\trevenue0\nwhere\n\ts_suppkey = supplier_no\n\tand total_revenue = (\n\t\tselect\n\t\t\tmax(total_revenue)\n\t\tfrom\n\t\t\trevenue0\n\t)\norder by\n\ts_suppkey;\n",
    "execution_time": 117.129,
    "plan": {
      "Plan": {
        "Node Type": "Merge Join",
        "Parallel Aware": false,
        "Async Capable": false,
        "Join Type": "Inner",
        "Startup Cost": 33426.24,
        "Total Cost": 33694.71,
        "Plan Rows": 5,
        "Plan Width": 104,
        "Actual Startup Time": 115.214,
        "Actual Total Time": 117.009,
        "Actual Rows": 1,
        "Actual Loops": 1,
        "Inner Unique": true,
        "Merge Cond": "(supplier.s_suppkey = lineitem.l_suppkey)",
        "Plans": [
          {
            "Node Type": "Aggregate",
            "Strategy": "Plain",
            "Partial Mode": "Simple",
            "Parent Relationship": "InitPlan",
            "Subplan Name": "InitPlan 1",
            "Parallel Aware": false,
            "Async Capable": false,
            "Startup Cost": 16797.88,
            "Total Cost": 16797.89,
            "Plan Rows": 1,
            "Plan Width": 32,
            "Actual Startup Time": 56.294,
            "Actual Total Time": 57.409,
            "Actual Rows": 1,
            "Actual Loops": 1,
            "Plans": [
              {
                "Node Type": "Aggregate",
                "Strategy": "Sorted",
                "Partial Mode": "Finalize",
                "Parent Relationship": "Outer",
                "Parallel Aware": false,
                "Async Capable": false,
                "Startup Cost": 16524.53,
                "Total Cost": 16785.38,
                "Plan Rows": 1000,
                "Plan Width": 36,
                "Actual Startup Time": 54.551,
                "Actual Total Time": 57.352,
                "Actual Rows": 1000,
                "Actual Loops": 1,
                "Group Key": [
                  "lineitem_1.l_suppkey"
                ],
                "Plans": [
                  {
                    "Node Type": "Gather Merge",
                    "Parent Relationship": "Outer",
                    "Parallel Aware": false,
                    "Async Capable": false,
                    "Startup Cost": 16524.53,
                    "Total Cost": 16757.88,
                    "Plan Rows": 2000,
                    "Plan Width": 36,
                    "Actual Startup Time": 54.542,
                    "Actual Total Time": 56.106,
                    "Actual Rows": 2995,
                    "Actual Loops": 1,
                    "Workers Planned": 2,
                    "Workers Launched": 2,
                    "Plans": [
                      {
                        "Node Type": "Sort",
                        "Parent Relationship": "Outer",
                        "Parallel Aware": false,
                        "Async Capable": false,
                        "Startup Cost": 15524.5,
                        "Total Cost": 15527.0,
                        "Plan Rows": 1000,
                        "Plan Width": 36,
                        "Actual Startup Time": 50.811,
                        "Actual Total Time": 50.853,
                        "Actual Rows": 998,
                        "Actual Loops": 3,
                        "Sort Key": [
                          "lineitem_1.l_suppkey"
                        ],
                        "Sort Method": "quicksort",
                        "Sort Space Used": 110,
                        "Sort Space Type": "Memory",
                        "Workers": [
                          {
                            "Worker Number": 0,
                            "Sort Method": "quicksort",
                            "Sort Space Used": 110,
                            "Sort Space Type": "Memory"
                          },
                          {
                            "Worker Number": 1,
                            "Sort Method": "quicksort",
                            "Sort Space Used": 110,
                            "Sort Space Type": "Memory"
                          }
                        ],
                        "Plans": [
                          {
                            "Node Type": "Aggregate",
                            "Strategy": "Hashed",
                            "Partial Mode": "Partial",
                            "Parent Relationship": "Outer",
                            "Parallel Aware": false,
                            "Async Capable": false,
                            "Startup Cost": 15462.18,
                            "Total Cost": 15474.68,
                            "Plan Rows": 1000,
                            "Plan Width": 36,
                            "Actual Startup Time": 50.244,
                            "Actual Total Time": 50.582,
                            "Actual Rows": 998,
                            "Actual Loops": 3,
                            "Group Key": [
                              "lineitem_1.l_suppkey"
                            ],
                            "Planned Partitions": 0,
                            "HashAgg Batches": 1,
                            "Peak Memory Usage": 577,
                            "Disk Usage": 0,
                            "Workers": [
                              {
                                "Worker Number": 0,
                                "HashAgg Batches": 1,
                                "Peak Memory Usage": 577,
                                "Disk Usage": 0
                              },
                              {
                                "Worker Number": 1,
                                "HashAgg Batches": 1,
                                "Peak Memory Usage": 577,
                                "Disk Usage": 0
                              }
                            ],
                            "Plans": [
                              {
                                "Node Type": "Seq Scan",
                                "Parent Relationship": "Outer",
                                "Parallel Aware": true,
                                "Async Capable": false,
                                "Relation Name": "lineitem",
                                "Alias": "lineitem_1",
                                "Startup Cost": 0.0,
                                "Total Cost": 15361.58,
                                "Plan Rows": 10060,
                                "Plan Width": 16,
                                "Actual Startup Time": 0.028,
                                "Actual Total Time": 45.849,
                                "Actual Rows": 7669,
                                "Actual Loops": 3,
                                "Filter": "((l_shipdate >= '1997-08-01'::date) AND (l_shipdate < '1997-11-01 00:00:00'::timestamp without time zone))",
                                "Rows Removed by Filter": 192521,
                                "Workers": []
                              }
                            ]
                          }
                        ]
                      }
                    ]
                  }
                ]
              }
            ]
          },
          {
            "Node Type": "Sort",
            "Parent Relationship": "Outer",
            "Parallel Aware": false,
            "Async Capable": false,
            "Startup Cost": 103.83,
            "Total Cost": 106.33,
            "Plan Rows": 1000,
            "Plan Width": 72,
            "Actual Startup Time": 0.323,
            "Actual Total Time": 0.369,
            "Actual Rows": 920,
            "Actual Loops": 1,
            "Sort Key": [
              "supplier.s_suppkey"
            ],
            "Sort Method": "quicksort",
            "Sort Space Used": 114,
            "Sort Space Type": "Memory",
            "Plans": [
              {
                "Node Type": "Seq Scan",
                "Parent Relationship": "Outer",
                "Parallel Aware": false,
                "Async Capable": false,
                "Relation Name": "supplier",
                "Alias": "supplier",
                "Startup Cost": 0.0,
                "Total Cost": 54.0,
                "Plan Rows": 1000,
                "Plan Width": 72,
                "Actual Startup Time": 0.007,
                "Actual Total Time": 0.167,
                "Actual Rows": 1000,
                "Actual Loops": 1
              }
            ]
          },
          {
            "Node Type": "Aggregate",
            "Strategy": "Sorted",
            "Partial Mode": "Finalize",
            "Parent Relationship": "Inner",
            "Parallel Aware": false,
            "Async Capable": false,
            "Startup Cost": 16524.53,
            "Total Cost": 16787.88,
            "Plan Rows": 5,
            "Plan Width": 36,
            "Actual Startup Time": 114.778,
            "Actual Total Time": 115.456,
            "Actual Rows": 1,
            "Actual Loops": 1,
            "Group Key": [
              "lineitem.l_suppkey"
            ],
            "Filter": "(sum((lineitem.l_extendedprice * ('1'::numeric - lineitem.l_discount))) = (InitPlan 1).col1)",
            "Rows Removed by Filter": 999,
            "Plans": [
              {
                "Node Type": "Gather Merge",
                "Parent Relationship": "Outer",
                "Parallel Aware": false,
                "Async Capable": false,
                "Startup Cost": 16524.53,
                "Total Cost": 16757.88,
                "Plan Rows": 2000,
                "Plan Width": 36,
                "Actual Startup Time": 56.32,
                "Actual Total Time": 57.717,
                "Actual Rows": 2995,
                "Actual Loops": 1,
                "Workers Planned": 2,
                "Workers Launched": 2,
                "Plans": [
                  {
                    "Node Type": "Sort",
                    "Parent Relationship": "Outer",
                    "Parallel Aware": false,
                    "Async Capable": false,
                    "Startup Cost": 15524.5,
                    "Total Cost": 15527.0,
                    "Plan Rows": 1000,
                    "Plan Width": 36,
                    "Actual Startup Time": 52.942,
                    "Actual Total Time": 53.043,
                    "Actual Rows": 998,
                    "Actual Loops": 3,
                    "Sort Key": [
                      "lineitem.l_suppkey"
                    ],
                    "Sort Method": "quicksort",
                    "Sort Space Used": 110,
                    "Sort Space Type": "Memory",
                    "Workers": [
                      {
                        "Worker Number": 0,
                        "Sort Method": "quicksort",
                        "Sort Space Used": 110,
                        "Sort Space Type": "Memory"
                      },
                      {
                        "Worker Number": 1,
                        "Sort Method": "quicksort",
                        "Sort Space Used": 110,
                        "Sort Space Type": "Memory"
                      }
                    ],
                    "Plans": [
                      {
                        "Node Type": "Aggregate",
                        "Strategy": "Hashed",
                        "Partial Mode": "Partial",
                        "Parent Relationship": "Outer",
                        "Parallel Aware": false,
                        "Async Capable": false,
                        "Startup Cost": 15462.18,
                        "Total Cost": 15474.68,
                        "Plan Rows": 1000,
                        "Plan Width": 36,
                        "Actual Startup Time": 52.394,
                        "Actual Total Time": 52.739,
                        "Actual Rows": 998,
                        "Actual Loops": 3,
                        "Group Key": [
                          "lineitem.l_suppkey"
                        ],
                        "Planned Partitions": 0,
                        "HashAgg Batches": 1,
                        "Peak Memory Usage": 577,
                        "Disk Usage": 0,
                        "Workers": [
                          {
                            "Worker Number": 0,
                            "HashAgg Batches": 1,
                            "Peak Memory Usage": 577,
                            "Disk Usage": 0
                          },
                          {
                            "Worker Number": 1,
                            "HashAgg Batches": 1,
                            "Peak Memory Usage": 577,
                            "Disk Usage": 0
                          }
                        ],
                        "Plans": [
                          {
                            "Node Type": "Seq Scan",
                            "Parent Relationship": "Outer",
                            "Parallel Aware": true,
                            "Async Capable": false,
                            "Relation Name": "lineitem",
                            "Alias": "lineitem",
                            "Startup Cost": 0.0,
                            "Total Cost": 15361.58,
                            "Plan Rows": 10060,
                            "Plan Width": 16,
                            "Actual Startup Time": 0.076,
                            "Actual Total Time": 47.663,
                            "Actual Rows": 7669,
                            "Actual Loops": 3,
                            "Filter": "((l_shipdate >= '1997-08-01'::date) AND (l_shipdate < '1997-11-01 00:00:00'::timestamp without time zone))",
                            "Rows Removed by Filter": 192521,
                            "Workers": []
                          }
                        ]
                      }
                    ]
                  }
                ]
              }
            ]
          }
        ]
      },
      "Planning Time": 0.185,
      "Triggers": [],
      "Execution Time": 117.129
    }
  },
  {
    "query_id": "query15.84",
    "query": "select\n\ts_suppkey,\n\ts_name,\n\ts_address,\n\ts_phone,\n\ttotal_revenue\nfrom\n\tsupplier,\n\trevenue0\nwhere\n\ts_suppkey = supplier_no\n\tand total_revenue = (\n\t\tselect\n\t\t\tmax(total_revenue)\n\t\tfrom\n\t\t\trevenue0\n\t)\norder by\n\ts_suppkey;\n",
    "execution_time": 127.323,
    "plan": {
      "Plan": {
        "Node Type": "Merge Join",
        "Parallel Aware": false,
        "Async Capable": false,
        "Join Type": "Inner",
        "Startup Cost": 33424.04,
        "Total Cost": 33692.51,
        "Plan Rows": 5,
        "Plan Width": 104,
        "Actual Startup Time": 124.278,
        "Actual Total Time": 127.115,
        "Actual Rows": 1,
        "Actual Loops": 1,
        "Inner Unique": true,
        "Merge Cond": "(supplier.s_suppkey = lineitem.l_suppkey)",
        "Plans": [
          {
            "Node Type": "Aggregate",
            "Strategy": "Plain",
            "Partial Mode": "Simple",
            "Parent Relationship": "InitPlan",
            "Subplan Name": "InitPlan 1",
            "Parallel Aware": false,
            "Async Capable": false,
            "Startup Cost": 16796.78,
            "Total Cost": 16796.79,
            "Plan Rows": 1,
            "Plan Width": 32,
            "Actual Startup Time": 59.088,
            "Actual Total Time": 59.207,
            "Actual Rows": 1,
            "Actual Loops": 1,
            "Plans": [
              {
                "Node Type": "Aggregate",
                "Strategy": "Sorted",
                "Partial Mode": "Finalize",
                "Parent Relationship": "Outer",
                "Parallel Aware": false,
                "Async Capable": false,
                "Startup Cost": 16523.43,
                "Total Cost": 16784.28,
                "Plan Rows": 1000,
                "Plan Width": 36,
                "Actual Startup Time": 56.823,
                "Actual Total Time": 59.122,
                "Actual Rows": 1000,
                "Actual Loops": 1,
                "Group Key": [
                  "lineitem_1.l_suppkey"
                ],
                "Plans": [
                  {
                    "Node Type": "Gather Merge",
                    "Parent Relationship": "Outer",
                    "Parallel Aware": false,
                    "Async Capable": false,
                    "Startup Cost": 16523.43,
                    "Total Cost": 16756.78,
                    "Plan Rows": 2000,
                    "Plan Width": 36,
                    "Actual Startup Time": 56.813,
                    "Actual Total Time": 57.591,
                    "Actual Rows": 3000,
                    "Actual Loops": 1,
                    "Workers Planned": 2,
                    "Workers Launched": 2,
                    "Plans": [
                      {
                        "Node Type": "Sort",
                        "Parent Relationship": "Outer",
                        "Parallel Aware": false,
                        "Async Capable": false,
                        "Startup Cost": 15523.4,
                        "Total Cost": 15525.9,
                        "Plan Rows": 1000,
                        "Plan Width": 36,
                        "Actual Startup Time": 52.955,
                        "Actual Total Time": 53.035,
                        "Actual Rows": 1000,
                        "Actual Loops": 3,
                        "Sort Key": [
                          "lineitem_1.l_suppkey"
                        ],
                        "Sort Method": "quicksort",
                        "Sort Space Used": 110,
                        "Sort Space Type": "Memory",
                        "Workers": [
                          {
                            "Worker Number": 0,
                            "Sort Method": "quicksort",
                            "Sort Space Used": 110,
                            "Sort Space Type": "Memory"
                          },
                          {
                            "Worker Number": 1,
                            "Sort Method": "quicksort",
                            "Sort Space Used": 110,
                            "Sort Space Type": "Memory"
                          }
                        ],
                        "Plans": [
                          {
                            "Node Type": "Aggregate",
                            "Strategy": "Hashed",
                            "Partial Mode": "Partial",
                            "Parent Relationship": "Outer",
                            "Parallel Aware": false,
                            "Async Capable": false,
                            "Startup Cost": 15461.08,
                            "Total Cost": 15473.58,
                            "Plan Rows": 1000,
                            "Plan Width": 36,
                            "Actual Startup Time": 52.285,
                            "Actual Total Time": 52.699,
                            "Actual Rows": 1000,
                            "Actual Loops": 3,
                            "Group Key": [
                              "lineitem_1.l_suppkey"
                            ],
                            "Planned Partitions": 0,
                            "HashAgg Batches": 1,
                            "Peak Memory Usage": 577,
                            "Disk Usage": 0,
                            "Workers": [
                              {
                                "Worker Number": 0,
                                "HashAgg Batches": 1,
                                "Peak Memory Usage": 577,
                                "Disk Usage": 0
                              },
                              {
                                "Worker Number": 1,
                                "HashAgg Batches": 1,
                                "Peak Memory Usage": 577,
                                "Disk Usage": 0
                              }
                            ],
                            "Plans": [
                              {
                                "Node Type": "Seq Scan",
                                "Parent Relationship": "Outer",
                                "Parallel Aware": true,
                                "Async Capable": false,
                                "Relation Name": "lineitem",
                                "Alias": "lineitem_1",
                                "Startup Cost": 0.0,
                                "Total Cost": 15361.58,
                                "Plan Rows": 9950,
                                "Plan Width": 16,
                                "Actual Startup Time": 0.025,
                                "Actual Total Time": 47.315,
                                "Actual Rows": 7710,
                                "Actual Loops": 3,
                                "Filter": "((l_shipdate >= '1995-05-01'::date) AND (l_shipdate < '1995-08-01 00:00:00'::timestamp without time zone))",
                                "Rows Removed by Filter": 192481,
                                "Workers": []
                              }
                            ]
                          }
                        ]
                      }
                    ]
                  }
                ]
              }
            ]
          },
          {
            "Node Type": "Sort",
            "Parent Relationship": "Outer",
            "Parallel Aware": false,
            "Async Capable": false,
            "Startup Cost": 103.83,
            "Total Cost": 106.33,
            "Plan Rows": 1000,
            "Plan Width": 72,
            "Actual Startup Time": 0.555,
            "Actual Total Time": 0.663,
            "Actual Rows": 640,
            "Actual Loops": 1,
            "Sort Key": [
              "supplier.s_suppkey"
            ],
            "Sort Method": "quicksort",
            "Sort Space Used": 114,
            "Sort Space Type": "Memory",
            "Plans": [
              {
                "Node Type": "Seq Scan",
                "Parent Relationship": "Outer",
                "Parallel Aware": false,
                "Async Capable": false,
                "Relation Name": "supplier",
                "Alias": "supplier",
                "Startup Cost": 0.0,
                "Total Cost": 54.0,
                "Plan Rows": 1000,
                "Plan Width": 72,
                "Actual Startup Time": 0.014,
                "Actual Total Time": 0.302,
                "Actual Rows": 1000,
                "Actual Loops": 1
              }
            ]
          },
          {
            "Node Type": "Aggregate",
            "Strategy": "Sorted",
            "Partial Mode": "Finalize",
            "Parent Relationship": "Inner",
            "Parallel Aware": false,
            "Async Capable": false,
            "Startup Cost": 16523.43,
            "Total Cost": 16786.78,
            "Plan Rows": 5,
            "Plan Width": 36,
            "Actual Startup Time": 123.54,
            "Actual Total Time": 126.255,
            "Actual Rows": 1,
            "Actual Loops": 1,
            "Group Key": [
              "lineitem.l_suppkey"
            ],
            "Filter": "(sum((lineitem.l_extendedprice * ('1'::numeric - lineitem.l_discount))) = (InitPlan 1).col1)",
            "Rows Removed by Filter": 999,
            "Plans": [
              {
                "Node Type": "Gather Merge",
                "Parent Relationship": "Outer",
                "Parallel Aware": false,
                "Async Capable": false,
                "Startup Cost": 16523.43,
                "Total Cost": 16756.78,
                "Plan Rows": 2000,
                "Plan Width": 36,
                "Actual Startup Time": 62.831,
                "Actual Total Time": 65.627,
                "Actual Rows": 2996,
                "Actual Loops": 1,
                "Workers Planned": 2,
                "Workers Launched": 2,
                "Plans": [
                  {
                    "Node Type": "Sort",
                    "Parent Relationship": "Outer",
                    "Parallel Aware": false,
                    "Async Capable": false,
                    "Startup Cost": 15523.4,
                    "Total Cost": 15525.9,
                    "Plan Rows": 1000,
                    "Plan Width": 36,
                    "Actual Startup Time": 58.818,
                    "Actual Total Time": 58.957,
                    "Actual Rows": 999,
                    "Actual Loops": 3,
                    "Sort Key": [
                      "lineitem.l_suppkey"
                    ],
                    "Sort Method": "quicksort",
                    "Sort Space Used": 110,
                    "Sort Space Type": "Memory",
                    "Workers": [
                      {
                        "Worker Number": 0,
                        "Sort Method": "quicksort",
                        "Sort Space Used": 110,
                        "Sort Space Type": "Memory"
                      },
                      {
                        "Worker Number": 1,
                        "Sort Method": "quicksort",
                        "Sort Space Used": 110,
                        "Sort Space Type": "Memory"
                      }
                    ],
                    "Plans": [
                      {
                        "Node Type": "Aggregate",
                        "Strategy": "Hashed",
                        "Partial Mode": "Partial",
                        "Parent Relationship": "Outer",
                        "Parallel Aware": false,
                        "Async Capable": false,
                        "Startup Cost": 15461.08,
                        "Total Cost": 15473.58,
                        "Plan Rows": 1000,
                        "Plan Width": 36,
                        "Actual Startup Time": 58.266,
                        "Actual Total Time": 58.611,
                        "Actual Rows": 999,
                        "Actual Loops": 3,
                        "Group Key": [
                          "lineitem.l_suppkey"
                        ],
                        "Planned Partitions": 0,
                        "HashAgg Batches": 1,
                        "Peak Memory Usage": 577,
                        "Disk Usage": 0,
                        "Workers": [
                          {
                            "Worker Number": 0,
                            "HashAgg Batches": 1,
                            "Peak Memory Usage": 577,
                            "Disk Usage": 0
                          },
                          {
                            "Worker Number": 1,
                            "HashAgg Batches": 1,
                            "Peak Memory Usage": 577,
                            "Disk Usage": 0
                          }
                        ],
                        "Plans": [
                          {
                            "Node Type": "Seq Scan",
                            "Parent Relationship": "Outer",
                            "Parallel Aware": true,
                            "Async Capable": false,
                            "Relation Name": "lineitem",
                            "Alias": "lineitem",
                            "Startup Cost": 0.0,
                            "Total Cost": 15361.58,
                            "Plan Rows": 9950,
                            "Plan Width": 16,
                            "Actual Startup Time": 0.039,
                            "Actual Total Time": 52.924,
                            "Actual Rows": 7710,
                            "Actual Loops": 3,
                            "Filter": "((l_shipdate >= '1995-05-01'::date) AND (l_shipdate < '1995-08-01 00:00:00'::timestamp without time zone))",
                            "Rows Removed by Filter": 192481,
                            "Workers": []
                          }
                        ]
                      }
                    ]
                  }
                ]
              }
            ]
          }
        ]
      },
      "Planning Time": 0.414,
      "Triggers": [],
      "Execution Time": 127.323
    }
  },
  {
    "query_id": "query15.85",
    "query": "select\n\ts_suppkey,\n\ts_name,\n\ts_address,\n\ts_phone,\n\ttotal_revenue\nfrom\n\tsupplier,\n\trevenue0\nwhere\n\ts_suppkey = supplier_no\n\tand total_revenue = (\n\t\tselect\n\t\t\tmax(total_revenue)\n\t\tfrom\n\t\t\trevenue0\n\t)\norder by\n\ts_suppkey;\n",
    "execution_time": 118.241,
    "plan": {
      "Plan": {
        "Node Type": "Merge Join",
        "Parallel Aware": false,
        "Async Capable": false,
        "Join Type": "Inner",
        "Startup Cost": 33406.66,
        "Total Cost": 33675.13,
        "Plan Rows": 5,
        "Plan Width": 104,
        "Actual Startup Time": 115.121,
        "Actual Total Time": 118.08,
        "Actual Rows": 1,
        "Actual Loops": 1,
        "Inner Unique": true,
        "Merge Cond": "(supplier.s_suppkey = lineitem.l_suppkey)",
        "Plans": [
          {
            "Node Type": "Aggregate",
            "Strategy": "Plain",
            "Partial Mode": "Simple",
            "Parent Relationship": "InitPlan",
            "Subplan Name": "InitPlan 1",
            "Parallel Aware": false,
            "Async Capable": false,
            "Startup Cost": 16788.09,
            "Total Cost": 16788.1,
            "Plan Rows": 1,
            "Plan Width": 32,
            "Actual Startup Time": 55.952,
            "Actual Total Time": 56.401,
            "Actual Rows": 1,
            "Actual Loops": 1,
            "Plans": [
              {
                "Node Type": "Aggregate",
                "Strategy": "Sorted",
                "Partial Mode": "Finalize",
                "Parent Relationship": "Outer",
                "Parallel Aware": false,
                "Async Capable": false,
                "Startup Cost": 16514.74,
                "Total Cost": 16775.59,
                "Plan Rows": 1000,
                "Plan Width": 36,
                "Actual Startup Time": 53.532,
                "Actual Total Time": 56.32,
                "Actual Rows": 1000,
                "Actual Loops": 1,
                "Group Key": [
                  "lineitem_1.l_suppkey"
                ],
                "Plans": [
                  {
                    "Node Type": "Gather Merge",
                    "Parent Relationship": "Outer",
                    "Parallel Aware": false,
                    "Async Capable": false,
                    "Startup Cost": 16514.74,
                    "Total Cost": 16748.09,
                    "Plan Rows": 2000,
                    "Plan Width": 36,
                    "Actual Startup Time": 53.512,
                    "Actual Total Time": 54.652,
                    "Actual Rows": 2995,
                    "Actual Loops": 1,
                    "Workers Planned": 2,
                    "Workers Launched": 2,
                    "Plans": [
                      {
                        "Node Type": "Sort",
                        "Parent Relationship": "Outer",
                        "Parallel Aware": false,
                        "Async Capable": false,
                        "Startup Cost": 15514.71,
                        "Total Cost": 15517.21,
                        "Plan Rows": 1000,
                        "Plan Width": 36,
                        "Actual Startup Time": 49.711,
                        "Actual Total Time": 49.772,
                        "Actual Rows": 998,
                        "Actual Loops": 3,
                        "Sort Key": [
                          "lineitem_1.l_suppkey"
                        ],
                        "Sort Method": "quicksort",
                        "Sort Space Used": 110,
                        "Sort Space Type": "Memory",
                        "Workers": [
                          {
                            "Worker Number": 0,
                            "Sort Method": "quicksort",
                            "Sort Space Used": 110,
                            "Sort Space Type": "Memory"
                          },
                          {
                            "Worker Number": 1,
                            "Sort Method": "quicksort",
                            "Sort Space Used": 110,
                            "Sort Space Type": "Memory"
                          }
                        ],
                        "Plans": [
                          {
                            "Node Type": "Aggregate",
                            "Strategy": "Hashed",
                            "Partial Mode": "Partial",
                            "Parent Relationship": "Outer",
                            "Parallel Aware": false,
                            "Async Capable": false,
                            "Startup Cost": 15452.39,
                            "Total Cost": 15464.89,
                            "Plan Rows": 1000,
                            "Plan Width": 36,
                            "Actual Startup Time": 49.014,
                            "Actual Total Time": 49.442,
                            "Actual Rows": 998,
                            "Actual Loops": 3,
                            "Group Key": [
                              "lineitem_1.l_suppkey"
                            ],
                            "Planned Partitions": 0,
                            "HashAgg Batches": 1,
                            "Peak Memory Usage": 577,
                            "Disk Usage": 0,
                            "Workers": [
                              {
                                "Worker Number": 0,
                                "HashAgg Batches": 1,
                                "Peak Memory Usage": 577,
                                "Disk Usage": 0
                              },
                              {
                                "Worker Number": 1,
                                "HashAgg Batches": 1,
                                "Peak Memory Usage": 577,
                                "Disk Usage": 0
                              }
                            ],
                            "Plans": [
                              {
                                "Node Type": "Seq Scan",
                                "Parent Relationship": "Outer",
                                "Parallel Aware": true,
                                "Async Capable": false,
                                "Relation Name": "lineitem",
                                "Alias": "lineitem_1",
                                "Startup Cost": 0.0,
                                "Total Cost": 15361.58,
                                "Plan Rows": 9081,
                                "Plan Width": 16,
                                "Actual Startup Time": 0.059,
                                "Actual Total Time": 44.87,
                                "Actual Rows": 7263,
                                "Actual Loops": 3,
                                "Filter": "((l_shipdate >= '1993-02-01'::date) AND (l_shipdate < '1993-05-01 00:00:00'::timestamp without time zone))",
                                "Rows Removed by Filter": 192928,
                                "Workers": []
                              }
                            ]
                          }
                        ]
                      }
                    ]
                  }
                ]
              }
            ]
          },
          {
            "Node Type": "Sort",
            "Parent Relationship": "Outer",
            "Parallel Aware": false,
            "Async Capable": false,
            "Startup Cost": 103.83,
            "Total Cost": 106.33,
            "Plan Rows": 1000,
            "Plan Width": 72,
            "Actual Startup Time": 0.733,
            "Actual Total Time": 0.76,
            "Actual Rows": 477,
            "Actual Loops": 1,
            "Sort Key": [
              "supplier.s_suppkey"
            ],
            "Sort Method": "quicksort",
            "Sort Space Used": 114,
            "Sort Space Type": "Memory",
            "Plans": [
              {
                "Node Type": "Seq Scan",
                "Parent Relationship": "Outer",
                "Parallel Aware": false,
                "Async Capable": false,
                "Relation Name": "supplier",
                "Alias": "supplier",
                "Startup Cost": 0.0,
                "Total Cost": 54.0,
                "Plan Rows": 1000,
                "Plan Width": 72,
                "Actual Startup Time": 0.012,
                "Actual Total Time": 0.442,
                "Actual Rows": 1000,
                "Actual Loops": 1
              }
            ]
          },
          {
            "Node Type": "Aggregate",
            "Strategy": "Sorted",
            "Partial Mode": "Finalize",
            "Parent Relationship": "Inner",
            "Parallel Aware": false,
            "Async Capable": false,
            "Startup Cost": 16514.74,
            "Total Cost": 16778.09,
            "Plan Rows": 5,
            "Plan Width": 36,
            "Actual Startup Time": 114.325,
            "Actual Total Time": 116.832,
            "Actual Rows": 1,
            "Actual Loops": 1,
            "Group Key": [
              "lineitem.l_suppkey"
            ],
            "Filter": "(sum((lineitem.l_extendedprice * ('1'::numeric - lineitem.l_discount))) = (InitPlan 1).col1)",
            "Rows Removed by Filter": 999,
            "Plans": [
              {
                "Node Type": "Gather Merge",
                "Parent Relationship": "Outer",
                "Parallel Aware": false,
                "Async Capable": false,
                "Startup Cost": 16514.74,
                "Total Cost": 16748.09,
                "Plan Rows": 2000,
                "Plan Width": 36,
                "Actual Startup Time": 57.172,
                "Actual Total Time": 59.382,
                "Actual Rows": 2995,
                "Actual Loops": 1,
                "Workers Planned": 2,
                "Workers Launched": 2,
                "Plans": [
                  {
                    "Node Type": "Sort",
                    "Parent Relationship": "Outer",
                    "Parallel Aware": false,
                    "Async Capable": false,
                    "Startup Cost": 15514.71,
                    "Total Cost": 15517.21,
                    "Plan Rows": 1000,
                    "Plan Width": 36,
                    "Actual Startup Time": 53.31,
                    "Actual Total Time": 53.46,
                    "Actual Rows": 998,
                    "Actual Loops": 3,
                    "Sort Key": [
                      "lineitem.l_suppkey"
                    ],
                    "Sort Method": "quicksort",
                    "Sort Space Used": 110,
                    "Sort Space Type": "Memory",
                    "Workers": [
                      {
                        "Worker Number": 0,
                        "Sort Method": "quicksort",
                        "Sort Space Used": 110,
                        "Sort Space Type": "Memory"
                      },
                      {
                        "Worker Number": 1,
                        "Sort Method": "quicksort",
                        "Sort Space Used": 110,
                        "Sort Space Type": "Memory"
                      }
                    ],
                    "Plans": [
                      {
                        "Node Type": "Aggregate",
                        "Strategy": "Hashed",
                        "Partial Mode": "Partial",
                        "Parent Relationship": "Outer",
                        "Parallel Aware": false,
                        "Async Capable": false,
                        "Startup Cost": 15452.39,
                        "Total Cost": 15464.89,
                        "Plan Rows": 1000,
                        "Plan Width": 36,
                        "Actual Startup Time": 52.588,
                        "Actual Total Time": 53.046,
                        "Actual Rows": 998,
                        "Actual Loops": 3,
                        "Group Key": [
                          "lineitem.l_suppkey"
                        ],
                        "Planned Partitions": 0,
                        "HashAgg Batches": 1,
                        "Peak Memory Usage": 577,
                        "Disk Usage": 0,
                        "Workers": [
                          {
                            "Worker Number": 0,
                            "HashAgg Batches": 1,
                            "Peak Memory Usage": 577,
                            "Disk Usage": 0
                          },
                          {
                            "Worker Number": 1,
                            "HashAgg Batches": 1,
                            "Peak Memory Usage": 577,
                            "Disk Usage": 0
                          }
                        ],
                        "Plans": [
                          {
                            "Node Type": "Seq Scan",
                            "Parent Relationship": "Outer",
                            "Parallel Aware": true,
                            "Async Capable": false,
                            "Relation Name": "lineitem",
                            "Alias": "lineitem",
                            "Startup Cost": 0.0,
                            "Total Cost": 15361.58,
                            "Plan Rows": 9081,
                            "Plan Width": 16,
                            "Actual Startup Time": 0.04,
                            "Actual Total Time": 47.816,
                            "Actual Rows": 7263,
                            "Actual Loops": 3,
                            "Filter": "((l_shipdate >= '1993-02-01'::date) AND (l_shipdate < '1993-05-01 00:00:00'::timestamp without time zone))",
                            "Rows Removed by Filter": 192928,
                            "Workers": []
                          }
                        ]
                      }
                    ]
                  }
                ]
              }
            ]
          }
        ]
      },
      "Planning Time": 0.429,
      "Triggers": [],
      "Execution Time": 118.241
    }
  },
  {
    "query_id": "query15.86",
    "query": "select\n\ts_suppkey,\n\ts_name,\n\ts_address,\n\ts_phone,\n\ttotal_revenue\nfrom\n\tsupplier,\n\trevenue0\nwhere\n\ts_suppkey = supplier_no\n\tand total_revenue = (\n\t\tselect\n\t\t\tmax(total_revenue)\n\t\tfrom\n\t\t\trevenue0\n\t)\norder by\n\ts_suppkey;\n",
    "execution_time": 110.492,
    "plan": {
      "Plan": {
        "Node Type": "Merge Join",
        "Parallel Aware": false,
        "Async Capable": false,
        "Join Type": "Inner",
        "Startup Cost": 33412.74,
        "Total Cost": 33681.21,
        "Plan Rows": 5,
        "Plan Width": 104,
        "Actual Startup Time": 107.933,
        "Actual Total Time": 110.289,
        "Actual Rows": 1,
        "Actual Loops": 1,
        "Inner Unique": true,
        "Merge Cond": "(supplier.s_suppkey = lineitem.l_suppkey)",
        "Plans": [
          {
            "Node Type": "Aggregate",
            "Strategy": "Plain",
            "Partial Mode": "Simple",
            "Parent Relationship": "InitPlan",
            "Subplan Name": "InitPlan 1",
            "Parallel Aware": false,
            "Async Capable": false,
            "Startup Cost": 16791.13,
            "Total Cost": 16791.14,
            "Plan Rows": 1,
            "Plan Width": 32,
            "Actual Startup Time": 46.632,
            "Actual Total Time": 47.138,
            "Actual Rows": 1,
            "Actual Loops": 1,
            "Plans": [
              {
                "Node Type": "Aggregate",
                "Strategy": "Sorted",
                "Partial Mode": "Finalize",
                "Parent Relationship": "Outer",
                "Parallel Aware": false,
                "Async Capable": false,
                "Startup Cost": 16517.78,
                "Total Cost": 16778.63,
                "Plan Rows": 1000,
                "Plan Width": 36,
                "Actual Startup Time": 44.847,
                "Actual Total Time": 47.077,
                "Actual Rows": 1000,
                "Actual Loops": 1,
                "Group Key": [
                  "lineitem_1.l_suppkey"
                ],
                "Plans": [
                  {
                    "Node Type": "Gather Merge",
                    "Parent Relationship": "Outer",
                    "Parallel Aware": false,
                    "Async Capable": false,
                    "Startup Cost": 16517.78,
                    "Total Cost": 16751.13,
                    "Plan Rows": 2000,
                    "Plan Width": 36,
                    "Actual Startup Time": 44.835,
                    "Actual Total Time": 45.857,
                    "Actual Rows": 2996,
                    "Actual Loops": 1,
                    "Workers Planned": 2,
                    "Workers Launched": 2,
                    "Plans": [
                      {
                        "Node Type": "Sort",
                        "Parent Relationship": "Outer",
                        "Parallel Aware": false,
                        "Async Capable": false,
                        "Startup Cost": 15517.75,
                        "Total Cost": 15520.25,
                        "Plan Rows": 1000,
                        "Plan Width": 36,
                        "Actual Startup Time": 41.343,
                        "Actual Total Time": 41.405,
                        "Actual Rows": 999,
                        "Actual Loops": 3,
                        "Sort Key": [
                          "lineitem_1.l_suppkey"
                        ],
                        "Sort Method": "quicksort",
                        "Sort Space Used": 110,
                        "Sort Space Type": "Memory",
                        "Workers": [
                          {
                            "Worker Number": 0,
                            "Sort Method": "quicksort",
                            "Sort Space Used": 110,
                            "Sort Space Type": "Memory"
                          },
                          {
                            "Worker Number": 1,
                            "Sort Method": "quicksort",
                            "Sort Space Used": 110,
                            "Sort Space Type": "Memory"
                          }
                        ],
                        "Plans": [
                          {
                            "Node Type": "Aggregate",
                            "Strategy": "Hashed",
                            "Partial Mode": "Partial",
                            "Parent Relationship": "Outer",
                            "Parallel Aware": false,
                            "Async Capable": false,
                            "Startup Cost": 15455.43,
                            "Total Cost": 15467.93,
                            "Plan Rows": 1000,
                            "Plan Width": 36,
                            "Actual Startup Time": 40.663,
                            "Actual Total Time": 41.074,
                            "Actual Rows": 999,
                            "Actual Loops": 3,
                            "Group Key": [
                              "lineitem_1.l_suppkey"
                            ],
                            "Planned Partitions": 0,
                            "HashAgg Batches": 1,
                            "Peak Memory Usage": 577,
                            "Disk Usage": 0,
                            "Workers": [
                              {
                                "Worker Number": 0,
                                "HashAgg Batches": 1,
                                "Peak Memory Usage": 577,
                                "Disk Usage": 0
                              },
                              {
                                "Worker Number": 1,
                                "HashAgg Batches": 1,
                                "Peak Memory Usage": 577,
                                "Disk Usage": 0
                              }
                            ],
                            "Plans": [
                              {
                                "Node Type": "Seq Scan",
                                "Parent Relationship": "Outer",
                                "Parallel Aware": true,
                                "Async Capable": false,
                                "Relation Name": "lineitem",
                                "Alias": "lineitem_1",
                                "Startup Cost": 0.0,
                                "Total Cost": 15361.58,
                                "Plan Rows": 9385,
                                "Plan Width": 16,
                                "Actual Startup Time": 0.017,
                                "Actual Total Time": 35.649,
                                "Actual Rows": 7627,
                                "Actual Loops": 3,
                                "Filter": "((l_shipdate >= '1995-09-01'::date) AND (l_shipdate < '1995-12-01 00:00:00'::timestamp without time zone))",
                                "Rows Removed by Filter": 192564,
                                "Workers": []
                              }
                            ]
                          }
                        ]
                      }
                    ]
                  }
                ]
              }
            ]
          },
          {
            "Node Type": "Sort",
            "Parent Relationship": "Outer",
            "Parallel Aware": false,
            "Async Capable": false,
            "Startup Cost": 103.83,
            "Total Cost": 106.33,
            "Plan Rows": 1000,
            "Plan Width": 72,
            "Actual Startup Time": 0.754,
            "Actual Total Time": 0.834,
            "Actual Rows": 678,
            "Actual Loops": 1,
            "Sort Key": [
              "supplier.s_suppkey"
            ],
            "Sort Method": "quicksort",
            "Sort Space Used": 114,
            "Sort Space Type": "Memory",
            "Plans": [
              {
                "Node Type": "Seq Scan",
                "Parent Relationship": "Outer",
                "Parallel Aware": false,
                "Async Capable": false,
                "Relation Name": "supplier",
                "Alias": "supplier",
                "Startup Cost": 0.0,
                "Total Cost": 54.0,
                "Plan Rows": 1000,
                "Plan Width": 72,
                "Actual Startup Time": 0.015,
                "Actual Total Time": 0.371,
                "Actual Rows": 1000,
                "Actual Loops": 1
              }
            ]
          },
          {
            "Node Type": "Aggregate",
            "Strategy": "Sorted",
            "Partial Mode": "Finalize",
            "Parent Relationship": "Inner",
            "Parallel Aware": false,
            "Async Capable": false,
            "Startup Cost": 16517.78,
            "Total Cost": 16781.13,
            "Plan Rows": 5,
            "Plan Width": 36,
            "Actual Startup Time": 106.999,
            "Actual Total Time": 108.846,
            "Actual Rows": 1,
            "Actual Loops": 1,
            "Group Key": [
              "lineitem.l_suppkey"
            ],
            "Filter": "(sum((lineitem.l_extendedprice * ('1'::numeric - lineitem.l_discount))) = (InitPlan 1).col1)",
            "Rows Removed by Filter": 999,
            "Plans": [
              {
                "Node Type": "Gather Merge",
                "Parent Relationship": "Outer",
                "Parallel Aware": false,
                "Async Capable": false,
                "Startup Cost": 16517.78,
                "Total Cost": 16751.13,
                "Plan Rows": 2000,
                "Plan Width": 36,
                "Actual Startup Time": 58.671,
                "Actual Total Time": 60.159,
                "Actual Rows": 2996,
                "Actual Loops": 1,
                "Workers Planned": 2,
                "Workers Launched": 2,
                "Plans": [
                  {
                    "Node Type": "Sort",
                    "Parent Relationship": "Outer",
                    "Parallel Aware": false,
                    "Async Capable": false,
                    "Startup Cost": 15517.75,
                    "Total Cost": 15520.25,
                    "Plan Rows": 1000,
                    "Plan Width": 36,
                    "Actual Startup Time": 55.0,
                    "Actual Total Time": 55.142,
                    "Actual Rows": 999,
                    "Actual Loops": 3,
                    "Sort Key": [
                      "lineitem.l_suppkey"
                    ],
                    "Sort Method": "quicksort",
                    "Sort Space Used": 110,
                    "Sort Space Type": "Memory",
                    "Workers": [
                      {
                        "Worker Number": 0,
                        "Sort Method": "quicksort",
                        "Sort Space Used": 110,
                        "Sort Space Type": "Memory"
                      },
                      {
                        "Worker Number": 1,
                        "Sort Method": "quicksort",
                        "Sort Space Used": 110,
                        "Sort Space Type": "Memory"
                      }
                    ],
                    "Plans": [
                      {
                        "Node Type": "Aggregate",
                        "Strategy": "Hashed",
                        "Partial Mode": "Partial",
                        "Parent Relationship": "Outer",
                        "Parallel Aware": false,
                        "Async Capable": false,
                        "Startup Cost": 15455.43,
                        "Total Cost": 15467.93,
                        "Plan Rows": 1000,
                        "Plan Width": 36,
                        "Actual Startup Time": 54.365,
                        "Actual Total Time": 54.763,
                        "Actual Rows": 999,
                        "Actual Loops": 3,
                        "Group Key": [
                          "lineitem.l_suppkey"
                        ],
                        "Planned Partitions": 0,
                        "HashAgg Batches": 1,
                        "Peak Memory Usage": 577,
                        "Disk Usage": 0,
                        "Workers": [
                          {
                            "Worker Number": 0,
                            "HashAgg Batches": 1,
                            "Peak Memory Usage": 577,
                            "Disk Usage": 0
                          },
                          {
                            "Worker Number": 1,
                            "HashAgg Batches": 1,
                            "Peak Memory Usage": 577,
                            "Disk Usage": 0
                          }
                        ],
                        "Plans": [
                          {
                            "Node Type": "Seq Scan",
                            "Parent Relationship": "Outer",
                            "Parallel Aware": true,
                            "Async Capable": false,
                            "Relation Name": "lineitem",
                            "Alias": "lineitem",
                            "Startup Cost": 0.0,
                            "Total Cost": 15361.58,
                            "Plan Rows": 9385,
                            "Plan Width": 16,
                            "Actual Startup Time": 0.018,
                            "Actual Total Time": 48.629,
                            "Actual Rows": 7627,
                            "Actual Loops": 3,
                            "Filter": "((l_shipdate >= '1995-09-01'::date) AND (l_shipdate < '1995-12-01 00:00:00'::timestamp without time zone))",
                            "Rows Removed by Filter": 192564,
                            "Workers": []
                          }
                        ]
                      }
                    ]
                  }
                ]
              }
            ]
          }
        ]
      },
      "Planning Time": 0.412,
      "Triggers": [],
      "Execution Time": 110.492
    }
  },
  {
    "query_id": "query15.87",
    "query": "select\n\ts_suppkey,\n\ts_name,\n\ts_address,\n\ts_phone,\n\ttotal_revenue\nfrom\n\tsupplier,\n\trevenue0\nwhere\n\ts_suppkey = supplier_no\n\tand total_revenue = (\n\t\tselect\n\t\t\tmax(total_revenue)\n\t\tfrom\n\t\t\trevenue0\n\t)\norder by\n\ts_suppkey;\n",
    "execution_time": 98.479,
    "plan": {
      "Plan": {
        "Node Type": "Merge Join",
        "Parallel Aware": false,
        "Async Capable": false,
        "Join Type": "Inner",
        "Startup Cost": 33419.2,
        "Total Cost": 33687.67,
        "Plan Rows": 5,
        "Plan Width": 104,
        "Actual Startup Time": 96.314,
        "Actual Total Time": 98.331,
        "Actual Rows": 1,
        "Actual Loops": 1,
        "Inner Unique": true,
        "Merge Cond": "(supplier.s_suppkey = lineitem.l_suppkey)",
        "Plans": [
          {
            "Node Type": "Aggregate",
            "Strategy": "Plain",
            "Partial Mode": "Simple",
            "Parent Relationship": "InitPlan",
            "Subplan Name": "InitPlan 1",
            "Parallel Aware": false,
            "Async Capable": false,
            "Startup Cost": 16794.36,
            "Total Cost": 16794.37,
            "Plan Rows": 1,
            "Plan Width": 32,
            "Actual Startup Time": 50.247,
            "Actual Total Time": 50.432,
            "Actual Rows": 1,
            "Actual Loops": 1,
            "Plans": [
              {
                "Node Type": "Aggregate",
                "Strategy": "Sorted",
                "Partial Mode": "Finalize",
                "Parent Relationship": "Outer",
                "Parallel Aware": false,
                "Async Capable": false,
                "Startup Cost": 16521.01,
                "Total Cost": 16781.86,
                "Plan Rows": 1000,
                "Plan Width": 36,
                "Actual Startup Time": 47.895,
                "Actual Total Time": 50.344,
                "Actual Rows": 1000,
                "Actual Loops": 1,
                "Group Key": [
                  "lineitem_1.l_suppkey"
                ],
                "Plans": [
                  {
                    "Node Type": "Gather Merge",
                    "Parent Relationship": "Outer",
                    "Parallel Aware": false,
                    "Async Capable": false,
                    "Startup Cost": 16521.01,
                    "Total Cost": 16754.36,
                    "Plan Rows": 2000,
                    "Plan Width": 36,
                    "Actual Startup Time": 47.882,
                    "Actual Total Time": 48.753,
                    "Actual Rows": 2997,
                    "Actual Loops": 1,
                    "Workers Planned": 2,
                    "Workers Launched": 2,
                    "Plans": [
                      {
                        "Node Type": "Sort",
                        "Parent Relationship": "Outer",
                        "Parallel Aware": false,
                        "Async Capable": false,
                        "Startup Cost": 15520.98,
                        "Total Cost": 15523.48,
                        "Plan Rows": 1000,
                        "Plan Width": 36,
                        "Actual Startup Time": 44.982,
                        "Actual Total Time": 45.046,
                        "Actual Rows": 999,
                        "Actual Loops": 3,
                        "Sort Key": [
                          "lineitem_1.l_suppkey"
                        ],
                        "Sort Method": "quicksort",
                        "Sort Space Used": 110,
                        "Sort Space Type": "Memory",
                        "Workers": [
                          {
                            "Worker Number": 0,
                            "Sort Method": "quicksort",
                            "Sort Space Used": 110,
                            "Sort Space Type": "Memory"
                          },
                          {
                            "Worker Number": 1,
                            "Sort Method": "quicksort",
                            "Sort Space Used": 110,
                            "Sort Space Type": "Memory"
                          }
                        ],
                        "Plans": [
                          {
                            "Node Type": "Aggregate",
                            "Strategy": "Hashed",
                            "Partial Mode": "Partial",
                            "Parent Relationship": "Outer",
                            "Parallel Aware": false,
                            "Async Capable": false,
                            "Startup Cost": 15458.66,
                            "Total Cost": 15471.16,
                            "Plan Rows": 1000,
                            "Plan Width": 36,
                            "Actual Startup Time": 44.293,
                            "Actual Total Time": 44.716,
                            "Actual Rows": 999,
                            "Actual Loops": 3,
                            "Group Key": [
                              "lineitem_1.l_suppkey"
                            ],
                            "Planned Partitions": 0,
                            "HashAgg Batches": 1,
                            "Peak Memory Usage": 577,
                            "Disk Usage": 0,
                            "Workers": [
                              {
                                "Worker Number": 0,
                                "HashAgg Batches": 1,
                                "Peak Memory Usage": 577,
                                "Disk Usage": 0
                              },
                              {
                                "Worker Number": 1,
                                "HashAgg Batches": 1,
                                "Peak Memory Usage": 577,
                                "Disk Usage": 0
                              }
                            ],
                            "Plans": [
                              {
                                "Node Type": "Seq Scan",
                                "Parent Relationship": "Outer",
                                "Parallel Aware": true,
                                "Async Capable": false,
                                "Relation Name": "lineitem",
                                "Alias": "lineitem_1",
                                "Startup Cost": 0.0,
                                "Total Cost": 15361.58,
                                "Plan Rows": 9708,
                                "Plan Width": 16,
                                "Actual Startup Time": 0.02,
                                "Actual Total Time": 40.082,
                                "Actual Rows": 7540,
                                "Actual Loops": 3,
                                "Filter": "((l_shipdate >= '1993-05-01'::date) AND (l_shipdate < '1993-08-01 00:00:00'::timestamp without time zone))",
                                "Rows Removed by Filter": 192651,
                                "Workers": []
                              }
                            ]
                          }
                        ]
                      }
                    ]
                  }
                ]
              }
            ]
          },
          {
            "Node Type": "Sort",
            "Parent Relationship": "Outer",
            "Parallel Aware": false,
            "Async Capable": false,
            "Startup Cost": 103.83,
            "Total Cost": 106.33,
            "Plan Rows": 1000,
            "Plan Width": 72,
            "Actual Startup Time": 0.324,
            "Actual Total Time": 0.361,
            "Actual Rows": 983,
            "Actual Loops": 1,
            "Sort Key": [
              "supplier.s_suppkey"
            ],
            "Sort Method": "quicksort",
            "Sort Space Used": 114,
            "Sort Space Type": "Memory",
            "Plans": [
              {
                "Node Type": "Seq Scan",
                "Parent Relationship": "Outer",
                "Parallel Aware": false,
                "Async Capable": false,
                "Relation Name": "supplier",
                "Alias": "supplier",
                "Startup Cost": 0.0,
                "Total Cost": 54.0,
                "Plan Rows": 1000,
                "Plan Width": 72,
                "Actual Startup Time": 0.011,
                "Actual Total Time": 0.175,
                "Actual Rows": 1000,
                "Actual Loops": 1
              }
            ]
          },
          {
            "Node Type": "Aggregate",
            "Strategy": "Sorted",
            "Partial Mode": "Finalize",
            "Parent Relationship": "Inner",
            "Parallel Aware": false,
            "Async Capable": false,
            "Startup Cost": 16521.01,
            "Total Cost": 16784.36,
            "Plan Rows": 5,
            "Plan Width": 36,
            "Actual Startup Time": 95.898,
            "Actual Total Time": 97.727,
            "Actual Rows": 1,
            "Actual Loops": 1,
            "Group Key": [
              "lineitem.l_suppkey"
            ],
            "Filter": "(sum((lineitem.l_extendedprice * ('1'::numeric - lineitem.l_discount))) = (InitPlan 1).col1)",
            "Rows Removed by Filter": 999,
            "Plans": [
              {
                "Node Type": "Gather Merge",
                "Parent Relationship": "Outer",
                "Parallel Aware": false,
                "Async Capable": false,
                "Startup Cost": 16521.01,
                "Total Cost": 16754.36,
                "Plan Rows": 2000,
                "Plan Width": 36,
                "Actual Startup Time": 43.835,
                "Actual Total Time": 46.268,
                "Actual Rows": 2996,
                "Actual Loops": 1,
                "Workers Planned": 2,
                "Workers Launched": 2,
                "Plans": [
                  {
                    "Node Type": "Sort",
                    "Parent Relationship": "Outer",
                    "Parallel Aware": false,
                    "Async Capable": false,
                    "Startup Cost": 15520.98,
                    "Total Cost": 15523.48,
                    "Plan Rows": 1000,
                    "Plan Width": 36,
                    "Actual Startup Time": 40.6,
                    "Actual Total Time": 40.716,
                    "Actual Rows": 999,
                    "Actual Loops": 3,
                    "Sort Key": [
                      "lineitem.l_suppkey"
                    ],
                    "Sort Method": "quicksort",
                    "Sort Space Used": 110,
                    "Sort Space Type": "Memory",
                    "Workers": [
                      {
                        "Worker Number": 0,
                        "Sort Method": "quicksort",
                        "Sort Space Used": 110,
                        "Sort Space Type": "Memory"
                      },
                      {
                        "Worker Number": 1,
                        "Sort Method": "quicksort",
                        "Sort Space Used": 110,
                        "Sort Space Type": "Memory"
                      }
                    ],
                    "Plans": [
                      {
                        "Node Type": "Aggregate",
                        "Strategy": "Hashed",
                        "Partial Mode": "Partial",
                        "Parent Relationship": "Outer",
                        "Parallel Aware": false,
                        "Async Capable": false,
                        "Startup Cost": 15458.66,
                        "Total Cost": 15471.16,
                        "Plan Rows": 1000,
                        "Plan Width": 36,
                        "Actual Startup Time": 39.893,
                        "Actual Total Time": 40.351,
                        "Actual Rows": 999,
                        "Actual Loops": 3,
                        "Group Key": [
                          "lineitem.l_suppkey"
                        ],
                        "Planned Partitions": 0,
                        "HashAgg Batches": 1,
                        "Peak Memory Usage": 577,
                        "Disk Usage": 0,
                        "Workers": [
                          {
                            "Worker Number": 0,
                            "HashAgg Batches": 1,
                            "Peak Memory Usage": 577,
                            "Disk Usage": 0
                          },
                          {
                            "Worker Number": 1,
                            "HashAgg Batches": 1,
                            "Peak Memory Usage": 577,
                            "Disk Usage": 0
                          }
                        ],
                        "Plans": [
                          {
                            "Node Type": "Seq Scan",
                            "Parent Relationship": "Outer",
                            "Parallel Aware": true,
                            "Async Capable": false,
                            "Relation Name": "lineitem",
                            "Alias": "lineitem",
                            "Startup Cost": 0.0,
                            "Total Cost": 15361.58,
                            "Plan Rows": 9708,
                            "Plan Width": 16,
                            "Actual Startup Time": 0.023,
                            "Actual Total Time": 35.106,
                            "Actual Rows": 7540,
                            "Actual Loops": 3,
                            "Filter": "((l_shipdate >= '1993-05-01'::date) AND (l_shipdate < '1993-08-01 00:00:00'::timestamp without time zone))",
                            "Rows Removed by Filter": 192651,
                            "Workers": []
                          }
                        ]
                      }
                    ]
                  }
                ]
              }
            ]
          }
        ]
      },
      "Planning Time": 0.341,
      "Triggers": [],
      "Execution Time": 98.479
    }
  },
  {
    "query_id": "query15.88",
    "query": "select\n\ts_suppkey,\n\ts_name,\n\ts_address,\n\ts_phone,\n\ttotal_revenue\nfrom\n\tsupplier,\n\trevenue0\nwhere\n\ts_suppkey = supplier_no\n\tand total_revenue = (\n\t\tselect\n\t\t\tmax(total_revenue)\n\t\tfrom\n\t\t\trevenue0\n\t)\norder by\n\ts_suppkey;\n",
    "execution_time": 105.824,
    "plan": {
      "Plan": {
        "Node Type": "Merge Join",
        "Parallel Aware": false,
        "Async Capable": false,
        "Join Type": "Inner",
        "Startup Cost": 33417.64,
        "Total Cost": 33686.11,
        "Plan Rows": 5,
        "Plan Width": 104,
        "Actual Startup Time": 102.503,
        "Actual Total Time": 105.629,
        "Actual Rows": 1,
        "Actual Loops": 1,
        "Inner Unique": true,
        "Merge Cond": "(supplier.s_suppkey = lineitem.l_suppkey)",
        "Plans": [
          {
            "Node Type": "Aggregate",
            "Strategy": "Plain",
            "Partial Mode": "Simple",
            "Parent Relationship": "InitPlan",
            "Subplan Name": "InitPlan 1",
            "Parallel Aware": false,
            "Async Capable": false,
            "Startup Cost": 16793.58,
            "Total Cost": 16793.59,
            "Plan Rows": 1,
            "Plan Width": 32,
            "Actual Startup Time": 52.948,
            "Actual Total Time": 54.369,
            "Actual Rows": 1,
            "Actual Loops": 1,
            "Plans": [
              {
                "Node Type": "Aggregate",
                "Strategy": "Sorted",
                "Partial Mode": "Finalize",
                "Parent Relationship": "Outer",
                "Parallel Aware": false,
                "Async Capable": false,
                "Startup Cost": 16520.23,
                "Total Cost": 16781.08,
                "Plan Rows": 1000,
                "Plan Width": 36,
                "Actual Startup Time": 50.95,
                "Actual Total Time": 54.299,
                "Actual Rows": 1000,
                "Actual Loops": 1,
                "Group Key": [
                  "lineitem_1.l_suppkey"
                ],
                "Plans": [
                  {
                    "Node Type": "Gather Merge",
                    "Parent Relationship": "Outer",
                    "Parallel Aware": false,
                    "Async Capable": false,
                    "Startup Cost": 16520.23,
                    "Total Cost": 16753.58,
                    "Plan Rows": 2000,
                    "Plan Width": 36,
                    "Actual Startup Time": 50.93,
                    "Actual Total Time": 52.946,
                    "Actual Rows": 2998,
                    "Actual Loops": 1,
                    "Workers Planned": 2,
                    "Workers Launched": 2,
                    "Plans": [
                      {
                        "Node Type": "Sort",
                        "Parent Relationship": "Outer",
                        "Parallel Aware": false,
                        "Async Capable": false,
                        "Startup Cost": 15520.2,
                        "Total Cost": 15522.7,
                        "Plan Rows": 1000,
                        "Plan Width": 36,
                        "Actual Startup Time": 47.699,
                        "Actual Total Time": 47.788,
                        "Actual Rows": 999,
                        "Actual Loops": 3,
                        "Sort Key": [
                          "lineitem_1.l_suppkey"
                        ],
                        "Sort Method": "quicksort",
                        "Sort Space Used": 110,
                        "Sort Space Type": "Memory",
                        "Workers": [
                          {
                            "Worker Number": 0,
                            "Sort Method": "quicksort",
                            "Sort Space Used": 110,
                            "Sort Space Type": "Memory"
                          },
                          {
                            "Worker Number": 1,
                            "Sort Method": "quicksort",
                            "Sort Space Used": 110,
                            "Sort Space Type": "Memory"
                          }
                        ],
                        "Plans": [
                          {
                            "Node Type": "Aggregate",
                            "Strategy": "Hashed",
                            "Partial Mode": "Partial",
                            "Parent Relationship": "Outer",
                            "Parallel Aware": false,
                            "Async Capable": false,
                            "Startup Cost": 15457.88,
                            "Total Cost": 15470.38,
                            "Plan Rows": 1000,
                            "Plan Width": 36,
                            "Actual Startup Time": 47.042,
                            "Actual Total Time": 47.442,
                            "Actual Rows": 999,
                            "Actual Loops": 3,
                            "Group Key": [
                              "lineitem_1.l_suppkey"
                            ],
                            "Planned Partitions": 0,
                            "HashAgg Batches": 1,
                            "Peak Memory Usage": 577,
                            "Disk Usage": 0,
                            "Workers": [
                              {
                                "Worker Number": 0,
                                "HashAgg Batches": 1,
                                "Peak Memory Usage": 577,
                                "Disk Usage": 0
                              },
                              {
                                "Worker Number": 1,
                                "HashAgg Batches": 1,
                                "Peak Memory Usage": 577,
                                "Disk Usage": 0
                              }
                            ],
                            "Plans": [
                              {
                                "Node Type": "Seq Scan",
                                "Parent Relationship": "Outer",
                                "Parallel Aware": true,
                                "Async Capable": false,
                                "Relation Name": "lineitem",
                                "Alias": "lineitem_1",
                                "Startup Cost": 0.0,
                                "Total Cost": 15361.58,
                                "Plan Rows": 9630,
                                "Plan Width": 16,
                                "Actual Startup Time": 0.037,
                                "Actual Total Time": 42.529,
                                "Actual Rows": 7634,
                                "Actual Loops": 3,
                                "Filter": "((l_shipdate >= '1995-12-01'::date) AND (l_shipdate < '1996-03-01 00:00:00'::timestamp without time zone))",
                                "Rows Removed by Filter": 192557,
                                "Workers": []
                              }
                            ]
                          }
                        ]
                      }
                    ]
                  }
                ]
              }
            ]
          },
          {
            "Node Type": "Sort",
            "Parent Relationship": "Outer",
            "Parallel Aware": false,
            "Async Capable": false,
            "Startup Cost": 103.83,
            "Total Cost": 106.33,
            "Plan Rows": 1000,
            "Plan Width": 72,
            "Actual Startup Time": 0.539,
            "Actual Total Time": 0.719,
            "Actual Rows": 658,
            "Actual Loops": 1,
            "Sort Key": [
              "supplier.s_suppkey"
            ],
            "Sort Method": "quicksort",
            "Sort Space Used": 114,
            "Sort Space Type": "Memory",
            "Plans": [
              {
                "Node Type": "Seq Scan",
                "Parent Relationship": "Outer",
                "Parallel Aware": false,
                "Async Capable": false,
                "Relation Name": "supplier",
                "Alias": "supplier",
                "Startup Cost": 0.0,
                "Total Cost": 54.0,
                "Plan Rows": 1000,
                "Plan Width": 72,
                "Actual Startup Time": 0.012,
                "Actual Total Time": 0.316,
                "Actual Rows": 1000,
                "Actual Loops": 1
              }
            ]
          },
          {
            "Node Type": "Aggregate",
            "Strategy": "Sorted",
            "Partial Mode": "Finalize",
            "Parent Relationship": "Inner",
            "Parallel Aware": false,
            "Async Capable": false,
            "Startup Cost": 16520.23,
            "Total Cost": 16783.58,
            "Plan Rows": 5,
            "Plan Width": 36,
            "Actual Startup Time": 101.715,
            "Actual Total Time": 103.417,
            "Actual Rows": 1,
            "Actual Loops": 1,
            "Group Key": [
              "lineitem.l_suppkey"
            ],
            "Filter": "(sum((lineitem.l_extendedprice * ('1'::numeric - lineitem.l_discount))) = (InitPlan 1).col1)",
            "Rows Removed by Filter": 999,
            "Plans": [
              {
                "Node Type": "Gather Merge",
                "Parent Relationship": "Outer",
                "Parallel Aware": false,
                "Async Capable": false,
                "Startup Cost": 16520.23,
                "Total Cost": 16753.58,
                "Plan Rows": 2000,
                "Plan Width": 36,
                "Actual Startup Time": 47.365,
                "Actual Total Time": 49.245,
                "Actual Rows": 2997,
                "Actual Loops": 1,
                "Workers Planned": 2,
                "Workers Launched": 2,
                "Plans": [
                  {
                    "Node Type": "Sort",
                    "Parent Relationship": "Outer",
                    "Parallel Aware": false,
                    "Async Capable": false,
                    "Startup Cost": 15520.2,
                    "Total Cost": 15522.7,
                    "Plan Rows": 1000,
                    "Plan Width": 36,
                    "Actual Startup Time": 43.41,
                    "Actual Total Time": 43.544,
                    "Actual Rows": 999,
                    "Actual Loops": 3,
                    "Sort Key": [
                      "lineitem.l_suppkey"
                    ],
                    "Sort Method": "quicksort",
                    "Sort Space Used": 110,
                    "Sort Space Type": "Memory",
                    "Workers": [
                      {
                        "Worker Number": 0,
                        "Sort Method": "quicksort",
                        "Sort Space Used": 110,
                        "Sort Space Type": "Memory"
                      },
                      {
                        "Worker Number": 1,
                        "Sort Method": "quicksort",
                        "Sort Space Used": 110,
                        "Sort Space Type": "Memory"
                      }
                    ],
                    "Plans": [
                      {
                        "Node Type": "Aggregate",
                        "Strategy": "Hashed",
                        "Partial Mode": "Partial",
                        "Parent Relationship": "Outer",
                        "Parallel Aware": false,
                        "Async Capable": false,
                        "Startup Cost": 15457.88,
                        "Total Cost": 15470.38,
                        "Plan Rows": 1000,
                        "Plan Width": 36,
                        "Actual Startup Time": 42.763,
                        "Actual Total Time": 43.175,
                        "Actual Rows": 999,
                        "Actual Loops": 3,
                        "Group Key": [
                          "lineitem.l_suppkey"
                        ],
                        "Planned Partitions": 0,
                        "HashAgg Batches": 1,
                        "Peak Memory Usage": 577,
                        "Disk Usage": 0,
                        "Workers": [
                          {
                            "Worker Number": 0,
                            "HashAgg Batches": 1,
                            "Peak Memory Usage": 577,
                            "Disk Usage": 0
                          },
                          {
                            "Worker Number": 1,
                            "HashAgg Batches": 1,
                            "Peak Memory Usage": 577,
                            "Disk Usage": 0
                          }
                        ],
                        "Plans": [
                          {
                            "Node Type": "Seq Scan",
                            "Parent Relationship": "Outer",
                            "Parallel Aware": true,
                            "Async Capable": false,
                            "Relation Name": "lineitem",
                            "Alias": "lineitem",
                            "Startup Cost": 0.0,
                            "Total Cost": 15361.58,
                            "Plan Rows": 9630,
                            "Plan Width": 16,
                            "Actual Startup Time": 0.015,
                            "Actual Total Time": 38.633,
                            "Actual Rows": 7634,
                            "Actual Loops": 3,
                            "Filter": "((l_shipdate >= '1995-12-01'::date) AND (l_shipdate < '1996-03-01 00:00:00'::timestamp without time zone))",
                            "Rows Removed by Filter": 192557,
                            "Workers": []
                          }
                        ]
                      }
                    ]
                  }
                ]
              }
            ]
          }
        ]
      },
      "Planning Time": 0.319,
      "Triggers": [],
      "Execution Time": 105.824
    }
  },
  {
    "query_id": "query15.89",
    "query": "select\n\ts_suppkey,\n\ts_name,\n\ts_address,\n\ts_phone,\n\ttotal_revenue\nfrom\n\tsupplier,\n\trevenue0\nwhere\n\ts_suppkey = supplier_no\n\tand total_revenue = (\n\t\tselect\n\t\t\tmax(total_revenue)\n\t\tfrom\n\t\t\trevenue0\n\t)\norder by\n\ts_suppkey;\n",
    "execution_time": 104.864,
    "plan": {
      "Plan": {
        "Node Type": "Merge Join",
        "Parallel Aware": false,
        "Async Capable": false,
        "Join Type": "Inner",
        "Startup Cost": 33400.5,
        "Total Cost": 33668.97,
        "Plan Rows": 5,
        "Plan Width": 104,
        "Actual Startup Time": 102.266,
        "Actual Total Time": 104.678,
        "Actual Rows": 1,
        "Actual Loops": 1,
        "Inner Unique": true,
        "Merge Cond": "(supplier.s_suppkey = lineitem.l_suppkey)",
        "Plans": [
          {
            "Node Type": "Aggregate",
            "Strategy": "Plain",
            "Partial Mode": "Simple",
            "Parent Relationship": "InitPlan",
            "Subplan Name": "InitPlan 1",
            "Parallel Aware": false,
            "Async Capable": false,
            "Startup Cost": 16785.01,
            "Total Cost": 16785.02,
            "Plan Rows": 1,
            "Plan Width": 32,
            "Actual Startup Time": 50.249,
            "Actual Total Time": 51.202,
            "Actual Rows": 1,
            "Actual Loops": 1,
            "Plans": [
              {
                "Node Type": "Aggregate",
                "Strategy": "Sorted",
                "Partial Mode": "Finalize",
                "Parent Relationship": "Outer",
                "Parallel Aware": false,
                "Async Capable": false,
                "Startup Cost": 16511.66,
                "Total Cost": 16772.51,
                "Plan Rows": 1000,
                "Plan Width": 36,
                "Actual Startup Time": 48.525,
                "Actual Total Time": 51.145,
                "Actual Rows": 1000,
                "Actual Loops": 1,
                "Group Key": [
                  "lineitem_1.l_suppkey"
                ],
                "Plans": [
                  {
                    "Node Type": "Gather Merge",
                    "Parent Relationship": "Outer",
                    "Parallel Aware": false,
                    "Async Capable": false,
                    "Startup Cost": 16511.66,
                    "Total Cost": 16745.01,
                    "Plan Rows": 2000,
                    "Plan Width": 36,
                    "Actual Startup Time": 48.514,
                    "Actual Total Time": 49.955,
                    "Actual Rows": 2997,
                    "Actual Loops": 1,
                    "Workers Planned": 2,
                    "Workers Launched": 2,
                    "Plans": [
                      {
                        "Node Type": "Sort",
                        "Parent Relationship": "Outer",
                        "Parallel Aware": false,
                        "Async Capable": false,
                        "Startup Cost": 15511.63,
                        "Total Cost": 15514.13,
                        "Plan Rows": 1000,
                        "Plan Width": 36,
                        "Actual Startup Time": 44.8,
                        "Actual Total Time": 44.859,
                        "Actual Rows": 999,
                        "Actual Loops": 3,
                        "Sort Key": [
                          "lineitem_1.l_suppkey"
                        ],
                        "Sort Method": "quicksort",
                        "Sort Space Used": 110,
                        "Sort Space Type": "Memory",
                        "Workers": [
                          {
                            "Worker Number": 0,
                            "Sort Method": "quicksort",
                            "Sort Space Used": 110,
                            "Sort Space Type": "Memory"
                          },
                          {
                            "Worker Number": 1,
                            "Sort Method": "quicksort",
                            "Sort Space Used": 110,
                            "Sort Space Type": "Memory"
                          }
                        ],
                        "Plans": [
                          {
                            "Node Type": "Aggregate",
                            "Strategy": "Hashed",
                            "Partial Mode": "Partial",
                            "Parent Relationship": "Outer",
                            "Parallel Aware": false,
                            "Async Capable": false,
                            "Startup Cost": 15449.31,
                            "Total Cost": 15461.81,
                            "Plan Rows": 1000,
                            "Plan Width": 36,
                            "Actual Startup Time": 44.015,
                            "Actual Total Time": 44.506,
                            "Actual Rows": 999,
                            "Actual Loops": 3,
                            "Group Key": [
                              "lineitem_1.l_suppkey"
                            ],
                            "Planned Partitions": 0,
                            "HashAgg Batches": 1,
                            "Peak Memory Usage": 577,
                            "Disk Usage": 0,
                            "Workers": [
                              {
                                "Worker Number": 0,
                                "HashAgg Batches": 1,
                                "Peak Memory Usage": 577,
                                "Disk Usage": 0
                              },
                              {
                                "Worker Number": 1,
                                "HashAgg Batches": 1,
                                "Peak Memory Usage": 577,
                                "Disk Usage": 0
                              }
                            ],
                            "Plans": [
                              {
                                "Node Type": "Seq Scan",
                                "Parent Relationship": "Outer",
                                "Parallel Aware": true,
                                "Async Capable": false,
                                "Relation Name": "lineitem",
                                "Alias": "lineitem_1",
                                "Startup Cost": 0.0,
                                "Total Cost": 15361.58,
                                "Plan Rows": 8773,
                                "Plan Width": 16,
                                "Actual Startup Time": 0.015,
                                "Actual Total Time": 39.873,
                                "Actual Rows": 7364,
                                "Actual Loops": 3,
                                "Filter": "((l_shipdate >= '1993-09-01'::date) AND (l_shipdate < '1993-12-01 00:00:00'::timestamp without time zone))",
                                "Rows Removed by Filter": 192826,
                                "Workers": []
                              }
                            ]
                          }
                        ]
                      }
                    ]
                  }
                ]
              }
            ]
          },
          {
            "Node Type": "Sort",
            "Parent Relationship": "Outer",
            "Parallel Aware": false,
            "Async Capable": false,
            "Startup Cost": 103.83,
            "Total Cost": 106.33,
            "Plan Rows": 1000,
            "Plan Width": 72,
            "Actual Startup Time": 0.458,
            "Actual Total Time": 0.63,
            "Actual Rows": 744,
            "Actual Loops": 1,
            "Sort Key": [
              "supplier.s_suppkey"
            ],
            "Sort Method": "quicksort",
            "Sort Space Used": 114,
            "Sort Space Type": "Memory",
            "Plans": [
              {
                "Node Type": "Seq Scan",
                "Parent Relationship": "Outer",
                "Parallel Aware": false,
                "Async Capable": false,
                "Relation Name": "supplier",
                "Alias": "supplier",
                "Startup Cost": 0.0,
                "Total Cost": 54.0,
                "Plan Rows": 1000,
                "Plan Width": 72,
                "Actual Startup Time": 0.013,
                "Actual Total Time": 0.274,
                "Actual Rows": 1000,
                "Actual Loops": 1
              }
            ]
          },
          {
            "Node Type": "Aggregate",
            "Strategy": "Sorted",
            "Partial Mode": "Finalize",
            "Parent Relationship": "Inner",
            "Parallel Aware": false,
            "Async Capable": false,
            "Startup Cost": 16511.66,
            "Total Cost": 16775.01,
            "Plan Rows": 5,
            "Plan Width": 36,
            "Actual Startup Time": 101.549,
            "Actual Total Time": 103.005,
            "Actual Rows": 1,
            "Actual Loops": 1,
            "Group Key": [
              "lineitem.l_suppkey"
            ],
            "Filter": "(sum((lineitem.l_extendedprice * ('1'::numeric - lineitem.l_discount))) = (InitPlan 1).col1)",
            "Rows Removed by Filter": 999,
            "Plans": [
              {
                "Node Type": "Gather Merge",
                "Parent Relationship": "Outer",
                "Parallel Aware": false,
                "Async Capable": false,
                "Startup Cost": 16511.66,
                "Total Cost": 16745.01,
                "Plan Rows": 2000,
                "Plan Width": 36,
                "Actual Startup Time": 49.362,
                "Actual Total Time": 51.176,
                "Actual Rows": 2995,
                "Actual Loops": 1,
                "Workers Planned": 2,
                "Workers Launched": 2,
                "Plans": [
                  {
                    "Node Type": "Sort",
                    "Parent Relationship": "Outer",
                    "Parallel Aware": false,
                    "Async Capable": false,
                    "Startup Cost": 15511.63,
                    "Total Cost": 15514.13,
                    "Plan Rows": 1000,
                    "Plan Width": 36,
                    "Actual Startup Time": 45.005,
                    "Actual Total Time": 45.152,
                    "Actual Rows": 998,
                    "Actual Loops": 3,
                    "Sort Key": [
                      "lineitem.l_suppkey"
                    ],
                    "Sort Method": "quicksort",
                    "Sort Space Used": 110,
                    "Sort Space Type": "Memory",
                    "Workers": [
                      {
                        "Worker Number": 0,
                        "Sort Method": "quicksort",
                        "Sort Space Used": 110,
                        "Sort Space Type": "Memory"
                      },
                      {
                        "Worker Number": 1,
                        "Sort Method": "quicksort",
                        "Sort Space Used": 110,
                        "Sort Space Type": "Memory"
                      }
                    ],
                    "Plans": [
                      {
                        "Node Type": "Aggregate",
                        "Strategy": "Hashed",
                        "Partial Mode": "Partial",
                        "Parent Relationship": "Outer",
                        "Parallel Aware": false,
                        "Async Capable": false,
                        "Startup Cost": 15449.31,
                        "Total Cost": 15461.81,
                        "Plan Rows": 1000,
                        "Plan Width": 36,
                        "Actual Startup Time": 44.436,
                        "Actual Total Time": 44.794,
                        "Actual Rows": 998,
                        "Actual Loops": 3,
                        "Group Key": [
                          "lineitem.l_suppkey"
                        ],
                        "Planned Partitions": 0,
                        "HashAgg Batches": 1,
                        "Peak Memory Usage": 577,
                        "Disk Usage": 0,
                        "Workers": [
                          {
                            "Worker Number": 0,
                            "HashAgg Batches": 1,
                            "Peak Memory Usage": 577,
                            "Disk Usage": 0
                          },
                          {
                            "Worker Number": 1,
                            "HashAgg Batches": 1,
                            "Peak Memory Usage": 577,
                            "Disk Usage": 0
                          }
                        ],
                        "Plans": [
                          {
                            "Node Type": "Seq Scan",
                            "Parent Relationship": "Outer",
                            "Parallel Aware": true,
                            "Async Capable": false,
                            "Relation Name": "lineitem",
                            "Alias": "lineitem",
                            "Startup Cost": 0.0,
                            "Total Cost": 15361.58,
                            "Plan Rows": 8773,
                            "Plan Width": 16,
                            "Actual Startup Time": 0.013,
                            "Actual Total Time": 39.974,
                            "Actual Rows": 7364,
                            "Actual Loops": 3,
                            "Filter": "((l_shipdate >= '1993-09-01'::date) AND (l_shipdate < '1993-12-01 00:00:00'::timestamp without time zone))",
                            "Rows Removed by Filter": 192826,
                            "Workers": []
                          }
                        ]
                      }
                    ]
                  }
                ]
              }
            ]
          }
        ]
      },
      "Planning Time": 0.362,
      "Triggers": [],
      "Execution Time": 104.864
    }
  },
  {
    "query_id": "query15.9",
    "query": "select\n\ts_suppkey,\n\ts_name,\n\ts_address,\n\ts_phone,\n\ttotal_revenue\nfrom\n\tsupplier,\n\trevenue0\nwhere\n\ts_suppkey = supplier_no\n\tand total_revenue = (\n\t\tselect\n\t\t\tmax(total_revenue)\n\t\tfrom\n\t\t\trevenue0\n\t)\norder by\n\ts_suppkey;\n",
    "execution_time": 114.517,
    "plan": {
      "Plan": {
        "Node Type": "Merge Join",
        "Parallel Aware": false,
        "Async Capable": false,
        "Join Type": "Inner",
        "Startup Cost": 33415.54,
        "Total Cost": 33684.01,
        "Plan Rows": 5,
        "Plan Width": 104,
        "Actual Startup Time": 111.693,
        "Actual Total Time": 114.366,
        "Actual Rows": 1,
        "Actual Loops": 1,
        "Inner Unique": true,
        "Merge Cond": "(supplier.s_suppkey = lineitem.l_suppkey)",
        "Plans": [
          {
            "Node Type": "Aggregate",
            "Strategy": "Plain",
            "Partial Mode": "Simple",
            "Parent Relationship": "InitPlan",
            "Subplan Name": "InitPlan 1",
            "Parallel Aware": false,
            "Async Capable": false,
            "Startup Cost": 16792.53,
            "Total Cost": 16792.54,
            "Plan Rows": 1,
            "Plan Width": 32,
            "Actual Startup Time": 54.736,
            "Actual Total Time": 54.858,
            "Actual Rows": 1,
            "Actual Loops": 1,
            "Plans": [
              {
                "Node Type": "Aggregate",
                "Strategy": "Sorted",
                "Partial Mode": "Finalize",
                "Parent Relationship": "Outer",
                "Parallel Aware": false,
                "Async Capable": false,
                "Startup Cost": 16519.18,
                "Total Cost": 16780.03,
                "Plan Rows": 1000,
                "Plan Width": 36,
                "Actual Startup Time": 52.639,
                "Actual Total Time": 54.788,
                "Actual Rows": 1000,
                "Actual Loops": 1,
                "Group Key": [
                  "lineitem_1.l_suppkey"
                ],
                "Plans": [
                  {
                    "Node Type": "Gather Merge",
                    "Parent Relationship": "Outer",
                    "Parallel Aware": false,
                    "Async Capable": false,
                    "Startup Cost": 16519.18,
                    "Total Cost": 16752.53,
                    "Plan Rows": 2000,
                    "Plan Width": 36,
                    "Actual Startup Time": 52.613,
                    "Actual Total Time": 53.263,
                    "Actual Rows": 2999,
                    "Actual Loops": 1,
                    "Workers Planned": 2,
                    "Workers Launched": 2,
                    "Plans": [
                      {
                        "Node Type": "Sort",
                        "Parent Relationship": "Outer",
                        "Parallel Aware": false,
                        "Async Capable": false,
                        "Startup Cost": 15519.15,
                        "Total Cost": 15521.65,
                        "Plan Rows": 1000,
                        "Plan Width": 36,
                        "Actual Startup Time": 49.334,
                        "Actual Total Time": 49.396,
                        "Actual Rows": 1000,
                        "Actual Loops": 3,
                        "Sort Key": [
                          "lineitem_1.l_suppkey"
                        ],
                        "Sort Method": "quicksort",
                        "Sort Space Used": 110,
                        "Sort Space Type": "Memory",
                        "Workers": [
                          {
                            "Worker Number": 0,
                            "Sort Method": "quicksort",
                            "Sort Space Used": 110,
                            "Sort Space Type": "Memory"
                          },
                          {
                            "Worker Number": 1,
                            "Sort Method": "quicksort",
                            "Sort Space Used": 110,
                            "Sort Space Type": "Memory"
                          }
                        ],
                        "Plans": [
                          {
                            "Node Type": "Aggregate",
                            "Strategy": "Hashed",
                            "Partial Mode": "Partial",
                            "Parent Relationship": "Outer",
                            "Parallel Aware": false,
                            "Async Capable": false,
                            "Startup Cost": 15456.83,
                            "Total Cost": 15469.33,
                            "Plan Rows": 1000,
                            "Plan Width": 36,
                            "Actual Startup Time": 48.715,
                            "Actual Total Time": 49.09,
                            "Actual Rows": 1000,
                            "Actual Loops": 3,
                            "Group Key": [
                              "lineitem_1.l_suppkey"
                            ],
                            "Planned Partitions": 0,
                            "HashAgg Batches": 1,
                            "Peak Memory Usage": 577,
                            "Disk Usage": 0,
                            "Workers": [
                              {
                                "Worker Number": 0,
                                "HashAgg Batches": 1,
                                "Peak Memory Usage": 577,
                                "Disk Usage": 0
                              },
                              {
                                "Worker Number": 1,
                                "HashAgg Batches": 1,
                                "Peak Memory Usage": 577,
                                "Disk Usage": 0
                              }
                            ],
                            "Plans": [
                              {
                                "Node Type": "Seq Scan",
                                "Parent Relationship": "Outer",
                                "Parallel Aware": true,
                                "Async Capable": false,
                                "Relation Name": "lineitem",
                                "Alias": "lineitem_1",
                                "Startup Cost": 0.0,
                                "Total Cost": 15361.58,
                                "Plan Rows": 9525,
                                "Plan Width": 16,
                                "Actual Startup Time": 0.041,
                                "Actual Total Time": 44.137,
                                "Actual Rows": 7605,
                                "Actual Loops": 3,
                                "Filter": "((l_shipdate >= '1996-09-01'::date) AND (l_shipdate < '1996-12-01 00:00:00'::timestamp without time zone))",
                                "Rows Removed by Filter": 192585,
                                "Workers": []
                              }
                            ]
                          }
                        ]
                      }
                    ]
                  }
                ]
              }
            ]
          },
          {
            "Node Type": "Sort",
            "Parent Relationship": "Outer",
            "Parallel Aware": false,
            "Async Capable": false,
            "Startup Cost": 103.83,
            "Total Cost": 106.33,
            "Plan Rows": 1000,
            "Plan Width": 72,
            "Actual Startup Time": 0.439,
            "Actual Total Time": 0.477,
            "Actual Rows": 757,
            "Actual Loops": 1,
            "Sort Key": [
              "supplier.s_suppkey"
            ],
            "Sort Method": "quicksort",
            "Sort Space Used": 114,
            "Sort Space Type": "Memory",
            "Plans": [
              {
                "Node Type": "Seq Scan",
                "Parent Relationship": "Outer",
                "Parallel Aware": false,
                "Async Capable": false,
                "Relation Name": "supplier",
                "Alias": "supplier",
                "Startup Cost": 0.0,
                "Total Cost": 54.0,
                "Plan Rows": 1000,
                "Plan Width": 72,
                "Actual Startup Time": 0.007,
                "Actual Total Time": 0.179,
                "Actual Rows": 1000,
                "Actual Loops": 1
              }
            ]
          },
          {
            "Node Type": "Aggregate",
            "Strategy": "Sorted",
            "Partial Mode": "Finalize",
            "Parent Relationship": "Inner",
            "Parallel Aware": false,
            "Async Capable": false,
            "Startup Cost": 16519.18,
            "Total Cost": 16782.53,
            "Plan Rows": 5,
            "Plan Width": 36,
            "Actual Startup Time": 111.055,
            "Actual Total Time": 113.603,
            "Actual Rows": 1,
            "Actual Loops": 1,
            "Group Key": [
              "lineitem.l_suppkey"
            ],
            "Filter": "(sum((lineitem.l_extendedprice * ('1'::numeric - lineitem.l_discount))) = (InitPlan 1).col1)",
            "Rows Removed by Filter": 999,
            "Plans": [
              {
                "Node Type": "Gather Merge",
                "Parent Relationship": "Outer",
                "Parallel Aware": false,
                "Async Capable": false,
                "Startup Cost": 16519.18,
                "Total Cost": 16752.53,
                "Plan Rows": 2000,
                "Plan Width": 36,
                "Actual Startup Time": 54.723,
                "Actual Total Time": 57.417,
                "Actual Rows": 2995,
                "Actual Loops": 1,
                "Workers Planned": 2,
                "Workers Launched": 2,
                "Plans": [
                  {
                    "Node Type": "Sort",
                    "Parent Relationship": "Outer",
                    "Parallel Aware": false,
                    "Async Capable": false,
                    "Startup Cost": 15519.15,
                    "Total Cost": 15521.65,
                    "Plan Rows": 1000,
                    "Plan Width": 36,
                    "Actual Startup Time": 51.077,
                    "Actual Total Time": 51.167,
                    "Actual Rows": 998,
                    "Actual Loops": 3,
                    "Sort Key": [
                      "lineitem.l_suppkey"
                    ],
                    "Sort Method": "quicksort",
                    "Sort Space Used": 110,
                    "Sort Space Type": "Memory",
                    "Workers": [
                      {
                        "Worker Number": 0,
                        "Sort Method": "quicksort",
                        "Sort Space Used": 110,
                        "Sort Space Type": "Memory"
                      },
                      {
                        "Worker Number": 1,
                        "Sort Method": "quicksort",
                        "Sort Space Used": 110,
                        "Sort Space Type": "Memory"
                      }
                    ],
                    "Plans": [
                      {
                        "Node Type": "Aggregate",
                        "Strategy": "Hashed",
                        "Partial Mode": "Partial",
                        "Parent Relationship": "Outer",
                        "Parallel Aware": false,
                        "Async Capable": false,
                        "Startup Cost": 15456.83,
                        "Total Cost": 15469.33,
                        "Plan Rows": 1000,
                        "Plan Width": 36,
                        "Actual Startup Time": 50.538,
                        "Actual Total Time": 50.875,
                        "Actual Rows": 998,
                        "Actual Loops": 3,
                        "Group Key": [
                          "lineitem.l_suppkey"
                        ],
                        "Planned Partitions": 0,
                        "HashAgg Batches": 1,
                        "Peak Memory Usage": 577,
                        "Disk Usage": 0,
                        "Workers": [
                          {
                            "Worker Number": 0,
                            "HashAgg Batches": 1,
                            "Peak Memory Usage": 577,
                            "Disk Usage": 0
                          },
                          {
                            "Worker Number": 1,
                            "HashAgg Batches": 1,
                            "Peak Memory Usage": 577,
                            "Disk Usage": 0
                          }
                        ],
                        "Plans": [
                          {
                            "Node Type": "Seq Scan",
                            "Parent Relationship": "Outer",
                            "Parallel Aware": true,
                            "Async Capable": false,
                            "Relation Name": "lineitem",
                            "Alias": "lineitem",
                            "Startup Cost": 0.0,
                            "Total Cost": 15361.58,
                            "Plan Rows": 9525,
                            "Plan Width": 16,
                            "Actual Startup Time": 0.03,
                            "Actual Total Time": 45.738,
                            "Actual Rows": 7605,
                            "Actual Loops": 3,
                            "Filter": "((l_shipdate >= '1996-09-01'::date) AND (l_shipdate < '1996-12-01 00:00:00'::timestamp without time zone))",
                            "Rows Removed by Filter": 192585,
                            "Workers": []
                          }
                        ]
                      }
                    ]
                  }
                ]
              }
            ]
          }
        ]
      },
      "Planning Time": 0.188,
      "Triggers": [],
      "Execution Time": 114.517
    }
  },
  {
    "query_id": "query15.90",
    "query": "select\n\ts_suppkey,\n\ts_name,\n\ts_address,\n\ts_phone,\n\ttotal_revenue\nfrom\n\tsupplier,\n\trevenue0\nwhere\n\ts_suppkey = supplier_no\n\tand total_revenue = (\n\t\tselect\n\t\t\tmax(total_revenue)\n\t\tfrom\n\t\t\trevenue0\n\t)\norder by\n\ts_suppkey;\n",
    "execution_time": 98.757,
    "plan": {
      "Plan": {
        "Node Type": "Merge Join",
        "Parallel Aware": false,
        "Async Capable": false,
        "Join Type": "Inner",
        "Startup Cost": 33408.74,
        "Total Cost": 33677.21,
        "Plan Rows": 5,
        "Plan Width": 104,
        "Actual Startup Time": 95.748,
        "Actual Total Time": 98.543,
        "Actual Rows": 1,
        "Actual Loops": 1,
        "Inner Unique": true,
        "Merge Cond": "(supplier.s_suppkey = lineitem.l_suppkey)",
        "Plans": [
          {
            "Node Type": "Aggregate",
            "Strategy": "Plain",
            "Partial Mode": "Simple",
            "Parent Relationship": "InitPlan",
            "Subplan Name": "InitPlan 1",
            "Parallel Aware": false,
            "Async Capable": false,
            "Startup Cost": 16789.13,
            "Total Cost": 16789.14,
            "Plan Rows": 1,
            "Plan Width": 32,
            "Actual Startup Time": 47.418,
            "Actual Total Time": 47.935,
            "Actual Rows": 1,
            "Actual Loops": 1,
            "Plans": [
              {
                "Node Type": "Aggregate",
                "Strategy": "Sorted",
                "Partial Mode": "Finalize",
                "Parent Relationship": "Outer",
                "Parallel Aware": false,
                "Async Capable": false,
                "Startup Cost": 16515.78,
                "Total Cost": 16776.63,
                "Plan Rows": 1000,
                "Plan Width": 36,
                "Actual Startup Time": 45.704,
                "Actual Total Time": 47.878,
                "Actual Rows": 1000,
                "Actual Loops": 1,
                "Group Key": [
                  "lineitem_1.l_suppkey"
                ],
                "Plans": [
                  {
                    "Node Type": "Gather Merge",
                    "Parent Relationship": "Outer",
                    "Parallel Aware": false,
                    "Async Capable": false,
                    "Startup Cost": 16515.78,
                    "Total Cost": 16749.13,
                    "Plan Rows": 2000,
                    "Plan Width": 36,
                    "Actual Startup Time": 45.693,
                    "Actual Total Time": 46.666,
                    "Actual Rows": 2991,
                    "Actual Loops": 1,
                    "Workers Planned": 2,
                    "Workers Launched": 2,
                    "Plans": [
                      {
                        "Node Type": "Sort",
                        "Parent Relationship": "Outer",
                        "Parallel Aware": false,
                        "Async Capable": false,
                        "Startup Cost": 15515.75,
                        "Total Cost": 15518.25,
                        "Plan Rows": 1000,
                        "Plan Width": 36,
                        "Actual Startup Time": 41.389,
                        "Actual Total Time": 41.431,
                        "Actual Rows": 997,
                        "Actual Loops": 3,
                        "Sort Key": [
                          "lineitem_1.l_suppkey"
                        ],
                        "Sort Method": "quicksort",
                        "Sort Space Used": 110,
                        "Sort Space Type": "Memory",
                        "Workers": [
                          {
                            "Worker Number": 0,
                            "Sort Method": "quicksort",
                            "Sort Space Used": 110,
                            "Sort Space Type": "Memory"
                          },
                          {
                            "Worker Number": 1,
                            "Sort Method": "quicksort",
                            "Sort Space Used": 110,
                            "Sort Space Type": "Memory"
                          }
                        ],
                        "Plans": [
                          {
                            "Node Type": "Aggregate",
                            "Strategy": "Hashed",
                            "Partial Mode": "Partial",
                            "Parent Relationship": "Outer",
                            "Parallel Aware": false,
                            "Async Capable": false,
                            "Startup Cost": 15453.43,
                            "Total Cost": 15465.93,
                            "Plan Rows": 1000,
                            "Plan Width": 36,
                            "Actual Startup Time": 40.826,
                            "Actual Total Time": 41.164,
                            "Actual Rows": 997,
                            "Actual Loops": 3,
                            "Group Key": [
                              "lineitem_1.l_suppkey"
                            ],
                            "Planned Partitions": 0,
                            "HashAgg Batches": 1,
                            "Peak Memory Usage": 577,
                            "Disk Usage": 0,
                            "Workers": [
                              {
                                "Worker Number": 0,
                                "HashAgg Batches": 1,
                                "Peak Memory Usage": 577,
                                "Disk Usage": 0
                              },
                              {
                                "Worker Number": 1,
                                "HashAgg Batches": 1,
                                "Peak Memory Usage": 577,
                                "Disk Usage": 0
                              }
                            ],
                            "Plans": [
                              {
                                "Node Type": "Seq Scan",
                                "Parent Relationship": "Outer",
                                "Parallel Aware": true,
                                "Async Capable": false,
                                "Relation Name": "lineitem",
                                "Alias": "lineitem_1",
                                "Startup Cost": 0.0,
                                "Total Cost": 15361.58,
                                "Plan Rows": 9185,
                                "Plan Width": 16,
                                "Actual Startup Time": 0.032,
                                "Actual Total Time": 36.884,
                                "Actual Rows": 7448,
                                "Actual Loops": 3,
                                "Filter": "((l_shipdate >= '1996-04-01'::date) AND (l_shipdate < '1996-07-01 00:00:00'::timestamp without time zone))",
                                "Rows Removed by Filter": 192743,
                                "Workers": []
                              }
                            ]
                          }
                        ]
                      }
                    ]
                  }
                ]
              }
            ]
          },
          {
            "Node Type": "Sort",
            "Parent Relationship": "Outer",
            "Parallel Aware": false,
            "Async Capable": false,
            "Startup Cost": 103.83,
            "Total Cost": 106.33,
            "Plan Rows": 1000,
            "Plan Width": 72,
            "Actual Startup Time": 0.892,
            "Actual Total Time": 0.96,
            "Actual Rows": 457,
            "Actual Loops": 1,
            "Sort Key": [
              "supplier.s_suppkey"
            ],
            "Sort Method": "quicksort",
            "Sort Space Used": 114,
            "Sort Space Type": "Memory",
            "Plans": [
              {
                "Node Type": "Seq Scan",
                "Parent Relationship": "Outer",
                "Parallel Aware": false,
                "Async Capable": false,
                "Relation Name": "supplier",
                "Alias": "supplier",
                "Startup Cost": 0.0,
                "Total Cost": 54.0,
                "Plan Rows": 1000,
                "Plan Width": 72,
                "Actual Startup Time": 0.015,
                "Actual Total Time": 0.504,
                "Actual Rows": 1000,
                "Actual Loops": 1
              }
            ]
          },
          {
            "Node Type": "Aggregate",
            "Strategy": "Sorted",
            "Partial Mode": "Finalize",
            "Parent Relationship": "Inner",
            "Parallel Aware": false,
            "Async Capable": false,
            "Startup Cost": 16515.78,
            "Total Cost": 16779.13,
            "Plan Rows": 5,
            "Plan Width": 36,
            "Actual Startup Time": 94.738,
            "Actual Total Time": 97.014,
            "Actual Rows": 1,
            "Actual Loops": 1,
            "Group Key": [
              "lineitem.l_suppkey"
            ],
            "Filter": "(sum((lineitem.l_extendedprice * ('1'::numeric - lineitem.l_discount))) = (InitPlan 1).col1)",
            "Rows Removed by Filter": 999,
            "Plans": [
              {
                "Node Type": "Gather Merge",
                "Parent Relationship": "Outer",
                "Parallel Aware": false,
                "Async Capable": false,
                "Startup Cost": 16515.78,
                "Total Cost": 16749.13,
                "Plan Rows": 2000,
                "Plan Width": 36,
                "Actual Startup Time": 46.332,
                "Actual Total Time": 48.396,
                "Actual Rows": 2994,
                "Actual Loops": 1,
                "Workers Planned": 2,
                "Workers Launched": 2,
                "Plans": [
                  {
                    "Node Type": "Sort",
                    "Parent Relationship": "Outer",
                    "Parallel Aware": false,
                    "Async Capable": false,
                    "Startup Cost": 15515.75,
                    "Total Cost": 15518.25,
                    "Plan Rows": 1000,
                    "Plan Width": 36,
                    "Actual Startup Time": 42.538,
                    "Actual Total Time": 42.66,
                    "Actual Rows": 998,
                    "Actual Loops": 3,
                    "Sort Key": [
                      "lineitem.l_suppkey"
                    ],
                    "Sort Method": "quicksort",
                    "Sort Space Used": 110,
                    "Sort Space Type": "Memory",
                    "Workers": [
                      {
                        "Worker Number": 0,
                        "Sort Method": "quicksort",
                        "Sort Space Used": 110,
                        "Sort Space Type": "Memory"
                      },
                      {
                        "Worker Number": 1,
                        "Sort Method": "quicksort",
                        "Sort Space Used": 110,
                        "Sort Space Type": "Memory"
                      }
                    ],
                    "Plans": [
                      {
                        "Node Type": "Aggregate",
                        "Strategy": "Hashed",
                        "Partial Mode": "Partial",
                        "Parent Relationship": "Outer",
                        "Parallel Aware": false,
                        "Async Capable": false,
                        "Startup Cost": 15453.43,
                        "Total Cost": 15465.93,
                        "Plan Rows": 1000,
                        "Plan Width": 36,
                        "Actual Startup Time": 41.939,
                        "Actual Total Time": 42.322,
                        "Actual Rows": 998,
                        "Actual Loops": 3,
                        "Group Key": [
                          "lineitem.l_suppkey"
                        ],
                        "Planned Partitions": 0,
                        "HashAgg Batches": 1,
                        "Peak Memory Usage": 577,
                        "Disk Usage": 0,
                        "Workers": [
                          {
                            "Worker Number": 0,
                            "HashAgg Batches": 1,
                            "Peak Memory Usage": 577,
                            "Disk Usage": 0
                          },
                          {
                            "Worker Number": 1,
                            "HashAgg Batches": 1,
                            "Peak Memory Usage": 577,
                            "Disk Usage": 0
                          }
                        ],
                        "Plans": [
                          {
                            "Node Type": "Seq Scan",
                            "Parent Relationship": "Outer",
                            "Parallel Aware": true,
                            "Async Capable": false,
                            "Relation Name": "lineitem",
                            "Alias": "lineitem",
                            "Startup Cost": 0.0,
                            "Total Cost": 15361.58,
                            "Plan Rows": 9185,
                            "Plan Width": 16,
                            "Actual Startup Time": 0.012,
                            "Actual Total Time": 37.886,
                            "Actual Rows": 7448,
                            "Actual Loops": 3,
                            "Filter": "((l_shipdate >= '1996-04-01'::date) AND (l_shipdate < '1996-07-01 00:00:00'::timestamp without time zone))",
                            "Rows Removed by Filter": 192743,
                            "Workers": []
                          }
                        ]
                      }
                    ]
                  }
                ]
              }
            ]
          }
        ]
      },
      "Planning Time": 0.423,
      "Triggers": [],
      "Execution Time": 98.757
    }
  },
  {
    "query_id": "query15.91",
    "query": "select\n\ts_suppkey,\n\ts_name,\n\ts_address,\n\ts_phone,\n\ttotal_revenue\nfrom\n\tsupplier,\n\trevenue0\nwhere\n\ts_suppkey = supplier_no\n\tand total_revenue = (\n\t\tselect\n\t\t\tmax(total_revenue)\n\t\tfrom\n\t\t\trevenue0\n\t)\norder by\n\ts_suppkey;\n",
    "execution_time": 106.853,
    "plan": {
      "Plan": {
        "Node Type": "Merge Join",
        "Parallel Aware": false,
        "Async Capable": false,
        "Join Type": "Inner",
        "Startup Cost": 33410.12,
        "Total Cost": 33678.59,
        "Plan Rows": 5,
        "Plan Width": 104,
        "Actual Startup Time": 103.169,
        "Actual Total Time": 106.639,
        "Actual Rows": 1,
        "Actual Loops": 1,
        "Inner Unique": true,
        "Merge Cond": "(supplier.s_suppkey = lineitem.l_suppkey)",
        "Plans": [
          {
            "Node Type": "Aggregate",
            "Strategy": "Plain",
            "Partial Mode": "Simple",
            "Parent Relationship": "InitPlan",
            "Subplan Name": "InitPlan 1",
            "Parallel Aware": false,
            "Async Capable": false,
            "Startup Cost": 16789.82,
            "Total Cost": 16789.83,
            "Plan Rows": 1,
            "Plan Width": 32,
            "Actual Startup Time": 56.893,
            "Actual Total Time": 58.146,
            "Actual Rows": 1,
            "Actual Loops": 1,
            "Plans": [
              {
                "Node Type": "Aggregate",
                "Strategy": "Sorted",
                "Partial Mode": "Finalize",
                "Parent Relationship": "Outer",
                "Parallel Aware": false,
                "Async Capable": false,
                "Startup Cost": 16516.47,
                "Total Cost": 16777.32,
                "Plan Rows": 1000,
                "Plan Width": 36,
                "Actual Startup Time": 54.382,
                "Actual Total Time": 58.055,
                "Actual Rows": 1000,
                "Actual Loops": 1,
                "Group Key": [
                  "lineitem_1.l_suppkey"
                ],
                "Plans": [
                  {
                    "Node Type": "Gather Merge",
                    "Parent Relationship": "Outer",
                    "Parallel Aware": false,
                    "Async Capable": false,
                    "Startup Cost": 16516.47,
                    "Total Cost": 16749.82,
                    "Plan Rows": 2000,
                    "Plan Width": 36,
                    "Actual Startup Time": 54.359,
                    "Actual Total Time": 56.362,
                    "Actual Rows": 2996,
                    "Actual Loops": 1,
                    "Workers Planned": 2,
                    "Workers Launched": 2,
                    "Plans": [
                      {
                        "Node Type": "Sort",
                        "Parent Relationship": "Outer",
                        "Parallel Aware": false,
                        "Async Capable": false,
                        "Startup Cost": 15516.44,
                        "Total Cost": 15518.94,
                        "Plan Rows": 1000,
                        "Plan Width": 36,
                        "Actual Startup Time": 50.725,
                        "Actual Total Time": 50.801,
                        "Actual Rows": 999,
                        "Actual Loops": 3,
                        "Sort Key": [
                          "lineitem_1.l_suppkey"
                        ],
                        "Sort Method": "quicksort",
                        "Sort Space Used": 110,
                        "Sort Space Type": "Memory",
                        "Workers": [
                          {
                            "Worker Number": 0,
                            "Sort Method": "quicksort",
                            "Sort Space Used": 110,
                            "Sort Space Type": "Memory"
                          },
                          {
                            "Worker Number": 1,
                            "Sort Method": "quicksort",
                            "Sort Space Used": 110,
                            "Sort Space Type": "Memory"
                          }
                        ],
                        "Plans": [
                          {
                            "Node Type": "Aggregate",
                            "Strategy": "Hashed",
                            "Partial Mode": "Partial",
                            "Parent Relationship": "Outer",
                            "Parallel Aware": false,
                            "Async Capable": false,
                            "Startup Cost": 15454.12,
                            "Total Cost": 15466.62,
                            "Plan Rows": 1000,
                            "Plan Width": 36,
                            "Actual Startup Time": 49.89,
                            "Actual Total Time": 50.431,
                            "Actual Rows": 999,
                            "Actual Loops": 3,
                            "Group Key": [
                              "lineitem_1.l_suppkey"
                            ],
                            "Planned Partitions": 0,
                            "HashAgg Batches": 1,
                            "Peak Memory Usage": 577,
                            "Disk Usage": 0,
                            "Workers": [
                              {
                                "Worker Number": 0,
                                "HashAgg Batches": 1,
                                "Peak Memory Usage": 577,
                                "Disk Usage": 0
                              },
                              {
                                "Worker Number": 1,
                                "HashAgg Batches": 1,
                                "Peak Memory Usage": 577,
                                "Disk Usage": 0
                              }
                            ],
                            "Plans": [
                              {
                                "Node Type": "Seq Scan",
                                "Parent Relationship": "Outer",
                                "Parallel Aware": true,
                                "Async Capable": false,
                                "Relation Name": "lineitem",
                                "Alias": "lineitem_1",
                                "Startup Cost": 0.0,
                                "Total Cost": 15361.58,
                                "Plan Rows": 9254,
                                "Plan Width": 16,
                                "Actual Startup Time": 0.015,
                                "Actual Total Time": 45.414,
                                "Actual Rows": 7465,
                                "Actual Loops": 3,
                                "Filter": "((l_shipdate >= '1993-12-01'::date) AND (l_shipdate < '1994-03-01 00:00:00'::timestamp without time zone))",
                                "Rows Removed by Filter": 192726,
                                "Workers": []
                              }
                            ]
                          }
                        ]
                      }
                    ]
                  }
                ]
              }
            ]
          },
          {
            "Node Type": "Sort",
            "Parent Relationship": "Outer",
            "Parallel Aware": false,
            "Async Capable": false,
            "Startup Cost": 103.83,
            "Total Cost": 106.33,
            "Plan Rows": 1000,
            "Plan Width": 72,
            "Actual Startup Time": 0.557,
            "Actual Total Time": 0.676,
            "Actual Rows": 447,
            "Actual Loops": 1,
            "Sort Key": [
              "supplier.s_suppkey"
            ],
            "Sort Method": "quicksort",
            "Sort Space Used": 114,
            "Sort Space Type": "Memory",
            "Plans": [
              {
                "Node Type": "Seq Scan",
                "Parent Relationship": "Outer",
                "Parallel Aware": false,
                "Async Capable": false,
                "Relation Name": "supplier",
                "Alias": "supplier",
                "Startup Cost": 0.0,
                "Total Cost": 54.0,
                "Plan Rows": 1000,
                "Plan Width": 72,
                "Actual Startup Time": 0.014,
                "Actual Total Time": 0.328,
                "Actual Rows": 1000,
                "Actual Loops": 1
              }
            ]
          },
          {
            "Node Type": "Aggregate",
            "Strategy": "Sorted",
            "Partial Mode": "Finalize",
            "Parent Relationship": "Inner",
            "Parallel Aware": false,
            "Async Capable": false,
            "Startup Cost": 16516.47,
            "Total Cost": 16779.82,
            "Plan Rows": 5,
            "Plan Width": 36,
            "Actual Startup Time": 102.436,
            "Actual Total Time": 104.65,
            "Actual Rows": 1,
            "Actual Loops": 1,
            "Group Key": [
              "lineitem.l_suppkey"
            ],
            "Filter": "(sum((lineitem.l_extendedprice * ('1'::numeric - lineitem.l_discount))) = (InitPlan 1).col1)",
            "Rows Removed by Filter": 999,
            "Plans": [
              {
                "Node Type": "Gather Merge",
                "Parent Relationship": "Outer",
                "Parallel Aware": false,
                "Async Capable": false,
                "Startup Cost": 16516.47,
                "Total Cost": 16749.82,
                "Plan Rows": 2000,
                "Plan Width": 36,
                "Actual Startup Time": 44.459,
                "Actual Total Time": 46.382,
                "Actual Rows": 2996,
                "Actual Loops": 1,
                "Workers Planned": 2,
                "Workers Launched": 2,
                "Plans": [
                  {
                    "Node Type": "Sort",
                    "Parent Relationship": "Outer",
                    "Parallel Aware": false,
                    "Async Capable": false,
                    "Startup Cost": 15516.44,
                    "Total Cost": 15518.94,
                    "Plan Rows": 1000,
                    "Plan Width": 36,
                    "Actual Startup Time": 40.838,
                    "Actual Total Time": 40.97,
                    "Actual Rows": 999,
                    "Actual Loops": 3,
                    "Sort Key": [
                      "lineitem.l_suppkey"
                    ],
                    "Sort Method": "quicksort",
                    "Sort Space Used": 110,
                    "Sort Space Type": "Memory",
                    "Workers": [
                      {
                        "Worker Number": 0,
                        "Sort Method": "quicksort",
                        "Sort Space Used": 110,
                        "Sort Space Type": "Memory"
                      },
                      {
                        "Worker Number": 1,
                        "Sort Method": "quicksort",
                        "Sort Space Used": 110,
                        "Sort Space Type": "Memory"
                      }
                    ],
                    "Plans": [
                      {
                        "Node Type": "Aggregate",
                        "Strategy": "Hashed",
                        "Partial Mode": "Partial",
                        "Parent Relationship": "Outer",
                        "Parallel Aware": false,
                        "Async Capable": false,
                        "Startup Cost": 15454.12,
                        "Total Cost": 15466.62,
                        "Plan Rows": 1000,
                        "Plan Width": 36,
                        "Actual Startup Time": 40.303,
                        "Actual Total Time": 40.639,
                        "Actual Rows": 999,
                        "Actual Loops": 3,
                        "Group Key": [
                          "lineitem.l_suppkey"
                        ],
                        "Planned Partitions": 0,
                        "HashAgg Batches": 1,
                        "Peak Memory Usage": 577,
                        "Disk Usage": 0,
                        "Workers": [
                          {
                            "Worker Number": 0,
                            "HashAgg Batches": 1,
                            "Peak Memory Usage": 577,
                            "Disk Usage": 0
                          },
                          {
                            "Worker Number": 1,
                            "HashAgg Batches": 1,
                            "Peak Memory Usage": 577,
                            "Disk Usage": 0
                          }
                        ],
                        "Plans": [
                          {
                            "Node Type": "Seq Scan",
                            "Parent Relationship": "Outer",
                            "Parallel Aware": true,
                            "Async Capable": false,
                            "Relation Name": "lineitem",
                            "Alias": "lineitem",
                            "Startup Cost": 0.0,
                            "Total Cost": 15361.58,
                            "Plan Rows": 9254,
                            "Plan Width": 16,
                            "Actual Startup Time": 0.018,
                            "Actual Total Time": 36.177,
                            "Actual Rows": 7465,
                            "Actual Loops": 3,
                            "Filter": "((l_shipdate >= '1993-12-01'::date) AND (l_shipdate < '1994-03-01 00:00:00'::timestamp without time zone))",
                            "Rows Removed by Filter": 192726,
                            "Workers": []
                          }
                        ]
                      }
                    ]
                  }
                ]
              }
            ]
          }
        ]
      },
      "Planning Time": 0.35,
      "Triggers": [],
      "Execution Time": 106.853
    }
  },
  {
    "query_id": "query15.92",
    "query": "select\n\ts_suppkey,\n\ts_name,\n\ts_address,\n\ts_phone,\n\ttotal_revenue\nfrom\n\tsupplier,\n\trevenue0\nwhere\n\ts_suppkey = supplier_no\n\tand total_revenue = (\n\t\tselect\n\t\t\tmax(total_revenue)\n\t\tfrom\n\t\t\trevenue0\n\t)\norder by\n\ts_suppkey;\n",
    "execution_time": 118.863,
    "plan": {
      "Plan": {
        "Node Type": "Merge Join",
        "Parallel Aware": false,
        "Async Capable": false,
        "Join Type": "Inner",
        "Startup Cost": 33417.54,
        "Total Cost": 33686.01,
        "Plan Rows": 5,
        "Plan Width": 104,
        "Actual Startup Time": 116.678,
        "Actual Total Time": 118.713,
        "Actual Rows": 1,
        "Actual Loops": 1,
        "Inner Unique": true,
        "Merge Cond": "(supplier.s_suppkey = lineitem.l_suppkey)",
        "Plans": [
          {
            "Node Type": "Aggregate",
            "Strategy": "Plain",
            "Partial Mode": "Simple",
            "Parent Relationship": "InitPlan",
            "Subplan Name": "InitPlan 1",
            "Parallel Aware": false,
            "Async Capable": false,
            "Startup Cost": 16793.53,
            "Total Cost": 16793.54,
            "Plan Rows": 1,
            "Plan Width": 32,
            "Actual Startup Time": 54.797,
            "Actual Total Time": 55.347,
            "Actual Rows": 1,
            "Actual Loops": 1,
            "Plans": [
              {
                "Node Type": "Aggregate",
                "Strategy": "Sorted",
                "Partial Mode": "Finalize",
                "Parent Relationship": "Outer",
                "Parallel Aware": false,
                "Async Capable": false,
                "Startup Cost": 16520.18,
                "Total Cost": 16781.03,
                "Plan Rows": 1000,
                "Plan Width": 36,
                "Actual Startup Time": 52.613,
                "Actual Total Time": 55.278,
                "Actual Rows": 1000,
                "Actual Loops": 1,
                "Group Key": [
                  "lineitem_1.l_suppkey"
                ],
                "Plans": [
                  {
                    "Node Type": "Gather Merge",
                    "Parent Relationship": "Outer",
                    "Parallel Aware": false,
                    "Async Capable": false,
                    "Startup Cost": 16520.18,
                    "Total Cost": 16753.53,
                    "Plan Rows": 2000,
                    "Plan Width": 36,
                    "Actual Startup Time": 52.599,
                    "Actual Total Time": 53.722,
                    "Actual Rows": 2997,
                    "Actual Loops": 1,
                    "Workers Planned": 2,
                    "Workers Launched": 2,
                    "Plans": [
                      {
                        "Node Type": "Sort",
                        "Parent Relationship": "Outer",
                        "Parallel Aware": false,
                        "Async Capable": false,
                        "Startup Cost": 15520.15,
                        "Total Cost": 15522.65,
                        "Plan Rows": 1000,
                        "Plan Width": 36,
                        "Actual Startup Time": 49.156,
                        "Actual Total Time": 49.216,
                        "Actual Rows": 999,
                        "Actual Loops": 3,
                        "Sort Key": [
                          "lineitem_1.l_suppkey"
                        ],
                        "Sort Method": "quicksort",
                        "Sort Space Used": 110,
                        "Sort Space Type": "Memory",
                        "Workers": [
                          {
                            "Worker Number": 0,
                            "Sort Method": "quicksort",
                            "Sort Space Used": 110,
                            "Sort Space Type": "Memory"
                          },
                          {
                            "Worker Number": 1,
                            "Sort Method": "quicksort",
                            "Sort Space Used": 110,
                            "Sort Space Type": "Memory"
                          }
                        ],
                        "Plans": [
                          {
                            "Node Type": "Aggregate",
                            "Strategy": "Hashed",
                            "Partial Mode": "Partial",
                            "Parent Relationship": "Outer",
                            "Parallel Aware": false,
                            "Async Capable": false,
                            "Startup Cost": 15457.83,
                            "Total Cost": 15470.33,
                            "Plan Rows": 1000,
                            "Plan Width": 36,
                            "Actual Startup Time": 48.453,
                            "Actual Total Time": 48.892,
                            "Actual Rows": 999,
                            "Actual Loops": 3,
                            "Group Key": [
                              "lineitem_1.l_suppkey"
                            ],
                            "Planned Partitions": 0,
                            "HashAgg Batches": 1,
                            "Peak Memory Usage": 577,
                            "Disk Usage": 0,
                            "Workers": [
                              {
                                "Worker Number": 0,
                                "HashAgg Batches": 1,
                                "Peak Memory Usage": 577,
                                "Disk Usage": 0
                              },
                              {
                                "Worker Number": 1,
                                "HashAgg Batches": 1,
                                "Peak Memory Usage": 577,
                                "Disk Usage": 0
                              }
                            ],
                            "Plans": [
                              {
                                "Node Type": "Seq Scan",
                                "Parent Relationship": "Outer",
                                "Parallel Aware": true,
                                "Async Capable": false,
                                "Relation Name": "lineitem",
                                "Alias": "lineitem_1",
                                "Startup Cost": 0.0,
                                "Total Cost": 15361.58,
                                "Plan Rows": 9625,
                                "Plan Width": 16,
                                "Actual Startup Time": 0.021,
                                "Actual Total Time": 43.954,
                                "Actual Rows": 7594,
                                "Actual Loops": 3,
                                "Filter": "((l_shipdate >= '1996-07-01'::date) AND (l_shipdate < '1996-10-01 00:00:00'::timestamp without time zone))",
                                "Rows Removed by Filter": 192596,
                                "Workers": []
                              }
                            ]
                          }
                        ]
                      }
                    ]
                  }
                ]
              }
            ]
          },
          {
            "Node Type": "Sort",
            "Parent Relationship": "Outer",
            "Parallel Aware": false,
            "Async Capable": false,
            "Startup Cost": 103.83,
            "Total Cost": 106.33,
            "Plan Rows": 1000,
            "Plan Width": 72,
            "Actual Startup Time": 0.403,
            "Actual Total Time": 0.441,
            "Actual Rows": 907,
            "Actual Loops": 1,
            "Sort Key": [
              "supplier.s_suppkey"
            ],
            "Sort Method": "quicksort",
            "Sort Space Used": 114,
            "Sort Space Type": "Memory",
            "Plans": [
              {
                "Node Type": "Seq Scan",
                "Parent Relationship": "Outer",
                "Parallel Aware": false,
                "Async Capable": false,
                "Relation Name": "supplier",
                "Alias": "supplier",
                "Startup Cost": 0.0,
                "Total Cost": 54.0,
                "Plan Rows": 1000,
                "Plan Width": 72,
                "Actual Startup Time": 0.014,
                "Actual Total Time": 0.243,
                "Actual Rows": 1000,
                "Actual Loops": 1
              }
            ]
          },
          {
            "Node Type": "Aggregate",
            "Strategy": "Sorted",
            "Partial Mode": "Finalize",
            "Parent Relationship": "Inner",
            "Parallel Aware": false,
            "Async Capable": false,
            "Startup Cost": 16520.18,
            "Total Cost": 16783.53,
            "Plan Rows": 5,
            "Plan Width": 36,
            "Actual Startup Time": 116.181,
            "Actual Total Time": 117.663,
            "Actual Rows": 1,
            "Actual Loops": 1,
            "Group Key": [
              "lineitem.l_suppkey"
            ],
            "Filter": "(sum((lineitem.l_extendedprice * ('1'::numeric - lineitem.l_discount))) = (InitPlan 1).col1)",
            "Rows Removed by Filter": 999,
            "Plans": [
              {
                "Node Type": "Gather Merge",
                "Parent Relationship": "Outer",
                "Parallel Aware": false,
                "Async Capable": false,
                "Startup Cost": 16520.18,
                "Total Cost": 16753.53,
                "Plan Rows": 2000,
                "Plan Width": 36,
                "Actual Startup Time": 59.795,
                "Actual Total Time": 61.632,
                "Actual Rows": 2996,
                "Actual Loops": 1,
                "Workers Planned": 2,
                "Workers Launched": 2,
                "Plans": [
                  {
                    "Node Type": "Sort",
                    "Parent Relationship": "Outer",
                    "Parallel Aware": false,
                    "Async Capable": false,
                    "Startup Cost": 15520.15,
                    "Total Cost": 15522.65,
                    "Plan Rows": 1000,
                    "Plan Width": 36,
                    "Actual Startup Time": 55.471,
                    "Actual Total Time": 55.581,
                    "Actual Rows": 999,
                    "Actual Loops": 3,
                    "Sort Key": [
                      "lineitem.l_suppkey"
                    ],
                    "Sort Method": "quicksort",
                    "Sort Space Used": 110,
                    "Sort Space Type": "Memory",
                    "Workers": [
                      {
                        "Worker Number": 0,
                        "Sort Method": "quicksort",
                        "Sort Space Used": 110,
                        "Sort Space Type": "Memory"
                      },
                      {
                        "Worker Number": 1,
                        "Sort Method": "quicksort",
                        "Sort Space Used": 110,
                        "Sort Space Type": "Memory"
                      }
                    ],
                    "Plans": [
                      {
                        "Node Type": "Aggregate",
                        "Strategy": "Hashed",
                        "Partial Mode": "Partial",
                        "Parent Relationship": "Outer",
                        "Parallel Aware": false,
                        "Async Capable": false,
                        "Startup Cost": 15457.83,
                        "Total Cost": 15470.33,
                        "Plan Rows": 1000,
                        "Plan Width": 36,
                        "Actual Startup Time": 54.569,
                        "Actual Total Time": 55.15,
                        "Actual Rows": 999,
                        "Actual Loops": 3,
                        "Group Key": [
                          "lineitem.l_suppkey"
                        ],
                        "Planned Partitions": 0,
                        "HashAgg Batches": 1,
                        "Peak Memory Usage": 577,
                        "Disk Usage": 0,
                        "Workers": [
                          {
                            "Worker Number": 0,
                            "HashAgg Batches": 1,
                            "Peak Memory Usage": 577,
                            "Disk Usage": 0
                          },
                          {
                            "Worker Number": 1,
                            "HashAgg Batches": 1,
                            "Peak Memory Usage": 577,
                            "Disk Usage": 0
                          }
                        ],
                        "Plans": [
                          {
                            "Node Type": "Seq Scan",
                            "Parent Relationship": "Outer",
                            "Parallel Aware": true,
                            "Async Capable": false,
                            "Relation Name": "lineitem",
                            "Alias": "lineitem",
                            "Startup Cost": 0.0,
                            "Total Cost": 15361.58,
                            "Plan Rows": 9625,
                            "Plan Width": 16,
                            "Actual Startup Time": 0.028,
                            "Actual Total Time": 49.638,
                            "Actual Rows": 7594,
                            "Actual Loops": 3,
                            "Filter": "((l_shipdate >= '1996-07-01'::date) AND (l_shipdate < '1996-10-01 00:00:00'::timestamp without time zone))",
                            "Rows Removed by Filter": 192596,
                            "Workers": []
                          }
                        ]
                      }
                    ]
                  }
                ]
              }
            ]
          }
        ]
      },
      "Planning Time": 0.344,
      "Triggers": [],
      "Execution Time": 118.863
    }
  },
  {
    "query_id": "query15.93",
    "query": "select\n\ts_suppkey,\n\ts_name,\n\ts_address,\n\ts_phone,\n\ttotal_revenue\nfrom\n\tsupplier,\n\trevenue0\nwhere\n\ts_suppkey = supplier_no\n\tand total_revenue = (\n\t\tselect\n\t\t\tmax(total_revenue)\n\t\tfrom\n\t\t\trevenue0\n\t)\norder by\n\ts_suppkey;\n",
    "execution_time": 113.642,
    "plan": {
      "Plan": {
        "Node Type": "Merge Join",
        "Parallel Aware": false,
        "Async Capable": false,
        "Join Type": "Inner",
        "Startup Cost": 33410.12,
        "Total Cost": 33678.59,
        "Plan Rows": 5,
        "Plan Width": 104,
        "Actual Startup Time": 109.622,
        "Actual Total Time": 113.462,
        "Actual Rows": 1,
        "Actual Loops": 1,
        "Inner Unique": true,
        "Merge Cond": "(supplier.s_suppkey = lineitem.l_suppkey)",
        "Plans": [
          {
            "Node Type": "Aggregate",
            "Strategy": "Plain",
            "Partial Mode": "Simple",
            "Parent Relationship": "InitPlan",
            "Subplan Name": "InitPlan 1",
            "Parallel Aware": false,
            "Async Capable": false,
            "Startup Cost": 16789.82,
            "Total Cost": 16789.83,
            "Plan Rows": 1,
            "Plan Width": 32,
            "Actual Startup Time": 41.961,
            "Actual Total Time": 42.068,
            "Actual Rows": 1,
            "Actual Loops": 1,
            "Plans": [
              {
                "Node Type": "Aggregate",
                "Strategy": "Sorted",
                "Partial Mode": "Finalize",
                "Parent Relationship": "Outer",
                "Parallel Aware": false,
                "Async Capable": false,
                "Startup Cost": 16516.47,
                "Total Cost": 16777.32,
                "Plan Rows": 1000,
                "Plan Width": 36,
                "Actual Startup Time": 40.287,
                "Actual Total Time": 42.013,
                "Actual Rows": 1000,
                "Actual Loops": 1,
                "Group Key": [
                  "lineitem_1.l_suppkey"
                ],
                "Plans": [
                  {
                    "Node Type": "Gather Merge",
                    "Parent Relationship": "Outer",
                    "Parallel Aware": false,
                    "Async Capable": false,
                    "Startup Cost": 16516.47,
                    "Total Cost": 16749.82,
                    "Plan Rows": 2000,
                    "Plan Width": 36,
                    "Actual Startup Time": 40.277,
                    "Actual Total Time": 40.835,
                    "Actual Rows": 2990,
                    "Actual Loops": 1,
                    "Workers Planned": 2,
                    "Workers Launched": 2,
                    "Plans": [
                      {
                        "Node Type": "Sort",
                        "Parent Relationship": "Outer",
                        "Parallel Aware": false,
                        "Async Capable": false,
                        "Startup Cost": 15516.44,
                        "Total Cost": 15518.94,
                        "Plan Rows": 1000,
                        "Plan Width": 36,
                        "Actual Startup Time": 37.049,
                        "Actual Total Time": 37.099,
                        "Actual Rows": 997,
                        "Actual Loops": 3,
                        "Sort Key": [
                          "lineitem_1.l_suppkey"
                        ],
                        "Sort Method": "quicksort",
                        "Sort Space Used": 110,
                        "Sort Space Type": "Memory",
                        "Workers": [
                          {
                            "Worker Number": 0,
                            "Sort Method": "quicksort",
                            "Sort Space Used": 110,
                            "Sort Space Type": "Memory"
                          },
                          {
                            "Worker Number": 1,
                            "Sort Method": "quicksort",
                            "Sort Space Used": 110,
                            "Sort Space Type": "Memory"
                          }
                        ],
                        "Plans": [
                          {
                            "Node Type": "Aggregate",
                            "Strategy": "Hashed",
                            "Partial Mode": "Partial",
                            "Parent Relationship": "Outer",
                            "Parallel Aware": false,
                            "Async Capable": false,
                            "Startup Cost": 15454.12,
                            "Total Cost": 15466.62,
                            "Plan Rows": 1000,
                            "Plan Width": 36,
                            "Actual Startup Time": 36.491,
                            "Actual Total Time": 36.826,
                            "Actual Rows": 997,
                            "Actual Loops": 3,
                            "Group Key": [
                              "lineitem_1.l_suppkey"
                            ],
                            "Planned Partitions": 0,
                            "HashAgg Batches": 1,
                            "Peak Memory Usage": 577,
                            "Disk Usage": 0,
                            "Workers": [
                              {
                                "Worker Number": 0,
                                "HashAgg Batches": 1,
                                "Peak Memory Usage": 577,
                                "Disk Usage": 0
                              },
                              {
                                "Worker Number": 1,
                                "HashAgg Batches": 1,
                                "Peak Memory Usage": 577,
                                "Disk Usage": 0
                              }
                            ],
                            "Plans": [
                              {
                                "Node Type": "Seq Scan",
                                "Parent Relationship": "Outer",
                                "Parallel Aware": true,
                                "Async Capable": false,
                                "Relation Name": "lineitem",
                                "Alias": "lineitem_1",
                                "Startup Cost": 0.0,
                                "Total Cost": 15361.58,
                                "Plan Rows": 9254,
                                "Plan Width": 16,
                                "Actual Startup Time": 0.018,
                                "Actual Total Time": 32.552,
                                "Actual Rows": 7602,
                                "Actual Loops": 3,
                                "Filter": "((l_shipdate >= '1994-04-01'::date) AND (l_shipdate < '1994-07-01 00:00:00'::timestamp without time zone))",
                                "Rows Removed by Filter": 192588,
                                "Workers": []
                              }
                            ]
                          }
                        ]
                      }
                    ]
                  }
                ]
              }
            ]
          },
          {
            "Node Type": "Sort",
            "Parent Relationship": "Outer",
            "Parallel Aware": false,
            "Async Capable": false,
            "Startup Cost": 103.83,
            "Total Cost": 106.33,
            "Plan Rows": 1000,
            "Plan Width": 72,
            "Actual Startup Time": 0.745,
            "Actual Total Time": 0.771,
            "Actual Rows": 201,
            "Actual Loops": 1,
            "Sort Key": [
              "supplier.s_suppkey"
            ],
            "Sort Method": "quicksort",
            "Sort Space Used": 114,
            "Sort Space Type": "Memory",
            "Plans": [
              {
                "Node Type": "Seq Scan",
                "Parent Relationship": "Outer",
                "Parallel Aware": false,
                "Async Capable": false,
                "Relation Name": "supplier",
                "Alias": "supplier",
                "Startup Cost": 0.0,
                "Total Cost": 54.0,
                "Plan Rows": 1000,
                "Plan Width": 72,
                "Actual Startup Time": 0.014,
                "Actual Total Time": 0.419,
                "Actual Rows": 1000,
                "Actual Loops": 1
              }
            ]
          },
          {
            "Node Type": "Aggregate",
            "Strategy": "Sorted",
            "Partial Mode": "Finalize",
            "Parent Relationship": "Inner",
            "Parallel Aware": false,
            "Async Capable": false,
            "Startup Cost": 16516.47,
            "Total Cost": 16779.82,
            "Plan Rows": 5,
            "Plan Width": 36,
            "Actual Startup Time": 108.811,
            "Actual Total Time": 112.537,
            "Actual Rows": 1,
            "Actual Loops": 1,
            "Group Key": [
              "lineitem.l_suppkey"
            ],
            "Filter": "(sum((lineitem.l_extendedprice * ('1'::numeric - lineitem.l_discount))) = (InitPlan 1).col1)",
            "Rows Removed by Filter": 999,
            "Plans": [
              {
                "Node Type": "Gather Merge",
                "Parent Relationship": "Outer",
                "Parallel Aware": false,
                "Async Capable": false,
                "Startup Cost": 16516.47,
                "Total Cost": 16749.82,
                "Plan Rows": 2000,
                "Plan Width": 36,
                "Actual Startup Time": 66.11,
                "Actual Total Time": 68.498,
                "Actual Rows": 2996,
                "Actual Loops": 1,
                "Workers Planned": 2,
                "Workers Launched": 2,
                "Plans": [
                  {
                    "Node Type": "Sort",
                    "Parent Relationship": "Outer",
                    "Parallel Aware": false,
                    "Async Capable": false,
                    "Startup Cost": 15516.44,
                    "Total Cost": 15518.94,
                    "Plan Rows": 1000,
                    "Plan Width": 36,
                    "Actual Startup Time": 62.327,
                    "Actual Total Time": 62.448,
                    "Actual Rows": 999,
                    "Actual Loops": 3,
                    "Sort Key": [
                      "lineitem.l_suppkey"
                    ],
                    "Sort Method": "quicksort",
                    "Sort Space Used": 110,
                    "Sort Space Type": "Memory",
                    "Workers": [
                      {
                        "Worker Number": 0,
                        "Sort Method": "quicksort",
                        "Sort Space Used": 110,
                        "Sort Space Type": "Memory"
                      },
                      {
                        "Worker Number": 1,
                        "Sort Method": "quicksort",
                        "Sort Space Used": 110,
                        "Sort Space Type": "Memory"
                      }
                    ],
                    "Plans": [
                      {
                        "Node Type": "Aggregate",
                        "Strategy": "Hashed",
                        "Partial Mode": "Partial",
                        "Parent Relationship": "Outer",
                        "Parallel Aware": false,
                        "Async Capable": false,
                        "Startup Cost": 15454.12,
                        "Total Cost": 15466.62,
                        "Plan Rows": 1000,
                        "Plan Width": 36,
                        "Actual Startup Time": 61.575,
                        "Actual Total Time": 62.028,
                        "Actual Rows": 999,
                        "Actual Loops": 3,
                        "Group Key": [
                          "lineitem.l_suppkey"
                        ],
                        "Planned Partitions": 0,
                        "HashAgg Batches": 1,
                        "Peak Memory Usage": 577,
                        "Disk Usage": 0,
                        "Workers": [
                          {
                            "Worker Number": 0,
                            "HashAgg Batches": 1,
                            "Peak Memory Usage": 577,
                            "Disk Usage": 0
                          },
                          {
                            "Worker Number": 1,
                            "HashAgg Batches": 1,
                            "Peak Memory Usage": 577,
                            "Disk Usage": 0
                          }
                        ],
                        "Plans": [
                          {
                            "Node Type": "Seq Scan",
                            "Parent Relationship": "Outer",
                            "Parallel Aware": true,
                            "Async Capable": false,
                            "Relation Name": "lineitem",
                            "Alias": "lineitem",
                            "Startup Cost": 0.0,
                            "Total Cost": 15361.58,
                            "Plan Rows": 9254,
                            "Plan Width": 16,
                            "Actual Startup Time": 0.058,
                            "Actual Total Time": 56.42,
                            "Actual Rows": 7602,
                            "Actual Loops": 3,
                            "Filter": "((l_shipdate >= '1994-04-01'::date) AND (l_shipdate < '1994-07-01 00:00:00'::timestamp without time zone))",
                            "Rows Removed by Filter": 192588,
                            "Workers": []
                          }
                        ]
                      }
                    ]
                  }
                ]
              }
            ]
          }
        ]
      },
      "Planning Time": 0.363,
      "Triggers": [],
      "Execution Time": 113.642
    }
  },
  {
    "query_id": "query15.94",
    "query": "select\n\ts_suppkey,\n\ts_name,\n\ts_address,\n\ts_phone,\n\ttotal_revenue\nfrom\n\tsupplier,\n\trevenue0\nwhere\n\ts_suppkey = supplier_no\n\tand total_revenue = (\n\t\tselect\n\t\t\tmax(total_revenue)\n\t\tfrom\n\t\t\trevenue0\n\t)\norder by\n\ts_suppkey;\n",
    "execution_time": 112.764,
    "plan": {
      "Plan": {
        "Node Type": "Merge Join",
        "Parallel Aware": false,
        "Async Capable": false,
        "Join Type": "Inner",
        "Startup Cost": 33414.78,
        "Total Cost": 33683.25,
        "Plan Rows": 5,
        "Plan Width": 104,
        "Actual Startup Time": 110.508,
        "Actual Total Time": 112.591,
        "Actual Rows": 1,
        "Actual Loops": 1,
        "Inner Unique": true,
        "Merge Cond": "(supplier.s_suppkey = lineitem.l_suppkey)",
        "Plans": [
          {
            "Node Type": "Aggregate",
            "Strategy": "Plain",
            "Partial Mode": "Simple",
            "Parent Relationship": "InitPlan",
            "Subplan Name": "InitPlan 1",
            "Parallel Aware": false,
            "Async Capable": false,
            "Startup Cost": 16792.15,
            "Total Cost": 16792.16,
            "Plan Rows": 1,
            "Plan Width": 32,
            "Actual Startup Time": 51.883,
            "Actual Total Time": 52.915,
            "Actual Rows": 1,
            "Actual Loops": 1,
            "Plans": [
              {
                "Node Type": "Aggregate",
                "Strategy": "Sorted",
                "Partial Mode": "Finalize",
                "Parent Relationship": "Outer",
                "Parallel Aware": false,
                "Async Capable": false,
                "Startup Cost": 16518.8,
                "Total Cost": 16779.65,
                "Plan Rows": 1000,
                "Plan Width": 36,
                "Actual Startup Time": 50.165,
                "Actual Total Time": 52.857,
                "Actual Rows": 1000,
                "Actual Loops": 1,
                "Group Key": [
                  "lineitem_1.l_suppkey"
                ],
                "Plans": [
                  {
                    "Node Type": "Gather Merge",
                    "Parent Relationship": "Outer",
                    "Parallel Aware": false,
                    "Async Capable": false,
                    "Startup Cost": 16518.8,
                    "Total Cost": 16752.15,
                    "Plan Rows": 2000,
                    "Plan Width": 36,
                    "Actual Startup Time": 50.149,
                    "Actual Total Time": 51.684,
                    "Actual Rows": 2997,
                    "Actual Loops": 1,
                    "Workers Planned": 2,
                    "Workers Launched": 2,
                    "Plans": [
                      {
                        "Node Type": "Sort",
                        "Parent Relationship": "Outer",
                        "Parallel Aware": false,
                        "Async Capable": false,
                        "Startup Cost": 15518.77,
                        "Total Cost": 15521.27,
                        "Plan Rows": 1000,
                        "Plan Width": 36,
                        "Actual Startup Time": 46.171,
                        "Actual Total Time": 46.22,
                        "Actual Rows": 999,
                        "Actual Loops": 3,
                        "Sort Key": [
                          "lineitem_1.l_suppkey"
                        ],
                        "Sort Method": "quicksort",
                        "Sort Space Used": 110,
                        "Sort Space Type": "Memory",
                        "Workers": [
                          {
                            "Worker Number": 0,
                            "Sort Method": "quicksort",
                            "Sort Space Used": 110,
                            "Sort Space Type": "Memory"
                          },
                          {
                            "Worker Number": 1,
                            "Sort Method": "quicksort",
                            "Sort Space Used": 110,
                            "Sort Space Type": "Memory"
                          }
                        ],
                        "Plans": [
                          {
                            "Node Type": "Aggregate",
                            "Strategy": "Hashed",
                            "Partial Mode": "Partial",
                            "Parent Relationship": "Outer",
                            "Parallel Aware": false,
                            "Async Capable": false,
                            "Startup Cost": 15456.45,
                            "Total Cost": 15468.95,
                            "Plan Rows": 1000,
                            "Plan Width": 36,
                            "Actual Startup Time": 45.53,
                            "Actual Total Time": 45.923,
                            "Actual Rows": 999,
                            "Actual Loops": 3,
                            "Group Key": [
                              "lineitem_1.l_suppkey"
                            ],
                            "Planned Partitions": 0,
                            "HashAgg Batches": 1,
                            "Peak Memory Usage": 577,
                            "Disk Usage": 0,
                            "Workers": [
                              {
                                "Worker Number": 0,
                                "HashAgg Batches": 1,
                                "Peak Memory Usage": 577,
                                "Disk Usage": 0
                              },
                              {
                                "Worker Number": 1,
                                "HashAgg Batches": 1,
                                "Peak Memory Usage": 577,
                                "Disk Usage": 0
                              }
                            ],
                            "Plans": [
                              {
                                "Node Type": "Seq Scan",
                                "Parent Relationship": "Outer",
                                "Parallel Aware": true,
                                "Async Capable": false,
                                "Relation Name": "lineitem",
                                "Alias": "lineitem_1",
                                "Startup Cost": 0.0,
                                "Total Cost": 15361.58,
                                "Plan Rows": 9487,
                                "Plan Width": 16,
                                "Actual Startup Time": 0.024,
                                "Actual Total Time": 41.189,
                                "Actual Rows": 7669,
                                "Actual Loops": 3,
                                "Filter": "((l_shipdate >= '1996-10-01'::date) AND (l_shipdate < '1997-01-01 00:00:00'::timestamp without time zone))",
                                "Rows Removed by Filter": 192522,
                                "Workers": []
                              }
                            ]
                          }
                        ]
                      }
                    ]
                  }
                ]
              }
            ]
          },
          {
            "Node Type": "Sort",
            "Parent Relationship": "Outer",
            "Parallel Aware": false,
            "Async Capable": false,
            "Startup Cost": 103.83,
            "Total Cost": 106.33,
            "Plan Rows": 1000,
            "Plan Width": 72,
            "Actual Startup Time": 0.539,
            "Actual Total Time": 0.704,
            "Actual Rows": 757,
            "Actual Loops": 1,
            "Sort Key": [
              "supplier.s_suppkey"
            ],
            "Sort Method": "quicksort",
            "Sort Space Used": 114,
            "Sort Space Type": "Memory",
            "Plans": [
              {
                "Node Type": "Seq Scan",
                "Parent Relationship": "Outer",
                "Parallel Aware": false,
                "Async Capable": false,
                "Relation Name": "supplier",
                "Alias": "supplier",
                "Startup Cost": 0.0,
                "Total Cost": 54.0,
                "Plan Rows": 1000,
                "Plan Width": 72,
                "Actual Startup Time": 0.013,
                "Actual Total Time": 0.316,
                "Actual Rows": 1000,
                "Actual Loops": 1
              }
            ]
          },
          {
            "Node Type": "Aggregate",
            "Strategy": "Sorted",
            "Partial Mode": "Finalize",
            "Parent Relationship": "Inner",
            "Parallel Aware": false,
            "Async Capable": false,
            "Startup Cost": 16518.8,
            "Total Cost": 16782.15,
            "Plan Rows": 5,
            "Plan Width": 36,
            "Actual Startup Time": 109.61,
            "Actual Total Time": 110.659,
            "Actual Rows": 1,
            "Actual Loops": 1,
            "Group Key": [
              "lineitem.l_suppkey"
            ],
            "Filter": "(sum((lineitem.l_extendedprice * ('1'::numeric - lineitem.l_discount))) = (InitPlan 1).col1)",
            "Rows Removed by Filter": 999,
            "Plans": [
              {
                "Node Type": "Gather Merge",
                "Parent Relationship": "Outer",
                "Parallel Aware": false,
                "Async Capable": false,
                "Startup Cost": 16518.8,
                "Total Cost": 16752.15,
                "Plan Rows": 2000,
                "Plan Width": 36,
                "Actual Startup Time": 55.945,
                "Actual Total Time": 57.041,
                "Actual Rows": 2996,
                "Actual Loops": 1,
                "Workers Planned": 2,
                "Workers Launched": 2,
                "Plans": [
                  {
                    "Node Type": "Sort",
                    "Parent Relationship": "Outer",
                    "Parallel Aware": false,
                    "Async Capable": false,
                    "Startup Cost": 15518.77,
                    "Total Cost": 15521.27,
                    "Plan Rows": 1000,
                    "Plan Width": 36,
                    "Actual Startup Time": 51.955,
                    "Actual Total Time": 52.05,
                    "Actual Rows": 999,
                    "Actual Loops": 3,
                    "Sort Key": [
                      "lineitem.l_suppkey"
                    ],
                    "Sort Method": "quicksort",
                    "Sort Space Used": 110,
                    "Sort Space Type": "Memory",
                    "Workers": [
                      {
                        "Worker Number": 0,
                        "Sort Method": "quicksort",
                        "Sort Space Used": 110,
                        "Sort Space Type": "Memory"
                      },
                      {
                        "Worker Number": 1,
                        "Sort Method": "quicksort",
                        "Sort Space Used": 110,
                        "Sort Space Type": "Memory"
                      }
                    ],
                    "Plans": [
                      {
                        "Node Type": "Aggregate",
                        "Strategy": "Hashed",
                        "Partial Mode": "Partial",
                        "Parent Relationship": "Outer",
                        "Parallel Aware": false,
                        "Async Capable": false,
                        "Startup Cost": 15456.45,
                        "Total Cost": 15468.95,
                        "Plan Rows": 1000,
                        "Plan Width": 36,
                        "Actual Startup Time": 51.27,
                        "Actual Total Time": 51.71,
                        "Actual Rows": 999,
                        "Actual Loops": 3,
                        "Group Key": [
                          "lineitem.l_suppkey"
                        ],
                        "Planned Partitions": 0,
                        "HashAgg Batches": 1,
                        "Peak Memory Usage": 577,
                        "Disk Usage": 0,
                        "Workers": [
                          {
                            "Worker Number": 0,
                            "HashAgg Batches": 1,
                            "Peak Memory Usage": 577,
                            "Disk Usage": 0
                          },
                          {
                            "Worker Number": 1,
                            "HashAgg Batches": 1,
                            "Peak Memory Usage": 577,
                            "Disk Usage": 0
                          }
                        ],
                        "Plans": [
                          {
                            "Node Type": "Seq Scan",
                            "Parent Relationship": "Outer",
                            "Parallel Aware": true,
                            "Async Capable": false,
                            "Relation Name": "lineitem",
                            "Alias": "lineitem",
                            "Startup Cost": 0.0,
                            "Total Cost": 15361.58,
                            "Plan Rows": 9487,
                            "Plan Width": 16,
                            "Actual Startup Time": 0.025,
                            "Actual Total Time": 46.483,
                            "Actual Rows": 7669,
                            "Actual Loops": 3,
                            "Filter": "((l_shipdate >= '1996-10-01'::date) AND (l_shipdate < '1997-01-01 00:00:00'::timestamp without time zone))",
                            "Rows Removed by Filter": 192522,
                            "Workers": []
                          }
                        ]
                      }
                    ]
                  }
                ]
              }
            ]
          }
        ]
      },
      "Planning Time": 0.313,
      "Triggers": [],
      "Execution Time": 112.764
    }
  },
  {
    "query_id": "query15.95",
    "query": "select\n\ts_suppkey,\n\ts_name,\n\ts_address,\n\ts_phone,\n\ttotal_revenue\nfrom\n\tsupplier,\n\trevenue0\nwhere\n\ts_suppkey = supplier_no\n\tand total_revenue = (\n\t\tselect\n\t\t\tmax(total_revenue)\n\t\tfrom\n\t\t\trevenue0\n\t)\norder by\n\ts_suppkey;\n",
    "execution_time": 120.191,
    "plan": {
      "Plan": {
        "Node Type": "Merge Join",
        "Parallel Aware": false,
        "Async Capable": false,
        "Join Type": "Inner",
        "Startup Cost": 33424.44,
        "Total Cost": 33692.91,
        "Plan Rows": 5,
        "Plan Width": 104,
        "Actual Startup Time": 115.616,
        "Actual Total Time": 119.995,
        "Actual Rows": 1,
        "Actual Loops": 1,
        "Inner Unique": true,
        "Merge Cond": "(supplier.s_suppkey = lineitem.l_suppkey)",
        "Plans": [
          {
            "Node Type": "Aggregate",
            "Strategy": "Plain",
            "Partial Mode": "Simple",
            "Parent Relationship": "InitPlan",
            "Subplan Name": "InitPlan 1",
            "Parallel Aware": false,
            "Async Capable": false,
            "Startup Cost": 16796.98,
            "Total Cost": 16796.99,
            "Plan Rows": 1,
            "Plan Width": 32,
            "Actual Startup Time": 56.553,
            "Actual Total Time": 57.637,
            "Actual Rows": 1,
            "Actual Loops": 1,
            "Plans": [
              {
                "Node Type": "Aggregate",
                "Strategy": "Sorted",
                "Partial Mode": "Finalize",
                "Parent Relationship": "Outer",
                "Parallel Aware": false,
                "Async Capable": false,
                "Startup Cost": 16523.63,
                "Total Cost": 16784.48,
                "Plan Rows": 1000,
                "Plan Width": 36,
                "Actual Startup Time": 54.2,
                "Actual Total Time": 57.562,
                "Actual Rows": 1000,
                "Actual Loops": 1,
                "Group Key": [
                  "lineitem_1.l_suppkey"
                ],
                "Plans": [
                  {
                    "Node Type": "Gather Merge",
                    "Parent Relationship": "Outer",
                    "Parallel Aware": false,
                    "Async Capable": false,
                    "Startup Cost": 16523.63,
                    "Total Cost": 16756.98,
                    "Plan Rows": 2000,
                    "Plan Width": 36,
                    "Actual Startup Time": 54.184,
                    "Actual Total Time": 55.922,
                    "Actual Rows": 2996,
                    "Actual Loops": 1,
                    "Workers Planned": 2,
                    "Workers Launched": 2,
                    "Plans": [
                      {
                        "Node Type": "Sort",
                        "Parent Relationship": "Outer",
                        "Parallel Aware": false,
                        "Async Capable": false,
                        "Startup Cost": 15523.6,
                        "Total Cost": 15526.1,
                        "Plan Rows": 1000,
                        "Plan Width": 36,
                        "Actual Startup Time": 50.37,
                        "Actual Total Time": 50.436,
                        "Actual Rows": 999,
                        "Actual Loops": 3,
                        "Sort Key": [
                          "lineitem_1.l_suppkey"
                        ],
                        "Sort Method": "quicksort",
                        "Sort Space Used": 110,
                        "Sort Space Type": "Memory",
                        "Workers": [
                          {
                            "Worker Number": 0,
                            "Sort Method": "quicksort",
                            "Sort Space Used": 110,
                            "Sort Space Type": "Memory"
                          },
                          {
                            "Worker Number": 1,
                            "Sort Method": "quicksort",
                            "Sort Space Used": 110,
                            "Sort Space Type": "Memory"
                          }
                        ],
                        "Plans": [
                          {
                            "Node Type": "Aggregate",
                            "Strategy": "Hashed",
                            "Partial Mode": "Partial",
                            "Parent Relationship": "Outer",
                            "Parallel Aware": false,
                            "Async Capable": false,
                            "Startup Cost": 15461.27,
                            "Total Cost": 15473.77,
                            "Plan Rows": 1000,
                            "Plan Width": 36,
                            "Actual Startup Time": 49.813,
                            "Actual Total Time": 50.148,
                            "Actual Rows": 999,
                            "Actual Loops": 3,
                            "Group Key": [
                              "lineitem_1.l_suppkey"
                            ],
                            "Planned Partitions": 0,
                            "HashAgg Batches": 1,
                            "Peak Memory Usage": 577,
                            "Disk Usage": 0,
                            "Workers": [
                              {
                                "Worker Number": 0,
                                "HashAgg Batches": 1,
                                "Peak Memory Usage": 577,
                                "Disk Usage": 0
                              },
                              {
                                "Worker Number": 1,
                                "HashAgg Batches": 1,
                                "Peak Memory Usage": 577,
                                "Disk Usage": 0
                              }
                            ],
                            "Plans": [
                              {
                                "Node Type": "Seq Scan",
                                "Parent Relationship": "Outer",
                                "Parallel Aware": true,
                                "Async Capable": false,
                                "Relation Name": "lineitem",
                                "Alias": "lineitem_1",
                                "Startup Cost": 0.0,
                                "Total Cost": 15361.58,
                                "Plan Rows": 9970,
                                "Plan Width": 16,
                                "Actual Startup Time": 0.022,
                                "Actual Total Time": 44.627,
                                "Actual Rows": 7814,
                                "Actual Loops": 3,
                                "Filter": "((l_shipdate >= '1994-07-01'::date) AND (l_shipdate < '1994-10-01 00:00:00'::timestamp without time zone))",
                                "Rows Removed by Filter": 192377,
                                "Workers": []
                              }
                            ]
                          }
                        ]
                      }
                    ]
                  }
                ]
              }
            ]
          },
          {
            "Node Type": "Sort",
            "Parent Relationship": "Outer",
            "Parallel Aware": false,
            "Async Capable": false,
            "Startup Cost": 103.83,
            "Total Cost": 106.33,
            "Plan Rows": 1000,
            "Plan Width": 72,
            "Actual Startup Time": 0.829,
            "Actual Total Time": 0.854,
            "Actual Rows": 90,
            "Actual Loops": 1,
            "Sort Key": [
              "supplier.s_suppkey"
            ],
            "Sort Method": "quicksort",
            "Sort Space Used": 114,
            "Sort Space Type": "Memory",
            "Plans": [
              {
                "Node Type": "Seq Scan",
                "Parent Relationship": "Outer",
                "Parallel Aware": false,
                "Async Capable": false,
                "Relation Name": "supplier",
                "Alias": "supplier",
                "Startup Cost": 0.0,
                "Total Cost": 54.0,
                "Plan Rows": 1000,
                "Plan Width": 72,
                "Actual Startup Time": 0.019,
                "Actual Total Time": 0.478,
                "Actual Rows": 1000,
                "Actual Loops": 1
              }
            ]
          },
          {
            "Node Type": "Aggregate",
            "Strategy": "Sorted",
            "Partial Mode": "Finalize",
            "Parent Relationship": "Inner",
            "Parallel Aware": false,
            "Async Capable": false,
            "Startup Cost": 16523.63,
            "Total Cost": 16786.98,
            "Plan Rows": 5,
            "Plan Width": 36,
            "Actual Startup Time": 114.747,
            "Actual Total Time": 118.039,
            "Actual Rows": 1,
            "Actual Loops": 1,
            "Group Key": [
              "lineitem.l_suppkey"
            ],
            "Filter": "(sum((lineitem.l_extendedprice * ('1'::numeric - lineitem.l_discount))) = (InitPlan 1).col1)",
            "Rows Removed by Filter": 999,
            "Plans": [
              {
                "Node Type": "Gather Merge",
                "Parent Relationship": "Outer",
                "Parallel Aware": false,
                "Async Capable": false,
                "Startup Cost": 16523.63,
                "Total Cost": 16756.98,
                "Plan Rows": 2000,
                "Plan Width": 36,
                "Actual Startup Time": 57.979,
                "Actual Total Time": 60.094,
                "Actual Rows": 2997,
                "Actual Loops": 1,
                "Workers Planned": 2,
                "Workers Launched": 2,
                "Plans": [
                  {
                    "Node Type": "Sort",
                    "Parent Relationship": "Outer",
                    "Parallel Aware": false,
                    "Async Capable": false,
                    "Startup Cost": 15523.6,
                    "Total Cost": 15526.1,
                    "Plan Rows": 1000,
                    "Plan Width": 36,
                    "Actual Startup Time": 54.106,
                    "Actual Total Time": 54.258,
                    "Actual Rows": 999,
                    "Actual Loops": 3,
                    "Sort Key": [
                      "lineitem.l_suppkey"
                    ],
                    "Sort Method": "quicksort",
                    "Sort Space Used": 110,
                    "Sort Space Type": "Memory",
                    "Workers": [
                      {
                        "Worker Number": 0,
                        "Sort Method": "quicksort",
                        "Sort Space Used": 110,
                        "Sort Space Type": "Memory"
                      },
                      {
                        "Worker Number": 1,
                        "Sort Method": "quicksort",
                        "Sort Space Used": 110,
                        "Sort Space Type": "Memory"
                      }
                    ],
                    "Plans": [
                      {
                        "Node Type": "Aggregate",
                        "Strategy": "Hashed",
                        "Partial Mode": "Partial",
                        "Parent Relationship": "Outer",
                        "Parallel Aware": false,
                        "Async Capable": false,
                        "Startup Cost": 15461.27,
                        "Total Cost": 15473.77,
                        "Plan Rows": 1000,
                        "Plan Width": 36,
                        "Actual Startup Time": 53.257,
                        "Actual Total Time": 53.844,
                        "Actual Rows": 999,
                        "Actual Loops": 3,
                        "Group Key": [
                          "lineitem.l_suppkey"
                        ],
                        "Planned Partitions": 0,
                        "HashAgg Batches": 1,
                        "Peak Memory Usage": 577,
                        "Disk Usage": 0,
                        "Workers": [
                          {
                            "Worker Number": 0,
                            "HashAgg Batches": 1,
                            "Peak Memory Usage": 577,
                            "Disk Usage": 0
                          },
                          {
                            "Worker Number": 1,
                            "HashAgg Batches": 1,
                            "Peak Memory Usage": 577,
                            "Disk Usage": 0
                          }
                        ],
                        "Plans": [
                          {
                            "Node Type": "Seq Scan",
                            "Parent Relationship": "Outer",
                            "Parallel Aware": true,
                            "Async Capable": false,
                            "Relation Name": "lineitem",
                            "Alias": "lineitem",
                            "Startup Cost": 0.0,
                            "Total Cost": 15361.58,
                            "Plan Rows": 9970,
                            "Plan Width": 16,
                            "Actual Startup Time": 0.023,
                            "Actual Total Time": 48.295,
                            "Actual Rows": 7814,
                            "Actual Loops": 3,
                            "Filter": "((l_shipdate >= '1994-07-01'::date) AND (l_shipdate < '1994-10-01 00:00:00'::timestamp without time zone))",
                            "Rows Removed by Filter": 192377,
                            "Workers": []
                          }
                        ]
                      }
                    ]
                  }
                ]
              }
            ]
          }
        ]
      },
      "Planning Time": 0.289,
      "Triggers": [],
      "Execution Time": 120.191
    }
  },
  {
    "query_id": "query15.96",
    "query": "select\n\ts_suppkey,\n\ts_name,\n\ts_address,\n\ts_phone,\n\ttotal_revenue\nfrom\n\tsupplier,\n\trevenue0\nwhere\n\ts_suppkey = supplier_no\n\tand total_revenue = (\n\t\tselect\n\t\t\tmax(total_revenue)\n\t\tfrom\n\t\t\trevenue0\n\t)\norder by\n\ts_suppkey;\n",
    "execution_time": 113.1,
    "plan": {
      "Plan": {
        "Node Type": "Merge Join",
        "Parallel Aware": false,
        "Async Capable": false,
        "Join Type": "Inner",
        "Startup Cost": 33406.4,
        "Total Cost": 33674.87,
        "Plan Rows": 5,
        "Plan Width": 104,
        "Actual Startup Time": 109.937,
        "Actual Total Time": 112.94,
        "Actual Rows": 1,
        "Actual Loops": 1,
        "Inner Unique": true,
        "Merge Cond": "(supplier.s_suppkey = lineitem.l_suppkey)",
        "Plans": [
          {
            "Node Type": "Aggregate",
            "Strategy": "Plain",
            "Partial Mode": "Simple",
            "Parent Relationship": "InitPlan",
            "Subplan Name": "InitPlan 1",
            "Parallel Aware": false,
            "Async Capable": false,
            "Startup Cost": 16787.96,
            "Total Cost": 16787.97,
            "Plan Rows": 1,
            "Plan Width": 32,
            "Actual Startup Time": 51.101,
            "Actual Total Time": 52.619,
            "Actual Rows": 1,
            "Actual Loops": 1,
            "Plans": [
              {
                "Node Type": "Aggregate",
                "Strategy": "Sorted",
                "Partial Mode": "Finalize",
                "Parent Relationship": "Outer",
                "Parallel Aware": false,
                "Async Capable": false,
                "Startup Cost": 16514.61,
                "Total Cost": 16775.46,
                "Plan Rows": 1000,
                "Plan Width": 36,
                "Actual Startup Time": 49.225,
                "Actual Total Time": 52.554,
                "Actual Rows": 1000,
                "Actual Loops": 1,
                "Group Key": [
                  "lineitem_1.l_suppkey"
                ],
                "Plans": [
                  {
                    "Node Type": "Gather Merge",
                    "Parent Relationship": "Outer",
                    "Parallel Aware": false,
                    "Async Capable": false,
                    "Startup Cost": 16514.61,
                    "Total Cost": 16747.96,
                    "Plan Rows": 2000,
                    "Plan Width": 36,
                    "Actual Startup Time": 49.205,
                    "Actual Total Time": 51.228,
                    "Actual Rows": 2995,
                    "Actual Loops": 1,
                    "Workers Planned": 2,
                    "Workers Launched": 2,
                    "Plans": [
                      {
                        "Node Type": "Sort",
                        "Parent Relationship": "Outer",
                        "Parallel Aware": false,
                        "Async Capable": false,
                        "Startup Cost": 15514.58,
                        "Total Cost": 15517.08,
                        "Plan Rows": 1000,
                        "Plan Width": 36,
                        "Actual Startup Time": 45.501,
                        "Actual Total Time": 45.559,
                        "Actual Rows": 998,
                        "Actual Loops": 3,
                        "Sort Key": [
                          "lineitem_1.l_suppkey"
                        ],
                        "Sort Method": "quicksort",
                        "Sort Space Used": 110,
                        "Sort Space Type": "Memory",
                        "Workers": [
                          {
                            "Worker Number": 0,
                            "Sort Method": "quicksort",
                            "Sort Space Used": 110,
                            "Sort Space Type": "Memory"
                          },
                          {
                            "Worker Number": 1,
                            "Sort Method": "quicksort",
                            "Sort Space Used": 110,
                            "Sort Space Type": "Memory"
                          }
                        ],
                        "Plans": [
                          {
                            "Node Type": "Aggregate",
                            "Strategy": "Hashed",
                            "Partial Mode": "Partial",
                            "Parent Relationship": "Outer",
                            "Parallel Aware": false,
                            "Async Capable": false,
                            "Startup Cost": 15452.26,
                            "Total Cost": 15464.76,
                            "Plan Rows": 1000,
                            "Plan Width": 36,
                            "Actual Startup Time": 44.869,
                            "Actual Total Time": 45.238,
                            "Actual Rows": 998,
                            "Actual Loops": 3,
                            "Group Key": [
                              "lineitem_1.l_suppkey"
                            ],
                            "Planned Partitions": 0,
                            "HashAgg Batches": 1,
                            "Peak Memory Usage": 577,
                            "Disk Usage": 0,
                            "Workers": [
                              {
                                "Worker Number": 0,
                                "HashAgg Batches": 1,
                                "Peak Memory Usage": 577,
                                "Disk Usage": 0
                              },
                              {
                                "Worker Number": 1,
                                "HashAgg Batches": 1,
                                "Peak Memory Usage": 577,
                                "Disk Usage": 0
                              }
                            ],
                            "Plans": [
                              {
                                "Node Type": "Seq Scan",
                                "Parent Relationship": "Outer",
                                "Parallel Aware": true,
                                "Async Capable": false,
                                "Relation Name": "lineitem",
                                "Alias": "lineitem_1",
                                "Startup Cost": 0.0,
                                "Total Cost": 15361.58,
                                "Plan Rows": 9068,
                                "Plan Width": 16,
                                "Actual Startup Time": 0.046,
                                "Actual Total Time": 40.752,
                                "Actual Rows": 7292,
                                "Actual Loops": 3,
                                "Filter": "((l_shipdate >= '1997-02-01'::date) AND (l_shipdate < '1997-05-01 00:00:00'::timestamp without time zone))",
                                "Rows Removed by Filter": 192899,
                                "Workers": []
                              }
                            ]
                          }
                        ]
                      }
                    ]
                  }
                ]
              }
            ]
          },
          {
            "Node Type": "Sort",
            "Parent Relationship": "Outer",
            "Parallel Aware": false,
            "Async Capable": false,
            "Startup Cost": 103.83,
            "Total Cost": 106.33,
            "Plan Rows": 1000,
            "Plan Width": 72,
            "Actual Startup Time": 0.585,
            "Actual Total Time": 0.759,
            "Actual Rows": 623,
            "Actual Loops": 1,
            "Sort Key": [
              "supplier.s_suppkey"
            ],
            "Sort Method": "quicksort",
            "Sort Space Used": 114,
            "Sort Space Type": "Memory",
            "Plans": [
              {
                "Node Type": "Seq Scan",
                "Parent Relationship": "Outer",
                "Parallel Aware": false,
                "Async Capable": false,
                "Relation Name": "supplier",
                "Alias": "supplier",
                "Startup Cost": 0.0,
                "Total Cost": 54.0,
                "Plan Rows": 1000,
                "Plan Width": 72,
                "Actual Startup Time": 0.014,
                "Actual Total Time": 0.339,
                "Actual Rows": 1000,
                "Actual Loops": 1
              }
            ]
          },
          {
            "Node Type": "Aggregate",
            "Strategy": "Sorted",
            "Partial Mode": "Finalize",
            "Parent Relationship": "Inner",
            "Parallel Aware": false,
            "Async Capable": false,
            "Startup Cost": 16514.61,
            "Total Cost": 16777.96,
            "Plan Rows": 5,
            "Plan Width": 36,
            "Actual Startup Time": 109.11,
            "Actual Total Time": 110.593,
            "Actual Rows": 1,
            "Actual Loops": 1,
            "Group Key": [
              "lineitem.l_suppkey"
            ],
            "Filter": "(sum((lineitem.l_extendedprice * ('1'::numeric - lineitem.l_discount))) = (InitPlan 1).col1)",
            "Rows Removed by Filter": 999,
            "Plans": [
              {
                "Node Type": "Gather Merge",
                "Parent Relationship": "Outer",
                "Parallel Aware": false,
                "Async Capable": false,
                "Startup Cost": 16514.61,
                "Total Cost": 16747.96,
                "Plan Rows": 2000,
                "Plan Width": 36,
                "Actual Startup Time": 56.776,
                "Actual Total Time": 58.269,
                "Actual Rows": 2995,
                "Actual Loops": 1,
                "Workers Planned": 2,
                "Workers Launched": 2,
                "Plans": [
                  {
                    "Node Type": "Sort",
                    "Parent Relationship": "Outer",
                    "Parallel Aware": false,
                    "Async Capable": false,
                    "Startup Cost": 15514.58,
                    "Total Cost": 15517.08,
                    "Plan Rows": 1000,
                    "Plan Width": 36,
                    "Actual Startup Time": 52.728,
                    "Actual Total Time": 52.843,
                    "Actual Rows": 998,
                    "Actual Loops": 3,
                    "Sort Key": [
                      "lineitem.l_suppkey"
                    ],
                    "Sort Method": "quicksort",
                    "Sort Space Used": 110,
                    "Sort Space Type": "Memory",
                    "Workers": [
                      {
                        "Worker Number": 0,
                        "Sort Method": "quicksort",
                        "Sort Space Used": 110,
                        "Sort Space Type": "Memory"
                      },
                      {
                        "Worker Number": 1,
                        "Sort Method": "quicksort",
                        "Sort Space Used": 110,
                        "Sort Space Type": "Memory"
                      }
                    ],
                    "Plans": [
                      {
                        "Node Type": "Aggregate",
                        "Strategy": "Hashed",
                        "Partial Mode": "Partial",
                        "Parent Relationship": "Outer",
                        "Parallel Aware": false,
                        "Async Capable": false,
                        "Startup Cost": 15452.26,
                        "Total Cost": 15464.76,
                        "Plan Rows": 1000,
                        "Plan Width": 36,
                        "Actual Startup Time": 51.996,
                        "Actual Total Time": 52.479,
                        "Actual Rows": 998,
                        "Actual Loops": 3,
                        "Group Key": [
                          "lineitem.l_suppkey"
                        ],
                        "Planned Partitions": 0,
                        "HashAgg Batches": 1,
                        "Peak Memory Usage": 577,
                        "Disk Usage": 0,
                        "Workers": [
                          {
                            "Worker Number": 0,
                            "HashAgg Batches": 1,
                            "Peak Memory Usage": 577,
                            "Disk Usage": 0
                          },
                          {
                            "Worker Number": 1,
                            "HashAgg Batches": 1,
                            "Peak Memory Usage": 577,
                            "Disk Usage": 0
                          }
                        ],
                        "Plans": [
                          {
                            "Node Type": "Seq Scan",
                            "Parent Relationship": "Outer",
                            "Parallel Aware": true,
                            "Async Capable": false,
                            "Relation Name": "lineitem",
                            "Alias": "lineitem",
                            "Startup Cost": 0.0,
                            "Total Cost": 15361.58,
                            "Plan Rows": 9068,
                            "Plan Width": 16,
                            "Actual Startup Time": 0.032,
                            "Actual Total Time": 47.323,
                            "Actual Rows": 7292,
                            "Actual Loops": 3,
                            "Filter": "((l_shipdate >= '1997-02-01'::date) AND (l_shipdate < '1997-05-01 00:00:00'::timestamp without time zone))",
                            "Rows Removed by Filter": 192899,
                            "Workers": []
                          }
                        ]
                      }
                    ]
                  }
                ]
              }
            ]
          }
        ]
      },
      "Planning Time": 0.389,
      "Triggers": [],
      "Execution Time": 113.1
    }
  },
  {
    "query_id": "query15.97",
    "query": "select\n\ts_suppkey,\n\ts_name,\n\ts_address,\n\ts_phone,\n\ttotal_revenue\nfrom\n\tsupplier,\n\trevenue0\nwhere\n\ts_suppkey = supplier_no\n\tand total_revenue = (\n\t\tselect\n\t\t\tmax(total_revenue)\n\t\tfrom\n\t\t\trevenue0\n\t)\norder by\n\ts_suppkey;\n",
    "execution_time": 103.793,
    "plan": {
      "Plan": {
        "Node Type": "Merge Join",
        "Parallel Aware": false,
        "Async Capable": false,
        "Join Type": "Inner",
        "Startup Cost": 33409.16,
        "Total Cost": 33677.63,
        "Plan Rows": 5,
        "Plan Width": 104,
        "Actual Startup Time": 99.781,
        "Actual Total Time": 103.641,
        "Actual Rows": 1,
        "Actual Loops": 1,
        "Inner Unique": true,
        "Merge Cond": "(supplier.s_suppkey = lineitem.l_suppkey)",
        "Plans": [
          {
            "Node Type": "Aggregate",
            "Strategy": "Plain",
            "Partial Mode": "Simple",
            "Parent Relationship": "InitPlan",
            "Subplan Name": "InitPlan 1",
            "Parallel Aware": false,
            "Async Capable": false,
            "Startup Cost": 16789.34,
            "Total Cost": 16789.35,
            "Plan Rows": 1,
            "Plan Width": 32,
            "Actual Startup Time": 44.367,
            "Actual Total Time": 45.355,
            "Actual Rows": 1,
            "Actual Loops": 1,
            "Plans": [
              {
                "Node Type": "Aggregate",
                "Strategy": "Sorted",
                "Partial Mode": "Finalize",
                "Parent Relationship": "Outer",
                "Parallel Aware": false,
                "Async Capable": false,
                "Startup Cost": 16515.99,
                "Total Cost": 16776.84,
                "Plan Rows": 1000,
                "Plan Width": 36,
                "Actual Startup Time": 42.652,
                "Actual Total Time": 45.297,
                "Actual Rows": 1000,
                "Actual Loops": 1,
                "Group Key": [
                  "lineitem_1.l_suppkey"
                ],
                "Plans": [
                  {
                    "Node Type": "Gather Merge",
                    "Parent Relationship": "Outer",
                    "Parallel Aware": false,
                    "Async Capable": false,
                    "Startup Cost": 16515.99,
                    "Total Cost": 16749.34,
                    "Plan Rows": 2000,
                    "Plan Width": 36,
                    "Actual Startup Time": 42.636,
                    "Actual Total Time": 44.102,
                    "Actual Rows": 2996,
                    "Actual Loops": 1,
                    "Workers Planned": 2,
                    "Workers Launched": 2,
                    "Plans": [
                      {
                        "Node Type": "Sort",
                        "Parent Relationship": "Outer",
                        "Parallel Aware": false,
                        "Async Capable": false,
                        "Startup Cost": 15515.96,
                        "Total Cost": 15518.46,
                        "Plan Rows": 1000,
                        "Plan Width": 36,
                        "Actual Startup Time": 39.318,
                        "Actual Total Time": 39.373,
                        "Actual Rows": 999,
                        "Actual Loops": 3,
                        "Sort Key": [
                          "lineitem_1.l_suppkey"
                        ],
                        "Sort Method": "quicksort",
                        "Sort Space Used": 110,
                        "Sort Space Type": "Memory",
                        "Workers": [
                          {
                            "Worker Number": 0,
                            "Sort Method": "quicksort",
                            "Sort Space Used": 110,
                            "Sort Space Type": "Memory"
                          },
                          {
                            "Worker Number": 1,
                            "Sort Method": "quicksort",
                            "Sort Space Used": 110,
                            "Sort Space Type": "Memory"
                          }
                        ],
                        "Plans": [
                          {
                            "Node Type": "Aggregate",
                            "Strategy": "Hashed",
                            "Partial Mode": "Partial",
                            "Parent Relationship": "Outer",
                            "Parallel Aware": false,
                            "Async Capable": false,
                            "Startup Cost": 15453.64,
                            "Total Cost": 15466.14,
                            "Plan Rows": 1000,
                            "Plan Width": 36,
                            "Actual Startup Time": 38.619,
                            "Actual Total Time": 39.039,
                            "Actual Rows": 999,
                            "Actual Loops": 3,
                            "Group Key": [
                              "lineitem_1.l_suppkey"
                            ],
                            "Planned Partitions": 0,
                            "HashAgg Batches": 1,
                            "Peak Memory Usage": 577,
                            "Disk Usage": 0,
                            "Workers": [
                              {
                                "Worker Number": 0,
                                "HashAgg Batches": 1,
                                "Peak Memory Usage": 577,
                                "Disk Usage": 0
                              },
                              {
                                "Worker Number": 1,
                                "HashAgg Batches": 1,
                                "Peak Memory Usage": 577,
                                "Disk Usage": 0
                              }
                            ],
                            "Plans": [
                              {
                                "Node Type": "Seq Scan",
                                "Parent Relationship": "Outer",
                                "Parallel Aware": true,
                                "Async Capable": false,
                                "Relation Name": "lineitem",
                                "Alias": "lineitem_1",
                                "Startup Cost": 0.0,
                                "Total Cost": 15361.58,
                                "Plan Rows": 9206,
                                "Plan Width": 16,
                                "Actual Startup Time": 0.035,
                                "Actual Total Time": 34.591,
                                "Actual Rows": 7729,
                                "Actual Loops": 3,
                                "Filter": "((l_shipdate >= '1994-11-01'::date) AND (l_shipdate < '1995-02-01 00:00:00'::timestamp without time zone))",
                                "Rows Removed by Filter": 192461,
                                "Workers": []
                              }
                            ]
                          }
                        ]
                      }
                    ]
                  }
                ]
              }
            ]
          },
          {
            "Node Type": "Sort",
            "Parent Relationship": "Outer",
            "Parallel Aware": false,
            "Async Capable": false,
            "Startup Cost": 103.83,
            "Total Cost": 106.33,
            "Plan Rows": 1000,
            "Plan Width": 72,
            "Actual Startup Time": 0.331,
            "Actual Total Time": 0.341,
            "Actual Rows": 230,
            "Actual Loops": 1,
            "Sort Key": [
              "supplier.s_suppkey"
            ],
            "Sort Method": "quicksort",
            "Sort Space Used": 114,
            "Sort Space Type": "Memory",
            "Plans": [
              {
                "Node Type": "Seq Scan",
                "Parent Relationship": "Outer",
                "Parallel Aware": false,
                "Async Capable": false,
                "Relation Name": "supplier",
                "Alias": "supplier",
                "Startup Cost": 0.0,
                "Total Cost": 54.0,
                "Plan Rows": 1000,
                "Plan Width": 72,
                "Actual Startup Time": 0.007,
                "Actual Total Time": 0.191,
                "Actual Rows": 1000,
                "Actual Loops": 1
              }
            ]
          },
          {
            "Node Type": "Aggregate",
            "Strategy": "Sorted",
            "Partial Mode": "Finalize",
            "Parent Relationship": "Inner",
            "Parallel Aware": false,
            "Async Capable": false,
            "Startup Cost": 16515.99,
            "Total Cost": 16779.34,
            "Plan Rows": 5,
            "Plan Width": 36,
            "Actual Startup Time": 99.424,
            "Actual Total Time": 102.293,
            "Actual Rows": 1,
            "Actual Loops": 1,
            "Group Key": [
              "lineitem.l_suppkey"
            ],
            "Filter": "(sum((lineitem.l_extendedprice * ('1'::numeric - lineitem.l_discount))) = (InitPlan 1).col1)",
            "Rows Removed by Filter": 999,
            "Plans": [
              {
                "Node Type": "Gather Merge",
                "Parent Relationship": "Outer",
                "Parallel Aware": false,
                "Async Capable": false,
                "Startup Cost": 16515.99,
                "Total Cost": 16749.34,
                "Plan Rows": 2000,
                "Plan Width": 36,
                "Actual Startup Time": 54.612,
                "Actual Total Time": 56.666,
                "Actual Rows": 2996,
                "Actual Loops": 1,
                "Workers Planned": 2,
                "Workers Launched": 2,
                "Plans": [
                  {
                    "Node Type": "Sort",
                    "Parent Relationship": "Outer",
                    "Parallel Aware": false,
                    "Async Capable": false,
                    "Startup Cost": 15515.96,
                    "Total Cost": 15518.46,
                    "Plan Rows": 1000,
                    "Plan Width": 36,
                    "Actual Startup Time": 51.241,
                    "Actual Total Time": 51.345,
                    "Actual Rows": 999,
                    "Actual Loops": 3,
                    "Sort Key": [
                      "lineitem.l_suppkey"
                    ],
                    "Sort Method": "quicksort",
                    "Sort Space Used": 110,
                    "Sort Space Type": "Memory",
                    "Workers": [
                      {
                        "Worker Number": 0,
                        "Sort Method": "quicksort",
                        "Sort Space Used": 110,
                        "Sort Space Type": "Memory"
                      },
                      {
                        "Worker Number": 1,
                        "Sort Method": "quicksort",
                        "Sort Space Used": 110,
                        "Sort Space Type": "Memory"
                      }
                    ],
                    "Plans": [
                      {
                        "Node Type": "Aggregate",
                        "Strategy": "Hashed",
                        "Partial Mode": "Partial",
                        "Parent Relationship": "Outer",
                        "Parallel Aware": false,
                        "Async Capable": false,
                        "Startup Cost": 15453.64,
                        "Total Cost": 15466.14,
                        "Plan Rows": 1000,
                        "Plan Width": 36,
                        "Actual Startup Time": 50.644,
                        "Actual Total Time": 51.016,
                        "Actual Rows": 999,
                        "Actual Loops": 3,
                        "Group Key": [
                          "lineitem.l_suppkey"
                        ],
                        "Planned Partitions": 0,
                        "HashAgg Batches": 1,
                        "Peak Memory Usage": 577,
                        "Disk Usage": 0,
                        "Workers": [
                          {
                            "Worker Number": 0,
                            "HashAgg Batches": 1,
                            "Peak Memory Usage": 577,
                            "Disk Usage": 0
                          },
                          {
                            "Worker Number": 1,
                            "HashAgg Batches": 1,
                            "Peak Memory Usage": 577,
                            "Disk Usage": 0
                          }
                        ],
                        "Plans": [
                          {
                            "Node Type": "Seq Scan",
                            "Parent Relationship": "Outer",
                            "Parallel Aware": true,
                            "Async Capable": false,
                            "Relation Name": "lineitem",
                            "Alias": "lineitem",
                            "Startup Cost": 0.0,
                            "Total Cost": 15361.58,
                            "Plan Rows": 9206,
                            "Plan Width": 16,
                            "Actual Startup Time": 0.022,
                            "Actual Total Time": 45.104,
                            "Actual Rows": 7729,
                            "Actual Loops": 3,
                            "Filter": "((l_shipdate >= '1994-11-01'::date) AND (l_shipdate < '1995-02-01 00:00:00'::timestamp without time zone))",
                            "Rows Removed by Filter": 192461,
                            "Workers": []
                          }
                        ]
                      }
                    ]
                  }
                ]
              }
            ]
          }
        ]
      },
      "Planning Time": 0.188,
      "Triggers": [],
      "Execution Time": 103.793
    }
  },
  {
    "query_id": "query15.98",
    "query": "select\n\ts_suppkey,\n\ts_name,\n\ts_address,\n\ts_phone,\n\ttotal_revenue\nfrom\n\tsupplier,\n\trevenue0\nwhere\n\ts_suppkey = supplier_no\n\tand total_revenue = (\n\t\tselect\n\t\t\tmax(total_revenue)\n\t\tfrom\n\t\t\trevenue0\n\t)\norder by\n\ts_suppkey;\n",
    "execution_time": 101.017,
    "plan": {
      "Plan": {
        "Node Type": "Merge Join",
        "Parallel Aware": false,
        "Async Capable": false,
        "Join Type": "Inner",
        "Startup Cost": 33421.56,
        "Total Cost": 33690.03,
        "Plan Rows": 5,
        "Plan Width": 104,
        "Actual Startup Time": 97.993,
        "Actual Total Time": 100.822,
        "Actual Rows": 1,
        "Actual Loops": 1,
        "Inner Unique": true,
        "Merge Cond": "(supplier.s_suppkey = lineitem.l_suppkey)",
        "Plans": [
          {
            "Node Type": "Aggregate",
            "Strategy": "Plain",
            "Partial Mode": "Simple",
            "Parent Relationship": "InitPlan",
            "Subplan Name": "InitPlan 1",
            "Parallel Aware": false,
            "Async Capable": false,
            "Startup Cost": 16795.54,
            "Total Cost": 16795.55,
            "Plan Rows": 1,
            "Plan Width": 32,
            "Actual Startup Time": 46.539,
            "Actual Total Time": 46.961,
            "Actual Rows": 1,
            "Actual Loops": 1,
            "Plans": [
              {
                "Node Type": "Aggregate",
                "Strategy": "Sorted",
                "Partial Mode": "Finalize",
                "Parent Relationship": "Outer",
                "Parallel Aware": false,
                "Async Capable": false,
                "Startup Cost": 16522.19,
                "Total Cost": 16783.04,
                "Plan Rows": 1000,
                "Plan Width": 36,
                "Actual Startup Time": 44.147,
                "Actual Total Time": 46.882,
                "Actual Rows": 1000,
                "Actual Loops": 1,
                "Group Key": [
                  "lineitem_1.l_suppkey"
                ],
                "Plans": [
                  {
                    "Node Type": "Gather Merge",
                    "Parent Relationship": "Outer",
                    "Parallel Aware": false,
                    "Async Capable": false,
                    "Startup Cost": 16522.19,
                    "Total Cost": 16755.54,
                    "Plan Rows": 2000,
                    "Plan Width": 36,
                    "Actual Startup Time": 44.124,
                    "Actual Total Time": 45.225,
                    "Actual Rows": 2999,
                    "Actual Loops": 1,
                    "Workers Planned": 2,
                    "Workers Launched": 2,
                    "Plans": [
                      {
                        "Node Type": "Sort",
                        "Parent Relationship": "Outer",
                        "Parallel Aware": false,
                        "Async Capable": false,
                        "Startup Cost": 15522.16,
                        "Total Cost": 15524.66,
                        "Plan Rows": 1000,
                        "Plan Width": 36,
                        "Actual Startup Time": 40.571,
                        "Actual Total Time": 40.669,
                        "Actual Rows": 1000,
                        "Actual Loops": 3,
                        "Sort Key": [
                          "lineitem_1.l_suppkey"
                        ],
                        "Sort Method": "quicksort",
                        "Sort Space Used": 110,
                        "Sort Space Type": "Memory",
                        "Workers": [
                          {
                            "Worker Number": 0,
                            "Sort Method": "quicksort",
                            "Sort Space Used": 110,
                            "Sort Space Type": "Memory"
                          },
                          {
                            "Worker Number": 1,
                            "Sort Method": "quicksort",
                            "Sort Space Used": 110,
                            "Sort Space Type": "Memory"
                          }
                        ],
                        "Plans": [
                          {
                            "Node Type": "Aggregate",
                            "Strategy": "Hashed",
                            "Partial Mode": "Partial",
                            "Parent Relationship": "Outer",
                            "Parallel Aware": false,
                            "Async Capable": false,
                            "Startup Cost": 15459.84,
                            "Total Cost": 15472.34,
                            "Plan Rows": 1000,
                            "Plan Width": 36,
                            "Actual Startup Time": 39.956,
                            "Actual Total Time": 40.331,
                            "Actual Rows": 1000,
                            "Actual Loops": 3,
                            "Group Key": [
                              "lineitem_1.l_suppkey"
                            ],
                            "Planned Partitions": 0,
                            "HashAgg Batches": 1,
                            "Peak Memory Usage": 577,
                            "Disk Usage": 0,
                            "Workers": [
                              {
                                "Worker Number": 0,
                                "HashAgg Batches": 1,
                                "Peak Memory Usage": 577,
                                "Disk Usage": 0
                              },
                              {
                                "Worker Number": 1,
                                "HashAgg Batches": 1,
                                "Peak Memory Usage": 577,
                                "Disk Usage": 0
                              }
                            ],
                            "Plans": [
                              {
                                "Node Type": "Seq Scan",
                                "Parent Relationship": "Outer",
                                "Parallel Aware": true,
                                "Async Capable": false,
                                "Relation Name": "lineitem",
                                "Alias": "lineitem_1",
                                "Startup Cost": 0.0,
                                "Total Cost": 15361.58,
                                "Plan Rows": 9826,
                                "Plan Width": 16,
                                "Actual Startup Time": 0.028,
                                "Actual Total Time": 36.11,
                                "Actual Rows": 7686,
                                "Actual Loops": 3,
                                "Filter": "((l_shipdate >= '1997-05-01'::date) AND (l_shipdate < '1997-08-01 00:00:00'::timestamp without time zone))",
                                "Rows Removed by Filter": 192504,
                                "Workers": []
                              }
                            ]
                          }
                        ]
                      }
                    ]
                  }
                ]
              }
            ]
          },
          {
            "Node Type": "Sort",
            "Parent Relationship": "Outer",
            "Parallel Aware": false,
            "Async Capable": false,
            "Startup Cost": 103.83,
            "Total Cost": 106.33,
            "Plan Rows": 1000,
            "Plan Width": 72,
            "Actual Startup Time": 0.51,
            "Actual Total Time": 0.561,
            "Actual Rows": 981,
            "Actual Loops": 1,
            "Sort Key": [
              "supplier.s_suppkey"
            ],
            "Sort Method": "quicksort",
            "Sort Space Used": 114,
            "Sort Space Type": "Memory",
            "Plans": [
              {
                "Node Type": "Seq Scan",
                "Parent Relationship": "Outer",
                "Parallel Aware": false,
                "Async Capable": false,
                "Relation Name": "supplier",
                "Alias": "supplier",
                "Startup Cost": 0.0,
                "Total Cost": 54.0,
                "Plan Rows": 1000,
                "Plan Width": 72,
                "Actual Startup Time": 0.012,
                "Actual Total Time": 0.31,
                "Actual Rows": 1000,
                "Actual Loops": 1
              }
            ]
          },
          {
            "Node Type": "Aggregate",
            "Strategy": "Sorted",
            "Partial Mode": "Finalize",
            "Parent Relationship": "Inner",
            "Parallel Aware": false,
            "Async Capable": false,
            "Startup Cost": 16522.19,
            "Total Cost": 16785.54,
            "Plan Rows": 5,
            "Plan Width": 36,
            "Actual Startup Time": 97.361,
            "Actual Total Time": 99.764,
            "Actual Rows": 1,
            "Actual Loops": 1,
            "Group Key": [
              "lineitem.l_suppkey"
            ],
            "Filter": "(sum((lineitem.l_extendedprice * ('1'::numeric - lineitem.l_discount))) = (InitPlan 1).col1)",
            "Rows Removed by Filter": 999,
            "Plans": [
              {
                "Node Type": "Gather Merge",
                "Parent Relationship": "Outer",
                "Parallel Aware": false,
                "Async Capable": false,
                "Startup Cost": 16522.19,
                "Total Cost": 16755.54,
                "Plan Rows": 2000,
                "Plan Width": 36,
                "Actual Startup Time": 48.638,
                "Actual Total Time": 51.861,
                "Actual Rows": 2997,
                "Actual Loops": 1,
                "Workers Planned": 2,
                "Workers Launched": 2,
                "Plans": [
                  {
                    "Node Type": "Sort",
                    "Parent Relationship": "Outer",
                    "Parallel Aware": false,
                    "Async Capable": false,
                    "Startup Cost": 15522.16,
                    "Total Cost": 15524.66,
                    "Plan Rows": 1000,
                    "Plan Width": 36,
                    "Actual Startup Time": 45.222,
                    "Actual Total Time": 45.405,
                    "Actual Rows": 999,
                    "Actual Loops": 3,
                    "Sort Key": [
                      "lineitem.l_suppkey"
                    ],
                    "Sort Method": "quicksort",
                    "Sort Space Used": 110,
                    "Sort Space Type": "Memory",
                    "Workers": [
                      {
                        "Worker Number": 0,
                        "Sort Method": "quicksort",
                        "Sort Space Used": 110,
                        "Sort Space Type": "Memory"
                      },
                      {
                        "Worker Number": 1,
                        "Sort Method": "quicksort",
                        "Sort Space Used": 110,
                        "Sort Space Type": "Memory"
                      }
                    ],
                    "Plans": [
                      {
                        "Node Type": "Aggregate",
                        "Strategy": "Hashed",
                        "Partial Mode": "Partial",
                        "Parent Relationship": "Outer",
                        "Parallel Aware": false,
                        "Async Capable": false,
                        "Startup Cost": 15459.84,
                        "Total Cost": 15472.34,
                        "Plan Rows": 1000,
                        "Plan Width": 36,
                        "Actual Startup Time": 44.395,
                        "Actual Total Time": 44.928,
                        "Actual Rows": 999,
                        "Actual Loops": 3,
                        "Group Key": [
                          "lineitem.l_suppkey"
                        ],
                        "Planned Partitions": 0,
                        "HashAgg Batches": 1,
                        "Peak Memory Usage": 577,
                        "Disk Usage": 0,
                        "Workers": [
                          {
                            "Worker Number": 0,
                            "HashAgg Batches": 1,
                            "Peak Memory Usage": 577,
                            "Disk Usage": 0
                          },
                          {
                            "Worker Number": 1,
                            "HashAgg Batches": 1,
                            "Peak Memory Usage": 577,
                            "Disk Usage": 0
                          }
                        ],
                        "Plans": [
                          {
                            "Node Type": "Seq Scan",
                            "Parent Relationship": "Outer",
                            "Parallel Aware": true,
                            "Async Capable": false,
                            "Relation Name": "lineitem",
                            "Alias": "lineitem",
                            "Startup Cost": 0.0,
                            "Total Cost": 15361.58,
                            "Plan Rows": 9826,
                            "Plan Width": 16,
                            "Actual Startup Time": 0.032,
                            "Actual Total Time": 40.204,
                            "Actual Rows": 7686,
                            "Actual Loops": 3,
                            "Filter": "((l_shipdate >= '1997-05-01'::date) AND (l_shipdate < '1997-08-01 00:00:00'::timestamp without time zone))",
                            "Rows Removed by Filter": 192504,
                            "Workers": []
                          }
                        ]
                      }
                    ]
                  }
                ]
              }
            ]
          }
        ]
      },
      "Planning Time": 0.34,
      "Triggers": [],
      "Execution Time": 101.017
    }
  },
  {
    "query_id": "query15.99",
    "query": "select\n\ts_suppkey,\n\ts_name,\n\ts_address,\n\ts_phone,\n\ttotal_revenue\nfrom\n\tsupplier,\n\trevenue0\nwhere\n\ts_suppkey = supplier_no\n\tand total_revenue = (\n\t\tselect\n\t\t\tmax(total_revenue)\n\t\tfrom\n\t\t\trevenue0\n\t)\norder by\n\ts_suppkey;\n",
    "execution_time": 105.722,
    "plan": {
      "Plan": {
        "Node Type": "Merge Join",
        "Parallel Aware": false,
        "Async Capable": false,
        "Join Type": "Inner",
        "Startup Cost": 33412.5,
        "Total Cost": 33680.97,
        "Plan Rows": 5,
        "Plan Width": 104,
        "Actual Startup Time": 103.771,
        "Actual Total Time": 105.539,
        "Actual Rows": 1,
        "Actual Loops": 1,
        "Inner Unique": true,
        "Merge Cond": "(supplier.s_suppkey = lineitem.l_suppkey)",
        "Plans": [
          {
            "Node Type": "Aggregate",
            "Strategy": "Plain",
            "Partial Mode": "Simple",
            "Parent Relationship": "InitPlan",
            "Subplan Name": "InitPlan 1",
            "Parallel Aware": false,
            "Async Capable": false,
            "Startup Cost": 16791.01,
            "Total Cost": 16791.02,
            "Plan Rows": 1,
            "Plan Width": 32,
            "Actual Startup Time": 46.139,
            "Actual Total Time": 47.101,
            "Actual Rows": 1,
            "Actual Loops": 1,
            "Plans": [
              {
                "Node Type": "Aggregate",
                "Strategy": "Sorted",
                "Partial Mode": "Finalize",
                "Parent Relationship": "Outer",
                "Parallel Aware": false,
                "Async Capable": false,
                "Startup Cost": 16517.66,
                "Total Cost": 16778.51,
                "Plan Rows": 1000,
                "Plan Width": 36,
                "Actual Startup Time": 44.398,
                "Actual Total Time": 47.045,
                "Actual Rows": 1000,
                "Actual Loops": 1,
                "Group Key": [
                  "lineitem_1.l_suppkey"
                ],
                "Plans": [
                  {
                    "Node Type": "Gather Merge",
                    "Parent Relationship": "Outer",
                    "Parallel Aware": false,
                    "Async Capable": false,
                    "Startup Cost": 16517.66,
                    "Total Cost": 16751.01,
                    "Plan Rows": 2000,
                    "Plan Width": 36,
                    "Actual Startup Time": 44.387,
                    "Actual Total Time": 45.83,
                    "Actual Rows": 2996,
                    "Actual Loops": 1,
                    "Workers Planned": 2,
                    "Workers Launched": 2,
                    "Plans": [
                      {
                        "Node Type": "Sort",
                        "Parent Relationship": "Outer",
                        "Parallel Aware": false,
                        "Async Capable": false,
                        "Startup Cost": 15517.63,
                        "Total Cost": 15520.13,
                        "Plan Rows": 1000,
                        "Plan Width": 36,
                        "Actual Startup Time": 40.568,
                        "Actual Total Time": 40.634,
                        "Actual Rows": 999,
                        "Actual Loops": 3,
                        "Sort Key": [
                          "lineitem_1.l_suppkey"
                        ],
                        "Sort Method": "quicksort",
                        "Sort Space Used": 110,
                        "Sort Space Type": "Memory",
                        "Workers": [
                          {
                            "Worker Number": 0,
                            "Sort Method": "quicksort",
                            "Sort Space Used": 110,
                            "Sort Space Type": "Memory"
                          },
                          {
                            "Worker Number": 1,
                            "Sort Method": "quicksort",
                            "Sort Space Used": 110,
                            "Sort Space Type": "Memory"
                          }
                        ],
                        "Plans": [
                          {
                            "Node Type": "Aggregate",
                            "Strategy": "Hashed",
                            "Partial Mode": "Partial",
                            "Parent Relationship": "Outer",
                            "Parallel Aware": false,
                            "Async Capable": false,
                            "Startup Cost": 15455.31,
                            "Total Cost": 15467.81,
                            "Plan Rows": 1000,
                            "Plan Width": 36,
                            "Actual Startup Time": 39.76,
                            "Actual Total Time": 40.276,
                            "Actual Rows": 999,
                            "Actual Loops": 3,
                            "Group Key": [
                              "lineitem_1.l_suppkey"
                            ],
                            "Planned Partitions": 0,
                            "HashAgg Batches": 1,
                            "Peak Memory Usage": 577,
                            "Disk Usage": 0,
                            "Workers": [
                              {
                                "Worker Number": 0,
                                "HashAgg Batches": 1,
                                "Peak Memory Usage": 577,
                                "Disk Usage": 0
                              },
                              {
                                "Worker Number": 1,
                                "HashAgg Batches": 1,
                                "Peak Memory Usage": 577,
                                "Disk Usage": 0
                              }
                            ],
                            "Plans": [
                              {
                                "Node Type": "Seq Scan",
                                "Parent Relationship": "Outer",
                                "Parallel Aware": true,
                                "Async Capable": false,
                                "Relation Name": "lineitem",
                                "Alias": "lineitem_1",
                                "Startup Cost": 0.0,
                                "Total Cost": 15361.58,
                                "Plan Rows": 9373,
                                "Plan Width": 16,
                                "Actual Startup Time": 0.027,
                                "Actual Total Time": 35.479,
                                "Actual Rows": 7402,
                                "Actual Loops": 3,
                                "Filter": "((l_shipdate >= '1995-02-01'::date) AND (l_shipdate < '1995-05-01 00:00:00'::timestamp without time zone))",
                                "Rows Removed by Filter": 192789,
                                "Workers": []
                              }
                            ]
                          }
                        ]
                      }
                    ]
                  }
                ]
              }
            ]
          },
          {
            "Node Type": "Sort",
            "Parent Relationship": "Outer",
            "Parallel Aware": false,
            "Async Capable": false,
            "Startup Cost": 103.83,
            "Total Cost": 106.33,
            "Plan Rows": 1000,
            "Plan Width": 72,
            "Actual Startup Time": 0.475,
            "Actual Total Time": 0.512,
            "Actual Rows": 997,
            "Actual Loops": 1,
            "Sort Key": [
              "supplier.s_suppkey"
            ],
            "Sort Method": "quicksort",
            "Sort Space Used": 114,
            "Sort Space Type": "Memory",
            "Plans": [
              {
                "Node Type": "Seq Scan",
                "Parent Relationship": "Outer",
                "Parallel Aware": false,
                "Async Capable": false,
                "Relation Name": "supplier",
                "Alias": "supplier",
                "Startup Cost": 0.0,
                "Total Cost": 54.0,
                "Plan Rows": 1000,
                "Plan Width": 72,
                "Actual Startup Time": 0.011,
                "Actual Total Time": 0.289,
                "Actual Rows": 1000,
                "Actual Loops": 1
              }
            ]
          },
          {
            "Node Type": "Aggregate",
            "Strategy": "Sorted",
            "Partial Mode": "Finalize",
            "Parent Relationship": "Inner",
            "Parallel Aware": false,
            "Async Capable": false,
            "Startup Cost": 16517.66,
            "Total Cost": 16781.01,
            "Plan Rows": 5,
            "Plan Width": 36,
            "Actual Startup Time": 103.059,
            "Actual Total Time": 103.863,
            "Actual Rows": 1,
            "Actual Loops": 1,
            "Group Key": [
              "lineitem.l_suppkey"
            ],
            "Filter": "(sum((lineitem.l_extendedprice * ('1'::numeric - lineitem.l_discount))) = (InitPlan 1).col1)",
            "Rows Removed by Filter": 999,
            "Plans": [
              {
                "Node Type": "Gather Merge",
                "Parent Relationship": "Outer",
                "Parallel Aware": false,
                "Async Capable": false,
                "Startup Cost": 16517.66,
                "Total Cost": 16751.01,
                "Plan Rows": 2000,
                "Plan Width": 36,
                "Actual Startup Time": 55.065,
                "Actual Total Time": 56.514,
                "Actual Rows": 2991,
                "Actual Loops": 1,
                "Workers Planned": 2,
                "Workers Launched": 2,
                "Plans": [
                  {
                    "Node Type": "Sort",
                    "Parent Relationship": "Outer",
                    "Parallel Aware": false,
                    "Async Capable": false,
                    "Startup Cost": 15517.63,
                    "Total Cost": 15520.13,
                    "Plan Rows": 1000,
                    "Plan Width": 36,
                    "Actual Startup Time": 51.656,
                    "Actual Total Time": 51.775,
                    "Actual Rows": 997,
                    "Actual Loops": 3,
                    "Sort Key": [
                      "lineitem.l_suppkey"
                    ],
                    "Sort Method": "quicksort",
                    "Sort Space Used": 110,
                    "Sort Space Type": "Memory",
                    "Workers": [
                      {
                        "Worker Number": 0,
                        "Sort Method": "quicksort",
                        "Sort Space Used": 110,
                        "Sort Space Type": "Memory"
                      },
                      {
                        "Worker Number": 1,
                        "Sort Method": "quicksort",
                        "Sort Space Used": 110,
                        "Sort Space Type": "Memory"
                      }
                    ],
                    "Plans": [
                      {
                        "Node Type": "Aggregate",
                        "Strategy": "Hashed",
                        "Partial Mode": "Partial",
                        "Parent Relationship": "Outer",
                        "Parallel Aware": false,
                        "Async Capable": false,
                        "Startup Cost": 15455.31,
                        "Total Cost": 15467.81,
                        "Plan Rows": 1000,
                        "Plan Width": 36,
                        "Actual Startup Time": 50.985,
                        "Actual Total Time": 51.408,
                        "Actual Rows": 997,
                        "Actual Loops": 3,
                        "Group Key": [
                          "lineitem.l_suppkey"
                        ],
                        "Planned Partitions": 0,
                        "HashAgg Batches": 1,
                        "Peak Memory Usage": 577,
                        "Disk Usage": 0,
                        "Workers": [
                          {
                            "Worker Number": 0,
                            "HashAgg Batches": 1,
                            "Peak Memory Usage": 577,
                            "Disk Usage": 0
                          },
                          {
                            "Worker Number": 1,
                            "HashAgg Batches": 1,
                            "Peak Memory Usage": 577,
                            "Disk Usage": 0
                          }
                        ],
                        "Plans": [
                          {
                            "Node Type": "Seq Scan",
                            "Parent Relationship": "Outer",
                            "Parallel Aware": true,
                            "Async Capable": false,
                            "Relation Name": "lineitem",
                            "Alias": "lineitem",
                            "Startup Cost": 0.0,
                            "Total Cost": 15361.58,
                            "Plan Rows": 9373,
                            "Plan Width": 16,
                            "Actual Startup Time": 0.017,
                            "Actual Total Time": 46.424,
                            "Actual Rows": 7402,
                            "Actual Loops": 3,
                            "Filter": "((l_shipdate >= '1995-02-01'::date) AND (l_shipdate < '1995-05-01 00:00:00'::timestamp without time zone))",
                            "Rows Removed by Filter": 192789,
                            "Workers": []
                          }
                        ]
                      }
                    ]
                  }
                ]
              }
            ]
          }
        ]
      },
      "Planning Time": 0.315,
      "Triggers": [],
      "Execution Time": 105.722
    }
  }
]